<?xml version="1.0" encoding="utf-8"?>
<TestRun id="192dce48-4268-42cb-b182-3ee946b1c6b4" name="@Mac 2026-08-12 22:24:15" xmlns="http://microsoft.com/schemas/VisualStudio/TeamTest/2010">
  <Times creation="2026-08-12T22:24:15.0473790-04:00" queuing="2026-08-12T22:24:15.0473790-04:00" start="2026-08-12T22:24:13.2997930-04:00" finish="2026-08-12T22:25:21.0711830-04:00" />
  <TestSettings name="default" id="c65101e3-7188-4569-a100-41a04753b650">
    <Deployment runDeploymentRoot="_Mac_2026-08-12_22_24_15" />
  </TestSettings>
  <Results>
    <UnitTestResult executionId="347581d4-d587-4889-839f-02a3dec85560" testId="27138d50-f27e-9061-8889-64b38c9b6e14" testName="Opstrax.Tests.FleetSpecializedBranchTests.SaudiReadiness_Branch_Documents_Expiry_And_VatEvidence_Are_Isolated" computerName="Mac" duration="00:00:00.0324398" startTime="2026-08-12T22:25:19.0432930-04:00" endTime="2026-08-12T22:25:19.0758960-04:00" testType="13cdc9d9-ddb5-4fa4-a97d-d965ccfc6d4b" outcome="Passed" testListId="8c84fa94-04c1-424b-9868-57a2d4851a1d" relativeResultsDirectory="347581d4-d587-4889-839f-02a3dec85560" />
    <UnitTestResult executionId="0d92c796-6639-4761-920f-0f1c3bbec04e" testId="4d2aa317-ecd5-391c-dded-e2a17703d271" testName="Opstrax.Tests.RoutePlansPilotPostgresTests.RouteFrontendUsesServerPagingExportAndCompleteWriteWorkflows" computerName="Mac" duration="00:00:00.0021501" startTime="2026-08-12T22:25:15.8570540-04:00" endTime="2026-08-12T22:25:15.8592350-04:00" testType="13cdc9d9-ddb5-4fa4-a97d-d965ccfc6d4b" outcome="Passed" testListId="8c84fa94-04c1-424b-9868-57a2d4851a1d" relativeResultsDirectory="0d92c796-6639-4761-920f-0f1c3bbec04e" />
    <UnitTestResult executionId="a54f65bf-a32d-4faf-8549-f84a09770d80" testId="cd2b21a8-e609-b255-306d-9d2aa5b1c5ef" testName="Opstrax.Tests.ProofOfDeliveryPilotTests.PodSubmissionAndVerificationAreTenantBranchRoleRaceAndOutboxSafe" computerName="Mac" duration="00:00:00.0389344" startTime="2026-08-12T22:24:55.3882240-04:00" endTime="2026-08-12T22:24:55.4272960-04:00" testType="13cdc9d9-ddb5-4fa4-a97d-d965ccfc6d4b" outcome="Passed" testListId="8c84fa94-04c1-424b-9868-57a2d4851a1d" relativeResultsDirectory="a54f65bf-a32d-4faf-8549-f84a09770d80" />
    <UnitTestResult executionId="a68923cc-c62f-4fed-a3f6-ca534b9dcf6a" testId="59f10963-5dc7-743c-141a-98940a11826f" testName="Opstrax.Tests.Stage10PostgresTests.ExecutionSummary_Collects_All_Workflow_Sections_And_DoesNotMutate_Data" computerName="Mac" duration="00:00:00.0779475" startTime="2026-08-12T22:24:55.9726460-04:00" endTime="2026-08-12T22:24:56.0507330-04:00" testType="13cdc9d9-ddb5-4fa4-a97d-d965ccfc6d4b" outcome="Passed" testListId="8c84fa94-04c1-424b-9868-57a2d4851a1d" relativeResultsDirectory="a68923cc-c62f-4fed-a3f6-ca534b9dcf6a" />
    <UnitTestResult executionId="987d6c66-cc3a-48ee-812a-7d38988a6fb9" testId="5bed7f1f-6e82-eab7-0d45-1df9511800d5" testName="Opstrax.Tests.GeneralLedgerPostgresTests.Posting_An_Invoice_Twice_Is_Idempotent_And_Books_AR_Revenue_Tax" computerName="Mac" duration="00:00:00.0544217" startTime="2026-08-12T22:24:33.9069810-04:00" endTime="2026-08-12T22:24:33.9616570-04:00" testType="13cdc9d9-ddb5-4fa4-a97d-d965ccfc6d4b" outcome="Passed" testListId="8c84fa94-04c1-424b-9868-57a2d4851a1d" relativeResultsDirectory="987d6c66-cc3a-48ee-812a-7d38988a6fb9" />
    <UnitTestResult executionId="be07b46c-1d92-4659-90ed-795dcba0f666" testId="f50895e6-cebe-2b1e-5a2b-732e27aad794" testName="Opstrax.Tests.SettlementGlPostingPostgresTests.Payments_Relieve_The_Payable_And_Reconcile_To_Unpaid_Balance" computerName="Mac" duration="00:00:00.0449720" startTime="2026-08-12T22:24:54.0862760-04:00" endTime="2026-08-12T22:24:54.1313870-04:00" testType="13cdc9d9-ddb5-4fa4-a97d-d965ccfc6d4b" outcome="Passed" testListId="8c84fa94-04c1-424b-9868-57a2d4851a1d" relativeResultsDirectory="be07b46c-1d92-4659-90ed-795dcba0f666" />
    <UnitTestResult executionId="37d8914a-1a77-46d1-abde-dbf0386c20c0" testId="aee68bca-26e6-7682-1d4f-a7c3acbc97bb" testName="Opstrax.Tests.RevenueRecognitionPostgresTests.OverTime_Trigger_Is_FailClosed" computerName="Mac" duration="00:00:00.0121306" startTime="2026-08-12T22:24:48.0835000-04:00" endTime="2026-08-12T22:24:48.0957470-04:00" testType="13cdc9d9-ddb5-4fa4-a97d-d965ccfc6d4b" outcome="Passed" testListId="8c84fa94-04c1-424b-9868-57a2d4851a1d" relativeResultsDirectory="37d8914a-1a77-46d1-abde-dbf0386c20c0" />
    <UnitTestResult executionId="4d924e46-f0bd-4b49-97db-40930b5bf9a8" testId="eacc9c6c-d18f-ca46-4995-460e526fa8dd" testName="Opstrax.Tests.RlsTenantIsolationPostgresTests.FleetReadiness_RejectsMissingSpecialTablePrivilege" computerName="Mac" duration="00:00:00.7638900" startTime="2026-08-12T22:25:12.3218490-04:00" endTime="2026-08-12T22:25:13.0860220-04:00" testType="13cdc9d9-ddb5-4fa4-a97d-d965ccfc6d4b" outcome="Passed" testListId="8c84fa94-04c1-424b-9868-57a2d4851a1d" relativeResultsDirectory="4d924e46-f0bd-4b49-97db-40930b5bf9a8" />
    <UnitTestResult executionId="2769cc30-aad6-442d-890a-33920b719df5" testId="a796338f-4b89-3ea4-fd91-1c6d839d2574" testName="Opstrax.Tests.FleetSpecializedBranchTests.ColdChain_SummaryAndPolicies_AcceptTenantWideAndBranchScopes" computerName="Mac" duration="00:00:00.0800983" startTime="2026-08-12T22:25:19.6651240-04:00" endTime="2026-08-12T22:25:19.7453730-04:00" testType="13cdc9d9-ddb5-4fa4-a97d-d965ccfc6d4b" outcome="Passed" testListId="8c84fa94-04c1-424b-9868-57a2d4851a1d" relativeResultsDirectory="2769cc30-aad6-442d-890a-33920b719df5" />
    <UnitTestResult executionId="24ae8eff-0309-4142-92d9-f7743ac81684" testId="9dc6c97f-eb69-38a7-3506-7826c071e31c" testName="Opstrax.Tests.PlatformControlPlaneTests.Platform_Token_Is_Never_A_Tenant_Session" computerName="Mac" duration="00:00:00.0574714" startTime="2026-08-12T22:24:58.6409840-04:00" endTime="2026-08-12T22:24:58.6985880-04:00" testType="13cdc9d9-ddb5-4fa4-a97d-d965ccfc6d4b" outcome="Passed" testListId="8c84fa94-04c1-424b-9868-57a2d4851a1d" relativeResultsDirectory="24ae8eff-0309-4142-92d9-f7743ac81684" />
    <UnitTestResult executionId="5b227b07-2ebc-4c5c-bb6d-396b337d1aa8" testId="87469cad-3d2c-ec90-8d46-6005584546a2" testName="Opstrax.Tests.FleetSpecializedBranchTests.SaudiSurfaces_DenyWithoutEntitlementAndLegacyLedgerCannotMutate" computerName="Mac" duration="00:00:00.0945697" startTime="2026-08-12T22:25:19.5703300-04:00" endTime="2026-08-12T22:25:19.6650320-04:00" testType="13cdc9d9-ddb5-4fa4-a97d-d965ccfc6d4b" outcome="Passed" testListId="8c84fa94-04c1-424b-9868-57a2d4851a1d" relativeResultsDirectory="5b227b07-2ebc-4c5c-bb6d-396b337d1aa8" />
    <UnitTestResult executionId="c55ebcf7-9601-488f-9608-aeaba4f80727" testId="3caec95d-7c55-929a-f9a1-22644608c7e8" testName="Opstrax.Tests.DemoTenantSeederPostgresTests.CustomerFeedbackMigration_UpgradesLegacyShape_PreservesRows_AndReruns" computerName="Mac" duration="00:00:00.1184149" startTime="2026-08-12T22:24:33.7877600-04:00" endTime="2026-08-12T22:24:33.9064700-04:00" testType="13cdc9d9-ddb5-4fa4-a97d-d965ccfc6d4b" outcome="Passed" testListId="8c84fa94-04c1-424b-9868-57a2d4851a1d" relativeResultsDirectory="c55ebcf7-9601-488f-9608-aeaba4f80727" />
    <UnitTestResult executionId="522ed4e4-4270-4391-942f-e2c1292b7ba3" testId="a5c19772-8a0f-7c6f-a099-4758dd221a9f" testName="Opstrax.Tests.BillingConsolidationPostgresTests.No_Billable_Charges_Is_FailClosed" computerName="Mac" duration="00:00:00.0139210" startTime="2026-08-12T22:24:45.5571660-04:00" endTime="2026-08-12T22:24:45.5712180-04:00" testType="13cdc9d9-ddb5-4fa4-a97d-d965ccfc6d4b" outcome="Passed" testListId="8c84fa94-04c1-424b-9868-57a2d4851a1d" relativeResultsDirectory="522ed4e4-4270-4391-942f-e2c1292b7ba3" />
    <UnitTestResult executionId="694d1e77-4b4a-4f14-8c16-bad39a33afb5" testId="87397a5c-f6b2-f247-ab41-fe1747afee46" testName="Opstrax.Tests.DvirHosPilotPostgresTests.Stage65RequiredHosTriggersFunctionsAndEldHistoryRlsExist" computerName="Mac" duration="00:00:00.0092614" startTime="2026-08-12T22:25:18.0754910-04:00" endTime="2026-08-12T22:25:18.0848770-04:00" testType="13cdc9d9-ddb5-4fa4-a97d-d965ccfc6d4b" outcome="Passed" testListId="8c84fa94-04c1-424b-9868-57a2d4851a1d" relativeResultsDirectory="694d1e77-4b4a-4f14-8c16-bad39a33afb5" />
    <UnitTestResult executionId="be1195c4-e3f6-44dd-93e0-15a399860485" testId="c79df2e4-ed81-0ac0-6156-2227fdd969cb" testName="Opstrax.Tests.ProofOfDeliveryPilotTests.PodReadModelsAreCanonicalPermissionBranchScopedAndDoNotLeakPrivateObjectReferences" computerName="Mac" duration="00:00:00.0311679" startTime="2026-08-12T22:24:55.5914160-04:00" endTime="2026-08-12T22:24:55.6227060-04:00" testType="13cdc9d9-ddb5-4fa4-a97d-d965ccfc6d4b" outcome="Passed" testListId="8c84fa94-04c1-424b-9868-57a2d4851a1d" relativeResultsDirectory="be1195c4-e3f6-44dd-93e0-15a399860485" />
    <UnitTestResult executionId="91c27f2b-42cc-40d8-8f1d-b7db712606d0" testId="bc8402db-0acf-7fb5-f59e-8600d2ff33ef" testName="Opstrax.Tests.EntitlementPolicyModePostgresTests.Legacy_Migration_And_Allowlist_Semantics_Are_Explicit" computerName="Mac" duration="00:00:00.0493114" startTime="2026-08-12T22:24:59.1927260-04:00" endTime="2026-08-12T22:24:59.2421700-04:00" testType="13cdc9d9-ddb5-4fa4-a97d-d965ccfc6d4b" outcome="Passed" testListId="8c84fa94-04c1-424b-9868-57a2d4851a1d" relativeResultsDirectory="91c27f2b-42cc-40d8-8f1d-b7db712606d0" />
    <UnitTestResult executionId="c7642eea-63ae-4714-b381-96db30c76bce" testId="8c45b447-ff6b-db61-54d8-939008247c45" testName="Opstrax.Tests.RolePermissionReconcilerPostgresTests.Reconcile_GrantsDriverRole_ThePermissionsTheDriverEndpointsRequire" computerName="Mac" duration="00:00:00.0704386" startTime="2026-08-12T22:25:15.2154990-04:00" endTime="2026-08-12T22:25:15.2861170-04:00" testType="13cdc9d9-ddb5-4fa4-a97d-d965ccfc6d4b" outcome="Passed" testListId="8c84fa94-04c1-424b-9868-57a2d4851a1d" relativeResultsDirectory="c7642eea-63ae-4714-b381-96db30c76bce" />
    <UnitTestResult executionId="9f8d4897-fadb-439a-99f7-382609ecc9a9" testId="ecacaa46-e450-f192-d746-0e833b40ed42" testName="Opstrax.Tests.FleetSpecializedBranchTests.SaudiReadiness_UsesFullCountsBranchUnavailableSemanticsAndLiveExpiry" computerName="Mac" duration="00:00:00.2483911" startTime="2026-08-12T22:25:18.5303510-04:00" endTime="2026-08-12T22:25:18.7789060-04:00" testType="13cdc9d9-ddb5-4fa4-a97d-d965ccfc6d4b" outcome="Passed" testListId="8c84fa94-04c1-424b-9868-57a2d4851a1d" relativeResultsDirectory="9f8d4897-fadb-439a-99f7-382609ecc9a9" />
    <UnitTestResult executionId="820026b1-5775-4dfc-8b61-569e30cd4022" testId="7d8ce440-83ac-59a2-fdc6-fed46c5829ed" testName="Opstrax.Tests.TripLifecyclePostgresTests.DeviationRequiresBoundTelemetry_AndRemainsIdempotent" computerName="Mac" duration="00:00:00.3467308" startTime="2026-08-12T22:24:47.0919610-04:00" endTime="2026-08-12T22:24:47.4388570-04:00" testType="13cdc9d9-ddb5-4fa4-a97d-d965ccfc6d4b" outcome="Passed" testListId="8c84fa94-04c1-424b-9868-57a2d4851a1d" relativeResultsDirectory="820026b1-5775-4dfc-8b61-569e30cd4022" />
    <UnitTestResult executionId="591940d9-3f71-4078-82a3-3aee9af2ecda" testId="3de45056-6ded-5024-b005-f838a8e17d14" testName="Opstrax.Tests.RlsTenantIsolationPostgresTests.FleetReadiness_RejectsPermissiveSpecialPolicyDrift" computerName="Mac" duration="00:00:00.9345680" startTime="2026-08-12T22:25:00.9551860-04:00" endTime="2026-08-12T22:25:01.8900350-04:00" testType="13cdc9d9-ddb5-4fa4-a97d-d965ccfc6d4b" outcome="Passed" testListId="8c84fa94-04c1-424b-9868-57a2d4851a1d" relativeResultsDirectory="591940d9-3f71-4078-82a3-3aee9af2ecda" />
    <UnitTestResult executionId="28c7e16c-2168-48ee-8d69-2fb1b0499ad9" testId="03ca0eee-b5f3-a820-416f-1656b9fcf772" testName="Opstrax.Tests.RevenueReadinessPostgresTests.FinanceExport_ArAgingCsv_ContainsOnlyLiveRows_NoPlaceholders" computerName="Mac" duration="00:00:00.0791367" startTime="2026-08-12T22:24:37.5976230-04:00" endTime="2026-08-12T22:24:37.6769320-04:00" testType="13cdc9d9-ddb5-4fa4-a97d-d965ccfc6d4b" outcome="Passed" testListId="8c84fa94-04c1-424b-9868-57a2d4851a1d" relativeResultsDirectory="28c7e16c-2168-48ee-8d69-2fb1b0499ad9" />
    <UnitTestResult executionId="86eaddfe-0bf0-4d9f-868f-9249ffcf9b01" testId="98ae4a46-b5fa-d879-65de-9154edea3538" testName="Opstrax.Tests.DvirHosPilotPostgresTests.BackOfficeUserCannotImpersonateDriverDvirSignature" computerName="Mac" duration="00:00:00.0212545" startTime="2026-08-12T22:25:17.7555390-04:00" endTime="2026-08-12T22:25:17.7769280-04:00" testType="13cdc9d9-ddb5-4fa4-a97d-d965ccfc6d4b" outcome="Passed" testListId="8c84fa94-04c1-424b-9868-57a2d4851a1d" relativeResultsDirectory="86eaddfe-0bf0-4d9f-868f-9249ffcf9b01" />
    <UnitTestResult executionId="185352c6-8775-4349-8b32-8219a027818f" testId="37e9f38d-6e85-5702-0a0e-5cfb7c5fa5cd" testName="Opstrax.Tests.LogisticsSeederPostgresRegressionTests.WorkspaceListUpdateAndStatusBypassPathsArePermissionAndBranchSafe" computerName="Mac" duration="00:00:00.0375107" startTime="2026-08-12T22:24:56.7202470-04:00" endTime="2026-08-12T22:24:56.7579040-04:00" testType="13cdc9d9-ddb5-4fa4-a97d-d965ccfc6d4b" outcome="Passed" testListId="8c84fa94-04c1-424b-9868-57a2d4851a1d" relativeResultsDirectory="185352c6-8775-4349-8b32-8219a027818f" />
    <UnitTestResult executionId="20439275-8831-41df-9efc-f449306b14a1" testId="a1130c35-c1a7-9c97-2dcd-796aa1dadd8e" testName="Opstrax.Tests.FleetTmsWorkspaceWave1Tests.OverviewReturnsOnlyTheAuthenticatedBranchButTenantWideReturnsAllBranches" computerName="Mac" duration="00:00:00.0330779" startTime="2026-08-12T22:24:54.3120200-04:00" endTime="2026-08-12T22:24:54.3452340-04:00" testType="13cdc9d9-ddb5-4fa4-a97d-d965ccfc6d4b" outcome="Passed" testListId="8c84fa94-04c1-424b-9868-57a2d4851a1d" relativeResultsDirectory="20439275-8831-41df-9efc-f449306b14a1" />
    <UnitTestResult executionId="6a80e30f-d307-4780-b55e-b53a1895f4ff" testId="381e673b-739c-c9c5-fdfa-6b84674ee4e3" testName="Opstrax.Tests.TripLifecyclePostgresTests.LifecycleMutations_RequireExplicitUpdatePermission" computerName="Mac" duration="00:00:00.2175881" startTime="2026-08-12T22:24:46.6116900-04:00" endTime="2026-08-12T22:24:46.8294340-04:00" testType="13cdc9d9-ddb5-4fa4-a97d-d965ccfc6d4b" outcome="Passed" testListId="8c84fa94-04c1-424b-9868-57a2d4851a1d" relativeResultsDirectory="6a80e30f-d307-4780-b55e-b53a1895f4ff" />
    <UnitTestResult executionId="18f936bf-351c-48df-aaf2-26ca7e112b91" testId="69f9876b-4b7c-1847-e4cc-5004e0c458d7" testName="Opstrax.Tests.RetentionEnforcementTests.Purge_DeletesOnlyExpiredRowsForTheSelectedTenant_AndPropagatesSchemaFailure" computerName="Mac" duration="00:00:00.0107412" startTime="2026-08-12T22:24:56.5084960-04:00" endTime="2026-08-12T22:24:56.5193660-04:00" testType="13cdc9d9-ddb5-4fa4-a97d-d965ccfc6d4b" outcome="Passed" testListId="8c84fa94-04c1-424b-9868-57a2d4851a1d" relativeResultsDirectory="18f936bf-351c-48df-aaf2-26ca7e112b91" />
    <UnitTestResult executionId="10135526-42d9-4521-98ce-697049a205f4" testId="8f6083bc-5fcd-6265-f7be-55b071b1634b" testName="Opstrax.Tests.DualIdentityAuthBootstrapPostgresTests.AuthBootstrap_SystemScope_IncludesNormalizedRolePermissions_AfterStage58" computerName="Mac" duration="00:00:00.0126274" startTime="2026-08-12T22:24:38.6739760-04:00" endTime="2026-08-12T22:24:38.6867350-04:00" testType="13cdc9d9-ddb5-4fa4-a97d-d965ccfc6d4b" outcome="Passed" testListId="8c84fa94-04c1-424b-9868-57a2d4851a1d" relativeResultsDirectory="10135526-42d9-4521-98ce-697049a205f4" />
    <UnitTestResult executionId="be7721ac-f663-466d-8bce-38a7233209f4" testId="31daf98c-8a9a-5c30-70c1-d54f1bffcfab" testName="Opstrax.Tests.PlatformOperatorManagementTests.Lower_Privileged_Manager_Cannot_Create_Or_Promote_Super_Admin" computerName="Mac" duration="00:00:00.1004094" startTime="2026-08-12T22:24:57.1823520-04:00" endTime="2026-08-12T22:24:57.2828990-04:00" testType="13cdc9d9-ddb5-4fa4-a97d-d965ccfc6d4b" outcome="Passed" testListId="8c84fa94-04c1-424b-9868-57a2d4851a1d" relativeResultsDirectory="be7721ac-f663-466d-8bce-38a7233209f4" />
    <UnitTestResult executionId="6c535b15-d471-481f-906c-240261a8bb8d" testId="f95d9fcb-6477-7969-20e0-9f83bda542a2" testName="Opstrax.Tests.RevenueReadinessPostgresTests.ActiveRateCardChange_RequiresApproval" computerName="Mac" duration="00:00:00.0729098" startTime="2026-08-12T22:24:38.5562180-04:00" endTime="2026-08-12T22:24:38.6292690-04:00" testType="13cdc9d9-ddb5-4fa4-a97d-d965ccfc6d4b" outcome="Passed" testListId="8c84fa94-04c1-424b-9868-57a2d4851a1d" relativeResultsDirectory="6c535b15-d471-481f-906c-240261a8bb8d" />
    <UnitTestResult executionId="aed9727d-c175-433f-b3e8-faafff08e264" testId="856dbcac-237a-dbf3-1b8c-a0125b9e67eb" testName="Opstrax.Tests.RevenueReadinessPostgresTests.RevenueLeakage_DetectsNoChargeAndStaleDraft_NotCorrectlyBilled_AndIsIdempotent" computerName="Mac" duration="00:00:00.2296569" startTime="2026-08-12T22:24:37.2907500-04:00" endTime="2026-08-12T22:24:37.5205930-04:00" testType="13cdc9d9-ddb5-4fa4-a97d-d965ccfc6d4b" outcome="Passed" testListId="8c84fa94-04c1-424b-9868-57a2d4851a1d" relativeResultsDirectory="aed9727d-c175-433f-b3e8-faafff08e264" />
    <UnitTestResult executionId="6e46c182-28d5-4f36-bc5f-8db705e6fde2" testId="9017b8d4-0681-e3bf-def8-865510082e35" testName="Opstrax.Tests.TripLifecyclePostgresTests.ConcurrentBackgroundInstance_SkipsWhenCycleLockIsOwned" computerName="Mac" duration="00:00:00.2125582" startTime="2026-08-12T22:24:47.8705110-04:00" endTime="2026-08-12T22:24:48.0832230-04:00" testType="13cdc9d9-ddb5-4fa4-a97d-d965ccfc6d4b" outcome="Passed" testListId="8c84fa94-04c1-424b-9868-57a2d4851a1d" relativeResultsDirectory="6e46c182-28d5-4f36-bc5f-8db705e6fde2" />
    <UnitTestResult executionId="de5b5c6f-340d-4d12-a031-553571599686" testId="acf4c9d2-bc5d-a5a3-7977-466abf93698e" testName="Opstrax.Tests.FoundationDispatcherPostgresTests.OutboxDispatcher_MarksFailure_And_SchedulesRetry" computerName="Mac" duration="00:00:00.0135452" startTime="2026-08-12T22:24:59.4970520-04:00" endTime="2026-08-12T22:24:59.5107110-04:00" testType="13cdc9d9-ddb5-4fa4-a97d-d965ccfc6d4b" outcome="Passed" testListId="8c84fa94-04c1-424b-9868-57a2d4851a1d" relativeResultsDirectory="de5b5c6f-340d-4d12-a031-553571599686" />
    <UnitTestResult executionId="b4cca1c1-0e3e-4922-86d4-baf03fae2ab8" testId="4ff14748-cd8a-bbc6-66e2-a04f8bc3db88" testName="Opstrax.Tests.RevenueReadinessPostgresTests.IssueInvoice_POD_Gate_Blocks_Without_Proof_When_Flag_On" computerName="Mac" duration="00:00:00.0986659" startTime="2026-08-12T22:24:38.0542330-04:00" endTime="2026-08-12T22:24:38.1530810-04:00" testType="13cdc9d9-ddb5-4fa4-a97d-d965ccfc6d4b" outcome="Passed" testListId="8c84fa94-04c1-424b-9868-57a2d4851a1d" relativeResultsDirectory="b4cca1c1-0e3e-4922-86d4-baf03fae2ab8" />
    <UnitTestResult executionId="1260ce63-7888-4a8d-85e1-970f8c339303" testId="e5d00d21-1e46-784f-bcd7-adaa196f9947" testName="Opstrax.Tests.ActiveShipmentsPostgresRegressionTests.CanonicalProjectionEnforcesBranchPermissionsRiskPagingExportAndIgnoresFleetOnlyRows" computerName="Mac" duration="00:00:00.5427583" startTime="2026-08-12T22:24:50.7774750-04:00" endTime="2026-08-12T22:24:51.3203810-04:00" testType="13cdc9d9-ddb5-4fa4-a97d-d965ccfc6d4b" outcome="Passed" testListId="8c84fa94-04c1-424b-9868-57a2d4851a1d" relativeResultsDirectory="1260ce63-7888-4a8d-85e1-970f8c339303" />
    <UnitTestResult executionId="5c93a25b-48e3-4922-945e-0be4abd32e2d" testId="4936fe5f-34bc-7cd1-3559-6196be5d2345" testName="Opstrax.Tests.DetentionApprovalPostgresTests.Funnel_Reports_Detected_Notified_And_Approved_Amounts" computerName="Mac" duration="00:00:00.0550817" startTime="2026-08-12T22:24:44.8764340-04:00" endTime="2026-08-12T22:24:44.9316710-04:00" testType="13cdc9d9-ddb5-4fa4-a97d-d965ccfc6d4b" outcome="Passed" testListId="8c84fa94-04c1-424b-9868-57a2d4851a1d" relativeResultsDirectory="5c93a25b-48e3-4922-945e-0be4abd32e2d" />
    <UnitTestResult executionId="827b67e5-a665-4143-a79c-6d212431d5b1" testId="f8340c25-2c86-a3d5-b539-a65f5b4a8827" testName="Opstrax.Tests.RevenueReadinessPostgresTests.InvoiceDraft_Create_CopiesCharges_And_IsIdempotent" computerName="Mac" duration="00:00:00.0811741" startTime="2026-08-12T22:24:38.3279930-04:00" endTime="2026-08-12T22:24:38.4094540-04:00" testType="13cdc9d9-ddb5-4fa4-a97d-d965ccfc6d4b" outcome="Passed" testListId="8c84fa94-04c1-424b-9868-57a2d4851a1d" relativeResultsDirectory="827b67e5-a665-4143-a79c-6d212431d5b1" />
    <UnitTestResult executionId="b09a9a87-8efe-453e-a733-b99aa49555e6" testId="44131f05-291c-f106-e72d-c2d754d217f4" testName="Opstrax.Tests.FleetSpecializedBranchTests.ReturnableAssets_Branch_Custody_Workflow_Is_Isolated" computerName="Mac" duration="00:00:00.0415012" startTime="2026-08-12T22:25:18.8952720-04:00" endTime="2026-08-12T22:25:18.9369150-04:00" testType="13cdc9d9-ddb5-4fa4-a97d-d965ccfc6d4b" outcome="Passed" testListId="8c84fa94-04c1-424b-9868-57a2d4851a1d" relativeResultsDirectory="b09a9a87-8efe-453e-a733-b99aa49555e6" />
    <UnitTestResult executionId="767d5de1-2a8e-4caf-be47-5602c0f37914" testId="29c079eb-4f05-0c33-14a6-957567ce23d8" testName="Opstrax.Tests.CoreJobsBranchHosApiTests.TrackingReferencesAreTenantScopedAndPublicTokensAreGloballyUnique" computerName="Mac" duration="00:00:00.3034221" startTime="2026-08-12T22:24:48.5158180-04:00" endTime="2026-08-12T22:24:48.8194020-04:00" testType="13cdc9d9-ddb5-4fa4-a97d-d965ccfc6d4b" outcome="Passed" testListId="8c84fa94-04c1-424b-9868-57a2d4851a1d" relativeResultsDirectory="767d5de1-2a8e-4caf-be47-5602c0f37914" />
    <UnitTestResult executionId="df827b88-28f5-45f2-a7fd-c3f18079b123" testId="7f9626af-f643-3ef2-bf7d-e517564361cf" testName="Opstrax.Tests.LastMileWorkflowPostgresTests.CreateDispatchMaterializesStopInOrderBranchAndRejectsDuplicateKeys" computerName="Mac" duration="00:00:00.0359902" startTime="2026-08-12T22:24:51.9802350-04:00" endTime="2026-08-12T22:24:52.0163560-04:00" testType="13cdc9d9-ddb5-4fa4-a97d-d965ccfc6d4b" outcome="Passed" testListId="8c84fa94-04c1-424b-9868-57a2d4851a1d" relativeResultsDirectory="df827b88-28f5-45f2-a7fd-c3f18079b123" />
    <UnitTestResult executionId="a1da158c-7287-47dc-87d5-567738503d2f" testId="a19c88b7-78cc-b748-2a17-d7472bfc898f" testName="Opstrax.Tests.BusinessSpinePostgresTests.BusinessSurfaceProfile_Defaults_Are_Generic_And_Persistent" computerName="Mac" duration="00:00:00.0127797" startTime="2026-08-12T22:24:46.0277610-04:00" endTime="2026-08-12T22:24:46.0406600-04:00" testType="13cdc9d9-ddb5-4fa4-a97d-d965ccfc6d4b" outcome="Passed" testListId="8c84fa94-04c1-424b-9868-57a2d4851a1d" relativeResultsDirectory="a1da158c-7287-47dc-87d5-567738503d2f" />
    <UnitTestResult executionId="52035424-b0b3-43ed-bd8b-cf5386eff671" testId="9266bd07-1529-e350-6fcc-2b549f0909d7" testName="Opstrax.Tests.TaxServicePostgresTests.Zatca_NonSAR_Currency_Is_FailClosed" computerName="Mac" duration="00:00:00.0116291" startTime="2026-08-12T22:24:45.2498140-04:00" endTime="2026-08-12T22:24:45.2615520-04:00" testType="13cdc9d9-ddb5-4fa4-a97d-d965ccfc6d4b" outcome="Passed" testListId="8c84fa94-04c1-424b-9868-57a2d4851a1d" relativeResultsDirectory="52035424-b0b3-43ed-bd8b-cf5386eff671" />
    <UnitTestResult executionId="41831452-e850-4f8c-87bb-ad125d3d7a55" testId="e667fde9-62c7-8ee1-9568-891c03314c29" testName="Opstrax.Tests.RlsTenantIsolationPostgresTests.SystemTransaction_RestoresTenantScope_AndRollsBackAtomically" computerName="Mac" duration="00:00:00.6766081" startTime="2026-08-12T22:24:59.5255980-04:00" endTime="2026-08-12T22:25:00.2023760-04:00" testType="13cdc9d9-ddb5-4fa4-a97d-d965ccfc6d4b" outcome="Passed" testListId="8c84fa94-04c1-424b-9868-57a2d4851a1d" relativeResultsDirectory="41831452-e850-4f8c-87bb-ad125d3d7a55" />
    <UnitTestResult executionId="5e3970df-6018-43bf-acef-c412efba99b5" testId="29d3aee5-1e50-9396-85e1-41fe52a4c3bd" testName="Opstrax.Tests.FoundationDispatcherPostgresTests.OutboxDispatcher_DeadLetters_When_MaxRetry_Reached" computerName="Mac" duration="00:00:00.0142951" startTime="2026-08-12T22:24:59.5109590-04:00" endTime="2026-08-12T22:24:59.5254030-04:00" testType="13cdc9d9-ddb5-4fa4-a97d-d965ccfc6d4b" outcome="Passed" testListId="8c84fa94-04c1-424b-9868-57a2d4851a1d" relativeResultsDirectory="5e3970df-6018-43bf-acef-c412efba99b5" />
    <UnitTestResult executionId="719895c2-0ceb-4eb5-b6fc-181008a82dad" testId="a4becee7-711b-bf5e-f6e2-dad410326588" testName="Opstrax.Tests.MessagingConversationPostgresTests.Dispatcher_Unread_Counts_Only_Inbound_Driver_Messages_Not_Colleague_Outbound" computerName="Mac" duration="00:00:00.0118805" startTime="2026-08-12T22:24:52.2050100-04:00" endTime="2026-08-12T22:24:52.2169930-04:00" testType="13cdc9d9-ddb5-4fa4-a97d-d965ccfc6d4b" outcome="Passed" testListId="8c84fa94-04c1-424b-9868-57a2d4851a1d" relativeResultsDirectory="719895c2-0ceb-4eb5-b6fc-181008a82dad" />
    <UnitTestResult executionId="9da22a8b-5006-4974-a165-4fdc42642496" testId="e1e87c7e-8f71-801d-693d-77fa04575e95" testName="Opstrax.Tests.EntitlementPolicyModePostgresTests.Package_Reassignment_Replaces_Only_Package_Derived_Rights" computerName="Mac" duration="00:00:00.0569802" startTime="2026-08-12T22:24:59.2424520-04:00" endTime="2026-08-12T22:24:59.2995900-04:00" testType="13cdc9d9-ddb5-4fa4-a97d-d965ccfc6d4b" outcome="Passed" testListId="8c84fa94-04c1-424b-9868-57a2d4851a1d" relativeResultsDirectory="9da22a8b-5006-4974-a165-4fdc42642496" />
    <UnitTestResult executionId="9fb25ed1-1020-479e-8b4b-853300137755" testId="5d3ec41c-9033-2906-0410-d038f6ba9fc8" testName="Opstrax.Tests.RoutePlansPilotPostgresTests.Stage63AndTerminalRlsContractsArePresentOnTheFreshSchema" computerName="Mac" duration="00:00:00.0071371" startTime="2026-08-12T22:25:15.8496600-04:00" endTime="2026-08-12T22:25:15.8569600-04:00" testType="13cdc9d9-ddb5-4fa4-a97d-d965ccfc6d4b" outcome="Passed" testListId="8c84fa94-04c1-424b-9868-57a2d4851a1d" relativeResultsDirectory="9fb25ed1-1020-479e-8b4b-853300137755" />
    <UnitTestResult executionId="5807d144-f771-4fe7-837e-bb8d969e1553" testId="ee0177ae-bbb2-f884-e644-0453729bd722" testName="Opstrax.Tests.DetentionApprovalPostgresTests.Missing_Shipper_References_Block_Approval_Unless_Overridden" computerName="Mac" duration="00:00:00.1028306" startTime="2026-08-12T22:24:44.7153890-04:00" endTime="2026-08-12T22:24:44.8184050-04:00" testType="13cdc9d9-ddb5-4fa4-a97d-d965ccfc6d4b" outcome="Passed" testListId="8c84fa94-04c1-424b-9868-57a2d4851a1d" relativeResultsDirectory="5807d144-f771-4fe7-837e-bb8d969e1553" />
    <UnitTestResult executionId="e0eaa725-81fe-447d-9864-23958a48c5d4" testId="8b2678b5-4e76-59ae-3917-a76360724771" testName="Opstrax.Tests.MaintenancePmBaselinePostgresTests.EngineHours_Past_Baseline_Plus_Interval_Is_Flagged_Overdue" computerName="Mac" duration="00:00:00.5097017" startTime="2026-08-12T22:25:16.8528050-04:00" endTime="2026-08-12T22:25:17.3642720-04:00" testType="13cdc9d9-ddb5-4fa4-a97d-d965ccfc6d4b" outcome="Passed" testListId="8c84fa94-04c1-424b-9868-57a2d4851a1d" relativeResultsDirectory="e0eaa725-81fe-447d-9864-23958a48c5d4" />
    <UnitTestResult executionId="fb606139-84e6-4bc4-b81b-cf9710c7ba9d" testId="16d40749-bb65-fd7d-40f7-81d8f671c207" testName="Opstrax.Tests.TaxServicePostgresTests.Vat_Inclusive_Backs_Out_Tax" computerName="Mac" duration="00:00:00.0142523" startTime="2026-08-12T22:24:45.3143780-04:00" endTime="2026-08-12T22:24:45.3287470-04:00" testType="13cdc9d9-ddb5-4fa4-a97d-d965ccfc6d4b" outcome="Passed" testListId="8c84fa94-04c1-424b-9868-57a2d4851a1d" relativeResultsDirectory="fb606139-84e6-4bc4-b81b-cf9710c7ba9d" />
    <UnitTestResult executionId="e23467d0-2015-4567-a324-71027fc8c5bd" testId="f1589b97-8110-b3d5-7d2b-8da02070fe4c" testName="Opstrax.Tests.RatingServicePostgresTests.PerHour_Computes_From_Trip_Duration" computerName="Mac" duration="00:00:00.0101815" startTime="2026-08-12T22:24:55.6940080-04:00" endTime="2026-08-12T22:24:55.7043030-04:00" testType="13cdc9d9-ddb5-4fa4-a97d-d965ccfc6d4b" outcome="Passed" testListId="8c84fa94-04c1-424b-9868-57a2d4851a1d" relativeResultsDirectory="e23467d0-2015-4567-a324-71027fc8c5bd" />
    <UnitTestResult executionId="d632d2ad-b007-4740-b924-f4d467e5d732" testId="7359bd01-8d71-3f2f-abe1-8939fa3064bb" testName="Opstrax.Tests.DvirHosPilotPostgresTests.HosSoftDeleteActivationInvalidatesSequentiallyAndFailsFastDuringCertification" computerName="Mac" duration="00:00:00.0703828" startTime="2026-08-12T22:25:17.3863150-04:00" endTime="2026-08-12T22:25:17.4568480-04:00" testType="13cdc9d9-ddb5-4fa4-a97d-d965ccfc6d4b" outcome="Passed" testListId="8c84fa94-04c1-424b-9868-57a2d4851a1d" relativeResultsDirectory="d632d2ad-b007-4740-b924-f4d467e5d732" />
    <UnitTestResult executionId="29284f98-9fdb-44e2-9aff-93083654d4f5" testId="7b7de314-4fb0-433e-b35b-c5c32b80b237" testName="Opstrax.Tests.DvirHosPilotPostgresTests.HosDailyCertificationRejectsOpenSegmentsThenIsConcurrencyIdempotent" computerName="Mac" duration="00:00:00.0365502" startTime="2026-08-12T22:25:17.7770070-04:00" endTime="2026-08-12T22:25:17.8136970-04:00" testType="13cdc9d9-ddb5-4fa4-a97d-d965ccfc6d4b" outcome="Passed" testListId="8c84fa94-04c1-424b-9868-57a2d4851a1d" relativeResultsDirectory="29284f98-9fdb-44e2-9aff-93083654d4f5" />
    <UnitTestResult executionId="866c9d9a-db57-446d-8719-c773ecec2493" testId="48eb355f-aa34-eaa3-d12a-f73c6a48d25b" testName="Opstrax.Tests.TelemetryGatewayReplayPostgresTests.Cross_tenant_replay_of_same_signature_is_rejected" computerName="Mac" duration="00:00:00.0017742" startTime="2026-08-12T22:24:50.5697340-04:00" endTime="2026-08-12T22:24:50.5716010-04:00" testType="13cdc9d9-ddb5-4fa4-a97d-d965ccfc6d4b" outcome="Passed" testListId="8c84fa94-04c1-424b-9868-57a2d4851a1d" relativeResultsDirectory="866c9d9a-db57-446d-8719-c773ecec2493" />
    <UnitTestResult executionId="5babd133-4848-4644-85c3-655df6ea390b" testId="3cf49bdf-3a63-f8d0-b578-8a0b61d47f06" testName="Opstrax.Tests.FleetSpecializedBranchTests.ColdChain_DeviceRegistration_HandlesTwentyWayRetryAndCodeRacesAcrossScopes" computerName="Mac" duration="00:00:00.1165910" startTime="2026-08-12T22:25:19.3723880-04:00" endTime="2026-08-12T22:25:19.4891290-04:00" testType="13cdc9d9-ddb5-4fa4-a97d-d965ccfc6d4b" outcome="Passed" testListId="8c84fa94-04c1-424b-9868-57a2d4851a1d" relativeResultsDirectory="5babd133-4848-4644-85c3-655df6ea390b" />
    <UnitTestResult executionId="c92f28b0-6f54-423d-a80f-54b803e2580f" testId="3e8e1bff-e047-503f-6193-9c09c227ee97" testName="Opstrax.Tests.DvirHosPilotPostgresTests.HosInsertWaitsForCertificationDayLockAndInvalidatesTheCompletedSnapshotDay" computerName="Mac" duration="00:00:00.0683605" startTime="2026-08-12T22:25:17.6284030-04:00" endTime="2026-08-12T22:25:17.6968990-04:00" testType="13cdc9d9-ddb5-4fa4-a97d-d965ccfc6d4b" outcome="Passed" testListId="8c84fa94-04c1-424b-9868-57a2d4851a1d" relativeResultsDirectory="c92f28b0-6f54-423d-a80f-54b803e2580f" />
    <UnitTestResult executionId="0a289186-ccef-4711-9db6-f272cab76be5" testId="c1f842fd-0c96-4c3e-b86d-09606626562a" testName="Opstrax.Tests.ActiveShipmentsPostgresRegressionTests.RestrictedRoleProjectionFailsClosedWhenRequestTenantAndSignedScopeDisagree" computerName="Mac" duration="00:00:00.1341080" startTime="2026-08-12T22:24:51.3204810-04:00" endTime="2026-08-12T22:24:51.4547420-04:00" testType="13cdc9d9-ddb5-4fa4-a97d-d965ccfc6d4b" outcome="Passed" testListId="8c84fa94-04c1-424b-9868-57a2d4851a1d" relativeResultsDirectory="0a289186-ccef-4711-9db6-f272cab76be5" />
    <UnitTestResult executionId="069dbe84-0fed-4d1a-af1c-e8a3ded77f8a" testId="f587f205-9356-e91b-c09f-c943a7c84d0e" testName="Opstrax.Tests.BusinessSpinePostgresTests.RateCard_Mirror_Upsert_Is_TenantScoped_And_Idempotent_ByCode" computerName="Mac" duration="00:00:00.0132104" startTime="2026-08-12T22:24:46.0554720-04:00" endTime="2026-08-12T22:24:46.0688030-04:00" testType="13cdc9d9-ddb5-4fa4-a97d-d965ccfc6d4b" outcome="Passed" testListId="8c84fa94-04c1-424b-9868-57a2d4851a1d" relativeResultsDirectory="069dbe84-0fed-4d1a-af1c-e8a3ded77f8a" />
    <UnitTestResult executionId="75d2d4a8-0d4b-4b1e-8200-b9f814c9d770" testId="9f5dcdaf-46fd-ebc5-4800-d41fcd0e4112" testName="Opstrax.Tests.RevenueReadinessPostgresTests.Issue_With_Published_Tax_Profile_Taxes_Invoice_And_Snapshots_Breakdown" computerName="Mac" duration="00:00:00.1048484" startTime="2026-08-12T22:24:37.1855560-04:00" endTime="2026-08-12T22:24:37.2905850-04:00" testType="13cdc9d9-ddb5-4fa4-a97d-d965ccfc6d4b" outcome="Passed" testListId="8c84fa94-04c1-424b-9868-57a2d4851a1d" relativeResultsDirectory="75d2d4a8-0d4b-4b1e-8200-b9f814c9d770" />
    <UnitTestResult executionId="bfe341bf-0fc4-4dca-9c27-be94aa61c069" testId="51525946-5b6e-af7d-7235-7f37d17470ea" testName="Opstrax.Tests.PlatformOperatorManagementTests.Patch_Alias_Updates_Name_And_Role_With_Fences" computerName="Mac" duration="00:00:00.0952801" startTime="2026-08-12T22:24:57.0374510-04:00" endTime="2026-08-12T22:24:57.1328640-04:00" testType="13cdc9d9-ddb5-4fa4-a97d-d965ccfc6d4b" outcome="Passed" testListId="8c84fa94-04c1-424b-9868-57a2d4851a1d" relativeResultsDirectory="bfe341bf-0fc4-4dca-9c27-be94aa61c069" />
    <UnitTestResult executionId="6766f2d2-64f5-4a35-b8cc-4d0ff916c86e" testId="7079b9ab-1eec-01d0-2e41-6537699eba3c" testName="Opstrax.Tests.CountryProfilePostgresTests.Create_SA_Tenant_Cascades_SAR_Currency_And_Three_Entitlements" computerName="Mac" duration="00:00:00.0652216" startTime="2026-08-12T22:25:14.7245340-04:00" endTime="2026-08-12T22:25:14.7899020-04:00" testType="13cdc9d9-ddb5-4fa4-a97d-d965ccfc6d4b" outcome="Passed" testListId="8c84fa94-04c1-424b-9868-57a2d4851a1d" relativeResultsDirectory="6766f2d2-64f5-4a35-b8cc-4d0ff916c86e" />
    <UnitTestResult executionId="f0975247-773b-4dae-afea-a69b0ae2c53e" testId="a073c0d0-5dad-a2b8-8a6a-d508077d7546" testName="Opstrax.Tests.SafetyIncidentsPilotRegressionTests.IncidentCreate_IgnoresSpoofedResolvedBranchAndUsesOnlyAuthoritativeOwnership" computerName="Mac" duration="00:00:00.1433529" startTime="2026-08-12T22:25:13.9934670-04:00" endTime="2026-08-12T22:25:14.1369490-04:00" testType="13cdc9d9-ddb5-4fa4-a97d-d965ccfc6d4b" outcome="Passed" testListId="8c84fa94-04c1-424b-9868-57a2d4851a1d" relativeResultsDirectory="f0975247-773b-4dae-afea-a69b0ae2c53e" />
    <UnitTestResult executionId="9ed33a70-2220-4579-a409-64398dcc4367" testId="a85db9d3-242d-441f-d081-81f67734d223" testName="Opstrax.Tests.LastMileBillingBridgePostgresTests.Confirmed_LastMile_Delivery_Becomes_A_Billable_Charge_Once" computerName="Mac" duration="00:00:00.0435972" startTime="2026-08-12T22:24:46.0689790-04:00" endTime="2026-08-12T22:24:46.1127160-04:00" testType="13cdc9d9-ddb5-4fa4-a97d-d965ccfc6d4b" outcome="Passed" testListId="8c84fa94-04c1-424b-9868-57a2d4851a1d" relativeResultsDirectory="9ed33a70-2220-4579-a409-64398dcc4367" />
    <UnitTestResult executionId="3bce9726-9db1-433c-a414-774e9c83e4ae" testId="a76814d7-3543-30ae-dfa8-543f87ce2015" testName="Opstrax.Tests.InvoiceIssuedGeneralLedgerHandlerPostgresTests.Imbalanced_Invoice_Fails_Closed_And_Never_Posts" computerName="Mac" duration="00:00:00.0116513" startTime="2026-08-12T22:24:45.0522180-04:00" endTime="2026-08-12T22:24:45.0639890-04:00" testType="13cdc9d9-ddb5-4fa4-a97d-d965ccfc6d4b" outcome="Passed" testListId="8c84fa94-04c1-424b-9868-57a2d4851a1d" relativeResultsDirectory="3bce9726-9db1-433c-a414-774e9c83e4ae" />
    <UnitTestResult executionId="6d44614a-3877-4936-b13c-56c816056d49" testId="a845eb67-118d-fcfb-989f-79ee0093cbc1" testName="Opstrax.Tests.GeneralLedgerPeriodClosePostgresTests.Close_Locks_The_Month_Against_BackPosting_Then_Reopen_Unlocks" computerName="Mac" duration="00:00:00.0329201" startTime="2026-08-12T22:25:14.8652410-04:00" endTime="2026-08-12T22:25:14.8983010-04:00" testType="13cdc9d9-ddb5-4fa4-a97d-d965ccfc6d4b" outcome="Passed" testListId="8c84fa94-04c1-424b-9868-57a2d4851a1d" relativeResultsDirectory="6d44614a-3877-4936-b13c-56c816056d49" />
    <UnitTestResult executionId="ba7f5752-e5b5-4330-9de7-62c74429a70e" testId="746723cd-ca64-3a36-c757-0d37cf8f6b93" testName="Opstrax.Tests.PlatformOperatorManagementTests.AcceptInvite_Lockout_Is_Durable_And_Audited" computerName="Mac" duration="00:00:00.0491776" startTime="2026-08-12T22:24:57.1329590-04:00" endTime="2026-08-12T22:24:57.1822660-04:00" testType="13cdc9d9-ddb5-4fa4-a97d-d965ccfc6d4b" outcome="Passed" testListId="8c84fa94-04c1-424b-9868-57a2d4851a1d" relativeResultsDirectory="ba7f5752-e5b5-4330-9de7-62c74429a70e" />
    <UnitTestResult executionId="9e63b9fa-4d97-4935-bbf4-dbf4f923be14" testId="8aa14173-2e9e-31c0-577b-1fffeebd67ea" testName="Opstrax.Tests.TaxServicePostgresTests.No_Profile_Reproduces_Zero_Tax" computerName="Mac" duration="00:00:00.0130655" startTime="2026-08-12T22:24:45.1035520-04:00" endTime="2026-08-12T22:24:45.1167380-04:00" testType="13cdc9d9-ddb5-4fa4-a97d-d965ccfc6d4b" outcome="Passed" testListId="8c84fa94-04c1-424b-9868-57a2d4851a1d" relativeResultsDirectory="9e63b9fa-4d97-4935-bbf4-dbf4f923be14" />
    <UnitTestResult executionId="6ae17acb-9aaf-4c43-a7d4-7e3905f28681" testId="a43eae3b-54d7-51a4-779c-7c5332aba338" testName="Opstrax.Tests.SettlementGlPostingPostgresTests.Posting_Twice_Creates_One_Entry_And_Draft_Posts_Nothing" computerName="Mac" duration="00:00:00.0163820" startTime="2026-08-12T22:24:54.1314630-04:00" endTime="2026-08-12T22:24:54.1479880-04:00" testType="13cdc9d9-ddb5-4fa4-a97d-d965ccfc6d4b" outcome="Passed" testListId="8c84fa94-04c1-424b-9868-57a2d4851a1d" relativeResultsDirectory="6ae17acb-9aaf-4c43-a7d4-7e3905f28681" />
    <UnitTestResult executionId="fb0fd583-2a36-4e4d-ae51-c4df8276468b" testId="126b59b9-af01-481d-63dc-1798538e4e42" testName="Opstrax.Tests.DetentionPricingPostgresTests.Late_Arrival_Rests_Unapprovable_Without_Override" computerName="Mac" duration="00:00:00.0569167" startTime="2026-08-12T22:25:13.5549300-04:00" endTime="2026-08-12T22:25:13.6120060-04:00" testType="13cdc9d9-ddb5-4fa4-a97d-d965ccfc6d4b" outcome="Passed" testListId="8c84fa94-04c1-424b-9868-57a2d4851a1d" relativeResultsDirectory="fb0fd583-2a36-4e4d-ae51-c4df8276468b" />
    <UnitTestResult executionId="2ad880fe-9de9-4758-a562-0716f5048fe5" testId="8970191c-002e-5727-1bdb-0b4fb2366202" testName="Opstrax.Tests.CoreJobsBranchHosApiTests.EtaNotificationsUseStoredEtaAndAreDurablyIdempotent" computerName="Mac" duration="00:00:00.3440009" startTime="2026-08-12T22:24:49.8401320-04:00" endTime="2026-08-12T22:24:50.1843300-04:00" testType="13cdc9d9-ddb5-4fa4-a97d-d965ccfc6d4b" outcome="Passed" testListId="8c84fa94-04c1-424b-9868-57a2d4851a1d" relativeResultsDirectory="2ad880fe-9de9-4758-a562-0716f5048fe5" />
    <UnitTestResult executionId="81747927-354e-4873-abeb-63b1ce7dc074" testId="a4c36106-d092-65ea-bdf7-0246d549e0a5" testName="Opstrax.Tests.LiveWorkflowRegressionTests.BusinessSpine_HandlesJsonElementsAndPostgreSqlNativeTypes" computerName="Mac" duration="00:00:00.0040356" startTime="2026-08-12T22:24:55.6228880-04:00" endTime="2026-08-12T22:24:55.6269540-04:00" testType="13cdc9d9-ddb5-4fa4-a97d-d965ccfc6d4b" outcome="Passed" testListId="8c84fa94-04c1-424b-9868-57a2d4851a1d" relativeResultsDirectory="81747927-354e-4873-abeb-63b1ce7dc074" />
    <UnitTestResult executionId="c7df2c6e-755b-4684-a0e4-082c1f8da95a" testId="c9c6b306-d6bf-4ba5-bddb-0f4cb7adb0e0" testName="Opstrax.Tests.BusinessSpinePostgresTests.RateCard_Update_Persists_And_Stays_TenantScoped" computerName="Mac" duration="00:00:00.0142936" startTime="2026-08-12T22:24:46.0132540-04:00" endTime="2026-08-12T22:24:46.0276760-04:00" testType="13cdc9d9-ddb5-4fa4-a97d-d965ccfc6d4b" outcome="Passed" testListId="8c84fa94-04c1-424b-9868-57a2d4851a1d" relativeResultsDirectory="c7df2c6e-755b-4684-a0e4-082c1f8da95a" />
    <UnitTestResult executionId="b5acf436-48c0-4bf6-b800-d3f10555f5dd" testId="480b3fc7-1e66-ad9f-7dc5-b03ff347df23" testName="Opstrax.Tests.TaxServicePostgresTests.Freight_Line_Not_Taxed_When_Profile_Disables_Freight" computerName="Mac" duration="00:00:00.0145430" startTime="2026-08-12T22:24:45.1880080-04:00" endTime="2026-08-12T22:24:45.2026760-04:00" testType="13cdc9d9-ddb5-4fa4-a97d-d965ccfc6d4b" outcome="Passed" testListId="8c84fa94-04c1-424b-9868-57a2d4851a1d" relativeResultsDirectory="b5acf436-48c0-4bf6-b800-d3f10555f5dd" />
    <UnitTestResult executionId="ccdfb488-b799-4c21-bb55-25b73a44c5f1" testId="e83e4da0-a55b-c419-9f83-016ec9b5fd79" testName="Opstrax.Tests.TenantTicketLoadPostgresTests.SignedTenantBootstrap_SurvivesPoolSaturation_WithinPilotLatencyBudget" computerName="Mac" duration="00:00:00.2367925" startTime="2026-08-12T22:25:19.7456670-04:00" endTime="2026-08-12T22:25:19.9863660-04:00" testType="13cdc9d9-ddb5-4fa4-a97d-d965ccfc6d4b" outcome="Passed" testListId="8c84fa94-04c1-424b-9868-57a2d4851a1d" relativeResultsDirectory="ccdfb488-b799-4c21-bb55-25b73a44c5f1">
      <Output>
        <StdOut>operations=400; concurrency=24; app_pool=8; system_pool=8; rps=1889.7; p95_ms=31.3; p99_ms=36.9; xid_delta=401; datfrozen_age_before=52790; datfrozen_age_after=53191</StdOut>
      </Output>
    </UnitTestResult>
    <UnitTestResult executionId="0edf464a-b04e-4ef7-8aeb-20a3fecd759f" testId="6e4d43e5-4a15-f327-40de-1e9efe700a85" testName="Opstrax.Tests.FoundationPostgresSmokeTests.Foundation_EndToEnd_Smoke_Persists_All_Core_Records" computerName="Mac" duration="00:00:00.0466709" startTime="2026-08-12T22:24:45.9662200-04:00" endTime="2026-08-12T22:24:46.0130320-04:00" testType="13cdc9d9-ddb5-4fa4-a97d-d965ccfc6d4b" outcome="Passed" testListId="8c84fa94-04c1-424b-9868-57a2d4851a1d" relativeResultsDirectory="0edf464a-b04e-4ef7-8aeb-20a3fecd759f" />
    <UnitTestResult executionId="c49f7610-845d-4e5c-90a3-c227c81da81f" testId="f570124b-e77a-a33d-1cf0-c8fd5ae4a589" testName="Opstrax.Tests.Stage12TelemetryTests.TelemetryLiveState_Refresh_Is_TenantScoped_And_Stores_Stale_Risk" computerName="Mac" duration="00:00:00.1046795" startTime="2026-08-12T22:24:52.3585360-04:00" endTime="2026-08-12T22:24:52.4633500-04:00" testType="13cdc9d9-ddb5-4fa4-a97d-d965ccfc6d4b" outcome="Passed" testListId="8c84fa94-04c1-424b-9868-57a2d4851a1d" relativeResultsDirectory="c49f7610-845d-4e5c-90a3-c227c81da81f" />
    <UnitTestResult executionId="bc91ec89-8d06-472e-88d5-770e911169af" testId="4db0ed7f-4e7f-ad54-fafe-ce914ee39c29" testName="Opstrax.Tests.TaxServicePostgresTests.Gst_Unregistered_Seller_Is_FailClosed" computerName="Mac" duration="00:00:00.0126361" startTime="2026-08-12T22:24:45.2027660-04:00" endTime="2026-08-12T22:24:45.2155190-04:00" testType="13cdc9d9-ddb5-4fa4-a97d-d965ccfc6d4b" outcome="Passed" testListId="8c84fa94-04c1-424b-9868-57a2d4851a1d" relativeResultsDirectory="bc91ec89-8d06-472e-88d5-770e911169af" />
    <UnitTestResult executionId="da98a5b0-7509-4be1-9f59-41b9520dac12" testId="24feb1cc-83ea-064f-1525-25c53f3bf6dd" testName="Opstrax.Tests.DataProtectionSharedKeyRingPostgresTests.TwoProviders_AndRestart_ShareEncryptedKeys_WithPreviousCertificateRotation" computerName="Mac" duration="00:00:00.6524728" startTime="2026-08-12T22:24:54.4165800-04:00" endTime="2026-08-12T22:24:55.0692450-04:00" testType="13cdc9d9-ddb5-4fa4-a97d-d965ccfc6d4b" outcome="Passed" testListId="8c84fa94-04c1-424b-9868-57a2d4851a1d" relativeResultsDirectory="da98a5b0-7509-4be1-9f59-41b9520dac12" />
    <UnitTestResult executionId="4083ef6c-b04f-4fed-b89a-45b14b49ffc4" testId="86383e36-119d-7032-9b1d-79eaf643be4c" testName="Opstrax.Tests.SafetyIncidentsPilotRegressionTests.PersistedIncidentScenario_EnforcesScopeLifecycleConcurrencyAndIdempotency" computerName="Mac" duration="00:00:00.2106443" startTime="2026-08-12T22:25:13.6122550-04:00" endTime="2026-08-12T22:25:13.8230610-04:00" testType="13cdc9d9-ddb5-4fa4-a97d-d965ccfc6d4b" outcome="Passed" testListId="8c84fa94-04c1-424b-9868-57a2d4851a1d" relativeResultsDirectory="4083ef6c-b04f-4fed-b89a-45b14b49ffc4" />
    <UnitTestResult executionId="2ee53bb5-dbe4-48b4-ac98-4cf5d9c3b2c9" testId="08fb8ec4-5a5f-ddd0-ec8d-f3e8a62b8260" testName="Opstrax.Tests.RatingServicePostgresTests.Minimum_Charge_Floors_The_Linehaul" computerName="Mac" duration="00:00:00.0087997" startTime="2026-08-12T22:24:55.6684980-04:00" endTime="2026-08-12T22:24:55.6774140-04:00" testType="13cdc9d9-ddb5-4fa4-a97d-d965ccfc6d4b" outcome="Passed" testListId="8c84fa94-04c1-424b-9868-57a2d4851a1d" relativeResultsDirectory="2ee53bb5-dbe4-48b4-ac98-4cf5d9c3b2c9" />
    <UnitTestResult executionId="42408066-dfcf-40b0-9949-0d99a3e9bb68" testId="e6465572-9cd5-6397-241e-6e574b9c4dcd" testName="Opstrax.Tests.RevenueReadinessPostgresTests.InvoiceDraft_Issue_RequiresApproval_Then_Issues_And_RecordsPayment" computerName="Mac" duration="00:00:00.1005530" startTime="2026-08-12T22:24:38.2271000-04:00" endTime="2026-08-12T22:24:38.3278350-04:00" testType="13cdc9d9-ddb5-4fa4-a97d-d965ccfc6d4b" outcome="Passed" testListId="8c84fa94-04c1-424b-9868-57a2d4851a1d" relativeResultsDirectory="42408066-dfcf-40b0-9949-0d99a3e9bb68" />
    <UnitTestResult executionId="cf07f0fe-11a1-449d-aeb9-789e3ef0d293" testId="b615ef4e-4a83-745a-4452-54f9fe61522a" testName="Opstrax.Tests.LastMileWorkflowPostgresTests.RouteProgressReplayRemainsIdempotentAfterLaterProgress" computerName="Mac" duration="00:00:00.0369016" startTime="2026-08-12T22:24:52.1261450-04:00" endTime="2026-08-12T22:24:52.1631730-04:00" testType="13cdc9d9-ddb5-4fa4-a97d-d965ccfc6d4b" outcome="Passed" testListId="8c84fa94-04c1-424b-9868-57a2d4851a1d" relativeResultsDirectory="cf07f0fe-11a1-449d-aeb9-789e3ef0d293" />
    <UnitTestResult executionId="db90623d-3612-4745-a8e7-c714ba8e5bf5" testId="36129188-fe43-a39b-d606-dea46bef4f3b" testName="Opstrax.Tests.TaxServicePostgresTests.Seller_Not_Registered_Is_FailClosed" computerName="Mac" duration="00:00:00.0226237" startTime="2026-08-12T22:24:45.1304230-04:00" endTime="2026-08-12T22:24:45.1531700-04:00" testType="13cdc9d9-ddb5-4fa4-a97d-d965ccfc6d4b" outcome="Passed" testListId="8c84fa94-04c1-424b-9868-57a2d4851a1d" relativeResultsDirectory="db90623d-3612-4745-a8e7-c714ba8e5bf5" />
    <UnitTestResult executionId="4f1f4eb8-e076-49ee-ba03-531c638fef9f" testId="08ec0245-e142-e57c-9c78-1c11ae4d7d97" testName="Opstrax.Tests.GeneralLedgerPeriodClosePostgresTests.Export_Is_Deterministic_FailClosed_And_Injection_Hardened" computerName="Mac" duration="00:00:00.0260330" startTime="2026-08-12T22:25:14.8983860-04:00" endTime="2026-08-12T22:25:14.9245950-04:00" testType="13cdc9d9-ddb5-4fa4-a97d-d965ccfc6d4b" outcome="Passed" testListId="8c84fa94-04c1-424b-9868-57a2d4851a1d" relativeResultsDirectory="4f1f4eb8-e076-49ee-ba03-531c638fef9f" />
    <UnitTestResult executionId="70253d56-78a9-480c-8ab6-1461153e76e1" testId="c462e489-576c-068c-4aba-a8904a397e9b" testName="Opstrax.Tests.MaintenancePmBaselinePostgresTests.EngineHours_Recorded_Baseline_Arms_Next_Interval_Not_Perpetually_Overdue" computerName="Mac" duration="00:00:00.4990818" startTime="2026-08-12T22:25:16.3534080-04:00" endTime="2026-08-12T22:25:16.8527020-04:00" testType="13cdc9d9-ddb5-4fa4-a97d-d965ccfc6d4b" outcome="Passed" testListId="8c84fa94-04c1-424b-9868-57a2d4851a1d" relativeResultsDirectory="70253d56-78a9-480c-8ab6-1461153e76e1" />
    <UnitTestResult executionId="cc222595-5ab7-463c-8dd3-77eb3bfdb338" testId="8d1d543a-b92f-ba7e-69ae-928ccfe95e06" testName="Opstrax.Tests.CoreFleetIdentityConflictPostgresTests.VehicleCreate_ConcurrentDifferentCodesSameVin_CreatesOneAndConflictsTheRest" computerName="Mac" duration="00:00:00.0249245" startTime="2026-08-12T22:24:56.2291520-04:00" endTime="2026-08-12T22:24:56.2542550-04:00" testType="13cdc9d9-ddb5-4fa4-a97d-d965ccfc6d4b" outcome="Passed" testListId="8c84fa94-04c1-424b-9868-57a2d4851a1d" relativeResultsDirectory="cc222595-5ab7-463c-8dd3-77eb3bfdb338" />
    <UnitTestResult executionId="106fa2de-74cf-4e07-b9a3-e5598edca389" testId="357370fd-8259-c007-a208-bf96a366e601" testName="Opstrax.Tests.MessagingConversationPostgresTests.Driver_Notification_Body_Is_Sanitized_Of_Internal_Data" computerName="Mac" duration="00:00:00.0083304" startTime="2026-08-12T22:24:52.2377010-04:00" endTime="2026-08-12T22:24:52.2461430-04:00" testType="13cdc9d9-ddb5-4fa4-a97d-d965ccfc6d4b" outcome="Passed" testListId="8c84fa94-04c1-424b-9868-57a2d4851a1d" relativeResultsDirectory="106fa2de-74cf-4e07-b9a3-e5598edca389" />
    <UnitTestResult executionId="1ba50944-2241-4f80-b54a-6597f2de7d86" testId="a11aa09a-e00f-ec25-0b34-948005721ccb" testName="Opstrax.Tests.GeofenceEvaluatorPostgresTests.BranchFence_DoesNotEvaluateVehicleFromAnotherBranch" computerName="Mac" duration="00:00:00.0129254" startTime="2026-08-12T22:25:16.3401890-04:00" endTime="2026-08-12T22:25:16.3532280-04:00" testType="13cdc9d9-ddb5-4fa4-a97d-d965ccfc6d4b" outcome="Passed" testListId="8c84fa94-04c1-424b-9868-57a2d4851a1d" relativeResultsDirectory="1ba50944-2241-4f80-b54a-6597f2de7d86" />
    <UnitTestResult executionId="029346cb-3c7f-48d6-83a8-5e5906bf87a9" testId="738c936e-73af-c84e-6f10-c14aeac06fd8" testName="Opstrax.Tests.FleetSpecializedBranchTests.MarketPackBranchRollout_BackfillsSoleBranchAndAuditsMultiBranchNulls" computerName="Mac" duration="00:00:00.1442167" startTime="2026-08-12T22:25:18.0850590-04:00" endTime="2026-08-12T22:25:18.2294200-04:00" testType="13cdc9d9-ddb5-4fa4-a97d-d965ccfc6d4b" outcome="Passed" testListId="8c84fa94-04c1-424b-9868-57a2d4851a1d" relativeResultsDirectory="029346cb-3c7f-48d6-83a8-5e5906bf87a9" />
    <UnitTestResult executionId="11890bda-da3f-4841-8f04-05471516ad94" testId="f187c58b-9dbe-add0-a1e7-e12adcfe32ec" testName="Opstrax.Tests.FleetTmsWorkspaceConcurrencyTests.ConcurrentDispatchWithoutAmbientRlsAllowsOnlyOneShipmentPerVehicleAndDriver" computerName="Mac" duration="00:00:00.0439224" startTime="2026-08-12T22:24:59.3514960-04:00" endTime="2026-08-12T22:24:59.3955450-04:00" testType="13cdc9d9-ddb5-4fa4-a97d-d965ccfc6d4b" outcome="Passed" testListId="8c84fa94-04c1-424b-9868-57a2d4851a1d" relativeResultsDirectory="11890bda-da3f-4841-8f04-05471516ad94" />
    <UnitTestResult executionId="76cd755b-3ff5-4943-9b6a-5e43909e349f" testId="32598330-8378-10ab-790b-cb338b46857f" testName="Opstrax.Tests.RevenueRecognitionPostgresTests.Accrual_OnInvoice_Recognizes_Full_Total" computerName="Mac" duration="00:00:00.0125993" startTime="2026-08-12T22:24:48.1408790-04:00" endTime="2026-08-12T22:24:48.1536300-04:00" testType="13cdc9d9-ddb5-4fa4-a97d-d965ccfc6d4b" outcome="Passed" testListId="8c84fa94-04c1-424b-9868-57a2d4851a1d" relativeResultsDirectory="76cd755b-3ff5-4943-9b6a-5e43909e349f" />
    <UnitTestResult executionId="86d600ec-704b-426f-a00b-5f4fc82c7d34" testId="ef38c35e-17b4-c160-d268-c869f86b557c" testName="Opstrax.Tests.RevenueRecognitionPostgresTests.Close_Period_Freezes_Entries_To_Posted" computerName="Mac" duration="00:00:00.0171891" startTime="2026-08-12T22:24:48.1536930-04:00" endTime="2026-08-12T22:24:48.1709960-04:00" testType="13cdc9d9-ddb5-4fa4-a97d-d965ccfc6d4b" outcome="Passed" testListId="8c84fa94-04c1-424b-9868-57a2d4851a1d" relativeResultsDirectory="86d600ec-704b-426f-a00b-5f4fc82c7d34" />
    <UnitTestResult executionId="d8ee760b-5a03-4eba-9a00-883bb7d73aa3" testId="a291e35e-ca77-02a5-d7c8-ab694ef93761" testName="Opstrax.Tests.DetentionPricingPostgresTests.Appointment_Anchored_Clock_Prices_Correctly_With_Round_Down" computerName="Mac" duration="00:00:00.0489119" startTime="2026-08-12T22:25:13.4661240-04:00" endTime="2026-08-12T22:25:13.5151660-04:00" testType="13cdc9d9-ddb5-4fa4-a97d-d965ccfc6d4b" outcome="Passed" testListId="8c84fa94-04c1-424b-9868-57a2d4851a1d" relativeResultsDirectory="d8ee760b-5a03-4eba-9a00-883bb7d73aa3" />
    <UnitTestResult executionId="624abefe-79d0-4fd5-aa1f-ee16c6ac4913" testId="70e2a56c-beba-f152-ca2e-54c7ed1ebd05" testName="Opstrax.Tests.RolePermissionReconcilerPostgresTests.Reconcile_IsIdempotent" computerName="Mac" duration="00:00:00.0814547" startTime="2026-08-12T22:25:15.0541180-04:00" endTime="2026-08-12T22:25:15.1357580-04:00" testType="13cdc9d9-ddb5-4fa4-a97d-d965ccfc6d4b" outcome="Passed" testListId="8c84fa94-04c1-424b-9868-57a2d4851a1d" relativeResultsDirectory="624abefe-79d0-4fd5-aa1f-ee16c6ac4913" />
    <UnitTestResult executionId="3f82e462-53a1-4149-b2da-4c08e990129d" testId="518bd51d-6c04-24b8-964d-1631907acaba" testName="Opstrax.Tests.FleetTmsWorkspaceWave1Tests.CarrierAssignmentUsesCanonicalTenantCarrierAndPersistsCommercialTerms" computerName="Mac" duration="00:00:00.0202020" startTime="2026-08-12T22:24:54.3620280-04:00" endTime="2026-08-12T22:24:54.3823470-04:00" testType="13cdc9d9-ddb5-4fa4-a97d-d965ccfc6d4b" outcome="Passed" testListId="8c84fa94-04c1-424b-9868-57a2d4851a1d" relativeResultsDirectory="3f82e462-53a1-4149-b2da-4c08e990129d" />
    <UnitTestResult executionId="c8fd571a-0a44-4be6-af33-4b1508311678" testId="1867fb0e-ef9b-d0c1-9a46-6f73bd9f39d4" testName="Opstrax.Tests.FoundationDispatcherPostgresTests.InboxDispatcher_MarksReceived_Row_Processed" computerName="Mac" duration="00:00:00.0169084" startTime="2026-08-12T22:24:59.4648910-04:00" endTime="2026-08-12T22:24:59.4819160-04:00" testType="13cdc9d9-ddb5-4fa4-a97d-d965ccfc6d4b" outcome="Passed" testListId="8c84fa94-04c1-424b-9868-57a2d4851a1d" relativeResultsDirectory="c8fd571a-0a44-4be6-af33-4b1508311678" />
    <UnitTestResult executionId="286739d1-153d-4910-a911-1554dd6ed7c7" testId="c7adb5d2-a9a9-6440-026b-bdd337c3f193" testName="Opstrax.Tests.DispatchPilotPostgresTests.BranchBoundaryAndDatabaseUniqueness_BlockLeaksAndDoubleBooking" computerName="Mac" duration="00:00:00.1949885" startTime="2026-08-12T22:24:52.7445120-04:00" endTime="2026-08-12T22:24:52.9396530-04:00" testType="13cdc9d9-ddb5-4fa4-a97d-d965ccfc6d4b" outcome="Passed" testListId="8c84fa94-04c1-424b-9868-57a2d4851a1d" relativeResultsDirectory="286739d1-153d-4910-a911-1554dd6ed7c7" />
    <UnitTestResult executionId="3d8577cd-2b05-4a56-86a5-28ed8389e954" testId="8d065e15-2afb-0498-57b4-0b385ae8eb90" testName="Opstrax.Tests.DispatchPilotPostgresTests.ConcurrentDispatcherAndDriverDeliveryProof_HasOneWinnerOneProofOneOutbox" computerName="Mac" duration="00:00:00.2060393" startTime="2026-08-12T22:24:52.9420020-04:00" endTime="2026-08-12T22:24:53.1481850-04:00" testType="13cdc9d9-ddb5-4fa4-a97d-d965ccfc6d4b" outcome="Passed" testListId="8c84fa94-04c1-424b-9868-57a2d4851a1d" relativeResultsDirectory="3d8577cd-2b05-4a56-86a5-28ed8389e954" />
    <UnitTestResult executionId="60c3cd8c-3652-4dd9-9520-4c1e3bf515f6" testId="0a53d59b-9f88-b5da-7b6f-a19c03407907" testName="Opstrax.Tests.DataProtectionSharedKeyRingPostgresTests.Readiness_FailsClosed_WhenKeyRingTableContractDrifts" computerName="Mac" duration="00:00:00.1867263" startTime="2026-08-12T22:24:55.0693660-04:00" endTime="2026-08-12T22:24:55.2562330-04:00" testType="13cdc9d9-ddb5-4fa4-a97d-d965ccfc6d4b" outcome="Passed" testListId="8c84fa94-04c1-424b-9868-57a2d4851a1d" relativeResultsDirectory="60c3cd8c-3652-4dd9-9520-4c1e3bf515f6" />
    <UnitTestResult executionId="05df73a8-7475-4de0-a8d3-5294424f9f1f" testId="4439eb28-5ff9-01c6-4358-a7c5b97b27a3" testName="Opstrax.Tests.TripLifecyclePostgresTests.Lifecycle_ExceptionResumeCompleteAndCancel_PersistsAtomicStateAndAudit" computerName="Mac" duration="00:00:00.2579903" startTime="2026-08-12T22:24:46.1129070-04:00" endTime="2026-08-12T22:24:46.3710960-04:00" testType="13cdc9d9-ddb5-4fa4-a97d-d965ccfc6d4b" outcome="Passed" testListId="8c84fa94-04c1-424b-9868-57a2d4851a1d" relativeResultsDirectory="05df73a8-7475-4de0-a8d3-5294424f9f1f" />
    <UnitTestResult executionId="359108b5-2723-4902-8714-7df4304f4af6" testId="372204bb-4967-5e86-6cf4-edd71889fcf8" testName="Opstrax.Tests.TelemetryGatewayReplayPostgresTests.Expired_records_are_pruned_and_fresh_records_are_kept" computerName="Mac" duration="00:00:00.0040603" startTime="2026-08-12T22:24:50.5617130-04:00" endTime="2026-08-12T22:24:50.5658810-04:00" testType="13cdc9d9-ddb5-4fa4-a97d-d965ccfc6d4b" outcome="Passed" testListId="8c84fa94-04c1-424b-9868-57a2d4851a1d" relativeResultsDirectory="359108b5-2723-4902-8714-7df4304f4af6" />
    <UnitTestResult executionId="e079e97f-a6e8-486f-a3cd-769ce27d4333" testId="19ef5d75-d97b-d78e-d857-518fd790fe13" testName="Opstrax.Tests.PlatformOperatorManagementTests.Revoke_Sessions_And_Invite_Reset_Rotation_Work" computerName="Mac" duration="00:00:00.1104490" startTime="2026-08-12T22:24:57.5017120-04:00" endTime="2026-08-12T22:24:57.6123610-04:00" testType="13cdc9d9-ddb5-4fa4-a97d-d965ccfc6d4b" outcome="Passed" testListId="8c84fa94-04c1-424b-9868-57a2d4851a1d" relativeResultsDirectory="e079e97f-a6e8-486f-a3cd-769ce27d4333" />
    <UnitTestResult executionId="998b227f-21a2-4184-8fe7-abba8c01a9ec" testId="8d754f7e-28bd-5496-f020-abdef2f52338" testName="Opstrax.Tests.CoreFleetIdentityConflictPostgresTests.DriverCreate_ArchivedCode_ReturnsStableConflict" computerName="Mac" duration="00:00:00.0123173" startTime="2026-08-12T22:24:56.3236800-04:00" endTime="2026-08-12T22:24:56.3361150-04:00" testType="13cdc9d9-ddb5-4fa4-a97d-d965ccfc6d4b" outcome="Passed" testListId="8c84fa94-04c1-424b-9868-57a2d4851a1d" relativeResultsDirectory="998b227f-21a2-4184-8fe7-abba8c01a9ec" />
    <UnitTestResult executionId="99f3ceec-6dfb-4a58-a889-27c67a4ba6f6" testId="eef1054a-539b-4418-db9b-bd87b6544675" testName="Opstrax.Tests.FleetTmsWorkspaceWave1Tests.PodSubmitVerifyAndPublicTrackingExposeOnlyVerifiedTokenScopedProof" computerName="Mac" duration="00:00:00.0338729" startTime="2026-08-12T22:24:54.3824090-04:00" endTime="2026-08-12T22:24:54.4163980-04:00" testType="13cdc9d9-ddb5-4fa4-a97d-d965ccfc6d4b" outcome="Passed" testListId="8c84fa94-04c1-424b-9868-57a2d4851a1d" relativeResultsDirectory="99f3ceec-6dfb-4a58-a889-27c67a4ba6f6" />
    <UnitTestResult executionId="a1c952b8-c8b9-4744-927c-42880acddd59" testId="f9af2344-60c0-9e02-ff8c-5e57f202f83e" testName="Opstrax.Tests.RlsTenantIsolationPostgresTests.FleetReadiness_RejectsPermissiveGenericPolicyDrift_AndRlsFailsClosed" computerName="Mac" duration="00:00:00.7575096" startTime="2026-08-12T22:25:04.8178630-04:00" endTime="2026-08-12T22:25:05.5756370-04:00" testType="13cdc9d9-ddb5-4fa4-a97d-d965ccfc6d4b" outcome="Passed" testListId="8c84fa94-04c1-424b-9868-57a2d4851a1d" relativeResultsDirectory="a1c952b8-c8b9-4744-927c-42880acddd59" />
    <UnitTestResult executionId="a756ecf0-4f0c-4d04-a244-878a2f1bf99e" testId="a3d0620b-fdd9-06dc-e4b5-76c8644eec8d" testName="Opstrax.Tests.PlatformCommercialOpsTests.HasPlatformPermission_Allows_Wildcard_And_Prefix" computerName="Mac" duration="00:00:00.0000368" startTime="2026-08-12T22:24:52.4638560-04:00" endTime="2026-08-12T22:24:52.4639070-04:00" testType="13cdc9d9-ddb5-4fa4-a97d-d965ccfc6d4b" outcome="Passed" testListId="8c84fa94-04c1-424b-9868-57a2d4851a1d" relativeResultsDirectory="a756ecf0-4f0c-4d04-a244-878a2f1bf99e" />
    <UnitTestResult executionId="808b87d7-0011-4d8a-8cf2-25dd54f959ad" testId="f58cbb3d-3266-3d88-92a4-f10d86b06c1a" testName="Opstrax.Tests.TelemetryGatewayReplayPostgresTests.Concurrent_duplicates_allow_exactly_one" computerName="Mac" duration="00:00:00.0040462" startTime="2026-08-12T22:24:50.5522410-04:00" endTime="2026-08-12T22:24:50.5564230-04:00" testType="13cdc9d9-ddb5-4fa4-a97d-d965ccfc6d4b" outcome="Passed" testListId="8c84fa94-04c1-424b-9868-57a2d4851a1d" relativeResultsDirectory="808b87d7-0011-4d8a-8cf2-25dd54f959ad" />
    <UnitTestResult executionId="03d364e8-9d53-4b3d-9821-21d498dd4366" testId="367b4816-900d-0707-d9ed-23935cba6707" testName="Opstrax.Tests.CoreFleetIdentityConflictPostgresTests.AmbientTenantTransactions_ConcurrentCreateConflictsRemainCommittable" computerName="Mac" duration="00:00:00.0458197" startTime="2026-08-12T22:24:56.0904810-04:00" endTime="2026-08-12T22:24:56.1364570-04:00" testType="13cdc9d9-ddb5-4fa4-a97d-d965ccfc6d4b" outcome="Passed" testListId="8c84fa94-04c1-424b-9868-57a2d4851a1d" relativeResultsDirectory="03d364e8-9d53-4b3d-9821-21d498dd4366" />
    <UnitTestResult executionId="c41f198d-c1e2-45b5-9e6f-79fb726a1acd" testId="6582ee85-790d-1c66-0914-ed9fef61b8f6" testName="Opstrax.Tests.LogisticsSeederPostgresRegressionTests.RealHttpWorkspaceContractEnforcesPermissionsFiltersAndDispatchStateMachine" computerName="Mac" duration="00:00:00.1457706" startTime="2026-08-12T22:24:56.5742280-04:00" endTime="2026-08-12T22:24:56.7201530-04:00" testType="13cdc9d9-ddb5-4fa4-a97d-d965ccfc6d4b" outcome="Passed" testListId="8c84fa94-04c1-424b-9868-57a2d4851a1d" relativeResultsDirectory="c41f198d-c1e2-45b5-9e6f-79fb726a1acd" />
    <UnitTestResult executionId="b767c024-fbb3-4102-b0b6-86e5af503cd5" testId="236afc5d-b0d6-2c3e-3b0a-733eadfeff1e" testName="Opstrax.Tests.SettlementServicePostgresTests.MinPay_Floors_The_Line" computerName="Mac" duration="00:00:00.0103362" startTime="2026-08-12T22:25:20.5544350-04:00" endTime="2026-08-12T22:25:20.5648880-04:00" testType="13cdc9d9-ddb5-4fa4-a97d-d965ccfc6d4b" outcome="Passed" testListId="8c84fa94-04c1-424b-9868-57a2d4851a1d" relativeResultsDirectory="b767c024-fbb3-4102-b0b6-86e5af503cd5" />
    <UnitTestResult executionId="022d7455-f26b-4479-8bda-73f2db0bfd26" testId="7044b581-7b52-4473-05ee-ba2b56e8989e" testName="Opstrax.Tests.TenantMfaEnrollmentPostgresTests.Enroll_Then_ValidCode_Activates_And_WrongCode_Does_Not" computerName="Mac" duration="00:00:00.0072886" startTime="2026-08-12T22:25:15.4955570-04:00" endTime="2026-08-12T22:25:15.5030390-04:00" testType="13cdc9d9-ddb5-4fa4-a97d-d965ccfc6d4b" outcome="Passed" testListId="8c84fa94-04c1-424b-9868-57a2d4851a1d" relativeResultsDirectory="022d7455-f26b-4479-8bda-73f2db0bfd26" />
    <UnitTestResult executionId="48aad5ca-5f3c-46fd-bf91-42b9c9854dff" testId="b12911d5-0dbc-5b28-bac2-30b9b80df095" testName="Opstrax.Tests.PlatformOperatorManagementTests.Invite_Accept_Login_Lifecycle_Works_And_Is_Audited" computerName="Mac" duration="00:00:00.1099798" startTime="2026-08-12T22:24:57.2829830-04:00" endTime="2026-08-12T22:24:57.3931040-04:00" testType="13cdc9d9-ddb5-4fa4-a97d-d965ccfc6d4b" outcome="Passed" testListId="8c84fa94-04c1-424b-9868-57a2d4851a1d" relativeResultsDirectory="48aad5ca-5f3c-46fd-bf91-42b9c9854dff" />
    <UnitTestResult executionId="d755bcf1-794d-4056-8f46-96e643374f6f" testId="e60f3dc4-8db2-c131-d9c5-e183074128ad" testName="Opstrax.Tests.PlatformControlPlaneTests.Platform_Guard_Rejects_Missing_And_Tenant_Tokens" computerName="Mac" duration="00:00:00.0723953" startTime="2026-08-12T22:24:57.9038210-04:00" endTime="2026-08-12T22:24:57.9763610-04:00" testType="13cdc9d9-ddb5-4fa4-a97d-d965ccfc6d4b" outcome="Passed" testListId="8c84fa94-04c1-424b-9868-57a2d4851a1d" relativeResultsDirectory="d755bcf1-794d-4056-8f46-96e643374f6f" />
    <UnitTestResult executionId="6fdc85ce-c671-4132-97f4-df6aff3309c3" testId="868975f9-69a4-b9ea-44f1-3947453e36a9" testName="Opstrax.Tests.InvoiceIssuedGeneralLedgerHandlerPostgresTests.Partial_Failure_Retries_Whole_Message_Without_Duplicate_Post" computerName="Mac" duration="00:00:00.0252258" startTime="2026-08-12T22:24:45.0267440-04:00" endTime="2026-08-12T22:24:45.0521080-04:00" testType="13cdc9d9-ddb5-4fa4-a97d-d965ccfc6d4b" outcome="Passed" testListId="8c84fa94-04c1-424b-9868-57a2d4851a1d" relativeResultsDirectory="6fdc85ce-c671-4132-97f4-df6aff3309c3" />
    <UnitTestResult executionId="5ecc8252-e9b0-4e02-a725-7382c5df492b" testId="021b3d0b-834f-93fd-51f7-15eddf5ad37c" testName="Opstrax.Tests.RevenueReadinessPostgresTests.Stage7A_SchemaContract_File_Exists_And_Contains_RevenueDraftTables" computerName="Mac" duration="00:00:00.0010395" startTime="2026-08-12T22:24:37.7509420-04:00" endTime="2026-08-12T22:24:37.7521330-04:00" testType="13cdc9d9-ddb5-4fa4-a97d-d965ccfc6d4b" outcome="Passed" testListId="8c84fa94-04c1-424b-9868-57a2d4851a1d" relativeResultsDirectory="5ecc8252-e9b0-4e02-a725-7382c5df492b" />
    <UnitTestResult executionId="045f38e2-49f3-47fe-9567-0b0447d9b4a2" testId="622ebf2b-3cd9-1f39-fb1d-153dddd9944a" testName="Opstrax.Tests.DetentionDetectionPostgresTests.NonCustomer_Fence_Never_Opens_A_Dwell_And_Timeout_Forces_Review" computerName="Mac" duration="00:00:00.0399394" startTime="2026-08-12T22:24:45.3942950-04:00" endTime="2026-08-12T22:24:45.4343650-04:00" testType="13cdc9d9-ddb5-4fa4-a97d-d965ccfc6d4b" outcome="Passed" testListId="8c84fa94-04c1-424b-9868-57a2d4851a1d" relativeResultsDirectory="045f38e2-49f3-47fe-9567-0b0447d9b4a2" />
    <UnitTestResult executionId="3581b818-600a-40c0-9b74-22f7f1c92447" testId="c33e63b9-61ee-d745-6df9-fe87b6c376c4" testName="Opstrax.Tests.FoundationDispatcherPostgresTests.MissingTenant_FailsClosed_For_FoundationServices" computerName="Mac" duration="00:00:00.0003987" startTime="2026-08-12T22:24:59.4819840-04:00" endTime="2026-08-12T22:24:59.4823990-04:00" testType="13cdc9d9-ddb5-4fa4-a97d-d965ccfc6d4b" outcome="Passed" testListId="8c84fa94-04c1-424b-9868-57a2d4851a1d" relativeResultsDirectory="3581b818-600a-40c0-9b74-22f7f1c92447" />
    <UnitTestResult executionId="0c99fbf6-cbe3-43e4-b9b4-1ba5300b6154" testId="9d11a84a-12e5-3566-6052-2313b068e1cd" testName="Opstrax.Tests.MessagingConversationPostgresTests.Driver_Unread_Count_Counts_Only_Own_Unread_Inbound_Threads" computerName="Mac" duration="00:00:00.0204561" startTime="2026-08-12T22:24:52.2170520-04:00" endTime="2026-08-12T22:24:52.2376230-04:00" testType="13cdc9d9-ddb5-4fa4-a97d-d965ccfc6d4b" outcome="Passed" testListId="8c84fa94-04c1-424b-9868-57a2d4851a1d" relativeResultsDirectory="0c99fbf6-cbe3-43e4-b9b4-1ba5300b6154" />
    <UnitTestResult executionId="6f678778-e8e2-4dc0-9784-07a042bd6055" testId="3a6a18d3-a773-d747-cbea-b852374f3411" testName="Opstrax.Tests.DvirHosPilotPostgresTests.DiagnosticHoldResolveRequiresStructuredRepairEvidenceAndClosesFaultBeforeRelease" computerName="Mac" duration="00:00:00.0190016" startTime="2026-08-12T22:25:17.6969940-04:00" endTime="2026-08-12T22:25:17.7161310-04:00" testType="13cdc9d9-ddb5-4fa4-a97d-d965ccfc6d4b" outcome="Passed" testListId="8c84fa94-04c1-424b-9868-57a2d4851a1d" relativeResultsDirectory="6f678778-e8e2-4dc0-9784-07a042bd6055" />
    <UnitTestResult executionId="5de44724-118e-44fc-bb14-1f2e9a09d634" testId="d95d91a3-bf45-07d7-463c-5163e9f05bae" testName="Opstrax.Tests.CoreFleetIdentityConflictPostgresTests.VehicleCreate_ArchivedCode_ReturnsStableConflict" computerName="Mac" duration="00:00:00.0151466" startTime="2026-08-12T22:24:56.1687230-04:00" endTime="2026-08-12T22:24:56.1840050-04:00" testType="13cdc9d9-ddb5-4fa4-a97d-d965ccfc6d4b" outcome="Passed" testListId="8c84fa94-04c1-424b-9868-57a2d4851a1d" relativeResultsDirectory="5de44724-118e-44fc-bb14-1f2e9a09d634" />
    <UnitTestResult executionId="fb5e4aaf-a328-4722-a958-11095911852e" testId="af3769c9-80ed-fb42-ab8b-fdd628dd9908" testName="Opstrax.Tests.CountryProfilePostgresTests.Unknown_Country_Code_Returns_Null_Cascade" computerName="Mac" duration="00:00:00.0152047" startTime="2026-08-12T22:25:14.6394620-04:00" endTime="2026-08-12T22:25:14.6547820-04:00" testType="13cdc9d9-ddb5-4fa4-a97d-d965ccfc6d4b" outcome="Passed" testListId="8c84fa94-04c1-424b-9868-57a2d4851a1d" relativeResultsDirectory="fb5e4aaf-a328-4722-a958-11095911852e" />
    <UnitTestResult executionId="8b279cb1-2bb0-4850-b897-e9844715d917" testId="e8dd61be-72ed-e00f-9851-e562e3781408" testName="Opstrax.Tests.CoreFleetIdentityConflictPostgresTests.DriverCreate_ConcurrentSameCode_CreatesOneAndConflictsTheRest" computerName="Mac" duration="00:00:00.0231052" startTime="2026-08-12T22:24:56.1840820-04:00" endTime="2026-08-12T22:24:56.2073620-04:00" testType="13cdc9d9-ddb5-4fa4-a97d-d965ccfc6d4b" outcome="Passed" testListId="8c84fa94-04c1-424b-9868-57a2d4851a1d" relativeResultsDirectory="8b279cb1-2bb0-4850-b897-e9844715d917" />
    <UnitTestResult executionId="3db47e11-6871-425f-a4f2-fbe998b4b7a3" testId="d49051cb-1085-fe69-76c5-9adbae64b646" testName="Opstrax.Tests.DetentionApprovalPostgresTests.Approve_Creates_One_Charge_With_Evidence_And_Blocks_Double_Approve" computerName="Mac" duration="00:00:00.0575700" startTime="2026-08-12T22:24:44.8185550-04:00" endTime="2026-08-12T22:24:44.8762920-04:00" testType="13cdc9d9-ddb5-4fa4-a97d-d965ccfc6d4b" outcome="Passed" testListId="8c84fa94-04c1-424b-9868-57a2d4851a1d" relativeResultsDirectory="3db47e11-6871-425f-a4f2-fbe998b4b7a3" />
    <UnitTestResult executionId="f84a9d06-8b71-4e06-8438-adaa97da7958" testId="f1f8494f-8888-397b-400b-98c1d1986c1d" testName="Opstrax.Tests.RatingServicePostgresTests.PerStop_Computes_From_Trip_Stop_Count" computerName="Mac" duration="00:00:00.0163077" startTime="2026-08-12T22:24:55.6774690-04:00" endTime="2026-08-12T22:24:55.6939190-04:00" testType="13cdc9d9-ddb5-4fa4-a97d-d965ccfc6d4b" outcome="Passed" testListId="8c84fa94-04c1-424b-9868-57a2d4851a1d" relativeResultsDirectory="f84a9d06-8b71-4e06-8438-adaa97da7958" />
    <UnitTestResult executionId="844ecd80-849b-42f5-a792-0cab544145e3" testId="72e3e8c7-1e0f-7459-9dbe-ccc5e3c683bd" testName="Opstrax.Tests.PlatformControlPlaneTests.PlatformLogin_InvalidPassword_Is_401_And_Audited" computerName="Mac" duration="00:00:00.0954943" startTime="2026-08-12T22:24:58.3315270-04:00" endTime="2026-08-12T22:24:58.4271810-04:00" testType="13cdc9d9-ddb5-4fa4-a97d-d965ccfc6d4b" outcome="Passed" testListId="8c84fa94-04c1-424b-9868-57a2d4851a1d" relativeResultsDirectory="844ecd80-849b-42f5-a792-0cab544145e3" />
    <UnitTestResult executionId="afd0fce4-ffd8-4313-b210-f5a972b97228" testId="1f31f1cc-9eba-7154-2b54-bcc3f101f0e0" testName="Opstrax.Tests.TaxServicePostgresTests.MultiLine_Mixed_Categories_And_PerLine_Rounding" computerName="Mac" duration="00:00:00.0177317" startTime="2026-08-12T22:24:45.2964290-04:00" endTime="2026-08-12T22:24:45.3142870-04:00" testType="13cdc9d9-ddb5-4fa4-a97d-d965ccfc6d4b" outcome="Passed" testListId="8c84fa94-04c1-424b-9868-57a2d4851a1d" relativeResultsDirectory="afd0fce4-ffd8-4313-b210-f5a972b97228" />
    <UnitTestResult executionId="58d13296-1dde-40b4-9577-2cee58db1530" testId="3efc16e2-217f-fdbc-e517-8485e84595bf" testName="Opstrax.Tests.SafetyHarshEventPostgresTests.Crash_Alert_Converts_With_Crash_Vocabulary" computerName="Mac" duration="00:00:00.0149376" startTime="2026-08-12T22:25:20.0367840-04:00" endTime="2026-08-12T22:25:20.0518300-04:00" testType="13cdc9d9-ddb5-4fa4-a97d-d965ccfc6d4b" outcome="Passed" testListId="8c84fa94-04c1-424b-9868-57a2d4851a1d" relativeResultsDirectory="58d13296-1dde-40b4-9577-2cee58db1530" />
    <UnitTestResult executionId="c163695c-52f1-4bd6-a176-b0941845c617" testId="d1622c08-6a1a-19b3-2be0-91f5227433f9" testName="Opstrax.Tests.CountryProfilePostgresTests.Country_Defaults_Do_Not_Lock_Overrides_Persist" computerName="Mac" duration="00:00:00.0694010" startTime="2026-08-12T22:25:14.6548470-04:00" endTime="2026-08-12T22:25:14.7244260-04:00" testType="13cdc9d9-ddb5-4fa4-a97d-d965ccfc6d4b" outcome="Passed" testListId="8c84fa94-04c1-424b-9868-57a2d4851a1d" relativeResultsDirectory="c163695c-52f1-4bd6-a176-b0941845c617" />
    <UnitTestResult executionId="0285acc8-75b1-4e6c-9846-549be27711f5" testId="b87d57f4-b031-56c6-c88d-65fbb6b422dd" testName="Opstrax.Tests.RatingServicePostgresTests.No_Rate_Card_Fails_Closed_And_Writes_Nothing" computerName="Mac" duration="00:00:00.0055943" startTime="2026-08-12T22:24:55.6396540-04:00" endTime="2026-08-12T22:24:55.6453570-04:00" testType="13cdc9d9-ddb5-4fa4-a97d-d965ccfc6d4b" outcome="Passed" testListId="8c84fa94-04c1-424b-9868-57a2d4851a1d" relativeResultsDirectory="0285acc8-75b1-4e6c-9846-549be27711f5" />
    <UnitTestResult executionId="cf35595e-0194-41ef-9178-73f6855dc649" testId="d387cfd6-1fe2-0e70-7c7f-2aa336627628" testName="Opstrax.Tests.CoreJobsBranchHosApiTests.AvailableDriversExcludesOffDutyAndLegacyAssignmentRejectsIt" computerName="Mac" duration="00:00:00.3057644" startTime="2026-08-12T22:24:48.8195060-04:00" endTime="2026-08-12T22:24:49.1254090-04:00" testType="13cdc9d9-ddb5-4fa4-a97d-d965ccfc6d4b" outcome="Passed" testListId="8c84fa94-04c1-424b-9868-57a2d4851a1d" relativeResultsDirectory="cf35595e-0194-41ef-9178-73f6855dc649" />
    <UnitTestResult executionId="a0a3e240-3f70-42bb-8a73-2c8a3ac9cdc0" testId="f4355da8-53c0-5d9e-7c56-60cba25cded7" testName="Opstrax.Tests.Stage9PostgresTests.Stage9_SmartAssignmentAcceptance_CreatesOneTenantScopedCanonicalDispatchAndAudit" computerName="Mac" duration="00:00:00.0654272" startTime="2026-08-12T22:25:13.2845670-04:00" endTime="2026-08-12T22:25:13.3501330-04:00" testType="13cdc9d9-ddb5-4fa4-a97d-d965ccfc6d4b" outcome="Passed" testListId="8c84fa94-04c1-424b-9868-57a2d4851a1d" relativeResultsDirectory="a0a3e240-3f70-42bb-8a73-2c8a3ac9cdc0" />
    <UnitTestResult executionId="6f6343e0-990e-4b16-8083-0e975a946a04" testId="0b68c286-a7be-9cb5-4a95-112998f12d54" testName="Opstrax.Tests.JobDeliveredBillingPostgresTests.Handler_Rates_And_Marks_ReadyToBill_Idempotently" computerName="Mac" duration="00:00:00.0261818" startTime="2026-08-12T22:24:52.1633810-04:00" endTime="2026-08-12T22:24:52.1896830-04:00" testType="13cdc9d9-ddb5-4fa4-a97d-d965ccfc6d4b" outcome="Passed" testListId="8c84fa94-04c1-424b-9868-57a2d4851a1d" relativeResultsDirectory="6f6343e0-990e-4b16-8083-0e975a946a04" />
    <UnitTestResult executionId="6df870ac-7185-4d8e-9c26-5d508bc7d82e" testId="c737a52d-ce77-5617-b604-9b0e98a2e927" testName="Opstrax.Tests.RlsTenantIsolationPostgresTests.FleetReadiness_AcceptsTerminalStage58And59Contract" computerName="Mac" duration="00:00:00.7949387" startTime="2026-08-12T22:25:01.8901530-04:00" endTime="2026-08-12T22:25:02.6852800-04:00" testType="13cdc9d9-ddb5-4fa4-a97d-d965ccfc6d4b" outcome="Passed" testListId="8c84fa94-04c1-424b-9868-57a2d4851a1d" relativeResultsDirectory="6df870ac-7185-4d8e-9c26-5d508bc7d82e" />
    <UnitTestResult executionId="0e1e4e37-708a-4905-839d-7c56005b213e" testId="04d00807-c993-41bb-7a2f-0520a7d8f1b7" testName="Opstrax.Tests.TelemetryGatewayReplayPostgresTests.First_valid_is_accepted_and_exact_duplicate_is_rejected" computerName="Mac" duration="00:00:00.0020251" startTime="2026-08-12T22:24:50.5675300-04:00" endTime="2026-08-12T22:24:50.5696830-04:00" testType="13cdc9d9-ddb5-4fa4-a97d-d965ccfc6d4b" outcome="Passed" testListId="8c84fa94-04c1-424b-9868-57a2d4851a1d" relativeResultsDirectory="0e1e4e37-708a-4905-839d-7c56005b213e" />
    <UnitTestResult executionId="4e6b71de-e6e8-4e80-b9e9-e5d68e06cca2" testId="f736e701-7045-2283-21aa-fa2e71254b69" testName="Opstrax.Tests.OrderToCashE2EPostgresTests.Delivered_Job_Flows_Rate_Bill_Tax_Issue_Recognize_Settle" computerName="Mac" duration="00:00:00.2200424" startTime="2026-08-12T22:24:13.9379360-04:00" endTime="2026-08-12T22:24:14.1582230-04:00" testType="13cdc9d9-ddb5-4fa4-a97d-d965ccfc6d4b" outcome="Passed" testListId="8c84fa94-04c1-424b-9868-57a2d4851a1d" relativeResultsDirectory="4e6b71de-e6e8-4e80-b9e9-e5d68e06cca2" />
    <UnitTestResult executionId="e8fbcdd9-0d2f-43ef-adfe-48d031dec09a" testId="1996deb9-9c04-e916-4279-18b71fcc497a" testName="Opstrax.Tests.ZatcaPostgresTests.First_Invoice_Pih_Is_Base64_Sha256_Of_Zero" computerName="Mac" duration="00:00:00.0111905" startTime="2026-08-12T22:25:14.5914740-04:00" endTime="2026-08-12T22:25:14.6027820-04:00" testType="13cdc9d9-ddb5-4fa4-a97d-d965ccfc6d4b" outcome="Passed" testListId="8c84fa94-04c1-424b-9868-57a2d4851a1d" relativeResultsDirectory="e8fbcdd9-0d2f-43ef-adfe-48d031dec09a" />
    <UnitTestResult executionId="9351e71f-5b52-4110-a5e5-1be1323381b3" testId="4902ac32-cb0f-ee29-d6a8-835bcb8ee861" testName="Opstrax.Tests.CustomerPortalPostgresTests.PortalFeedback_IsCustomerAndTenantScoped" computerName="Mac" duration="00:00:00.0759739" startTime="2026-08-12T22:24:45.7942070-04:00" endTime="2026-08-12T22:24:45.8703270-04:00" testType="13cdc9d9-ddb5-4fa4-a97d-d965ccfc6d4b" outcome="Passed" testListId="8c84fa94-04c1-424b-9868-57a2d4851a1d" relativeResultsDirectory="9351e71f-5b52-4110-a5e5-1be1323381b3" />
    <UnitTestResult executionId="f3f861d0-df6f-4a88-99ab-f6ac18c5540e" testId="a1642a60-d88f-fbbd-52ce-0d3b0a5554e1" testName="Opstrax.Tests.RoutePlansPilotPostgresTests.RealRouteWorkflowEnforcesBranchConcurrencyHosStopsOptimizationAndArchive" computerName="Mac" duration="00:00:00.4422333" startTime="2026-08-12T22:25:15.8595910-04:00" endTime="2026-08-12T22:25:16.3019710-04:00" testType="13cdc9d9-ddb5-4fa4-a97d-d965ccfc6d4b" outcome="Passed" testListId="8c84fa94-04c1-424b-9868-57a2d4851a1d" relativeResultsDirectory="f3f861d0-df6f-4a88-99ab-f6ac18c5540e" />
    <UnitTestResult executionId="1a66b927-2dec-4d4d-bddf-bface7ebcca5" testId="a80d7b41-93c6-2660-6c0c-6220d20961d2" testName="Opstrax.Tests.PlatformControlPlaneTests.PlatformMe_RevalidatesWithoutEchoingTheBearerCredential" computerName="Mac" duration="00:00:00.0694463" startTime="2026-08-12T22:24:58.8190470-04:00" endTime="2026-08-12T22:24:58.8886430-04:00" testType="13cdc9d9-ddb5-4fa4-a97d-d965ccfc6d4b" outcome="Passed" testListId="8c84fa94-04c1-424b-9868-57a2d4851a1d" relativeResultsDirectory="1a66b927-2dec-4d4d-bddf-bface7ebcca5" />
    <UnitTestResult executionId="ed9e5da2-3b88-4a49-ad89-1c4611c55cef" testId="93ce13b1-c22c-d2c6-212b-27e11e59ec9f" testName="Opstrax.Tests.CustomerPortalPostgresTests.PortalJobDetail_StripsInternalFields_AtTheQueryLevel" computerName="Mac" duration="00:00:00.0951336" startTime="2026-08-12T22:24:45.8706250-04:00" endTime="2026-08-12T22:24:45.9659710-04:00" testType="13cdc9d9-ddb5-4fa4-a97d-d965ccfc6d4b" outcome="Passed" testListId="8c84fa94-04c1-424b-9868-57a2d4851a1d" relativeResultsDirectory="ed9e5da2-3b88-4a49-ad89-1c4611c55cef" />
    <UnitTestResult executionId="2f52b8d5-2b8b-43c2-89df-dba5ada9eaed" testId="23599579-88b7-2b75-b028-1832c935453b" testName="Opstrax.Tests.DeliveredToBillingPostgresTests.Delivered_Transition_Enqueues_Once_And_Dispatcher_Bills" computerName="Mac" duration="00:00:00.0399512" startTime="2026-08-12T22:25:20.4868490-04:00" endTime="2026-08-12T22:25:20.5269350-04:00" testType="13cdc9d9-ddb5-4fa4-a97d-d965ccfc6d4b" outcome="Passed" testListId="8c84fa94-04c1-424b-9868-57a2d4851a1d" relativeResultsDirectory="2f52b8d5-2b8b-43c2-89df-dba5ada9eaed" />
    <UnitTestResult executionId="5a88d674-7fda-4d6d-a411-4c7a77f23c3b" testId="dc2cec44-8e92-a611-617d-02054820c43b" testName="Opstrax.Tests.RevenueReadinessPostgresTests.ArAging_BucketsOutstandingInvoicesByAge_AndIsTenantScoped" computerName="Mac" duration="00:00:00.1128879" startTime="2026-08-12T22:24:37.8307390-04:00" endTime="2026-08-12T22:24:37.9438710-04:00" testType="13cdc9d9-ddb5-4fa4-a97d-d965ccfc6d4b" outcome="Passed" testListId="8c84fa94-04c1-424b-9868-57a2d4851a1d" relativeResultsDirectory="5a88d674-7fda-4d6d-a411-4c7a77f23c3b" />
    <UnitTestResult executionId="b4382f65-0a64-4272-b000-c7d579dad692" testId="0b56aa14-0fe0-ce0a-3b2a-3275b0592c0c" testName="Opstrax.Tests.FleetTmsWorkspaceConcurrencyTests.CarrierAssignmentRacingDispatchCannotMutateShipmentAfterDispatch" computerName="Mac" duration="00:00:00.0515225" startTime="2026-08-12T22:24:59.2997640-04:00" endTime="2026-08-12T22:24:59.3514140-04:00" testType="13cdc9d9-ddb5-4fa4-a97d-d965ccfc6d4b" outcome="Passed" testListId="8c84fa94-04c1-424b-9868-57a2d4851a1d" relativeResultsDirectory="b4382f65-0a64-4272-b000-c7d579dad692" />
    <UnitTestResult executionId="63949400-3de6-4b82-bdad-ab8ae6c54e51" testId="0c7e56a5-31ae-7ea2-5e82-f2a5d76d641c" testName="Opstrax.Tests.FleetSpecializedBranchTests.ReturnableAssets_RejectDuplicateTagsOverAllocationAndConcurrentCustody" computerName="Mac" duration="00:00:00.0452486" startTime="2026-08-12T22:25:18.8497830-04:00" endTime="2026-08-12T22:25:18.8951820-04:00" testType="13cdc9d9-ddb5-4fa4-a97d-d965ccfc6d4b" outcome="Passed" testListId="8c84fa94-04c1-424b-9868-57a2d4851a1d" relativeResultsDirectory="63949400-3de6-4b82-bdad-ab8ae6c54e51" />
    <UnitTestResult executionId="59391a15-4498-40b1-af52-4a56ee74629c" testId="82870092-4363-2cb2-4cca-34f273484c4a" testName="Opstrax.Tests.GeofenceEvaluatorPostgresTests.Vehicle_Entering_Then_Leaving_A_Zone_Emits_One_Entry_Then_One_Exit" computerName="Mac" duration="00:00:00.0208274" startTime="2026-08-12T22:25:16.3021700-04:00" endTime="2026-08-12T22:25:16.3231360-04:00" testType="13cdc9d9-ddb5-4fa4-a97d-d965ccfc6d4b" outcome="Passed" testListId="8c84fa94-04c1-424b-9868-57a2d4851a1d" relativeResultsDirectory="59391a15-4498-40b1-af52-4a56ee74629c" />
[...]
    <TestEntry testId="db5185d5-9b8a-e537-3be2-f41131bc8313" executionId="cb80231e-4f07-4b18-a221-1c6b780e08be" testListId="8c84fa94-04c1-424b-9868-57a2d4851a1d" />
    <TestEntry testId="63201bce-0653-da9e-d8ff-e54404448e0d" executionId="6ed4c37a-fc17-4419-91ab-723988ff5b33" testListId="8c84fa94-04c1-424b-9868-57a2d4851a1d" />
    <TestEntry testId="214530e6-89df-92e4-a1c3-71ce19166e53" executionId="8892bad1-2c9c-4198-8c2c-7ae1bcf7c4c5" testListId="8c84fa94-04c1-424b-9868-57a2d4851a1d" />
    <TestEntry testId="a3b11597-ccf4-8a1e-2bd2-2c661115a625" executionId="1541e59c-1530-4a2e-ac22-3e718750879b" testListId="8c84fa94-04c1-424b-9868-57a2d4851a1d" />
    <TestEntry testId="c5e55997-6eb4-5e50-93bf-37b76c1afa02" executionId="00d6fbd5-b41f-408d-b26e-2383c3fcdccc" testListId="8c84fa94-04c1-424b-9868-57a2d4851a1d" />
    <TestEntry testId="e71e6595-5e77-4e40-5e30-9f9fafc31257" executionId="6b7a6aeb-4c71-40d1-b9f0-79b48f9dfdfe" testListId="8c84fa94-04c1-424b-9868-57a2d4851a1d" />
    <TestEntry testId="067d018d-0858-6765-ab01-fd1272911050" executionId="e95f1e9c-c0a7-43e6-8863-877fe92d23d4" testListId="8c84fa94-04c1-424b-9868-57a2d4851a1d" />
    <TestEntry testId="6d4d7bb9-c67b-f978-69db-947c8bd177b5" executionId="50c691a5-a98f-40eb-90d2-e6f24742cbc9" testListId="8c84fa94-04c1-424b-9868-57a2d4851a1d" />
    <TestEntry testId="ec96ce73-f3dc-198b-2feb-5820cf08a151" executionId="51a53d61-7e3d-41b1-88a4-9bde183063e8" testListId="8c84fa94-04c1-424b-9868-57a2d4851a1d" />
    <TestEntry testId="292b672b-3060-eb43-2ab7-e417e63768ee" executionId="65bdf1ad-be9b-4fc0-8075-e375b43f8a0a" testListId="8c84fa94-04c1-424b-9868-57a2d4851a1d" />
    <TestEntry testId="1ee3cc8f-47b5-bf2f-33b8-01a9eb365c7a" executionId="6b16bd35-7341-4ce2-a817-88d5a86fd568" testListId="8c84fa94-04c1-424b-9868-57a2d4851a1d" />
    <TestEntry testId="71e3de01-642b-3eb0-f585-227cd7168a49" executionId="f6380f3c-cf27-4220-b2c4-e5ecd9690ada" testListId="8c84fa94-04c1-424b-9868-57a2d4851a1d" />
    <TestEntry testId="1026f4bf-6187-725e-6c44-afb64c3d8329" executionId="53528afe-9421-491b-a998-84b4c20c49c7" testListId="8c84fa94-04c1-424b-9868-57a2d4851a1d" />
    <TestEntry testId="0d900cca-af19-552a-ac5c-928fc0a047f7" executionId="67724baf-623c-4d10-b7c4-2792f8cfa74c" testListId="8c84fa94-04c1-424b-9868-57a2d4851a1d" />
    <TestEntry testId="8061808c-0425-dc32-879c-ddaefe1dd694" executionId="e9b715e9-2a94-4310-8a3c-54712dde40b8" testListId="8c84fa94-04c1-424b-9868-57a2d4851a1d" />
    <TestEntry testId="73fdedd1-6951-abe0-ab10-3559ebf76d8c" executionId="814ae828-82ca-415f-afa4-e081f5125fa2" testListId="8c84fa94-04c1-424b-9868-57a2d4851a1d" />
    <TestEntry testId="eda68a56-754d-bc86-7ed9-3414a0075437" executionId="745dd792-b532-4ad8-8791-2d8c243ff1fd" testListId="8c84fa94-04c1-424b-9868-57a2d4851a1d" />
    <TestEntry testId="61cf4a35-8ade-00b1-d4a4-4a9f30d42194" executionId="984c3db2-9348-4290-b48c-7da4d5ce23c3" testListId="8c84fa94-04c1-424b-9868-57a2d4851a1d" />
    <TestEntry testId="280adfdd-98ec-b350-e2f8-250de4493027" executionId="44f5ffc4-a5aa-44cd-a316-4660522df5e2" testListId="8c84fa94-04c1-424b-9868-57a2d4851a1d" />
    <TestEntry testId="defb4572-0e4c-ce6e-2494-de3f5e3bc3ff" executionId="b04ce374-d789-4954-b7d6-defab9231669" testListId="8c84fa94-04c1-424b-9868-57a2d4851a1d" />
    <TestEntry testId="46a8d24e-8491-7f46-2d7b-4d7f20a1be7a" executionId="d5c9321b-7cc3-43dd-b565-6336ecf8bcfd" testListId="8c84fa94-04c1-424b-9868-57a2d4851a1d" />
    <TestEntry testId="409e8e49-f043-c0dd-76ae-a518e20ccb78" executionId="122d08e2-16b0-4c99-92ca-30667446d55b" testListId="8c84fa94-04c1-424b-9868-57a2d4851a1d" />
    <TestEntry testId="e57349fe-099b-29a7-a246-0c91dcaefa9c" executionId="36874db1-982b-4d0f-a44f-ffa7e109a10a" testListId="8c84fa94-04c1-424b-9868-57a2d4851a1d" />
    <TestEntry testId="1e53ee33-dc12-cdb4-b229-d7399d47442d" executionId="bf9e2194-b3d9-4293-8de8-df2ba76cef02" testListId="8c84fa94-04c1-424b-9868-57a2d4851a1d" />
    <TestEntry testId="ed2c7e2c-ebfd-78e9-1369-00feaca18cfe" executionId="39da7d28-2366-4474-bfcb-184825a3050a" testListId="8c84fa94-04c1-424b-9868-57a2d4851a1d" />
    <TestEntry testId="b500a9e8-b074-04fd-846b-44533d7a6436" executionId="e97f2486-0802-4fdb-ab38-833d05fd2f9a" testListId="8c84fa94-04c1-424b-9868-57a2d4851a1d" />
    <TestEntry testId="8ea35ccc-b546-09a3-fbb0-b3f5a762b583" executionId="8044897a-5ad0-48b7-a72d-60d32802979b" testListId="8c84fa94-04c1-424b-9868-57a2d4851a1d" />
    <TestEntry testId="cc1e75e7-ef7c-445a-e7a7-daa769cd4742" executionId="bff4072c-9261-4c84-b983-b151bf717750" testListId="8c84fa94-04c1-424b-9868-57a2d4851a1d" />
    <TestEntry testId="7e656b66-ecc0-4f08-8dea-d1c426e9ba60" executionId="647e8a56-2869-4a14-a1c6-bbee582dd063" testListId="8c84fa94-04c1-424b-9868-57a2d4851a1d" />
    <TestEntry testId="4fb73d69-f408-112f-a35e-10a689d2904f" executionId="6d60e683-d114-4388-ad00-f7ab009c7066" testListId="8c84fa94-04c1-424b-9868-57a2d4851a1d" />
    <TestEntry testId="b0160d33-0474-1652-0df0-4bd6468438a3" executionId="8f1a70b2-a5b1-41a9-83da-193dbfa9e90c" testListId="8c84fa94-04c1-424b-9868-57a2d4851a1d" />
    <TestEntry testId="1aec08d5-26c1-12fc-f6de-3a44d9d66ee4" executionId="4f5e015e-538a-4a9d-8ad5-af38dc34bd61" testListId="8c84fa94-04c1-424b-9868-57a2d4851a1d" />
    <TestEntry testId="0009801a-9738-fcb1-cef2-95897e44ffbf" executionId="cbbd7e8f-4bb4-41d5-9e13-47990e83d436" testListId="8c84fa94-04c1-424b-9868-57a2d4851a1d" />
    <TestEntry testId="8b91e133-59a0-2902-6313-82209ba899f9" executionId="700300a8-a8ca-4f60-b8a5-2a469b789965" testListId="8c84fa94-04c1-424b-9868-57a2d4851a1d" />
    <TestEntry testId="32ef8a6b-739c-fd27-f8b7-ec160d04041b" executionId="84d4471d-7fdd-4aee-ab49-e8a4b487d325" testListId="8c84fa94-04c1-424b-9868-57a2d4851a1d" />
    <TestEntry testId="c30926bd-d7be-488c-f2e2-d82ff6c206bd" executionId="071e7115-5e64-4095-85b2-4bab92f7945a" testListId="8c84fa94-04c1-424b-9868-57a2d4851a1d" />
    <TestEntry testId="89bc967a-fb50-1f0c-831c-307b8bb5bc43" executionId="262ba3f1-3ce4-4219-8ed9-227280f47d8c" testListId="8c84fa94-04c1-424b-9868-57a2d4851a1d" />
    <TestEntry testId="7ca63abb-26cb-07e4-8d7c-12589b751db1" executionId="b1b0d1fe-8a6e-47c9-a0ab-56466dbd3637" testListId="8c84fa94-04c1-424b-9868-57a2d4851a1d" />
    <TestEntry testId="6b4624c4-44c1-dfbc-7fce-28beecf35122" executionId="77adf2fc-e61d-4db7-8644-379ab216a654" testListId="8c84fa94-04c1-424b-9868-57a2d4851a1d" />
    <TestEntry testId="04dd583a-7e3c-77f3-9325-9b1d82f77a91" executionId="3dd60395-255d-44e8-96be-5d12f28ed0aa" testListId="8c84fa94-04c1-424b-9868-57a2d4851a1d" />
    <TestEntry testId="ebb52db4-f4d9-c9e7-d38f-aa733296bb79" executionId="c3fbc8ff-f94d-4fb3-8c6a-4e6ac877da3f" testListId="8c84fa94-04c1-424b-9868-57a2d4851a1d" />
    <TestEntry testId="5c182f91-996e-ef70-e2b4-b499e32dcc21" executionId="98a7f18f-1336-44de-aa49-9d1738199c0d" testListId="8c84fa94-04c1-424b-9868-57a2d4851a1d" />
    <TestEntry testId="b870b9d6-6885-47f1-fdd3-76119136bc75" executionId="685f9412-211a-4e61-a35e-93b3607a7eb5" testListId="8c84fa94-04c1-424b-9868-57a2d4851a1d" />
    <TestEntry testId="62948f0f-5b17-03fb-36ba-c07c5ba651af" executionId="a256e186-688e-4c05-ba94-a7085800f7f7" testListId="8c84fa94-04c1-424b-9868-57a2d4851a1d" />
    <TestEntry testId="d42b4574-b521-2a43-b0b1-a6d429ea19f8" executionId="b7d1ed1d-0aee-42cf-9d6a-0b9003e0ea6e" testListId="8c84fa94-04c1-424b-9868-57a2d4851a1d" />
    <TestEntry testId="8f9d597f-d41e-70e1-97ab-3715dcdf898c" executionId="6e4d0d98-069f-4a7a-8535-de7a4d1bb0e4" testListId="8c84fa94-04c1-424b-9868-57a2d4851a1d" />
    <TestEntry testId="26b9e0b2-5d45-8a0c-6fec-c85b83c405de" executionId="ddcb21c3-73af-4db9-b675-581011c51844" testListId="8c84fa94-04c1-424b-9868-57a2d4851a1d" />
    <TestEntry testId="3864e4ce-92e2-d46a-a582-ec449d4d9bfd" executionId="2981b1fb-4e67-453e-85e4-ec8e9748f6ea" testListId="8c84fa94-04c1-424b-9868-57a2d4851a1d" />
    <TestEntry testId="82da234a-5447-b411-23db-3314fa8bdc4c" executionId="f72c73c6-0892-4ce3-afab-843f09654dba" testListId="8c84fa94-04c1-424b-9868-57a2d4851a1d" />
    <TestEntry testId="59eae423-2835-685c-30c7-7c04735e43f2" executionId="f8f8211d-55c5-46bc-b03f-631bb01581fe" testListId="8c84fa94-04c1-424b-9868-57a2d4851a1d" />
    <TestEntry testId="320c1aea-cce0-33bc-5cef-fd6fed4823c4" executionId="0d722632-d36f-4719-a144-a134bf0a52fc" testListId="8c84fa94-04c1-424b-9868-57a2d4851a1d" />
    <TestEntry testId="cccb77ae-d578-4224-e85d-e554df1da00c" executionId="60461c16-09ce-4ad2-baa0-568f60d35cab" testListId="8c84fa94-04c1-424b-9868-57a2d4851a1d" />
    <TestEntry testId="c76f9e6c-7f61-1707-2261-61e4f8e1551d" executionId="bacbddf5-cd9c-4791-870e-e5975f7bf8c8" testListId="8c84fa94-04c1-424b-9868-57a2d4851a1d" />
    <TestEntry testId="d62ebe91-3724-e9a7-8e37-2acfa4f0237d" executionId="90467dac-b705-4bf9-8749-86702357d735" testListId="8c84fa94-04c1-424b-9868-57a2d4851a1d" />
    <TestEntry testId="608b3a4e-d679-7fd2-9247-a335480f5031" executionId="2fcdbdde-3fdc-4c73-83f4-e23c3f296198" testListId="8c84fa94-04c1-424b-9868-57a2d4851a1d" />
    <TestEntry testId="6bed3503-7de5-a585-a2ff-576c5008d90a" executionId="18b65004-3bd0-4c89-afaf-1522da693559" testListId="8c84fa94-04c1-424b-9868-57a2d4851a1d" />
    <TestEntry testId="c954206f-654e-30e2-7edb-8921cd476edd" executionId="559c6dee-630d-4953-ad4a-55ec69557899" testListId="8c84fa94-04c1-424b-9868-57a2d4851a1d" />
    <TestEntry testId="3f9137ef-9116-fe96-397a-adfc6e4910ce" executionId="52d744cb-4a59-462a-97ac-5854d943f889" testListId="8c84fa94-04c1-424b-9868-57a2d4851a1d" />
    <TestEntry testId="87c70bf7-bc0c-2e8d-9dee-9fd715a8db74" executionId="c2df4564-5880-4641-88ba-18d4b9eef1a8" testListId="8c84fa94-04c1-424b-9868-57a2d4851a1d" />
    <TestEntry testId="b9155e6e-f0ee-316d-9540-459f58aa984c" executionId="72a41737-781b-48a8-91d2-fec1198ba14b" testListId="8c84fa94-04c1-424b-9868-57a2d4851a1d" />
    <TestEntry testId="ee4f0bba-2431-f848-0f00-ba71b4d1a7fc" executionId="2be2da8f-11da-4f57-9057-e44a78b14086" testListId="8c84fa94-04c1-424b-9868-57a2d4851a1d" />
    <TestEntry testId="03780488-d855-7c6b-43cf-38738b84ef2b" executionId="19fca44a-eb3c-4d64-b89b-4385ac7a3226" testListId="8c84fa94-04c1-424b-9868-57a2d4851a1d" />
    <TestEntry testId="d508aaa9-85f1-d96f-962b-0149d72ebc89" executionId="83a6742d-8063-4db3-be77-dc6ffc3b6fac" testListId="8c84fa94-04c1-424b-9868-57a2d4851a1d" />
    <TestEntry testId="21f543c8-d853-c122-6aa6-6fa60216f627" executionId="12f2e4df-410f-4b39-910b-2795602db315" testListId="8c84fa94-04c1-424b-9868-57a2d4851a1d" />
    <TestEntry testId="d46252f4-6ed0-26be-37fd-98918fc6df27" executionId="8c9aee82-8c8a-4ec7-a3d9-c010211833da" testListId="8c84fa94-04c1-424b-9868-57a2d4851a1d" />
    <TestEntry testId="e299b3d8-e37f-6c03-d720-a47c1b6a364d" executionId="68bd18ce-5082-4dc9-b87d-8e0f5e56a1fc" testListId="8c84fa94-04c1-424b-9868-57a2d4851a1d" />
    <TestEntry testId="eabc70d4-2100-8b94-6ff8-978c571150d2" executionId="88b82b15-ed05-43a9-ae8f-3d2282d9720b" testListId="8c84fa94-04c1-424b-9868-57a2d4851a1d" />
    <TestEntry testId="0d4256a2-52eb-4606-c6ac-bdfcb7a23c38" executionId="0e84396d-972e-4ed1-a478-2dabd4058f45" testListId="8c84fa94-04c1-424b-9868-57a2d4851a1d" />
    <TestEntry testId="61888ca9-2332-b26d-51dc-7f6af38e8278" executionId="482ce0f0-ba44-4f7c-8fe6-6bf0250a4eee" testListId="8c84fa94-04c1-424b-9868-57a2d4851a1d" />
    <TestEntry testId="1a7f5fc1-2b2d-ca2f-2e62-c9f14d41560f" executionId="e4d86914-825f-457b-b2d2-e81b21dec4ca" testListId="8c84fa94-04c1-424b-9868-57a2d4851a1d" />
    <TestEntry testId="29b17867-2f47-2482-46d5-538e69ded8e7" executionId="84b60265-4ce4-4d0c-a766-cc3317ff92c3" testListId="8c84fa94-04c1-424b-9868-57a2d4851a1d" />
    <TestEntry testId="fc4019b9-8e33-362c-e5ef-2cecf634ff47" executionId="47e75e88-c258-4f7e-9dc3-49b2dac3319d" testListId="8c84fa94-04c1-424b-9868-57a2d4851a1d" />
    <TestEntry testId="5df256a6-953f-6619-4376-a23d5fb40869" executionId="3bdcdeb7-8455-466c-8664-b4cc4d08b9bd" testListId="8c84fa94-04c1-424b-9868-57a2d4851a1d" />
    <TestEntry testId="319c66b6-67b4-8017-af57-cb659a32a624" executionId="d5c8207f-b34f-4721-b1f0-85052cb2240e" testListId="8c84fa94-04c1-424b-9868-57a2d4851a1d" />
    <TestEntry testId="e00efedf-9a24-77a4-c1bf-366369a9c001" executionId="06b93d8f-0ea1-42ed-b4ed-fcbd2b2a4100" testListId="8c84fa94-04c1-424b-9868-57a2d4851a1d" />
    <TestEntry testId="753f8bc7-db10-f903-1437-2b2ca797e894" executionId="5b7af92a-9ce9-4dbb-ab31-5bd51a503b49" testListId="8c84fa94-04c1-424b-9868-57a2d4851a1d" />
    <TestEntry testId="654907ff-855f-8d20-a3f5-e2e53b5f6dbd" executionId="91402ccb-fd03-4817-9804-5f6c6b214f39" testListId="8c84fa94-04c1-424b-9868-57a2d4851a1d" />
    <TestEntry testId="9dfa2469-e4ff-e1d8-0449-6cd55476f126" executionId="2fda61c9-95e8-4e39-9e0e-c392181dc876" testListId="8c84fa94-04c1-424b-9868-57a2d4851a1d" />
    <TestEntry testId="078439b2-cd09-cbbb-76dd-7b205fe71f7d" executionId="0af3fb82-3bb9-4c68-9964-06d38ec172b7" testListId="8c84fa94-04c1-424b-9868-57a2d4851a1d" />
    <TestEntry testId="4be9a2f9-77f2-57aa-24c4-235cbaf740d1" executionId="62798265-c842-43c7-86a2-a8d4c3456f81" testListId="8c84fa94-04c1-424b-9868-57a2d4851a1d" />
    <TestEntry testId="3e1da5e8-f392-32a6-0f43-07bf1cbccc49" executionId="8d8bdc31-9fb3-4680-924b-ae35e564ea6e" testListId="8c84fa94-04c1-424b-9868-57a2d4851a1d" />
    <TestEntry testId="d0fff9a4-56b0-736a-8008-f4d31cd43954" executionId="51439c44-b283-4739-88c1-0304ba068f54" testListId="8c84fa94-04c1-424b-9868-57a2d4851a1d" />
    <TestEntry testId="b0a655b0-4ecf-7a93-00ed-3b85fa184c74" executionId="35a90118-a79c-4730-acc8-2f25523200f2" testListId="8c84fa94-04c1-424b-9868-57a2d4851a1d" />
    <TestEntry testId="a854fb48-6779-5694-0433-394650afa5c7" executionId="e8ad845b-f691-4bf2-bd4e-8ba59f43d582" testListId="8c84fa94-04c1-424b-9868-57a2d4851a1d" />
    <TestEntry testId="d1aa24e7-80dd-b7a6-d970-99f6bb741558" executionId="61670632-57f4-488c-86a6-f1c384a9c2e0" testListId="8c84fa94-04c1-424b-9868-57a2d4851a1d" />
    <TestEntry testId="ab463d4b-dced-9415-ef82-e1fe5ce86649" executionId="73607abd-f641-4484-bfb8-484ba41a5a53" testListId="8c84fa94-04c1-424b-9868-57a2d4851a1d" />
    <TestEntry testId="178634f5-f06c-7e8d-4561-41393239e6ec" executionId="4841a907-ca34-4cc7-9c61-588f8aaf02d0" testListId="8c84fa94-04c1-424b-9868-57a2d4851a1d" />
    <TestEntry testId="2c8e1afa-e716-b030-4b07-b95b4a998556" executionId="2f0a61bf-7f88-41ac-8943-c32829bf1cd8" testListId="8c84fa94-04c1-424b-9868-57a2d4851a1d" />
    <TestEntry testId="d5124939-22a3-df50-670b-bed794bc6072" executionId="c0823045-0522-4b81-a50c-52d192259948" testListId="8c84fa94-04c1-424b-9868-57a2d4851a1d" />
    <TestEntry testId="299f9674-3f3d-c27d-e768-2354c66f774e" executionId="b0fb9564-ba6c-4c79-85c8-1f4539549dd2" testListId="8c84fa94-04c1-424b-9868-57a2d4851a1d" />
    <TestEntry testId="4cc94334-f9ee-fb7c-b27d-535be527259a" executionId="9b1da74e-a146-446c-8509-eee98e58ab01" testListId="8c84fa94-04c1-424b-9868-57a2d4851a1d" />
    <TestEntry testId="81cff5be-8316-9dbb-a90c-2b1d176f7310" executionId="c3f42cf7-ed64-496c-afc6-48eba1c4d515" testListId="8c84fa94-04c1-424b-9868-57a2d4851a1d" />
    <TestEntry testId="cc1e1c48-396b-9367-216c-cdf5bda1e7bf" executionId="51811bdd-4df1-4e07-a09f-92676430e3d3" testListId="8c84fa94-04c1-424b-9868-57a2d4851a1d" />
    <TestEntry testId="171bf708-2f91-a555-4f41-df3c12a277e6" executionId="d191a981-69cf-4162-a4a7-d9dda69c386c" testListId="8c84fa94-04c1-424b-9868-57a2d4851a1d" />
    <TestEntry testId="fc045d12-6036-579b-5eca-e113d5660d36" executionId="fcf4047d-7ba0-48a0-9d97-c97442a92176" testListId="8c84fa94-04c1-424b-9868-57a2d4851a1d" />
    <TestEntry testId="74c96dc1-e178-4e7f-c24e-a5d239733e3b" executionId="1f345899-11a9-4581-a62b-950ac2287b9c" testListId="8c84fa94-04c1-424b-9868-57a2d4851a1d" />
    <TestEntry testId="cc2aed3d-b193-fed6-c977-f6de6d099112" executionId="dbb6c70d-1f79-42b9-81a7-3322e9f4a5c5" testListId="8c84fa94-04c1-424b-9868-57a2d4851a1d" />
    <TestEntry testId="d25c9e5e-ec2a-7a0d-f75c-aeef6bfb0ae9" executionId="809c6cf3-7670-4a0e-9b56-ca04a590d573" testListId="8c84fa94-04c1-424b-9868-57a2d4851a1d" />
    <TestEntry testId="bbcf12da-27b7-1f10-bcb1-00e85d9a9946" executionId="e94ddf24-4569-47e3-97a3-8b363c8f067b" testListId="8c84fa94-04c1-424b-9868-57a2d4851a1d" />
    <TestEntry testId="1b6c9e4a-a863-d5ca-0972-d5b4d873ff64" executionId="b848913a-ee15-47f3-b5f3-0722b11fd3ac" testListId="8c84fa94-04c1-424b-9868-57a2d4851a1d" />
    <TestEntry testId="59b889f1-852e-473b-e8a9-3b65264038b5" executionId="9cd20332-a051-4436-b43a-5d18def58b54" testListId="8c84fa94-04c1-424b-9868-57a2d4851a1d" />
  </TestEntries>
  <TestLists>
    <TestList name="Results Not in a List" id="8c84fa94-04c1-424b-9868-57a2d4851a1d" />
    <TestList name="All Loaded Results" id="19431567-8539-422a-85d7-44ee4e166bda" />
  </TestLists>
  <ResultSummary outcome="Completed">
    <Counters total="346" executed="346" passed="346" failed="0" error="0" timeout="0" aborted="0" inconclusive="0" passedButRunAborted="0" notRunnable="0" notExecuted="0" disconnected="0" warning="0" completed="0" inProgress="0" pending="0" />
    <Output>
      <StdOut>[xUnit.net 00:00:00.00] xUnit.net VSTest Adapter v3.1.4+50e68bbb8b (64-bit .NET 8.0.27)
[xUnit.net 00:00:00.08]   Discovering: Opstrax.Tests
[xUnit.net 00:00:00.19]   Discovered:  Opstrax.Tests
[xUnit.net 00:00:00.22]   Starting:    Opstrax.Tests
info: Microsoft.Hosting.Lifetime[14]
      Now listening on: http://127.0.0.1:59682
info: Microsoft.Hosting.Lifetime[0]
      Application started. Press Ctrl+C to shut down.
info: Microsoft.Hosting.Lifetime[0]
      Hosting environment: Production
info: Microsoft.Hosting.Lifetime[0]
      Content root path: /Users/zackkhan/Downloads/opstrax-enterprise-build-fixed-nginx/backend-dotnet.Tests/bin/Debug/net8.0
info: Microsoft.Hosting.Lifetime[0]
      Application is shutting down...
info: Microsoft.Hosting.Lifetime[14]
      Now listening on: http://127.0.0.1:59684
info: Microsoft.Hosting.Lifetime[0]
      Application started. Press Ctrl+C to shut down.
info: Microsoft.Hosting.Lifetime[0]
      Hosting environment: Production
info: Microsoft.Hosting.Lifetime[0]
      Content root path: /Users/zackkhan/Downloads/opstrax-enterprise-build-fixed-nginx/backend-dotnet.Tests/bin/Debug/net8.0
info: Microsoft.Hosting.Lifetime[0]
      Application is shutting down...
info: Microsoft.Hosting.Lifetime[14]
      Now listening on: http://127.0.0.1:59688
info: Microsoft.Hosting.Lifetime[0]
      Application started. Press Ctrl+C to shut down.
info: Microsoft.Hosting.Lifetime[0]
      Hosting environment: Production
info: Microsoft.Hosting.Lifetime[0]
      Content root path: /Users/zackkhan/Downloads/opstrax-enterprise-build-fixed-nginx/backend-dotnet.Tests/bin/Debug/net8.0
info: Microsoft.Hosting.Lifetime[0]
      Application is shutting down...
info: Microsoft.Hosting.Lifetime[14]
      Now listening on: http://127.0.0.1:59693
info: Microsoft.Hosting.Lifetime[0]
      Application started. Press Ctrl+C to shut down.
info: Microsoft.Hosting.Lifetime[0]
      Hosting environment: Production
info: Microsoft.Hosting.Lifetime[0]
      Content root path: /Users/zackkhan/Downloads/opstrax-enterprise-build-fixed-nginx/backend-dotnet.Tests/bin/Debug/net8.0
info: Microsoft.Hosting.Lifetime[0]
      Application is shutting down...
info: Microsoft.Hosting.Lifetime[14]
      Now listening on: http://127.0.0.1:59719
info: Microsoft.Hosting.Lifetime[0]
      Application started. Press Ctrl+C to shut down.
info: Microsoft.Hosting.Lifetime[0]
      Hosting environment: Production
info: Microsoft.Hosting.Lifetime[0]
      Content root path: /Users/zackkhan/Downloads/opstrax-enterprise-build-fixed-nginx/backend-dotnet.Tests/bin/Debug/net8.0
info: Microsoft.Hosting.Lifetime[0]
      Application is shutting down...
[xUnit.net 00:01:07.49]   Finished:    Opstrax.Tests
</StdOut>
    </Output>
  </ResultSummary>
</TestRun>