<?xml version="1.0" encoding="utf-8"?>
<TestRun id="ee7aafe4-77f7-4cf8-be0e-fb9ad9df896c" name="@Mac 2026-08-22 22:18:00" xmlns="http://microsoft.com/schemas/VisualStudio/TeamTest/2010">
  <Times creation="2026-08-22T22:18:00.1940530-04:00" queuing="2026-08-22T22:18:00.1940530-04:00" start="2026-08-22T22:17:58.8290130-04:00" finish="2026-08-22T22:19:11.4872730-04:00" />
  <TestSettings name="default" id="dc7d5e8b-89d2-45fc-ab18-f7fa12df5b7d">
    <Deployment runDeploymentRoot="_Mac_2026-08-22_22_18_00" />
  </TestSettings>
  <Results>
    <UnitTestResult executionId="c72ed2b3-cdfb-4e41-86ce-af36f11405c1" testId="327138d5-a85d-884a-a96d-caceb9b1ba1d" testName="Opstrax.Tests.TelemetryIdentityResolutionPostgresTests.ReturnsNullForSuspendedOrQuarantinedDevice(deviceState: &quot;Suspended&quot;)" computerName="Mac" duration="00:00:00.0097398" startTime="2026-08-22T22:18:36.2878160-04:00" endTime="2026-08-22T22:18:36.2978540-04:00" testType="13cdc9d9-ddb5-4fa4-a97d-d965ccfc6d4b" outcome="Passed" testListId="8c84fa94-04c1-424b-9868-57a2d4851a1d" relativeResultsDirectory="c72ed2b3-cdfb-4e41-86ce-af36f11405c1" />
    <UnitTestResult executionId="c835da75-b60a-47ba-8b7c-da7381f2bf50" testId="eda68a56-754d-bc86-7ed9-3414a0075437" testName="Opstrax.Tests.FoundationDispatcherPostgresTests.InboxProcessor_Ignores_Duplicate_Message" computerName="Mac" duration="00:00:00.0085456" startTime="2026-08-22T22:18:00.8033170-04:00" endTime="2026-08-22T22:18:00.8120310-04:00" testType="13cdc9d9-ddb5-4fa4-a97d-d965ccfc6d4b" outcome="Passed" testListId="8c84fa94-04c1-424b-9868-57a2d4851a1d" relativeResultsDirectory="c835da75-b60a-47ba-8b7c-da7381f2bf50" />
    <UnitTestResult executionId="8f82f36c-1479-4d32-829b-4cbf012812c0" testId="78c08906-58e8-7f8d-f53a-778fe926824a" testName="Opstrax.Tests.PlatformEmailSettingsTests.Mail_Is_Not_Usable_Without_Both_A_Host_And_A_From_Address" computerName="Mac" duration="00:00:00.0081959" startTime="2026-08-22T22:19:07.6952440-04:00" endTime="2026-08-22T22:19:07.7036330-04:00" testType="13cdc9d9-ddb5-4fa4-a97d-d965ccfc6d4b" outcome="Passed" testListId="8c84fa94-04c1-424b-9868-57a2d4851a1d" relativeResultsDirectory="8f82f36c-1479-4d32-829b-4cbf012812c0" />
    <UnitTestResult executionId="2a286b34-457b-4714-a9d4-355502a20e70" testId="5941fbb4-6bfe-fa6d-f667-3a6356aeff94" testName="Opstrax.Tests.AdminUserBindingRevalidationPostgresTests.RoleChangeBetweenPortalRoles_KeepsTheBinding" computerName="Mac" duration="00:00:00.0235161" startTime="2026-08-22T22:18:03.3376150-04:00" endTime="2026-08-22T22:18:03.3613100-04:00" testType="13cdc9d9-ddb5-4fa4-a97d-d965ccfc6d4b" outcome="Passed" testListId="8c84fa94-04c1-424b-9868-57a2d4851a1d" relativeResultsDirectory="2a286b34-457b-4714-a9d4-355502a20e70" />
    <UnitTestResult executionId="9ceaa22e-e2b4-4c2b-9cd0-a18979ea00f4" testId="1aec08d5-26c1-12fc-f6de-3a44d9d66ee4" testName="Opstrax.Tests.SettlementServicePostgresTests.FailClosed_No_Agreement_Writes_Nothing" computerName="Mac" duration="00:00:00.0094835" startTime="2026-08-22T22:18:03.2877480-04:00" endTime="2026-08-22T22:18:03.2974070-04:00" testType="13cdc9d9-ddb5-4fa4-a97d-d965ccfc6d4b" outcome="Passed" testListId="8c84fa94-04c1-424b-9868-57a2d4851a1d" relativeResultsDirectory="9ceaa22e-e2b4-4c2b-9cd0-a18979ea00f4" />
    <UnitTestResult executionId="30003f6e-2b08-4063-bbdc-e95f61131ba9" testId="fee4b675-d53d-65b7-4d2a-7d4af81bd6ae" testName="Opstrax.Tests.DualIdentityAuthBootstrapPostgresTests.ProductionIdentityProof_ValidatesExactRolesAndCrossPoolTicketBridge" computerName="Mac" duration="00:00:00.0123882" startTime="2026-08-22T22:18:10.8677090-04:00" endTime="2026-08-22T22:18:10.8802160-04:00" testType="13cdc9d9-ddb5-4fa4-a97d-d965ccfc6d4b" outcome="Passed" testListId="8c84fa94-04c1-424b-9868-57a2d4851a1d" relativeResultsDirectory="30003f6e-2b08-4063-bbdc-e95f61131ba9" />
    <UnitTestResult executionId="98b801f4-7268-444b-9726-1fafa1812e5f" testId="51a15893-bf08-ccd3-ed0d-7b46adf13959" testName="Opstrax.Tests.CustomerPortalPostgresTests.PortalInvoices_AreScopedToTheCustomer_NotJustTheCompany" computerName="Mac" duration="00:00:00.0701147" startTime="2026-08-22T22:18:55.7463930-04:00" endTime="2026-08-22T22:18:55.8166840-04:00" testType="13cdc9d9-ddb5-4fa4-a97d-d965ccfc6d4b" outcome="Passed" testListId="8c84fa94-04c1-424b-9868-57a2d4851a1d" relativeResultsDirectory="98b801f4-7268-444b-9726-1fafa1812e5f" />
    <UnitTestResult executionId="c7629f57-2d6c-4e08-afae-bd2cda99daa3" testId="c1742eb5-7a1f-a3bf-ff8d-28d1b98110af" testName="Opstrax.Tests.DvirHosPilotPostgresTests.HosReadsRequireDirectPermissionAndHideOtherBranches" computerName="Mac" duration="00:00:00.0202415" startTime="2026-08-22T22:18:18.1002050-04:00" endTime="2026-08-22T22:18:18.1206230-04:00" testType="13cdc9d9-ddb5-4fa4-a97d-d965ccfc6d4b" outcome="Passed" testListId="8c84fa94-04c1-424b-9868-57a2d4851a1d" relativeResultsDirectory="c7629f57-2d6c-4e08-afae-bd2cda99daa3" />
    <UnitTestResult executionId="187dae01-9a9a-48c8-b8b5-af710d6854bb" testId="c7ce4582-5052-986e-a42a-b458965cbc6e" testName="Opstrax.Tests.RolePermissionReconcilerPostgresTests.Reconcile_LeavesNoBuiltInRole_MissingItsDeclaredPermissions" computerName="Mac" duration="00:00:00.0985025" startTime="2026-08-22T22:18:10.5413940-04:00" endTime="2026-08-22T22:18:10.6402310-04:00" testType="13cdc9d9-ddb5-4fa4-a97d-d965ccfc6d4b" outcome="Passed" testListId="8c84fa94-04c1-424b-9868-57a2d4851a1d" relativeResultsDirectory="187dae01-9a9a-48c8-b8b5-af710d6854bb" />
    <UnitTestResult executionId="5adf324b-7008-4269-ae1b-c9789217e710" testId="075da098-3fb5-835b-fb44-80e7bbac2068" testName="Opstrax.Tests.ActiveShipmentsPostgresRegressionTests.CreatedJobFlowsThroughActiveAssignmentProgressAndPodThenDeliveredExitsProjection" computerName="Mac" duration="00:00:00.6452191" startTime="2026-08-22T22:18:56.9104440-04:00" endTime="2026-08-22T22:18:57.5560770-04:00" testType="13cdc9d9-ddb5-4fa4-a97d-d965ccfc6d4b" outcome="Passed" testListId="8c84fa94-04c1-424b-9868-57a2d4851a1d" relativeResultsDirectory="5adf324b-7008-4269-ae1b-c9789217e710" />
    <UnitTestResult executionId="b7632d48-4fef-4bf4-ac0a-2d2d6efe97c7" testId="8e57a73d-6dfb-10d3-4f65-d932a8b606f0" testName="Opstrax.Tests.CustomerPortalPostgresTests.GetOwnJobs_ZeroOneMultiple_OrderedAndStrictlyScoped" computerName="Mac" duration="00:00:00.0551862" startTime="2026-08-22T22:18:55.8168100-04:00" endTime="2026-08-22T22:18:55.8721380-04:00" testType="13cdc9d9-ddb5-4fa4-a97d-d965ccfc6d4b" outcome="Passed" testListId="8c84fa94-04c1-424b-9868-57a2d4851a1d" relativeResultsDirectory="b7632d48-4fef-4bf4-ac0a-2d2d6efe97c7" />
    <UnitTestResult executionId="e71668f5-d293-42d7-9301-4820e792e715" testId="35a4787e-deba-eb06-1678-9774f723c237" testName="Opstrax.Tests.AdminUserBindingRevalidationPostgresTests.CustomerBindableRole_IsDecidedByPermissionShape_NotByTheRoleName(roleName: &quot;Fleet Manager&quot;, bindable: False)" computerName="Mac" duration="00:00:00.0000275" startTime="2026-08-22T22:18:03.3364480-04:00" endTime="2026-08-22T22:18:03.3365030-04:00" testType="13cdc9d9-ddb5-4fa4-a97d-d965ccfc6d4b" outcome="Passed" testListId="8c84fa94-04c1-424b-9868-57a2d4851a1d" relativeResultsDirectory="e71668f5-d293-42d7-9301-4820e792e715" />
    <UnitTestResult executionId="4706dce4-5411-4703-968d-8be4b11816ae" testId="6582ee85-790d-1c66-0914-ed9fef61b8f6" testName="Opstrax.Tests.LogisticsSeederPostgresRegressionTests.RealHttpWorkspaceContractEnforcesPermissionsFiltersAndDispatchStateMachine" computerName="Mac" duration="00:00:00.1312151" startTime="2026-08-22T22:19:04.5990500-04:00" endTime="2026-08-22T22:19:04.7304350-04:00" testType="13cdc9d9-ddb5-4fa4-a97d-d965ccfc6d4b" outcome="Passed" testListId="8c84fa94-04c1-424b-9868-57a2d4851a1d" relativeResultsDirectory="4706dce4-5411-4703-968d-8be4b11816ae" />
    <UnitTestResult executionId="a2661255-1a62-4aec-8457-b7634f886bc3" testId="3f9137ef-9116-fe96-397a-adfc6e4910ce" testName="Opstrax.Tests.FleetIdentityDriverPostgresTests.DriverMustConfirmExactVehicleAndSubmitSafePretripBeforeDeparture" computerName="Mac" duration="00:00:00.3964664" startTime="2026-08-22T22:19:04.0756880-04:00" endTime="2026-08-22T22:19:04.4723200-04:00" testType="13cdc9d9-ddb5-4fa4-a97d-d965ccfc6d4b" outcome="Passed" testListId="8c84fa94-04c1-424b-9868-57a2d4851a1d" relativeResultsDirectory="a2661255-1a62-4aec-8457-b7634f886bc3" />
    <UnitTestResult executionId="3cc7a3f4-be14-41de-bd92-d7ec6df6b4ca" testId="cc1e1c48-396b-9367-216c-cdf5bda1e7bf" testName="Opstrax.Tests.TelemetryStreamTicketNoncePostgresTests.SameNonce_AcrossInstancesAndConcurrentConsumers_IsConsumedExactlyOnce" computerName="Mac" duration="00:00:00.0120799" startTime="2026-08-22T22:18:06.8786890-04:00" endTime="2026-08-22T22:18:06.8909250-04:00" testType="13cdc9d9-ddb5-4fa4-a97d-d965ccfc6d4b" outcome="Passed" testListId="8c84fa94-04c1-424b-9868-57a2d4851a1d" relativeResultsDirectory="3cc7a3f4-be14-41de-bd92-d7ec6df6b4ca" />
    <UnitTestResult executionId="39bf333f-0046-4ac2-8656-86dbadf35575" testId="d35f8993-1ec4-0354-7d79-7f6c17ce764a" testName="Opstrax.Tests.AdminUserBindingRevalidationPostgresTests.CustomerBindableRole_IsDecidedByPermissionShape_NotByTheRoleName(roleName: &quot;Customer Service&quot;, bindable: False)" computerName="Mac" duration="00:00:00.0000143" startTime="2026-08-22T22:18:03.3371890-04:00" endTime="2026-08-22T22:18:03.3372290-04:00" testType="13cdc9d9-ddb5-4fa4-a97d-d965ccfc6d4b" outcome="Passed" testListId="8c84fa94-04c1-424b-9868-57a2d4851a1d" relativeResultsDirectory="39bf333f-0046-4ac2-8656-86dbadf35575" />
    <UnitTestResult executionId="fa0b22d8-acd4-4cec-a19d-920916adaeb9" testId="4902ac32-cb0f-ee29-d6a8-835bcb8ee861" testName="Opstrax.Tests.CustomerPortalPostgresTests.PortalFeedback_IsCustomerAndTenantScoped" computerName="Mac" duration="00:00:00.0650674" startTime="2026-08-22T22:18:56.0666970-04:00" endTime="2026-08-22T22:18:56.1319440-04:00" testType="13cdc9d9-ddb5-4fa4-a97d-d965ccfc6d4b" outcome="Passed" testListId="8c84fa94-04c1-424b-9868-57a2d4851a1d" relativeResultsDirectory="fa0b22d8-acd4-4cec-a19d-920916adaeb9" />
    <UnitTestResult executionId="cfc948e2-94a5-45b9-a13a-042c3336854a" testId="d62ebe91-3724-e9a7-8e37-2acfa4f0237d" testName="Opstrax.Tests.BusinessSpinePostgresTests.RateCard_And_JobCharge_Persist_WithCorrelation_Metadata" computerName="Mac" duration="00:00:00.0167350" startTime="2026-08-22T22:18:57.6050080-04:00" endTime="2026-08-22T22:18:57.6218940-04:00" testType="13cdc9d9-ddb5-4fa4-a97d-d965ccfc6d4b" outcome="Passed" testListId="8c84fa94-04c1-424b-9868-57a2d4851a1d" relativeResultsDirectory="cfc948e2-94a5-45b9-a13a-042c3336854a" />
    <UnitTestResult executionId="d4b17d5c-72ef-4814-8e50-fdcc4708ebd5" testId="cd2b21a8-e609-b255-306d-9d2aa5b1c5ef" testName="Opstrax.Tests.ProofOfDeliveryPilotTests.PodSubmissionAndVerificationAreTenantBranchRoleRaceAndOutboxSafe" computerName="Mac" duration="00:00:00.0555452" startTime="2026-08-22T22:18:17.3769270-04:00" endTime="2026-08-22T22:18:17.4326190-04:00" testType="13cdc9d9-ddb5-4fa4-a97d-d965ccfc6d4b" outcome="Passed" testListId="8c84fa94-04c1-424b-9868-57a2d4851a1d" relativeResultsDirectory="d4b17d5c-72ef-4814-8e50-fdcc4708ebd5" />
    <UnitTestResult executionId="8c478da3-2e9e-430f-983c-5870353e3c3d" testId="753f8bc7-db10-f903-1437-2b2ca797e894" testName="Opstrax.Tests.Stage10PostgresTests.ExecutionSummary_Is_TenantScoped_And_Does_Not_Return_CrossTenant_Data" computerName="Mac" duration="00:00:00.0738325" startTime="2026-08-22T22:18:51.8463380-04:00" endTime="2026-08-22T22:18:51.9203990-04:00" testType="13cdc9d9-ddb5-4fa4-a97d-d965ccfc6d4b" outcome="Passed" testListId="8c84fa94-04c1-424b-9868-57a2d4851a1d" relativeResultsDirectory="8c478da3-2e9e-430f-983c-5870353e3c3d" />
    <UnitTestResult executionId="04d1b711-a227-4eda-bb76-7b3885387104" testId="86383e36-119d-7032-9b1d-79eaf643be4c" testName="Opstrax.Tests.SafetyIncidentsPilotRegressionTests.PersistedIncidentScenario_EnforcesScopeLifecycleConcurrencyAndIdempotency" computerName="Mac" duration="00:00:00.2462327" startTime="2026-08-22T22:17:59.7799210-04:00" endTime="2026-08-22T22:18:00.0265270-04:00" testType="13cdc9d9-ddb5-4fa4-a97d-d965ccfc6d4b" outcome="Passed" testListId="8c84fa94-04c1-424b-9868-57a2d4851a1d" relativeResultsDirectory="04d1b711-a227-4eda-bb76-7b3885387104" />
    <UnitTestResult executionId="96c17200-bd1a-40bf-a172-acfb0c25ad87" testId="0d4256a2-52eb-4606-c6ac-bdfcb7a23c38" testName="Opstrax.Tests.TripLifecyclePostgresTests.BackgroundTelemetryBinding_IsExecutableTenantScopedAndDeterministic" computerName="Mac" duration="00:00:00.2069396" startTime="2026-08-22T22:18:06.2303980-04:00" endTime="2026-08-22T22:18:06.4378640-04:00" testType="13cdc9d9-ddb5-4fa4-a97d-d965ccfc6d4b" outcome="Passed" testListId="8c84fa94-04c1-424b-9868-57a2d4851a1d" relativeResultsDirectory="96c17200-bd1a-40bf-a172-acfb0c25ad87" />
    <UnitTestResult executionId="db695687-84b7-409a-9d13-15fb78166f52" testId="d63a9f4f-b08a-c689-db60-14dce6128b6a" testName="Opstrax.Tests.DvirHosPilotPostgresTests.HosImmutabilityAllowsOnlyDualGatedSystemOffboardingDeletes" computerName="Mac" duration="00:00:00.0255504" startTime="2026-08-22T22:18:18.7137040-04:00" endTime="2026-08-22T22:18:18.7396130-04:00" testType="13cdc9d9-ddb5-4fa4-a97d-d965ccfc6d4b" outcome="Passed" testListId="8c84fa94-04c1-424b-9868-57a2d4851a1d" relativeResultsDirectory="db695687-84b7-409a-9d13-15fb78166f52" />
    <UnitTestResult executionId="29d3a3bf-6575-4f76-84a9-5b84cff4597d" testId="7124803b-8e74-790c-5193-760828b3c787" testName="Opstrax.Tests.PlatformControlPlaneTests.AuditLog_Is_InsertOnly_Across_All_Endpoint_Sources" computerName="Mac" duration="00:00:00.0147872" startTime="2026-08-22T22:19:08.1365700-04:00" endTime="2026-08-22T22:19:08.1514130-04:00" testType="13cdc9d9-ddb5-4fa4-a97d-d965ccfc6d4b" outcome="Passed" testListId="8c84fa94-04c1-424b-9868-57a2d4851a1d" relativeResultsDirectory="29d3a3bf-6575-4f76-84a9-5b84cff4597d" />
    <UnitTestResult executionId="99391a25-b662-4584-a878-029a559e4b1c" testId="11fa6010-b082-397b-41e2-a28f64cbce3b" testName="Opstrax.Tests.PlatformOperatorManagementTests.Last_Active_Super_Admin_Cannot_Be_Disabled_Or_Demoted" computerName="Mac" duration="00:00:00.1499382" startTime="2026-08-22T22:19:06.5713460-04:00" endTime="2026-08-22T22:19:06.7214320-04:00" testType="13cdc9d9-ddb5-4fa4-a97d-d965ccfc6d4b" outcome="Passed" testListId="8c84fa94-04c1-424b-9868-57a2d4851a1d" relativeResultsDirectory="99391a25-b662-4584-a878-029a559e4b1c" />
    <UnitTestResult executionId="30d3f0ed-3b5d-4a94-9c78-b0dcdcc4e8b7" testId="021b3d0b-834f-93fd-51f7-15eddf5ad37c" testName="Opstrax.Tests.RevenueReadinessPostgresTests.Stage7A_SchemaContract_File_Exists_And_Contains_RevenueDraftTables" computerName="Mac" duration="00:00:00.0006514" startTime="2026-08-22T22:19:00.7980430-04:00" endTime="2026-08-22T22:19:00.7987490-04:00" testType="13cdc9d9-ddb5-4fa4-a97d-d965ccfc6d4b" outcome="Passed" testListId="8c84fa94-04c1-424b-9868-57a2d4851a1d" relativeResultsDirectory="30d3f0ed-3b5d-4a94-9c78-b0dcdcc4e8b7" />
    <UnitTestResult executionId="17f1c146-143d-4e12-94a1-16b05900ff89" testId="d1622c08-6a1a-19b3-2be0-91f5227433f9" testName="Opstrax.Tests.CountryProfilePostgresTests.Country_Defaults_Do_Not_Lock_Overrides_Persist" computerName="Mac" duration="00:00:00.0746916" startTime="2026-08-22T22:18:34.7964620-04:00" endTime="2026-08-22T22:18:34.8713060-04:00" testType="13cdc9d9-ddb5-4fa4-a97d-d965ccfc6d4b" outcome="Passed" testListId="8c84fa94-04c1-424b-9868-57a2d4851a1d" relativeResultsDirectory="17f1c146-143d-4e12-94a1-16b05900ff89" />
    <UnitTestResult executionId="7d3f1a92-26e3-406c-a26f-4084cc91e990" testId="af1a634a-b4dd-f139-7714-db13569726ad" testName="Opstrax.Tests.TenantMfaEnrollmentPostgresTests.Challenge_Consumption_Is_Durable_Atomic_And_Expires" computerName="Mac" duration="00:00:00.0766902" startTime="2026-08-22T22:18:16.8969900-04:00" endTime="2026-08-22T22:18:16.9742390-04:00" testType="13cdc9d9-ddb5-4fa4-a97d-d965ccfc6d4b" outcome="Passed" testListId="8c84fa94-04c1-424b-9868-57a2d4851a1d" relativeResultsDirectory="7d3f1a92-26e3-406c-a26f-4084cc91e990" />
    <UnitTestResult executionId="399cdc17-8382-48a5-a286-7549bc7639de" testId="a80d7b41-93c6-2660-6c0c-6220d20961d2" testName="Opstrax.Tests.PlatformControlPlaneTests.PlatformMe_RevalidatesWithoutEchoingTheBearerCredential" computerName="Mac" duration="00:00:00.0511553" startTime="2026-08-22T22:19:08.6938500-04:00" endTime="2026-08-22T22:19:08.7451620-04:00" testType="13cdc9d9-ddb5-4fa4-a97d-d965ccfc6d4b" outcome="Passed" testListId="8c84fa94-04c1-424b-9868-57a2d4851a1d" relativeResultsDirectory="399cdc17-8382-48a5-a286-7549bc7639de" />
    <UnitTestResult executionId="88cc2bd9-491e-4a6e-9402-4c70c47e06dc" testId="89ecbdfa-39dc-15ce-60d6-0f0f100c1152" testName="Opstrax.Tests.PlatformBillingItemizationPostgresTests.Draft_Is_Itemized_Taxed_Per_Line_And_Header_Equals_Line_Sum" computerName="Mac" duration="00:00:00.1295400" startTime="2026-08-22T22:19:08.9657190-04:00" endTime="2026-08-22T22:19:09.0954770-04:00" testType="13cdc9d9-ddb5-4fa4-a97d-d965ccfc6d4b" outcome="Passed" testListId="8c84fa94-04c1-424b-9868-57a2d4851a1d" relativeResultsDirectory="88cc2bd9-491e-4a6e-9402-4c70c47e06dc" />
    <UnitTestResult executionId="128d0709-f1ee-48d0-af89-67f4a8f5fcc4" testId="a073c0d0-5dad-a2b8-8a6a-d508077d7546" testName="Opstrax.Tests.SafetyIncidentsPilotRegressionTests.IncidentCreate_IgnoresSpoofedResolvedBranchAndUsesOnlyAuthoritativeOwnership" computerName="Mac" duration="00:00:00.1440520" startTime="2026-08-22T22:18:00.1650030-04:00" endTime="2026-08-22T22:18:00.3092710-04:00" testType="13cdc9d9-ddb5-4fa4-a97d-d965ccfc6d4b" outcome="Passed" testListId="8c84fa94-04c1-424b-9868-57a2d4851a1d" relativeResultsDirectory="128d0709-f1ee-48d0-af89-67f4a8f5fcc4" />
    <UnitTestResult executionId="f332109e-8a90-4c8d-9e1b-6627d3afc8fd" testId="3e345d19-daf5-62b2-95e7-39391774dacb" testName="Opstrax.Tests.AdminUserBindingRevalidationPostgresTests.CustomerBindableRole_IsDecidedByPermissionShape_NotByTheRoleName(roleName: &quot;Super Admin&quot;, bindable: False)" computerName="Mac" duration="00:00:00.0000104" startTime="2026-08-22T22:18:03.3368270-04:00" endTime="2026-08-22T22:18:03.3368610-04:00" testType="13cdc9d9-ddb5-4fa4-a97d-d965ccfc6d4b" outcome="Passed" testListId="8c84fa94-04c1-424b-9868-57a2d4851a1d" relativeResultsDirectory="f332109e-8a90-4c8d-9e1b-6627d3afc8fd" />
    <UnitTestResult executionId="3b6736ee-a855-4787-bf48-1ecbaf91801b" testId="47b4e5ac-cef2-a166-b57b-10f7b16f2517" testName="Opstrax.Tests.DriverPortalHardeningPostgresTests.DriverMeAndDriverHos_DegradeOnSchemaOrGrantDrift_InsteadOf500" computerName="Mac" duration="00:00:00.0017945" startTime="2026-08-22T22:18:55.7441120-04:00" endTime="2026-08-22T22:18:55.7459500-04:00" testType="13cdc9d9-ddb5-4fa4-a97d-d965ccfc6d4b" outcome="Passed" testListId="8c84fa94-04c1-424b-9868-57a2d4851a1d" relativeResultsDirectory="3b6736ee-a855-4787-bf48-1ecbaf91801b" />
    <UnitTestResult executionId="2add74f6-38f0-474d-b278-df52e652a758" testId="067d018d-0858-6765-ab01-fd1272911050" testName="Opstrax.Tests.TaxServicePostgresTests.Recompute_Is_Idempotent" computerName="Mac" duration="00:00:00.0139725" startTime="2026-08-22T22:18:06.6995090-04:00" endTime="2026-08-22T22:18:06.7136110-04:00" testType="13cdc9d9-ddb5-4fa4-a97d-d965ccfc6d4b" outcome="Passed" testListId="8c84fa94-04c1-424b-9868-57a2d4851a1d" relativeResultsDirectory="2add74f6-38f0-474d-b278-df52e652a758" />
    <UnitTestResult executionId="e3f54bce-271a-45ec-b8dd-da10ce615e8d" testId="ec96ce73-f3dc-198b-2feb-5820cf08a151" testName="Opstrax.Tests.FleetTmsWorkspaceWave1Tests.DispatchCreatesBranchOwnedTasksAndCannotMutateAnotherBranch" computerName="Mac" duration="00:00:00.0606291" startTime="2026-08-22T22:19:02.9999250-04:00" endTime="2026-08-22T22:19:03.0607360-04:00" testType="13cdc9d9-ddb5-4fa4-a97d-d965ccfc6d4b" outcome="Passed" testListId="8c84fa94-04c1-424b-9868-57a2d4851a1d" relativeResultsDirectory="e3f54bce-271a-45ec-b8dd-da10ce615e8d" />
    <UnitTestResult executionId="c9e6b2d3-0509-4174-a506-9ddfc85ee80c" testId="af3769c9-80ed-fb42-ab8b-fdd628dd9908" testName="Opstrax.Tests.CountryProfilePostgresTests.Unknown_Country_Code_Returns_Null_Cascade" computerName="Mac" duration="00:00:00.0159488" startTime="2026-08-22T22:18:34.7802780-04:00" endTime="2026-08-22T22:18:34.7963740-04:00" testType="13cdc9d9-ddb5-4fa4-a97d-d965ccfc6d4b" outcome="Passed" testListId="8c84fa94-04c1-424b-9868-57a2d4851a1d" relativeResultsDirectory="c9e6b2d3-0509-4174-a506-9ddfc85ee80c" />
    <UnitTestResult executionId="8704e18b-fccc-432a-8020-8a8bbf38c132" testId="622ebf2b-3cd9-1f39-fb1d-153dddd9944a" testName="Opstrax.Tests.DetentionDetectionPostgresTests.NonCustomer_Fence_Never_Opens_A_Dwell_And_Timeout_Forces_Review" computerName="Mac" duration="00:00:00.0587478" startTime="2026-08-22T22:19:10.8140750-04:00" endTime="2026-08-22T22:19:10.8730070-04:00" testType="13cdc9d9-ddb5-4fa4-a97d-d965ccfc6d4b" outcome="Passed" testListId="8c84fa94-04c1-424b-9868-57a2d4851a1d" relativeResultsDirectory="8704e18b-fccc-432a-8020-8a8bbf38c132" />
    <UnitTestResult executionId="60bf1fd0-eccc-4f2d-824d-d8f5edc423d6" testId="8f6083bc-5fcd-6265-f7be-55b071b1634b" testName="Opstrax.Tests.DualIdentityAuthBootstrapPostgresTests.AuthBootstrap_SystemScope_IncludesNormalizedRolePermissions_AfterStage58" computerName="Mac" duration="00:00:00.0242097" startTime="2026-08-22T22:18:10.8423140-04:00" endTime="2026-08-22T22:18:10.8676040-04:00" testType="13cdc9d9-ddb5-4fa4-a97d-d965ccfc6d4b" outcome="Passed" testListId="8c84fa94-04c1-424b-9868-57a2d4851a1d" relativeResultsDirectory="60bf1fd0-eccc-4f2d-824d-d8f5edc423d6" />
    <UnitTestResult executionId="6e3e4483-fc6e-48a8-a734-a3a0066f38fe" testId="0009801a-9738-fcb1-cef2-95897e44ffbf" testName="Opstrax.Tests.DriverEarningsPostgresTests.Open_Period_Preview_Surfaces_Live_Detention_And_Writes_Nothing" computerName="Mac" duration="00:00:00.0324498" startTime="2026-08-22T22:19:11.3499680-04:00" endTime="2026-08-22T22:19:11.3825670-04:00" testType="13cdc9d9-ddb5-4fa4-a97d-d965ccfc6d4b" outcome="Passed" testListId="8c84fa94-04c1-424b-9868-57a2d4851a1d" relativeResultsDirectory="6e3e4483-fc6e-48a8-a734-a3a0066f38fe" />
    <UnitTestResult executionId="28c5affc-096a-4cc3-83cf-d186b5ab112c" testId="e5c2dbb8-b94b-ef71-c12e-afe9211e6a7a" testName="Opstrax.Tests.LogisticsSeederPostgresRegressionTests.LastMileDemoSeedSatisfiesCanonicalDatabaseStatusChecks" computerName="Mac" duration="00:00:00.0470951" startTime="2026-08-22T22:19:04.5517190-04:00" endTime="2026-08-22T22:19:04.5989640-04:00" testType="13cdc9d9-ddb5-4fa4-a97d-d965ccfc6d4b" outcome="Passed" testListId="8c84fa94-04c1-424b-9868-57a2d4851a1d" relativeResultsDirectory="28c5affc-096a-4cc3-83cf-d186b5ab112c" />
    <UnitTestResult executionId="19347b08-9a39-4a25-9b9b-40c27754be96" testId="c462e489-576c-068c-4aba-a8904a397e9b" testName="Opstrax.Tests.MaintenancePmBaselinePostgresTests.EngineHours_Recorded_Baseline_Arms_Next_Interval_Not_Perpetually_Overdue" computerName="Mac" duration="00:00:01.0419741" startTime="2026-08-22T22:18:00.8324380-04:00" endTime="2026-08-22T22:18:01.8747180-04:00" testType="13cdc9d9-ddb5-4fa4-a97d-d965ccfc6d4b" outcome="Passed" testListId="8c84fa94-04c1-424b-9868-57a2d4851a1d" relativeResultsDirectory="19347b08-9a39-4a25-9b9b-40c27754be96" />
    <UnitTestResult executionId="3215d5b7-4906-49c1-8cf6-dbd4bb7616a7" testId="bc8402db-0acf-7fb5-f59e-8600d2ff33ef" testName="Opstrax.Tests.EntitlementPolicyModePostgresTests.Legacy_Migration_And_Allowlist_Semantics_Are_Explicit" computerName="Mac" duration="00:00:00.0507734" startTime="2026-08-22T22:19:10.5765580-04:00" endTime="2026-08-22T22:19:10.6275320-04:00" testType="13cdc9d9-ddb5-4fa4-a97d-d965ccfc6d4b" outcome="Passed" testListId="8c84fa94-04c1-424b-9868-57a2d4851a1d" relativeResultsDirectory="3215d5b7-4906-49c1-8cf6-dbd4bb7616a7" />
    <UnitTestResult executionId="b341fdd1-6ce1-4887-a2f3-1dc9db66543e" testId="a76814d7-3543-30ae-dfa8-543f87ce2015" testName="Opstrax.Tests.InvoiceIssuedGeneralLedgerHandlerPostgresTests.Imbalanced_Invoice_Fails_Closed_And_Never_Posts" computerName="Mac" duration="00:00:00.0170751" startTime="2026-08-22T22:17:59.6902620-04:00" endTime="2026-08-22T22:17:59.7075510-04:00" testType="13cdc9d9-ddb5-4fa4-a97d-d965ccfc6d4b" outcome="Passed" testListId="8c84fa94-04c1-424b-9868-57a2d4851a1d" relativeResultsDirectory="b341fdd1-6ce1-4887-a2f3-1dc9db66543e" />
    <UnitTestResult executionId="3cf5d868-5a3b-4096-823e-e85a7a418d90" testId="6bed3503-7de5-a585-a2ff-576c5008d90a" testName="Opstrax.Tests.MarketPackPlatformControlPostgresTests.Mutation_IsAuthorizedValidatedAtomicAndPlatformAudited" computerName="Mac" duration="00:00:00.2548884" startTime="2026-08-22T22:19:10.3206810-04:00" endTime="2026-08-22T22:19:10.5758550-04:00" testType="13cdc9d9-ddb5-4fa4-a97d-d965ccfc6d4b" outcome="Passed" testListId="8c84fa94-04c1-424b-9868-57a2d4851a1d" relativeResultsDirectory="3cf5d868-5a3b-4096-823e-e85a7a418d90" />
    <UnitTestResult executionId="f923c56c-96b4-4ab8-a40b-740e074915be" testId="89bc967a-fb50-1f0c-831c-307b8bb5bc43" testName="Opstrax.Tests.DetentionPricingPostgresTests.PreExpiry_Notice_Fires_Once_And_Is_Logged_For_Evidence" computerName="Mac" duration="00:00:00.0703725" startTime="2026-08-22T22:18:04.4389200-04:00" endTime="2026-08-22T22:18:04.5096430-04:00" testType="13cdc9d9-ddb5-4fa4-a97d-d965ccfc6d4b" outcome="Passed" testListId="8c84fa94-04c1-424b-9868-57a2d4851a1d" relativeResultsDirectory="f923c56c-96b4-4ab8-a40b-740e074915be" />
    <UnitTestResult executionId="5eca3112-4221-44bd-926c-df9255a91487" testId="3fc1e7db-1d3a-236a-c880-c912cc3306eb" testName="Opstrax.Tests.PlatformSuperAdminReconcilerPostgresTests.Refuses_To_Install_A_Weak_Bootstrap_Password" computerName="Mac" duration="00:00:00.0469681" startTime="2026-08-22T22:19:06.3076210-04:00" endTime="2026-08-22T22:19:06.3547520-04:00" testType="13cdc9d9-ddb5-4fa4-a97d-d965ccfc6d4b" outcome="Passed" testListId="8c84fa94-04c1-424b-9868-57a2d4851a1d" relativeResultsDirectory="5eca3112-4221-44bd-926c-df9255a91487" />
    <UnitTestResult executionId="823e9ce2-7362-407e-ad47-ef7a91968138" testId="2da4e08f-2f73-2c21-4911-b0184ef279b8" testName="Opstrax.Tests.DeviceRevokeLifecyclePostgresTests.Revoke_WritesTransitionAndAudit_ClearsAllSevenCredentialColumns_AndReplaysIdempotently" computerName="Mac" duration="00:00:00.0322944" startTime="2026-08-22T22:18:17.7186580-04:00" endTime="2026-08-22T22:18:17.7511750-04:00" testType="13cdc9d9-ddb5-4fa4-a97d-d965ccfc6d4b" outcome="Passed" testListId="8c84fa94-04c1-424b-9868-57a2d4851a1d" relativeResultsDirectory="823e9ce2-7362-407e-ad47-ef7a91968138" />
    <UnitTestResult executionId="f543dbb1-a98c-4dfe-9786-08b279ddaf4b" testId="f5bc8f0f-2c79-c09a-fb7a-2f9ecd0f8347" testName="Opstrax.Tests.TaxServicePostgresTests.Unsupported_Regime_Is_FailClosed" computerName="Mac" duration="00:00:00.0092682" startTime="2026-08-22T22:18:06.7834770-04:00" endTime="2026-08-22T22:18:06.7928730-04:00" testType="13cdc9d9-ddb5-4fa4-a97d-d965ccfc6d4b" outcome="Passed" testListId="8c84fa94-04c1-424b-9868-57a2d4851a1d" relativeResultsDirectory="f543dbb1-a98c-4dfe-9786-08b279ddaf4b" />
    <UnitTestResult executionId="0694d663-80cc-42e8-8225-07cf9e95d88c" testId="5fcbb685-3cd8-b510-77b1-b78e027f024b" testName="Opstrax.Tests.CountryProfilePostgresTests.Upsert_And_Delete_A_New_Country_Profile_Roundtrips" computerName="Mac" duration="00:00:00.0176771" startTime="2026-08-22T22:18:34.7620350-04:00" endTime="2026-08-22T22:18:34.7801040-04:00" testType="13cdc9d9-ddb5-4fa4-a97d-d965ccfc6d4b" outcome="Passed" testListId="8c84fa94-04c1-424b-9868-57a2d4851a1d" relativeResultsDirectory="0694d663-80cc-42e8-8225-07cf9e95d88c" />
    <UnitTestResult executionId="7bbb9e75-f372-4c37-a27a-f912f54be25c" testId="81cff5be-8316-9dbb-a90c-2b1d176f7310" testName="Opstrax.Tests.SafetyCoachingScorecardPilotPostgresTests.ScoreFormulaExcludesDismissedDeletedAndHonorsWindows" computerName="Mac" duration="00:00:00.1996381" startTime="2026-08-22T22:18:35.7752910-04:00" endTime="2026-08-22T22:18:35.9750930-04:00" testType="13cdc9d9-ddb5-4fa4-a97d-d965ccfc6d4b" outcome="Passed" testListId="8c84fa94-04c1-424b-9868-57a2d4851a1d" relativeResultsDirectory="7bbb9e75-f372-4c37-a27a-f912f54be25c" />
    <UnitTestResult executionId="71c6f541-d130-48d4-85e2-007efc782500" testId="c79df2e4-ed81-0ac0-6156-2227fdd969cb" testName="Opstrax.Tests.ProofOfDeliveryPilotTests.PodReadModelsAreCanonicalPermissionBranchScopedAndDoNotLeakPrivateObjectReferences" computerName="Mac" duration="00:00:00.0368924" startTime="2026-08-22T22:18:17.6812310-04:00" endTime="2026-08-22T22:18:17.7183250-04:00" testType="13cdc9d9-ddb5-4fa4-a97d-d965ccfc6d4b" outcome="Passed" testListId="8c84fa94-04c1-424b-9868-57a2d4851a1d" relativeResultsDirectory="71c6f541-d130-48d4-85e2-007efc782500" />
    <UnitTestResult executionId="d0c4d930-9074-4783-aa44-1c10fbbb3a8c" testId="a5c19772-8a0f-7c6f-a099-4758dd221a9f" testName="Opstrax.Tests.BillingConsolidationPostgresTests.No_Billable_Charges_Is_FailClosed" computerName="Mac" duration="00:00:00.0139889" startTime="2026-08-22T22:18:56.1885770-04:00" endTime="2026-08-22T22:18:56.2027010-04:00" testType="13cdc9d9-ddb5-4fa4-a97d-d965ccfc6d4b" outcome="Passed" testListId="8c84fa94-04c1-424b-9868-57a2d4851a1d" relativeResultsDirectory="d0c4d930-9074-4783-aa44-1c10fbbb3a8c" />
    <UnitTestResult executionId="46b8eba8-836a-409f-93d7-8470d2e159fa" testId="32ef8a6b-739c-fd27-f8b7-ec160d04041b" testName="Opstrax.Tests.FleetTmsWorkspaceWave1Tests.StopLifecyclePersistsOrderedTransitionsAndInheritedBranchEvents" computerName="Mac" duration="00:00:00.0286832" startTime="2026-08-22T22:19:03.1521000-04:00" endTime="2026-08-22T22:19:03.1809760-04:00" testType="13cdc9d9-ddb5-4fa4-a97d-d965ccfc6d4b" outcome="Passed" testListId="8c84fa94-04c1-424b-9868-57a2d4851a1d" relativeResultsDirectory="46b8eba8-836a-409f-93d7-8470d2e159fa" />
    <UnitTestResult executionId="8a33f5c5-0bc4-4e83-b58a-14ef5856d7ff" testId="4fb73d69-f408-112f-a35e-10a689d2904f" testName="Opstrax.Tests.SafetyIncidentsPilotRegressionTests.ConcurrentCreateAndEvidenceCas_HaveSingleWinnersAndSingleAudits" computerName="Mac" duration="00:00:00.1204309" startTime="2026-08-22T22:18:00.0267180-04:00" endTime="2026-08-22T22:18:00.1473560-04:00" testType="13cdc9d9-ddb5-4fa4-a97d-d965ccfc6d4b" outcome="Passed" testListId="8c84fa94-04c1-424b-9868-57a2d4851a1d" relativeResultsDirectory="8a33f5c5-0bc4-4e83-b58a-14ef5856d7ff" />
    <UnitTestResult executionId="7829b01e-1dd1-409e-8b41-42f06793c775" testId="6affbce1-6c17-059b-e18a-0c358aaa2f04" testName="Opstrax.Tests.PlatformSuperAdminReconcilerPostgresTests.Applies_A_Rotated_Env_Credential_On_The_Next_Boot" computerName="Mac" duration="00:00:00.1559293" startTime="2026-08-22T22:19:06.1512210-04:00" endTime="2026-08-22T22:19:06.3073250-04:00" testType="13cdc9d9-ddb5-4fa4-a97d-d965ccfc6d4b" outcome="Passed" testListId="8c84fa94-04c1-424b-9868-57a2d4851a1d" relativeResultsDirectory="7829b01e-1dd1-409e-8b41-42f06793c775" />
    <UnitTestResult executionId="f3a56814-8e8a-4bc9-8afa-8ac3545cf430" testId="03ca0eee-b5f3-a820-416f-1656b9fcf772" testName="Opstrax.Tests.RevenueReadinessPostgresTests.FinanceExport_ArAgingCsv_ContainsOnlyLiveRows_NoPlaceholders" computerName="Mac" duration="00:00:00.0792373" startTime="2026-08-22T22:19:00.6021110-04:00" endTime="2026-08-22T22:19:00.6816650-04:00" testType="13cdc9d9-ddb5-4fa4-a97d-d965ccfc6d4b" outcome="Passed" testListId="8c84fa94-04c1-424b-9868-57a2d4851a1d" relativeResultsDirectory="f3a56814-8e8a-4bc9-8afa-8ac3545cf430" />
    <UnitTestResult executionId="9c1c19ab-0d23-43ae-a581-4727d9d1f6dd" testId="9f5dcdaf-46fd-ebc5-4800-d41fcd0e4112" testName="Opstrax.Tests.RevenueReadinessPostgresTests.Issue_With_Published_Tax_Profile_Taxes_Invoice_And_Snapshots_Breakdown" computerName="Mac" duration="00:00:00.1025440" startTime="2026-08-22T22:19:00.1618130-04:00" endTime="2026-08-22T22:19:00.2657270-04:00" testType="13cdc9d9-ddb5-4fa4-a97d-d965ccfc6d4b" outcome="Passed" testListId="8c84fa94-04c1-424b-9868-57a2d4851a1d" relativeResultsDirectory="9c1c19ab-0d23-43ae-a581-4727d9d1f6dd" />
    <UnitTestResult executionId="c2d48cb9-e5c8-4b1f-bbdc-5713c9cbbd45" testId="60217e97-a766-8042-5e98-f5e2b76efee2" testName="Opstrax.Tests.CustomerRuntimePostgresTests.CustomerList_ExecutesProtectedHealthContractWithoutManufacturedScores" computerName="Mac" duration="00:00:00.0167745" startTime="2026-08-22T22:19:11.2177500-04:00" endTime="2026-08-22T22:19:11.2346530-04:00" testType="13cdc9d9-ddb5-4fa4-a97d-d965ccfc6d4b" outcome="Passed" testListId="8c84fa94-04c1-424b-9868-57a2d4851a1d" relativeResultsDirectory="c2d48cb9-e5c8-4b1f-bbdc-5713c9cbbd45" />
    <UnitTestResult executionId="5e75a317-5377-4fc3-a4fe-6560747dcddc" testId="bbcf12da-27b7-1f10-bcb1-00e85d9a9946" testName="Opstrax.Tests.TripLifecyclePostgresTests.ConcurrentStartsSharingVehicleAndDriver_AllowExactlyOneActiveTrip" computerName="Mac" duration="00:00:00.1667567" startTime="2026-08-22T22:18:05.0525080-04:00" endTime="2026-08-22T22:18:05.2194800-04:00" testType="13cdc9d9-ddb5-4fa4-a97d-d965ccfc6d4b" outcome="Passed" testListId="8c84fa94-04c1-424b-9868-57a2d4851a1d" relativeResultsDirectory="5e75a317-5377-4fc3-a4fe-6560747dcddc" />
    <UnitTestResult executionId="24ea3248-35a9-488a-b9ef-a6604d855425" testId="e71e6595-5e77-4e40-5e30-9f9fafc31257" testName="Opstrax.Tests.InvoiceIssuedGeneralLedgerHandlerPostgresTests.Double_Delivery_Posts_Exactly_One_Journal_Entry" computerName="Mac" duration="00:00:00.0297293" startTime="2026-08-22T22:17:59.5983280-04:00" endTime="2026-08-22T22:17:59.6282870-04:00" testType="13cdc9d9-ddb5-4fa4-a97d-d965ccfc6d4b" outcome="Passed" testListId="8c84fa94-04c1-424b-9868-57a2d4851a1d" relativeResultsDirectory="24ea3248-35a9-488a-b9ef-a6604d855425" />
    <UnitTestResult executionId="3651bcba-c104-4a16-bfc9-80243c0ef179" testId="43d1e173-d6c7-bb6c-a17e-ddaf45c290ca" testName="Opstrax.Tests.CustomerPortalPostgresTests.AdminUserBinding_RejectsCrossTenantAndDangling_AndAuditsChanges" computerName="Mac" duration="00:00:00.0869048" startTime="2026-08-22T22:18:55.9795610-04:00" endTime="2026-08-22T22:18:56.0666010-04:00" testType="13cdc9d9-ddb5-4fa4-a97d-d965ccfc6d4b" outcome="Passed" testListId="8c84fa94-04c1-424b-9868-57a2d4851a1d" relativeResultsDirectory="3651bcba-c104-4a16-bfc9-80243c0ef179" />
    <UnitTestResult executionId="05308e88-e20e-4dd0-a484-a2b234d48fa3" testId="9cf46088-6034-f7cd-478c-fcedb2db9dbb" testName="Opstrax.Tests.FleetIdentityInstallationPostgresTests.CompatibilityProjectionUsesMutationTimeWhenTransferStartsAfterTransaction" computerName="Mac" duration="00:00:00.0417032" startTime="2026-08-22T22:18:51.6897890-04:00" endTime="2026-08-22T22:18:51.7318700-04:00" testType="13cdc9d9-ddb5-4fa4-a97d-d965ccfc6d4b" outcome="Passed" testListId="8c84fa94-04c1-424b-9868-57a2d4851a1d" relativeResultsDirectory="05308e88-e20e-4dd0-a484-a2b234d48fa3" />
    <UnitTestResult executionId="c74cb148-c5c1-46f8-b301-4c5665d73bf1" testId="f587f205-9356-e91b-c09f-c943a7c84d0e" testName="Opstrax.Tests.BusinessSpinePostgresTests.RateCard_Mirror_Upsert_Is_TenantScoped_And_Idempotent_ByCode" computerName="Mac" duration="00:00:00.0172142" startTime="2026-08-22T22:18:57.6219750-04:00" endTime="2026-08-22T22:18:57.6393550-04:00" testType="13cdc9d9-ddb5-4fa4-a97d-d965ccfc6d4b" outcome="Passed" testListId="8c84fa94-04c1-424b-9868-57a2d4851a1d" relativeResultsDirectory="c74cb148-c5c1-46f8-b301-4c5665d73bf1" />
    <UnitTestResult executionId="f7a43372-f4e3-42b2-aae3-da0073012e8e" testId="0e61237c-3d11-8dcc-5222-f39965d51106" testName="Opstrax.Tests.DiagnosticsIntegrityPostgresTests.Projection_IsMonotonic_AndEqualTimeUsesSourceEventTieBreak" computerName="Mac" duration="00:00:00.0915551" startTime="2026-08-22T22:18:03.3797090-04:00" endTime="2026-08-22T22:18:03.4715850-04:00" testType="13cdc9d9-ddb5-4fa4-a97d-d965ccfc6d4b" outcome="Passed" testListId="8c84fa94-04c1-424b-9868-57a2d4851a1d" relativeResultsDirectory="f7a43372-f4e3-42b2-aae3-da0073012e8e" />
    <UnitTestResult executionId="5080c151-1c22-49ee-b115-01130ade8d85" testId="7044b581-7b52-4473-05ee-ba2b56e8989e" testName="Opstrax.Tests.TenantMfaEnrollmentPostgresTests.Enroll_Then_ValidCode_Activates_And_WrongCode_Does_Not" computerName="Mac" duration="00:00:00.0168043" startTime="2026-08-22T22:18:16.9743410-04:00" endTime="2026-08-22T22:18:16.9914330-04:00" testType="13cdc9d9-ddb5-4fa4-a97d-d965ccfc6d4b" outcome="Passed" testListId="8c84fa94-04c1-424b-9868-57a2d4851a1d" relativeResultsDirectory="5080c151-1c22-49ee-b115-01130ade8d85" />
    <UnitTestResult executionId="b745360b-a9ab-41ef-b02f-099b412c0aac" testId="f64671a7-ec38-705c-151b-a699fc3f15fe" testName="Opstrax.Tests.FleetSpecializedBranchTests.ColdChain_TenantWideReading_UsesResourceBranchAndRejectsCrossBranchZonesWithoutSideEffects" computerName="Mac" duration="00:00:00.0721718" startTime="2026-08-22T22:18:53.2297800-04:00" endTime="2026-08-22T22:18:53.3021470-04:00" testType="13cdc9d9-ddb5-4fa4-a97d-d965ccfc6d4b" outcome="Passed" testListId="8c84fa94-04c1-424b-9868-57a2d4851a1d" relativeResultsDirectory="b745360b-a9ab-41ef-b02f-099b412c0aac" />
    <UnitTestResult executionId="9e78af5f-e8f8-4cd1-8e5f-f1d4338535a8" testId="89414c12-ed68-f4fe-fdfd-84392f10bb0f" testName="Opstrax.Tests.GeofenceEvaluatorPostgresTests.Accepted_Position_Burst_Preserves_Transitions_And_Alert_Lifecycle" computerName="Mac" duration="00:00:00.0181469" startTime="2026-08-22T22:18:56.2960920-04:00" endTime="2026-08-22T22:18:56.3144520-04:00" testType="13cdc9d9-ddb5-4fa4-a97d-d965ccfc6d4b" outcome="Passed" testListId="8c84fa94-04c1-424b-9868-57a2d4851a1d" relativeResultsDirectory="9e78af5f-e8f8-4cd1-8e5f-f1d4338535a8" />
    <UnitTestResult executionId="ac5b5d4f-c93d-4f79-9cc7-a695f9061f77" testId="605e427a-5470-33c2-389f-54331c37f729" testName="Opstrax.Tests.TaxServicePostgresTests.Zero_Rated_Rule_Charges_No_Tax" computerName="Mac" duration="00:00:00.0103429" startTime="2026-08-22T22:18:06.6889430-04:00" endTime="2026-08-22T22:18:06.6994160-04:00" testType="13cdc9d9-ddb5-4fa4-a97d-d965ccfc6d4b" outcome="Passed" testListId="8c84fa94-04c1-424b-9868-57a2d4851a1d" relativeResultsDirectory="ac5b5d4f-c93d-4f79-9cc7-a695f9061f77" />
    <UnitTestResult executionId="4d0135b0-3773-4353-89d4-56556bedce81" testId="89f4915e-47b2-14a7-84e4-b741c6c5c9f7" testName="Opstrax.Tests.DeviceRevokeLifecyclePostgresTests.AppRole_NeverHoldsUpdateOnCredentialColumns_ButSystemRoleDoes" computerName="Mac" duration="00:00:00.0032905" startTime="2026-08-22T22:18:17.7513110-04:00" endTime="2026-08-22T22:18:17.7547920-04:00" testType="13cdc9d9-ddb5-4fa4-a97d-d965ccfc6d4b" outcome="Passed" testListId="8c84fa94-04c1-424b-9868-57a2d4851a1d" relativeResultsDirectory="4d0135b0-3773-4353-89d4-56556bedce81" />
    <UnitTestResult executionId="025333d0-f4a5-4b2f-8391-1d322df1b5e1" testId="45191edb-a15e-9abb-7f50-ce7cf7ea59ae" testName="Opstrax.Tests.PlatformControlPlaneTests.Tenant_Lifecycle_Is_Safe_Audited_And_Revokes_Sessions" computerName="Mac" duration="00:00:00.2224127" startTime="2026-08-22T22:19:08.2947470-04:00" endTime="2026-08-22T22:19:08.5174740-04:00" testType="13cdc9d9-ddb5-4fa4-a97d-d965ccfc6d4b" outcome="Passed" testListId="8c84fa94-04c1-424b-9868-57a2d4851a1d" relativeResultsDirectory="025333d0-f4a5-4b2f-8391-1d322df1b5e1" />
    <UnitTestResult executionId="cb9379e7-353c-4578-aeed-ebf747e15392" testId="9266bd07-1529-e350-6fcc-2b549f0909d7" testName="Opstrax.Tests.TaxServicePostgresTests.Zatca_NonSAR_Currency_Is_FailClosed" computerName="Mac" duration="00:00:00.0104580" startTime="2026-08-22T22:18:06.7606560-04:00" endTime="2026-08-22T22:18:06.7712490-04:00" testType="13cdc9d9-ddb5-4fa4-a97d-d965ccfc6d4b" outcome="Passed" testListId="8c84fa94-04c1-424b-9868-57a2d4851a1d" relativeResultsDirectory="cb9379e7-353c-4578-aeed-ebf747e15392" />
    <UnitTestResult executionId="0d0a8881-2ab8-4dd4-8aa2-391092c4ca32" testId="6c392ebf-3a02-8c60-300d-5aea1cf2d37e" testName="Opstrax.Tests.TenantOffboardingPostgresTests.DeleteTenant_Removes_Every_Row_For_A_Real_Tenant" computerName="Mac" duration="00:00:00.9744481" startTime="2026-08-22T22:18:59.0508160-04:00" endTime="2026-08-22T22:19:00.0254450-04:00" testType="13cdc9d9-ddb5-4fa4-a97d-d965ccfc6d4b" outcome="Passed" testListId="8c84fa94-04c1-424b-9868-57a2d4851a1d" relativeResultsDirectory="0d0a8881-2ab8-4dd4-8aa2-391092c4ca32" />
    <UnitTestResult executionId="2d950c87-57ff-4e3a-9f30-39bf86bcf861" testId="c1757529-fb07-1c08-b402-e72f089582e9" testName="Opstrax.Tests.PlatformEmailSettingsTests.A_Stored_Value_Overrides_The_Environment" computerName="Mac" duration="00:00:00.0047443" startTime="2026-08-22T22:19:07.6761600-04:00" endTime="2026-08-22T22:19:07.6810600-04:00" testType="13cdc9d9-ddb5-4fa4-a97d-d965ccfc6d4b" outcome="Passed" testListId="8c84fa94-04c1-424b-9868-57a2d4851a1d" relativeResultsDirectory="2d950c87-57ff-4e3a-9f30-39bf86bcf861" />
    <UnitTestResult executionId="ef296f93-7c60-4039-817d-f09ab5eab97c" testId="04dd583a-7e3c-77f3-9325-9b1d82f77a91" testName="Opstrax.Tests.FoundationDispatcherPostgresTests.OutboxDispatcher_Processes_FoundationSmokeRequested_Event" computerName="Mac" duration="00:00:00.0212307" startTime="2026-08-22T22:18:00.7648180-04:00" endTime="2026-08-22T22:18:00.7862380-04:00" testType="13cdc9d9-ddb5-4fa4-a97d-d965ccfc6d4b" outcome="Passed" testListId="8c84fa94-04c1-424b-9868-57a2d4851a1d" relativeResultsDirectory="ef296f93-7c60-4039-817d-f09ab5eab97c" />
    <UnitTestResult executionId="73c065a1-5b97-436e-8ab6-614c79605969" testId="f19db1c7-6cef-363f-f825-c575d9aaf177" testName="Opstrax.Tests.TaxServicePostgresTests.Vat_Exclusive_Standard_Rate" computerName="Mac" duration="00:00:00.0118610" startTime="2026-08-22T22:18:06.7713550-04:00" endTime="2026-08-22T22:18:06.7833690-04:00" testType="13cdc9d9-ddb5-4fa4-a97d-d965ccfc6d4b" outcome="Passed" testListId="8c84fa94-04c1-424b-9868-57a2d4851a1d" relativeResultsDirectory="73c065a1-5b97-436e-8ab6-614c79605969" />
    <UnitTestResult executionId="0ed3115e-9ab3-47a6-be99-44e48831eb82" testId="a4becee7-711b-bf5e-f6e2-dad410326588" testName="Opstrax.Tests.MessagingConversationPostgresTests.Dispatcher_Unread_Counts_Only_Inbound_Driver_Messages_Not_Colleague_Outbound" computerName="Mac" duration="00:00:00.0164892" startTime="2026-08-22T22:19:00.0425520-04:00" endTime="2026-08-22T22:19:00.0592130-04:00" testType="13cdc9d9-ddb5-4fa4-a97d-d965ccfc6d4b" outcome="Passed" testListId="8c84fa94-04c1-424b-9868-57a2d4851a1d" relativeResultsDirectory="0ed3115e-9ab3-47a6-be99-44e48831eb82" />
    <UnitTestResult executionId="3c6914c8-2bc3-40d6-a7d0-b46e1dbfbc28" testId="5b5677a6-c209-5415-84f9-5685998f7aaf" testName="Opstrax.Tests.CreditNotePostgresTests.Full_CreditNote_Flow_Reverses_Invoice_And_Books_GL" computerName="Mac" duration="00:00:00.0687028" startTime="2026-08-22T22:18:04.6965840-04:00" endTime="2026-08-22T22:18:04.7655680-04:00" testType="13cdc9d9-ddb5-4fa4-a97d-d965ccfc6d4b" outcome="Passed" testListId="8c84fa94-04c1-424b-9868-57a2d4851a1d" relativeResultsDirectory="3c6914c8-2bc3-40d6-a7d0-b46e1dbfbc28" />
    <UnitTestResult executionId="659f55cd-d657-4730-9598-2747fe007bae" testId="129efb42-f2b9-1399-6bad-63077872bafb" testName="Opstrax.Tests.RatingServicePostgresTests.Manual_Charges_Are_Preserved_Across_ReRating" computerName="Mac" duration="00:00:00.0190667" startTime="2026-08-22T22:18:07.9180200-04:00" endTime="2026-08-22T22:18:07.9372310-04:00" testType="13cdc9d9-ddb5-4fa4-a97d-d965ccfc6d4b" outcome="Passed" testListId="8c84fa94-04c1-424b-9868-57a2d4851a1d" relativeResultsDirectory="659f55cd-d657-4730-9598-2747fe007bae" />
    <UnitTestResult executionId="88ff1014-4075-4941-9207-95388f749c68" testId="30ff978b-973e-3a8d-e519-cc4a0119067f" testName="Opstrax.Tests.FleetIdentityInstallationPostgresTests.CommissioningPassRequiresPersistedTelemetryProofAndExpectedVersion" computerName="Mac" duration="00:00:00.0343551" startTime="2026-08-22T22:18:51.6510650-04:00" endTime="2026-08-22T22:18:51.6857690-04:00" testType="13cdc9d9-ddb5-4fa4-a97d-d965ccfc6d4b" outcome="Passed" testListId="8c84fa94-04c1-424b-9868-57a2d4851a1d" relativeResultsDirectory="88ff1014-4075-4941-9207-95388f749c68" />
    <UnitTestResult executionId="1d6f6521-70c2-45c6-ac6c-2c6d0708f9b3" testId="9d11a84a-12e5-3566-6052-2313b068e1cd" testName="Opstrax.Tests.MessagingConversationPostgresTests.Driver_Unread_Count_Counts_Only_Own_Unread_Inbound_Threads" computerName="Mac" duration="00:00:00.0295733" startTime="2026-08-22T22:19:00.0592910-04:00" endTime="2026-08-22T22:19:00.0891480-04:00" testType="13cdc9d9-ddb5-4fa4-a97d-d965ccfc6d4b" outcome="Passed" testListId="8c84fa94-04c1-424b-9868-57a2d4851a1d" relativeResultsDirectory="1d6f6521-70c2-45c6-ac6c-2c6d0708f9b3" />
    <UnitTestResult executionId="decec674-6352-49c1-b357-215ca58b29a4" testId="b87d57f4-b031-56c6-c88d-65fbb6b422dd" testName="Opstrax.Tests.RatingServicePostgresTests.No_Rate_Card_Fails_Closed_And_Writes_Nothing" computerName="Mac" duration="00:00:00.0106528" startTime="2026-08-22T22:18:07.9070700-04:00" endTime="2026-08-22T22:18:07.9178830-04:00" testType="13cdc9d9-ddb5-4fa4-a97d-d965ccfc6d4b" outcome="Passed" testListId="8c84fa94-04c1-424b-9868-57a2d4851a1d" relativeResultsDirectory="decec674-6352-49c1-b357-215ca58b29a4" />
    <UnitTestResult executionId="151924e2-fe99-480a-a2f1-12466ca79e33" testId="8704a8e5-ed20-82f3-465a-1b2a5313ca84" testName="Opstrax.Tests.PlatformBillingItemizationPostgresTests.Readiness_Flags_Missing_Package_And_Unregistered_Country_As_Blockers" computerName="Mac" duration="00:00:00.2097440" startTime="2026-08-22T22:19:09.2521020-04:00" endTime="2026-08-22T22:19:09.4622850-04:00" testType="13cdc9d9-ddb5-4fa4-a97d-d965ccfc6d4b" outcome="Passed" testListId="8c84fa94-04c1-424b-9868-57a2d4851a1d" relativeResultsDirectory="151924e2-fe99-480a-a2f1-12466ca79e33" />
    <UnitTestResult executionId="cc6b0fcf-ab72-4e51-a687-4ea51ad1b6a6" testId="26cc0c48-5b63-e0f8-de2d-1b9de06b8a96" testName="Opstrax.Tests.DetentionDetectionPostgresTests.Entry_Inside_A_Charged_Dwells_Interval_Is_Absorbed_Not_A_New_Dwell" computerName="Mac" duration="00:00:00.0373273" startTime="2026-08-22T22:19:10.9301200-04:00" endTime="2026-08-22T22:19:10.9675820-04:00" testType="13cdc9d9-ddb5-4fa4-a97d-d965ccfc6d4b" outcome="Passed" testListId="8c84fa94-04c1-424b-9868-57a2d4851a1d" relativeResultsDirectory="cc6b0fcf-ab72-4e51-a687-4ea51ad1b6a6" />
    <UnitTestResult executionId="8d4783f7-2a98-4a2f-8d92-04a54b6154ec" testId="5b2f1db7-5c46-1f25-b26a-937cf5e7fe07" testName="Opstrax.Tests.FinancialConfigPostgresTests.New_Version_Supersedes_Prior_Published_Head" computerName="Mac" duration="00:00:00.0133319" startTime="2026-08-22T22:18:06.8488370-04:00" endTime="2026-08-22T22:18:06.8623120-04:00" testType="13cdc9d9-ddb5-4fa4-a97d-d965ccfc6d4b" outcome="Passed" testListId="8c84fa94-04c1-424b-9868-57a2d4851a1d" relativeResultsDirectory="8d4783f7-2a98-4a2f-8d92-04a54b6154ec" />
    <UnitTestResult executionId="11b3c85a-a737-4869-99a2-63ee990b941a" testId="6ef62dfb-49b7-dae1-4d6f-7d56e9c39d89" testName="Opstrax.Tests.FleetSpecializedBranchTests.RegionalCompliance_Branch_CanadaAndSaudi_Workflows_Are_Isolated" computerName="Mac" duration="00:00:00.0618649" startTime="2026-08-22T22:18:53.3022500-04:00" endTime="2026-08-22T22:18:53.3642610-04:00" testType="13cdc9d9-ddb5-4fa4-a97d-d965ccfc6d4b" outcome="Passed" testListId="8c84fa94-04c1-424b-9868-57a2d4851a1d" relativeResultsDirectory="11b3c85a-a737-4869-99a2-63ee990b941a" />
    <UnitTestResult executionId="67d48302-9b7b-4aa0-a719-4c151658dc7c" testId="da982131-f753-3e9e-0842-154eaf6cadb0" testName="Opstrax.Tests.PlatformEmailSettingsTests.Stored_Secret_Not_Reusable_When_Nothing_Is_Stored" computerName="Mac" duration="00:00:00.0000637" startTime="2026-08-22T22:19:07.7037010-04:00" endTime="2026-08-22T22:19:07.7037820-04:00" testType="13cdc9d9-ddb5-4fa4-a97d-d965ccfc6d4b" outcome="Passed" testListId="8c84fa94-04c1-424b-9868-57a2d4851a1d" relativeResultsDirectory="67d48302-9b7b-4aa0-a719-4c151658dc7c" />
    <UnitTestResult executionId="829f45a5-98ae-4b9f-9401-991544f430fe" testId="72e3e8c7-1e0f-7459-9dbe-ccc5e3c683bd" testName="Opstrax.Tests.PlatformControlPlaneTests.PlatformLogin_InvalidPassword_Is_401_And_Audited" computerName="Mac" duration="00:00:00.0875267" startTime="2026-08-22T22:19:08.1514970-04:00" endTime="2026-08-22T22:19:08.2393000-04:00" testType="13cdc9d9-ddb5-4fa4-a97d-d965ccfc6d4b" outcome="Passed" testListId="8c84fa94-04c1-424b-9868-57a2d4851a1d" relativeResultsDirectory="829f45a5-98ae-4b9f-9401-991544f430fe" />
    <UnitTestResult executionId="4f18a21e-da6b-4c0e-8132-1a416719d9bf" testId="828316bd-1abb-eed2-6750-35cfaf073b14" testName="Opstrax.Tests.RevenueRecognitionPostgresTests.Cash_Method_Is_FailClosed" computerName="Mac" duration="00:00:00.0299260" startTime="2026-08-22T22:18:54.3785220-04:00" endTime="2026-08-22T22:18:54.4091840-04:00" testType="13cdc9d9-ddb5-4fa4-a97d-d965ccfc6d4b" outcome="Passed" testListId="8c84fa94-04c1-424b-9868-57a2d4851a1d" relativeResultsDirectory="4f18a21e-da6b-4c0e-8132-1a416719d9bf" />
    <UnitTestResult executionId="f49ad462-7a7b-4ed4-a415-0c811412871a" testId="08657f76-0e38-5526-d2cc-9f9fb8b20c68" testName="Opstrax.Tests.PlatformTenantUserAdministrationPostgresTests.Last_Active_Administrator_Cannot_Be_Demoted_Or_Disabled" computerName="Mac" duration="00:00:00.1578829" startTime="2026-08-22T22:19:05.0904190-04:00" endTime="2026-08-22T22:19:05.2484500-04:00" testType="13cdc9d9-ddb5-4fa4-a97d-d965ccfc6d4b" outcome="Passed" testListId="8c84fa94-04c1-424b-9868-57a2d4851a1d" relativeResultsDirectory="f49ad462-7a7b-4ed4-a415-0c811412871a" />
    <UnitTestResult executionId="d9b047f5-079e-4858-931d-b9791d36163e" testId="f1971d90-6b94-c8a4-f021-2036b78c6610" testName="Opstrax.Tests.FleetSpecializedBranchTests.CanadaIftaAndHos_AreExplicitNonOperablePreviewContracts" computerName="Mac" duration="00:00:00.0851423" startTime="2026-08-22T22:18:53.6080960-04:00" endTime="2026-08-22T22:18:53.6935510-04:00" testType="13cdc9d9-ddb5-4fa4-a97d-d965ccfc6d4b" outcome="Passed" testListId="8c84fa94-04c1-424b-9868-57a2d4851a1d" relativeResultsDirectory="d9b047f5-079e-4858-931d-b9791d36163e" />
    <UnitTestResult executionId="7b886b84-ab8e-4b90-ad51-729c7fd5e99c" testId="61cf4a35-8ade-00b1-d4a4-4a9f30d42194" testName="Opstrax.Tests.TenantOffboardingPostgresTests.DeleteTenant_Only_Touches_The_Target_Tenant" computerName="Mac" duration="00:00:01.4108556" startTime="2026-08-22T22:18:57.6395560-04:00" endTime="2026-08-22T22:18:59.0506960-04:00" testType="13cdc9d9-ddb5-4fa4-a97d-d965ccfc6d4b" outcome="Passed" testListId="8c84fa94-04c1-424b-9868-57a2d4851a1d" relativeResultsDirectory="7b886b84-ab8e-4b90-ad51-729c7fd5e99c" />
    <UnitTestResult executionId="3fd77376-d0e2-4d45-a59c-3c355a1ebf51" testId="188d57ca-3b68-2462-a534-76ce835dd054" testName="Opstrax.Tests.CoreJobsBranchHosApiTests.CancelOnlyPermissionCannotReachAssignmentStatusEtaOrProofThroughSemanticAliases" computerName="Mac" duration="00:00:00.0047898" startTime="2026-08-22T22:18:07.9961880-04:00" endTime="2026-08-22T22:18:08.0010070-04:00" testType="13cdc9d9-ddb5-4fa4-a97d-d965ccfc6d4b" outcome="Passed" testListId="8c84fa94-04c1-424b-9868-57a2d4851a1d" relativeResultsDirectory="3fd77376-d0e2-4d45-a59c-3c355a1ebf51" />
    <UnitTestResult executionId="8be7dd88-689f-4e73-8303-57ecff400c80" testId="96264225-8589-13b9-d12f-18d311460a48" testName="Opstrax.Tests.SettlementGlPostingPostgresTests.Approval_Accrues_Payable_Via_Outbox_End_To_End" computerName="Mac" duration="00:00:00.0170617" startTime="2026-08-22T22:18:17.8788690-04:00" endTime="2026-08-22T22:18:17.8961260-04:00" testType="13cdc9d9-ddb5-4fa4-a97d-d965ccfc6d4b" outcome="Passed" testListId="8c84fa94-04c1-424b-9868-57a2d4851a1d" relativeResultsDirectory="8be7dd88-689f-4e73-8303-57ecff400c80" />
    <UnitTestResult executionId="26efda1b-6e02-4e64-be62-9dfa8e16712d" testId="7f9626af-f643-3ef2-bf7d-e517564361cf" testName="Opstrax.Tests.LastMileWorkflowPostgresTests.CreateDispatchMaterializesStopInOrderBranchAndRejectsDuplicateKeys" computerName="Mac" duration="00:00:00.0388973" startTime="2026-08-22T22:18:17.9335490-04:00" endTime="2026-08-22T22:18:17.9725920-04:00" testType="13cdc9d9-ddb5-4fa4-a97d-d965ccfc6d4b" outcome="Passed" testListId="8c84fa94-04c1-424b-9868-57a2d4851a1d" relativeResultsDirectory="26efda1b-6e02-4e64-be62-9dfa8e16712d" />
    <UnitTestResult executionId="723a5fa1-b4cf-4658-b30e-279c64534e64" testId="93ce13b1-c22c-d2c6-212b-27e11e59ec9f" testName="Opstrax.Tests.CustomerPortalPostgresTests.PortalJobDetail_StripsInternalFields_AtTheQueryLevel" computerName="Mac" duration="00:00:00.0560840" startTime="2026-08-22T22:18:56.1320400-04:00" endTime="2026-08-22T22:18:56.1883020-04:00" testType="13cdc9d9-ddb5-4fa4-a97d-d965ccfc6d4b" outcome="Passed" testListId="8c84fa94-04c1-424b-9868-57a2d4851a1d" relativeResultsDirectory="723a5fa1-b4cf-4658-b30e-279c64534e64" />
    <UnitTestResult executionId="e5b9ca28-55d4-4287-a06f-2da976add56b" testId="fb8227c4-0de7-cae4-3eea-4a7609baf94e" testName="Opstrax.Tests.PlatformSuperAdminReconcilerPostgresTests.Force_Flag_Reinstates_The_Env_Password_Over_An_InApp_Change" computerName="Mac" duration="00:00:00.1618014" startTime="2026-08-22T22:19:05.6696750-04:00" endTime="2026-08-22T22:19:05.8317850-04:00" testType="13cdc9d9-ddb5-4fa4-a97d-d965ccfc6d4b" outcome="Passed" testListId="8c84fa94-04c1-424b-9868-57a2d4851a1d" relativeResultsDirectory="e5b9ca28-55d4-4287-a06f-2da976add56b" />
    <UnitTestResult executionId="f9c289a7-5f0c-4476-92a9-5796e2b794a7" testId="17c31b6c-f030-8310-961a-2c0455759b15" testName="Opstrax.Tests.FleetSpecializedBranchTests.ColdChain_RegistrationAndGovernedReadingsNeverManufactureTelemetryOrTrustCallerStatus" computerName="Mac" duration="00:00:00.0584236" startTime="2026-08-22T22:18:53.4629790-04:00" endTime="2026-08-22T22:18:53.5215550-04:00" testType="13cdc9d9-ddb5-4fa4-a97d-d965ccfc6d4b" outcome="Passed" testListId="8c84fa94-04c1-424b-9868-57a2d4851a1d" relativeResultsDirectory="f9c289a7-5f0c-4476-92a9-5796e2b794a7" />
    <UnitTestResult executionId="edde7b7c-214d-401b-97ab-ad26741c8388" testId="82870092-4363-2cb2-4cca-34f273484c4a" testName="Opstrax.Tests.GeofenceEvaluatorPostgresTests.Vehicle_Entering_Then_Leaving_A_Zone_Emits_One_Entry_Then_One_Exit" computerName="Mac" duration="00:00:00.0181771" startTime="2026-08-22T22:18:56.3145960-04:00" endTime="2026-08-22T22:18:56.3328960-04:00" testType="13cdc9d9-ddb5-4fa4-a97d-d965ccfc6d4b" outcome="Passed" testListId="8c84fa94-04c1-424b-9868-57a2d4851a1d" relativeResultsDirectory="edde7b7c-214d-401b-97ab-ad26741c8388" />
    <UnitTestResult executionId="2adb9a98-19cd-4a7c-b11d-76e15ffd2007" testId="f43628f2-3c4c-12a8-a97c-a00df70d3737" testName="Opstrax.Tests.CreditNotePostgresTests.Payment_After_Partial_Credit_Does_Not_Resurrect_Credited_Balance" computerName="Mac" duration="00:00:00.0153882" startTime="2026-08-22T22:18:04.8206690-04:00" endTime="2026-08-22T22:18:04.8361830-04:00" testType="13cdc9d9-ddb5-4fa4-a97d-d965ccfc6d4b" outcome="Passed" testListId="8c84fa94-04c1-424b-9868-57a2d4851a1d" relativeResultsDirectory="2adb9a98-19cd-4a7c-b11d-76e15ffd2007" />
    <UnitTestResult executionId="9231127c-4b74-4fb9-8804-905f04358bc8" testId="3336fd9c-aa75-2240-f1b6-bc49483f0918" testName="Opstrax.Tests.TelemetryIdentityResolutionPostgresTests.ReturnsNullForSuspendedOrQuarantinedDevice(deviceState: &quot;Quarantined&quot;)" computerName="Mac" duration="00:00:00.0121546" startTime="2026-08-22T22:18:36.2753690-04:00" endTime="2026-08-22T22:18:36.2877530-04:00" testType="13cdc9d9-ddb5-4fa4-a97d-d965ccfc6d4b" outcome="Passed" testListId="8c84fa94-04c1-424b-9868-57a2d4851a1d" relativeResultsDirectory="9231127c-4b74-4fb9-8804-905f04358bc8" />
    <UnitTestResult executionId="3983a05d-e55e-4170-a246-85587b165535" testId="51525946-5b6e-af7d-7235-7f37d17470ea" testName="Opstrax.Tests.PlatformOperatorManagementTests.Patch_Alias_Updates_Name_And_Role_With_Fences" computerName="Mac" duration="00:00:00.0879072" startTime="2026-08-22T22:19:06.7215290-04:00" endTime="2026-08-22T22:19:06.8098040-04:00" testType="13cdc9d9-ddb5-4fa4-a97d-d965ccfc6d4b" outcome="Passed" testListId="8c84fa94-04c1-424b-9868-57a2d4851a1d" relativeResultsDirectory="3983a05d-e55e-4170-a246-85587b165535" />
    <UnitTestResult executionId="d811fdf8-b1ce-4002-bca3-f92d592ff8e9" testId="e86af408-5336-c20b-f30a-9fda453aeb34" testName="Opstrax.Tests.MarketCatalogRuntimePostgresTests.ProtectedMigrationOwnsMarketRevenueDependenciesAndExactAclBoundary" computerName="Mac" duration="00:00:00.2672174" startTime="2026-08-22T22:18:54.4577280-04:00" endTime="2026-08-22T22:18:54.7251200-04:00" testType="13cdc9d9-ddb5-4fa4-a97d-d965ccfc6d4b" outcome="Passed" testListId="8c84fa94-04c1-424b-9868-57a2d4851a1d" relativeResultsDirectory="d811fdf8-b1ce-4002-bca3-f92d592ff8e9" />
    <UnitTestResult executionId="ad37f35b-20b9-48b9-b5fb-21514fc6cf72" testId="8ea35ccc-b546-09a3-fbb0-b3f5a762b583" testName="Opstrax.Tests.CreditNotePostgresTests.Cumulative_Cap_Blocks_OverCrediting" computerName="Mac" duration="00:00:00.0300467" startTime="2026-08-22T22:18:04.7658230-04:00" endTime="2026-08-22T22:18:04.7960770-04:00" testType="13cdc9d9-ddb5-4fa4-a97d-d965ccfc6d4b" outcome="Passed" testListId="8c84fa94-04c1-424b-9868-57a2d4851a1d" relativeResultsDirectory="ad37f35b-20b9-48b9-b5fb-21514fc6cf72" />
    <UnitTestResult executionId="a1a75f05-9e09-4929-a7f0-bc772520d483" testId="4554ac52-d070-6f85-ba1d-0a0a2c1890cd" testName="Opstrax.Tests.DriverEarningsPostgresTests.No_Pay_Agreement_Is_An_Honest_Empty_Not_A_Zero_Or_Crash" computerName="Mac" duration="00:00:00.0196486" startTime="2026-08-22T22:19:11.3009530-04:00" endTime="2026-08-22T22:19:11.3209370-04:00" testType="13cdc9d9-ddb5-4fa4-a97d-d965ccfc6d4b" outcome="Passed" testListId="8c84fa94-04c1-424b-9868-57a2d4851a1d" relativeResultsDirectory="a1a75f05-9e09-4929-a7f0-bc772520d483" />
    <UnitTestResult executionId="2424ead3-8039-422a-a62d-61857153b157" testId="3e8e1bff-e047-503f-6193-9c09c227ee97" testName="Opstrax.Tests.DvirHosPilotPostgresTests.HosInsertWaitsForCertificationDayLockAndInvalidatesTheCompletedSnapshotDay" computerName="Mac" duration="00:00:00.0672055" startTime="2026-08-22T22:18:18.4324530-04:00" endTime="2026-08-22T22:18:18.4998080-04:00" testType="13cdc9d9-ddb5-4fa4-a97d-d965ccfc6d4b" outcome="Passed" testListId="8c84fa94-04c1-424b-9868-57a2d4851a1d" relativeResultsDirectory="2424ead3-8039-422a-a62d-61857153b157" />
    <UnitTestResult executionId="a8cb7c7a-0300-41d3-bda1-87bcc115dec5" testId="4ff14748-cd8a-bbc6-66e2-a04f8bc3db88" testName="Opstrax.Tests.RevenueReadinessPostgresTests.IssueInvoice_POD_Gate_Blocks_Without_Proof_When_Flag_On" computerName="Mac" duration="00:00:00.1239769" startTime="2026-08-22T22:19:01.1644280-04:00" endTime="2026-08-22T22:19:01.2886000-04:00" testType="13cdc9d9-ddb5-4fa4-a97d-d965ccfc6d4b" outcome="Passed" testListId="8c84fa94-04c1-424b-9868-57a2d4851a1d" relativeResultsDirectory="a8cb7c7a-0300-41d3-bda1-87bcc115dec5" />
    <UnitTestResult executionId="1829beee-e6cc-4bd0-bff9-9344772cc6f1" testId="49a2f1e3-012c-70f1-d962-ae6a3246a5f9" testName="Opstrax.Tests.RevenueRecognitionPostgresTests.Recognition_Is_Idempotent" computerName="Mac" duration="00:00:00.0271841" startTime="2026-08-22T22:18:54.2488110-04:00" endTime="2026-08-22T22:18:54.2763020-04:00" testType="13cdc9d9-ddb5-4fa4-a97d-d965ccfc6d4b" outcome="Passed" testListId="8c84fa94-04c1-424b-9868-57a2d4851a1d" relativeResultsDirectory="1829beee-e6cc-4bd0-bff9-9344772cc6f1" />
    <UnitTestResult executionId="3df1ef4d-c5af-48a1-989a-1dbffe838b28" testId="fc4019b9-8e33-362c-e5ef-2cecf634ff47" testName="Opstrax.Tests.Stage9PostgresTests.Stage9_SmartAssignment_HighRisk_Accept_ReturnsApprovalRequired" computerName="Mac" duration="00:00:00.0289026" startTime="2026-08-22T22:19:11.0319470-04:00" endTime="2026-08-22T22:19:11.0609700-04:00" testType="13cdc9d9-ddb5-4fa4-a97d-d965ccfc6d4b" outcome="Passed" testListId="8c84fa94-04c1-424b-9868-57a2d4851a1d" relativeResultsDirectory="3df1ef4d-c5af-48a1-989a-1dbffe838b28" />
    <UnitTestResult executionId="babf2946-55aa-4507-b058-aa4626b17790" testId="3caec95d-7c55-929a-f9a1-22644608c7e8" testName="Opstrax.Tests.DemoTenantSeederPostgresTests.CustomerFeedbackMigration_UpgradesLegacyShape_PreservesRows_AndReruns" computerName="Mac" duration="00:00:00.0827661" startTime="2026-08-22T22:18:34.4258700-04:00" endTime="2026-08-22T22:18:34.5087950-04:00" testType="13cdc9d9-ddb5-4fa4-a97d-d965ccfc6d4b" outcome="Passed" testListId="8c84fa94-04c1-424b-9868-57a2d4851a1d" relativeResultsDirectory="babf2946-55aa-4507-b058-aa4626b17790" />
    <UnitTestResult executionId="1fdf822c-3c70-4c51-b817-4b9968d65601" testId="26c7145e-a443-8949-f96c-902e772bfc11" testName="Opstrax.Tests.FleetIdentityInstallationPostgresTests.DeviceSuspendAndActivateAreTenantScopedIdempotentAndAudited" computerName="Mac" duration="00:00:00.0384136" startTime="2026-08-22T22:18:51.4086150-04:00" endTime="2026-08-22T22:18:51.4473300-04:00" testType="13cdc9d9-ddb5-4fa4-a97d-d965ccfc6d4b" outcome="Passed" testListId="8c84fa94-04c1-424b-9868-57a2d4851a1d" relativeResultsDirectory="1fdf822c-3c70-4c51-b817-4b9968d65601" />
    <UnitTestResult executionId="7a00b6cf-4320-41b0-a332-db8d82afaa59" testId="29a924f8-7838-3162-f3f5-7fe17007dd11" testName="Opstrax.Tests.DriverEarningsPostgresTests.Statement_Detail_Reconciles_Redacts_And_Refuses_Non_Owned" computerName="Mac" duration="00:00:00.0286484" startTime="2026-08-22T22:19:11.3210900-04:00" endTime="2026-08-22T22:19:11.3498780-04:00" testType="13cdc9d9-ddb5-4fa4-a97d-d965ccfc6d4b" outcome="Passed" testListId="8c84fa94-04c1-424b-9868-57a2d4851a1d" relativeResultsDirectory="7a00b6cf-4320-41b0-a332-db8d82afaa59" />
    <UnitTestResult executionId="95ead479-81cb-4865-a41a-7afe878a2b47" testId="292b672b-3060-eb43-2ab7-e417e63768ee" testName="Opstrax.Tests.FleetIdentityInstallationPostgresTests.SimultaneousInstallationsCannotBindOneDeviceToTwoVehicles" computerName="Mac" duration="00:00:00.0538287" startTime="2026-08-22T22:18:51.4474350-04:00" endTime="2026-08-22T22:18:51.5014550-04:00" testType="13cdc9d9-ddb5-4fa4-a97d-d965ccfc6d4b" outcome="Passed" testListId="8c84fa94-04c1-424b-9868-57a2d4851a1d" relativeResultsDirectory="95ead479-81cb-4865-a41a-7afe878a2b47" />
    <UnitTestResult executionId="4b12e12f-2a31-4aa3-9641-d01d55a0c261" testId="29d3aee5-1e50-9396-85e1-41fe52a4c3bd" testName="Opstrax.Tests.FoundationDispatcherPostgresTests.OutboxDispatcher_DeadLetters_When_MaxRetry_Reached" computerName="Mac" duration="00:00:00.0091940" startTime="2026-08-22T22:18:00.8227410-04:00" endTime="2026-08-22T22:18:00.8321320-04:00" testType="13cdc9d9-ddb5-4fa4-a97d-d965ccfc6d4b" outcome="Passed" testListId="8c84fa94-04c1-424b-9868-57a2d4851a1d" relativeResultsDirectory="4b12e12f-2a31-4aa3-9641-d01d55a0c261" />
    <UnitTestResult executionId="9a9873c4-1dcd-4a32-ba05-628fc63bfac0" testId="26b9e0b2-5d45-8a0c-6fec-c85b83c405de" testName="Opstrax.Tests.PlatformOperatorManagementTests.Mfa_Enrollment_Login_Gate_And_Reset_Work" computerName="Mac" duration="00:00:00.2328826" startTime="2026-08-22T22:19:07.3234510-04:00" endTime="2026-08-22T22:19:07.5567030-04:00" testType="13cdc9d9-ddb5-4fa4-a97d-d965ccfc6d4b" outcome="Passed" testListId="8c84fa94-04c1-424b-9868-57a2d4851a1d" relativeResultsDirectory="9a9873c4-1dcd-4a32-ba05-628fc63bfac0" />
    <UnitTestResult executionId="3367366e-f1b4-4644-a148-1741df08298b" testId="0e59e133-b879-92d7-94bf-78e95a1371aa" testName="Opstrax.Tests.AdminUserBindingRevalidationPostgresTests.CustomerBindableRole_FailsClosed_ForAnUnresolvableRole(roleName: &quot;&quot;)" computerName="Mac" duration="00:00:00.0000087" startTime="2026-08-22T22:18:03.3621820-04:00" endTime="2026-08-22T22:18:03.3622120-04:00" testType="13cdc9d9-ddb5-4fa4-a97d-d965ccfc6d4b" outcome="Passed" testListId="8c84fa94-04c1-424b-9868-57a2d4851a1d" relativeResultsDirectory="3367366e-f1b4-4644-a148-1741df08298b" />
    <UnitTestResult executionId="d8d3908c-9f84-4463-8ce8-232bc6c2d2f0" testId="4b75f052-aede-adb0-0a2a-c6fb5ea8d654" testName="Opstrax.Tests.TenantMfaEnrollmentPostgresTests.MfaShareLocks_SerializeConcurrentUserDisable_AndLifecycleRevokesWinningSession" computerName="Mac" duration="00:00:00.1672661" startTime="2026-08-22T22:18:16.9915630-04:00" endTime="2026-08-22T22:18:17.1593300-04:00" testType="13cdc9d9-ddb5-4fa4-a97d-d965ccfc6d4b" outcome="Passed" testListId="8c84fa94-04c1-424b-9868-57a2d4851a1d" relativeResultsDirectory="d8d3908c-9f84-4463-8ce8-232bc6c2d2f0" />
    <UnitTestResult executionId="9e08cedd-e9cd-43da-b351-56931d349c7b" testId="84e911fc-7f16-ab30-088a-b289359892c7" testName="Opstrax.Tests.MarketCatalogRuntimePostgresTests.UsageEventsAreAppendOnlyForTenantRuntimeRole" computerName="Mac" duration="00:00:00.0477666" startTime="2026-08-22T22:18:54.4094510-04:00" endTime="2026-08-22T22:18:54.4576090-04:00" testType="13cdc9d9-ddb5-4fa4-a97d-d965ccfc6d4b" outcome="Passed" testListId="8c84fa94-04c1-424b-9868-57a2d4851a1d" relativeResultsDirectory="9e08cedd-e9cd-43da-b351-56931d349c7b" />
    <UnitTestResult executionId="764c43ca-756d-4911-a822-1e92d12efde1" testId="1ee3cc8f-47b5-bf2f-33b8-01a9eb365c7a" testName="Opstrax.Tests.DispatchPilotPostgresTests.ExactCancelPermissionAndExceptionResume_FailClosedAndPreserveMirrors" computerName="Mac" duration="00:00:00.2211715" startTime="2026-08-22T22:18:54.7255030-04:00" endTime="2026-08-22T22:18:54.9468330-04:00" testType="13cdc9d9-ddb5-4fa4-a97d-d965ccfc6d4b" outcome="Passed" testListId="8c84fa94-04c1-424b-9868-57a2d4851a1d" relativeResultsDirectory="764c43ca-756d-4911-a822-1e92d12efde1" />
    <UnitTestResult executionId="142448ad-ce3a-4483-8c89-d8156fb29e35" testId="b563ba30-204b-3846-d37c-bf823d2c159c" testName="Opstrax.Tests.FleetIdentityInstallationPostgresTests.InstallationLifecycleRejectsFutureEffectiveTimesBeforeMutation" computerName="Mac" duration="00:00:00.0039477" startTime="2026-08-22T22:18:51.5637360-04:00" endTime="2026-08-22T22:18:51.5677250-04:00" testType="13cdc9d9-ddb5-4fa4-a97d-d965ccfc6d4b" outcome="Passed" testListId="8c84fa94-04c1-424b-9868-57a2d4851a1d" relativeResultsDirectory="142448ad-ce3a-4483-8c89-d8156fb29e35" />
    <UnitTestResult executionId="af4975a6-3c81-40d0-a9f3-64fc8c88f3b4" testId="acf445e7-dce7-bbc1-374c-0631a91bc458" testName="Opstrax.Tests.Stage87RoleBackfillSafetyPostgresTests.Backfill_IsIdempotent_AndRestoresForceRowLevelSecurity" computerName="Mac" duration="00:00:00.0178546" startTime="2026-08-22T22:19:11.2826760-04:00" endTime="2026-08-22T22:19:11.3007800-04:00" testType="13cdc9d9-ddb5-4fa4-a97d-d965ccfc6d4b" outcome="Passed" testListId="8c84fa94-04c1-424b-9868-57a2d4851a1d" relativeResultsDirectory="af4975a6-3c81-40d0-a9f3-64fc8c88f3b4" />
    <UnitTestResult executionId="2e5492c7-7456-47c9-98d6-1a3d9473c7a6" testId="8b2678b5-4e76-59ae-3917-a76360724771" testName="Opstrax.Tests.MaintenancePmBaselinePostgresTests.EngineHours_Past_Baseline_Plus_Interval_Is_Flagged_Overdue" computerName="Mac" duration="00:00:00.9321104" startTime="2026-08-22T22:18:01.8750410-04:00" endTime="2026-08-22T22:18:02.8075190-04:00" testType="13cdc9d9-ddb5-4fa4-a97d-d965ccfc6d4b" outcome="Passed" testListId="8c84fa94-04c1-424b-9868-57a2d4851a1d" relativeResultsDirectory="2e5492c7-7456-47c9-98d6-1a3d9473c7a6" />
    <UnitTestResult executionId="76e4db2b-e917-42dc-8e43-5922fab5e15a" testId="385700d0-36e7-fea2-7ae5-24cdba68626b" testName="Opstrax.Tests.PlatformCommercialOpsTests.HasPlatformPermission_Denies_When_Missing" computerName="Mac" duration="00:00:00.0002732" startTime="2026-08-22T22:19:04.7704660-04:00" endTime="2026-08-22T22:19:04.7707630-04:00" testType="13cdc9d9-ddb5-4fa4-a97d-d965ccfc6d4b" outcome="Passed" testListId="8c84fa94-04c1-424b-9868-57a2d4851a1d" relativeResultsDirectory="76e4db2b-e917-42dc-8e43-5922fab5e15a" />
    <UnitTestResult executionId="b8f050cf-afff-4dac-95e8-d6e4c040fd3b" testId="a205d60f-8fba-aae7-5e4b-10785ca8caf6" testName="Opstrax.Tests.FleetIdentityInstallationPostgresTests.EvidenceReferenceIsTenantCoherentAndAppendOnly" computerName="Mac" duration="00:00:00.0248906" startTime="2026-08-22T22:18:51.5678100-04:00" endTime="2026-08-22T22:18:51.5929210-04:00" testType="13cdc9d9-ddb5-4fa4-a97d-d965ccfc6d4b" outcome="Passed" testListId="8c84fa94-04c1-424b-9868-57a2d4851a1d" relativeResultsDirectory="b8f050cf-afff-4dac-95e8-d6e4c040fd3b" />
    <UnitTestResult executionId="ae421c7d-b3bf-45b9-93fe-67896909ce55" testId="cdcbdf28-3739-6663-a7ff-fecd599a78e3" testName="Opstrax.Tests.TelemetryGatewayReplayPostgresTests.Replay_across_two_instances_is_rejected" computerName="Mac" duration="00:00:00.0045581" startTime="2026-08-22T22:18:35.2322910-04:00" endTime="2026-08-22T22:18:35.2372660-04:00" testType="13cdc9d9-ddb5-4fa4-a97d-d965ccfc6d4b" outcome="Passed" testListId="8c84fa94-04c1-424b-9868-57a2d4851a1d" relativeResultsDirectory="ae421c7d-b3bf-45b9-93fe-67896909ce55" />
    <UnitTestResult executionId="4b12d868-6d2d-492c-a19a-a6f5927394d6" testId="c237d93b-50de-da24-f158-39459bba193e" testName="Opstrax.Tests.DvirHosPilotPostgresTests.SubmittedDvirCannotBeEditedOrArchivedAndArchiveRequiresRowVersion" computerName="Mac" duration="00:00:00.0161366" startTime="2026-08-22T22:18:18.5198930-04:00" endTime="2026-08-22T22:18:18.5362110-04:00" testType="13cdc9d9-ddb5-4fa4-a97d-d965ccfc6d4b" outcome="Passed" testListId="8c84fa94-04c1-424b-9868-57a2d4851a1d" relativeResultsDirectory="4b12d868-6d2d-492c-a19a-a6f5927394d6" />
    <UnitTestResult executionId="15dea678-00c9-4540-a55d-4a422881fd57" testId="23599579-88b7-2b75-b028-1832c935453b" testName="Opstrax.Tests.DeliveredToBillingPostgresTests.Delivered_Transition_Enqueues_Once_And_Dispatcher_Bills" computerName="Mac" duration="00:00:00.0263681" startTime="2026-08-22T22:19:11.2347910-04:00" endTime="2026-08-22T22:19:11.2613180-04:00" testType="13cdc9d9-ddb5-4fa4-a97d-d965ccfc6d4b" outcome="Passed" testListId="8c84fa94-04c1-424b-9868-57a2d4851a1d" relativeResultsDirectory="15dea678-00c9-4540-a55d-4a422881fd57" />
    <UnitTestResult executionId="130da585-bdbe-461e-83ef-03e3bfafd362" testId="608b3a4e-d679-7fd2-9247-a335480f5031" testName="Opstrax.Tests.RevenueReadinessPostgresTests.MarkReadyToBill_WithoutCharges_CreatesLeakageRecommendation" computerName="Mac" duration="00:00:00.0858093" startTime="2026-08-22T22:19:01.6259810-04:00" endTime="2026-08-22T22:19:01.7120740-04:00" testType="13cdc9d9-ddb5-4fa4-a97d-d965ccfc6d4b" outcome="Passed" testListId="8c84fa94-04c1-424b-9868-57a2d4851a1d" relativeResultsDirectory="130da585-bdbe-461e-83ef-03e3bfafd362" />
    <UnitTestResult executionId="6ef26fae-9cf2-4798-a4aa-cb1374255237" testId="4ae6c37d-ce2d-c54b-3f87-632bd8d1e5af" testName="Opstrax.Tests.CoreFleetIdentityConflictPostgresTests.ConcurrentImportIdentityRacesReturnDeterministicPerRowSkips" computerName="Mac" duration="00:00:00.0593986" startTime="2026-08-22T22:18:35.5680300-04:00" endTime="2026-08-22T22:18:35.6276570-04:00" testType="13cdc9d9-ddb5-4fa4-a97d-d965ccfc6d4b" outcome="Passed" testListId="8c84fa94-04c1-424b-9868-57a2d4851a1d" relativeResultsDirectory="6ef26fae-9cf2-4798-a4aa-cb1374255237" />
    <UnitTestResult executionId="8af726e8-c5e0-4eed-8adb-e87cafa6f406" testId="a5029fb5-0c82-8cc9-0b5e-3214581c2f90" testName="Opstrax.Tests.FleetTmsWorkspaceWave1Tests.MultiStopShipmentDeliversAndInvoicesOnlyAfterEveryDeliveryHasVerifiedPod" computerName="Mac" duration="00:00:00.0564920" startTime="2026-08-22T22:19:03.0953420-04:00" endTime="2026-08-22T22:19:03.1520020-04:00" testType="13cdc9d9-ddb5-4fa4-a97d-d965ccfc6d4b" outcome="Passed" testListId="8c84fa94-04c1-424b-9868-57a2d4851a1d" relativeResultsDirectory="8af726e8-c5e0-4eed-8adb-e87cafa6f406" />
    <UnitTestResult executionId="23424c71-feee-40bb-bee8-1c8ffeb05c96" testId="9017b8d4-0681-e3bf-def8-865510082e35" testName="Opstrax.Tests.TripLifecyclePostgresTests.ConcurrentBackgroundInstance_SkipsWhenCycleLockIsOwned" computerName="Mac" duration="00:00:00.1951829" startTime="2026-08-22T22:18:06.4380550-04:00" endTime="2026-08-22T22:18:06.6334130-04:00" testType="13cdc9d9-ddb5-4fa4-a97d-d965ccfc6d4b" outcome="Passed" testListId="8c84fa94-04c1-424b-9868-57a2d4851a1d" relativeResultsDirectory="23424c71-feee-40bb-bee8-1c8ffeb05c96" />
    <UnitTestResult executionId="e3c31a10-6bd5-42f7-8b5d-3d0b5c7b8ac0" testId="ef38c35e-17b4-c160-d268-c869f86b557c" testName="Opstrax.Tests.RevenueRecognitionPostgresTests.Close_Period_Freezes_Entries_To_Posted" computerName="Mac" duration="00:00:00.0434751" startTime="2026-08-22T22:18:54.3344720-04:00" endTime="2026-08-22T22:18:54.3784080-04:00" testType="13cdc9d9-ddb5-4fa4-a97d-d965ccfc6d4b" outcome="Passed" testListId="8c84fa94-04c1-424b-9868-57a2d4851a1d" relativeResultsDirectory="e3c31a10-6bd5-42f7-8b5d-3d0b5c7b8ac0" />
    <UnitTestResult executionId="3a8e9c10-07b9-4321-8cee-d12c784b4922" testId="82b7e044-50d9-d9ce-033f-1090585faec1" testName="Opstrax.Tests.TelemetryIdentityResolutionPostgresTests.ReturnsNullWhenDeviceInstallationsOverlapForTheSameDevice" computerName="Mac" duration="00:00:00.0325325" startTime="2026-08-22T22:18:36.2420090-04:00" endTime="2026-08-22T22:18:36.2751600-04:00" testType="13cdc9d9-ddb5-4fa4-a97d-d965ccfc6d4b" outcome="Passed" testListId="8c84fa94-04c1-424b-9868-57a2d4851a1d" relativeResultsDirectory="3a8e9c10-07b9-4321-8cee-d12c784b4922" />
    <UnitTestResult executionId="f37c3df0-2de1-4390-87b4-a9e5af20e004" testId="6e4d43e5-4a15-f327-40de-1e9efe700a85" testName="Opstrax.Tests.FoundationPostgresSmokeTests.Foundation_EndToEnd_Smoke_Persists_All_Core_Records" computerName="Mac" duration="00:00:00.0610672" startTime="2026-08-22T22:18:17.7549910-04:00" endTime="2026-08-22T22:18:17.8187050-04:00" testType="13cdc9d9-ddb5-4fa4-a97d-d965ccfc6d4b" outcome="Passed" testListId="8c84fa94-04c1-424b-9868-57a2d4851a1d" relativeResultsDirectory="f37c3df0-2de1-4390-87b4-a9e5af20e004" />
    <UnitTestResult executionId="b6bdc0fd-b6f3-4387-983a-f4707acf2d9b" testId="d4c07b56-aa8c-bde3-334e-66c7f6b2eb19" testName="Opstrax.Tests.DispatchPilotPostgresTests.CreateAssignment_BindsOnlyCurrentRouteTrip_WhenTerminalHistoryExists" computerName="Mac" duration="00:00:00.2040905" startTime="2026-08-22T22:18:55.1332780-04:00" endTime="2026-08-22T22:18:55.3376230-04:00" testType="13cdc9d9-ddb5-4fa4-a97d-d965ccfc6d4b" outcome="Passed" testListId="8c84fa94-04c1-424b-9868-57a2d4851a1d" relativeResultsDirectory="b6bdc0fd-b6f3-4387-983a-f4707acf2d9b" />
    <UnitTestResult executionId="e0f060de-6b67-428b-ad53-27b4c995fc56" testId="46a8d24e-8491-7f46-2d7b-4d7f20a1be7a" testName="Opstrax.Tests.PlatformControlPlaneTests.PlatformLogin_Locks_Out_After_Repeated_Failures" computerName="Mac" duration="00:00:00.0551353" startTime="2026-08-22T22:19:08.2393860-04:00" endTime="2026-08-22T22:19:08.2946580-04:00" testType="13cdc9d9-ddb5-4fa4-a97d-d965ccfc6d4b" outcome="Passed" testListId="8c84fa94-04c1-424b-9868-57a2d4851a1d" relativeResultsDirectory="e0f060de-6b67-428b-ad53-27b4c995fc56" />
    <UnitTestResult executionId="80a4727a-8d6f-43b1-a752-41f43378c24b" testId="236afc5d-b0d6-2c3e-3b0a-733eadfeff1e" testName="Opstrax.Tests.SettlementServicePostgresTests.MinPay_Floors_The_Line" computerName="Mac" duration="00:00:00.0119618" startTime="2026-08-22T22:18:03.2516610-04:00" endTime="2026-08-22T22:18:03.2638280-04:00" testType="13cdc9d9-ddb5-4fa4-a97d-d965ccfc6d4b" outcome="Passed" testListId="8c84fa94-04c1-424b-9868-57a2d4851a1d" relativeResultsDirectory="80a4727a-8d6f-43b1-a752-41f43378c24b" />
    <UnitTestResult executionId="330aff6d-e41d-44ca-a33c-1e388fda288e" testId="2c8e1afa-e716-b030-4b07-b95b4a998556" testName="Opstrax.Tests.LastMileWorkflowPostgresTests.AttemptRescheduleDeliver_AreBranchSafeLegalAtomicAndIdempotent" computerName="Mac" duration="00:00:00.0674062" startTime="2026-08-22T22:18:17.9726910-04:00" endTime="2026-08-22T22:18:18.0403120-04:00" testType="13cdc9d9-ddb5-4fa4-a97d-d965ccfc6d4b" outcome="Passed" testListId="8c84fa94-04c1-424b-9868-57a2d4851a1d" relativeResultsDirectory="330aff6d-e41d-44ca-a33c-1e388fda288e" />
    <UnitTestResult executionId="2474bd1e-0284-4650-97de-80eac222a7ca" testId="59d45d07-f1a3-2602-dddd-9677ade9029a" testName="Opstrax.Tests.DriverPortalHardeningPostgresTests.DriverIdentityResolution_FailsClosed_ForRevokedLifecycleStatuses" computerName="Mac" duration="00:00:00.0034868" startTime="2026-08-22T22:18:55.7143760-04:00" endTime="2026-08-22T22:18:55.7179250-04:00" testType="13cdc9d9-ddb5-4fa4-a97d-d965ccfc6d4b" outcome="Passed" testListId="8c84fa94-04c1-424b-9868-57a2d4851a1d" relativeResultsDirectory="2474bd1e-0284-4650-97de-80eac222a7ca" />
    <UnitTestResult executionId="4fe2ffc6-a834-47fa-8d2b-244e9af00be6" testId="ab463d4b-dced-9415-ef82-e1fe5ce86649" testName="Opstrax.Tests.DetentionDriverPayPostgresTests.Flat_Per_Hour_Detention_Pay_Uses_Billable_Hours" computerName="Mac" duration="00:00:00.0401682" startTime="2026-08-22T22:17:59.7099980-04:00" endTime="2026-08-22T22:17:59.7503580-04:00" testType="13cdc9d9-ddb5-4fa4-a97d-d965ccfc6d4b" outcome="Passed" testListId="8c84fa94-04c1-424b-9868-57a2d4851a1d" relativeResultsDirectory="4fe2ffc6-a834-47fa-8d2b-244e9af00be6" />
    <UnitTestResult executionId="5cd5421d-9821-40fe-8786-047b12c2892a" testId="856dbcac-237a-dbf3-1b8c-a0125b9e67eb" testName="Opstrax.Tests.RevenueReadinessPostgresTests.RevenueLeakage_DetectsNoChargeAndStaleDraft_NotCorrectlyBilled_AndIsIdempotent" computerName="Mac" duration="00:00:00.2485819" startTime="2026-08-22T22:19:00.2658320-04:00" endTime="2026-08-22T22:19:00.5147140-04:00" testType="13cdc9d9-ddb5-4fa4-a97d-d965ccfc6d4b" outcome="Passed" testListId="8c84fa94-04c1-424b-9868-57a2d4851a1d" relativeResultsDirectory="5cd5421d-9821-40fe-8786-047b12c2892a" />
    <UnitTestResult executionId="ee5e5bb2-c8a8-481c-bdf3-abc904dcc601" testId="4cc94334-f9ee-fb7c-b27d-535be527259a" testName="Opstrax.Tests.GeneralLedgerPeriodClosePostgresTests.Cannot_Close_The_Current_Month" computerName="Mac" duration="00:00:00.0453381" startTime="2026-08-22T22:18:35.6279330-04:00" endTime="2026-08-22T22:18:35.6750350-04:00" testType="13cdc9d9-ddb5-4fa4-a97d-d965ccfc6d4b" outcome="Passed" testListId="8c84fa94-04c1-424b-9868-57a2d4851a1d" relativeResultsDirectory="ee5e5bb2-c8a8-481c-bdf3-abc904dcc601" />
    <UnitTestResult executionId="7ca7bcfe-2ed5-43ba-af61-2b2de2d659fd" testId="1996deb9-9c04-e916-4279-18b71fcc497a" testName="Opstrax.Tests.ZatcaPostgresTests.First_Invoice_Pih_Is_Base64_Sha256_Of_Zero" computerName="Mac" duration="00:00:00.0165218" startTime="2026-08-22T22:19:02.8351750-04:00" endTime="2026-08-22T22:19:02.8519530-04:00" testType="13cdc9d9-ddb5-4fa4-a97d-d965ccfc6d4b" outcome="Passed" testListId="8c84fa94-04c1-424b-9868-57a2d4851a1d" relativeResultsDirectory="7ca7bcfe-2ed5-43ba-af61-2b2de2d659fd" />
    <UnitTestResult executionId="75b7648f-fbbf-4ffd-a0e4-c924f208e84d" testId="c3b08729-2b34-c62e-7900-2f20d7f83805" testName="Opstrax.Tests.FleetIdentityInstallationPostgresTests.InstallationEvidenceApiIsTypedTenantScopedAppendOnlyAndIdempotent" computerName="Mac" duration="00:00:00.0387687" startTime="2026-08-22T22:18:51.5247260-04:00" endTime="2026-08-22T22:18:51.5636360-04:00" testType="13cdc9d9-ddb5-4fa4-a97d-d965ccfc6d4b" outcome="Passed" testListId="8c84fa94-04c1-424b-9868-57a2d4851a1d" relativeResultsDirectory="75b7648f-fbbf-4ffd-a0e4-c924f208e84d" />
[...]
    <TestEntry testId="05c00dfd-ed14-1a30-e062-cc7087b50853" executionId="e32bb69a-3f32-47c6-8f80-b976ff940140" testListId="8c84fa94-04c1-424b-9868-57a2d4851a1d" />
    <TestEntry testId="16d40749-bb65-fd7d-40f7-81d8f671c207" executionId="dcc0b7c8-81e4-4dcf-b48b-79657b0657a5" testListId="8c84fa94-04c1-424b-9868-57a2d4851a1d" />
    <TestEntry testId="73fdedd1-6951-abe0-ab10-3559ebf76d8c" executionId="52ea460b-9d10-4bee-9f66-976d85560c5f" testListId="8c84fa94-04c1-424b-9868-57a2d4851a1d" />
    <TestEntry testId="37e9f38d-6e85-5702-0a0e-5cfb7c5fa5cd" executionId="e95e9771-404a-47c5-86b7-e943a02b98dd" testListId="8c84fa94-04c1-424b-9868-57a2d4851a1d" />
    <TestEntry testId="cc2aed3d-b193-fed6-c977-f6de6d099112" executionId="b0162823-2669-451f-a977-fd8c89d98ef8" testListId="8c84fa94-04c1-424b-9868-57a2d4851a1d" />
    <TestEntry testId="825bd944-87ba-4a1f-7ba9-0c34c24a7f5a" executionId="4ca74f9f-5964-4a2d-8a5d-9d1afb23ddd4" testListId="8c84fa94-04c1-424b-9868-57a2d4851a1d" />
    <TestEntry testId="e2faf9ed-ae49-3b0f-bcfd-74d4de717482" executionId="507c281f-6717-4eb3-b3f9-4a97f657f127" testListId="8c84fa94-04c1-424b-9868-57a2d4851a1d" />
    <TestEntry testId="59f10963-5dc7-743c-141a-98940a11826f" executionId="0fe18ba8-7099-400a-abba-45681ca41c63" testListId="8c84fa94-04c1-424b-9868-57a2d4851a1d" />
    <TestEntry testId="b615ef4e-4a83-745a-4452-54f9fe61522a" executionId="d8a30c58-a38c-4fa7-bec5-bb1be0028eee" testListId="8c84fa94-04c1-424b-9868-57a2d4851a1d" />
    <TestEntry testId="82da234a-5447-b411-23db-3314fa8bdc4c" executionId="77c78bf7-3c1f-42c8-b264-0561aa942a34" testListId="8c84fa94-04c1-424b-9868-57a2d4851a1d" />
    <TestEntry testId="f68f2aee-5ad9-7641-cd0f-ebbfa65f2638" executionId="e5afded1-c0af-44f6-9a9b-f90eaaebd693" testListId="8c84fa94-04c1-424b-9868-57a2d4851a1d" />
    <TestEntry testId="8865c24a-8337-19d5-79dd-9d39a3588c83" executionId="d05f2f63-a7c8-4fec-b381-b212cf23b383" testListId="8c84fa94-04c1-424b-9868-57a2d4851a1d" />
    <TestEntry testId="87469cad-3d2c-ec90-8d46-6005584546a2" executionId="8749af03-27f5-4de7-bc40-8675ab2950c3" testListId="8c84fa94-04c1-424b-9868-57a2d4851a1d" />
    <TestEntry testId="8061808c-0425-dc32-879c-ddaefe1dd694" executionId="1f80bf03-5f7d-45de-bf23-06b926a784b2" testListId="8c84fa94-04c1-424b-9868-57a2d4851a1d" />
    <TestEntry testId="d387cfd6-1fe2-0e70-7c7f-2aa336627628" executionId="ad2d7298-457a-428c-b5f8-c4946e80a734" testListId="8c84fa94-04c1-424b-9868-57a2d4851a1d" />
    <TestEntry testId="4590112f-33d4-7c80-56c6-dea055e92d23" executionId="9efd973e-673a-4a37-9943-ff47eaa5614b" testListId="8c84fa94-04c1-424b-9868-57a2d4851a1d" />
    <TestEntry testId="71e3de01-642b-3eb0-f585-227cd7168a49" executionId="5e526d92-7c40-4e2b-b356-f50859e7fddb" testListId="8c84fa94-04c1-424b-9868-57a2d4851a1d" />
    <TestEntry testId="0441888e-193e-b6e7-661a-4ede36d5ccd2" executionId="7fadbed8-d161-4fcb-baf4-48b2d9b99599" testListId="8c84fa94-04c1-424b-9868-57a2d4851a1d" />
    <TestEntry testId="fd11ca3f-bd3c-4a89-ddc6-a9ea48044ae8" executionId="9d02fddf-81e2-4ef7-93bc-926aa6e95e11" testListId="8c84fa94-04c1-424b-9868-57a2d4851a1d" />
    <TestEntry testId="14e92d96-9c57-4f21-d725-ffb76f6412c7" executionId="6de65c66-d3f4-4173-8a02-1eae6a070b2e" testListId="8c84fa94-04c1-424b-9868-57a2d4851a1d" />
    <TestEntry testId="4a8437de-2e63-d434-d05f-4731d81f313d" executionId="7012d507-1d95-49d7-ae1c-5beb6a4e0db4" testListId="8c84fa94-04c1-424b-9868-57a2d4851a1d" />
    <TestEntry testId="e1e87c7e-8f71-801d-693d-77fa04575e95" executionId="3035148c-1b6a-4448-816e-1b1bfefcea7a" testListId="8c84fa94-04c1-424b-9868-57a2d4851a1d" />
    <TestEntry testId="3748c3ee-4f1a-0259-1afa-3734202527da" executionId="e14feeaa-21dc-443e-8b58-3316c33cac22" testListId="8c84fa94-04c1-424b-9868-57a2d4851a1d" />
    <TestEntry testId="c30926bd-d7be-488c-f2e2-d82ff6c206bd" executionId="67db525c-9ea1-480a-bdbc-5b7955a49d74" testListId="8c84fa94-04c1-424b-9868-57a2d4851a1d" />
    <TestEntry testId="a796338f-4b89-3ea4-fd91-1c6d839d2574" executionId="26425c05-07e1-4bdf-a5ad-383ed354dfb8" testListId="8c84fa94-04c1-424b-9868-57a2d4851a1d" />
    <TestEntry testId="003ba198-0c81-6db9-4ad1-38d9eb6eb092" executionId="ae557edf-814b-4b79-9730-02f6a31303d8" testListId="8c84fa94-04c1-424b-9868-57a2d4851a1d" />
    <TestEntry testId="1370d8eb-720c-e514-21f9-c1e82dd79915" executionId="be23dfb5-402c-4728-b4d1-2b1b2a884d06" testListId="8c84fa94-04c1-424b-9868-57a2d4851a1d" />
    <TestEntry testId="b539157f-0b2c-7bbf-02a7-4725fb3fd6c2" executionId="7355591a-7c88-4465-af74-130192962fa3" testListId="8c84fa94-04c1-424b-9868-57a2d4851a1d" />
    <TestEntry testId="078439b2-cd09-cbbb-76dd-7b205fe71f7d" executionId="0972d4ed-eb5b-4402-b2c4-4c01300219f3" testListId="8c84fa94-04c1-424b-9868-57a2d4851a1d" />
    <TestEntry testId="f50895e6-cebe-2b1e-5a2b-732e27aad794" executionId="eb497944-adbb-4f2a-a175-fadcec66b799" testListId="8c84fa94-04c1-424b-9868-57a2d4851a1d" />
    <TestEntry testId="ebb52db4-f4d9-c9e7-d38f-aa733296bb79" executionId="ff36ea6b-efda-4e43-bffe-d6eb80c5c549" testListId="8c84fa94-04c1-424b-9868-57a2d4851a1d" />
    <TestEntry testId="dbb16a7d-1441-0d95-1bf5-f9a9a2b54724" executionId="1babd74e-d36b-411c-97cd-5c290fb3f5bd" testListId="8c84fa94-04c1-424b-9868-57a2d4851a1d" />
    <TestEntry testId="22d3ccee-1923-5788-d842-7593f0b12aaf" executionId="d4483590-aa16-403a-ae43-8d6d65de436b" testListId="8c84fa94-04c1-424b-9868-57a2d4851a1d" />
    <TestEntry testId="27138d50-f27e-9061-8889-64b38c9b6e14" executionId="edb90619-4d98-4c4f-8166-7a612271ec75" testListId="8c84fa94-04c1-424b-9868-57a2d4851a1d" />
    <TestEntry testId="aa66be18-b432-7723-8612-0a6d84227975" executionId="6ce3c6e4-5de0-459c-84a0-641f99d53c0c" testListId="8c84fa94-04c1-424b-9868-57a2d4851a1d" />
    <TestEntry testId="d0cf917a-b316-6d0a-ff58-69b99f5f0f9c" executionId="2716428b-4871-4cec-8022-2c6673b2be08" testListId="8c84fa94-04c1-424b-9868-57a2d4851a1d" />
    <TestEntry testId="2154c159-911b-5133-843d-f1e20a852349" executionId="25d6f3d2-c4d9-41c3-b304-61350d88a7f9" testListId="8c84fa94-04c1-424b-9868-57a2d4851a1d" />
    <TestEntry testId="ecacaa46-e450-f192-d746-0e833b40ed42" executionId="e30c008b-3336-4506-b1b0-5d9690d4b4e0" testListId="8c84fa94-04c1-424b-9868-57a2d4851a1d" />
    <TestEntry testId="3efc16e2-217f-fdbc-e517-8485e84595bf" executionId="504690e6-ef65-45c3-a094-9656c2fe8714" testListId="8c84fa94-04c1-424b-9868-57a2d4851a1d" />
    <TestEntry testId="ea32a2ed-c0ba-d8d4-cee1-c52a9980eefa" executionId="00cde396-d814-499d-8b7a-e533df3a5037" testListId="8c84fa94-04c1-424b-9868-57a2d4851a1d" />
    <TestEntry testId="2c88b7a4-b892-a368-df4f-15703dfaf96d" executionId="c78726c6-e4f2-44b6-9817-683010ceffc7" testListId="8c84fa94-04c1-424b-9868-57a2d4851a1d" />
    <TestEntry testId="dafd37a7-2b67-a5e6-bde1-459f40d51315" executionId="2b0eed6d-2a17-445f-8558-21fa80104d3f" testListId="8c84fa94-04c1-424b-9868-57a2d4851a1d" />
    <TestEntry testId="8d754f7e-28bd-5496-f020-abdef2f52338" executionId="2ff5e4b9-2b59-4c23-a473-11016ab2ee3c" testListId="8c84fa94-04c1-424b-9868-57a2d4851a1d" />
    <TestEntry testId="367b4816-900d-0707-d9ed-23935cba6707" executionId="c8fd1cd0-9667-428e-a554-c2d66fcc6acb" testListId="8c84fa94-04c1-424b-9868-57a2d4851a1d" />
    <TestEntry testId="975338c1-596b-602a-8f6f-9cc5f60f0fdf" executionId="670bb481-570a-4fca-9499-73bdb8c773a1" testListId="8c84fa94-04c1-424b-9868-57a2d4851a1d" />
    <TestEntry testId="0f33a057-fd7d-06a4-09d8-275b84450bd6" executionId="c964841c-33c0-4b3e-bc06-32dbd206751e" testListId="8c84fa94-04c1-424b-9868-57a2d4851a1d" />
    <TestEntry testId="59b889f1-852e-473b-e8a9-3b65264038b5" executionId="25a172b3-4a51-4b5e-8ab5-b5ce15153d54" testListId="8c84fa94-04c1-424b-9868-57a2d4851a1d" />
    <TestEntry testId="51b17fdd-2f23-985e-29d8-c3cf64e2c1c9" executionId="fd5d8c70-9fa7-443c-930b-b4893e4492b1" testListId="8c84fa94-04c1-424b-9868-57a2d4851a1d" />
    <TestEntry testId="126b59b9-af01-481d-63dc-1798538e4e42" executionId="5e6e8d44-42a7-41c0-b9ab-dc592ab9bd3a" testListId="8c84fa94-04c1-424b-9868-57a2d4851a1d" />
    <TestEntry testId="ed2c7e2c-ebfd-78e9-1369-00feaca18cfe" executionId="d31183ef-d668-4da6-abcf-45e4e311c159" testListId="8c84fa94-04c1-424b-9868-57a2d4851a1d" />
    <TestEntry testId="1026f4bf-6187-725e-6c44-afb64c3d8329" executionId="2376c2d0-37f1-400d-8368-752bc20736fe" testListId="8c84fa94-04c1-424b-9868-57a2d4851a1d" />
    <TestEntry testId="e6465572-9cd5-6397-241e-6e574b9c4dcd" executionId="7d23bdd3-e88c-433f-8c6a-a822774c1a72" testListId="8c84fa94-04c1-424b-9868-57a2d4851a1d" />
    <TestEntry testId="21d9c09c-27ff-1136-30b3-74d14050562b" executionId="03da1427-cab4-4689-be76-3a7fe9c38e98" testListId="8c84fa94-04c1-424b-9868-57a2d4851a1d" />
    <TestEntry testId="60f6b4fc-e3ec-0881-25fe-655b18c5f839" executionId="31085efa-0f8f-4803-afa9-4baa9fc375b0" testListId="8c84fa94-04c1-424b-9868-57a2d4851a1d" />
    <TestEntry testId="7079b9ab-1eec-01d0-2e41-6537699eba3c" executionId="90eb39d7-d131-4b42-b53e-a521c0cf8850" testListId="8c84fa94-04c1-424b-9868-57a2d4851a1d" />
    <TestEntry testId="5c85af52-e3b9-5897-dd28-58ca3b3cd945" executionId="654f53d2-e2b8-45bf-8014-872f3e1be778" testListId="8c84fa94-04c1-424b-9868-57a2d4851a1d" />
    <TestEntry testId="4936fe5f-34bc-7cd1-3559-6196be5d2345" executionId="6eabcda8-7ee9-4fea-8074-b980283b958c" testListId="8c84fa94-04c1-424b-9868-57a2d4851a1d" />
    <TestEntry testId="2c034b40-89d1-f061-007f-abb4a9634556" executionId="39416764-84db-4d3d-9a99-f6cf92a5607d" testListId="8c84fa94-04c1-424b-9868-57a2d4851a1d" />
    <TestEntry testId="b870b9d6-6885-47f1-fdd3-76119136bc75" executionId="09f4d207-0bc5-4426-bd3f-a6fffac85751" testListId="8c84fa94-04c1-424b-9868-57a2d4851a1d" />
    <TestEntry testId="08fb8ec4-5a5f-ddd0-ec8d-f3e8a62b8260" executionId="89e3fd28-0462-4b57-8fde-dd3b2c2a0b91" testListId="8c84fa94-04c1-424b-9868-57a2d4851a1d" />
    <TestEntry testId="b0160d33-0474-1652-0df0-4bd6468438a3" executionId="7c59edaa-2b44-4fed-9d6c-d66b0d42bfd6" testListId="8c84fa94-04c1-424b-9868-57a2d4851a1d" />
    <TestEntry testId="8b91e133-59a0-2902-6313-82209ba899f9" executionId="e1b7d4a2-8937-4312-9c71-4090400e7ade" testListId="8c84fa94-04c1-424b-9868-57a2d4851a1d" />
    <TestEntry testId="a3b11597-ccf4-8a1e-2bd2-2c661115a625" executionId="f0fa7bf1-4917-4c9c-95a9-ec4f0992525b" testListId="8c84fa94-04c1-424b-9868-57a2d4851a1d" />
    <TestEntry testId="24feb1cc-83ea-064f-1525-25c53f3bf6dd" executionId="cc0ad9e9-530d-4925-8f1e-149d8bb1c89e" testListId="8c84fa94-04c1-424b-9868-57a2d4851a1d" />
    <TestEntry testId="59eae423-2835-685c-30c7-7c04735e43f2" executionId="0ae0521f-b234-405e-8212-96c6c3aed1b9" testListId="8c84fa94-04c1-424b-9868-57a2d4851a1d" />
    <TestEntry testId="f736e701-7045-2283-21aa-fa2e71254b69" executionId="9360c9c5-1424-433e-870e-482ae0413763" testListId="8c84fa94-04c1-424b-9868-57a2d4851a1d" />
    <TestEntry testId="9e303fea-0785-0f11-d5a3-28a42e57d97c" executionId="6c728200-3d62-4ee9-aa82-da54f4a0727f" testListId="8c84fa94-04c1-424b-9868-57a2d4851a1d" />
    <TestEntry testId="12e1d62d-7946-9a0f-b966-f2c24c104920" executionId="90b0eb0b-5c30-4389-92bc-97aebb510c5a" testListId="8c84fa94-04c1-424b-9868-57a2d4851a1d" />
    <TestEntry testId="372204bb-4967-5e86-6cf4-edd71889fcf8" executionId="152ffb86-6743-4e95-90ab-8c1f3522b841" testListId="8c84fa94-04c1-424b-9868-57a2d4851a1d" />
    <TestEntry testId="0a53d59b-9f88-b5da-7b6f-a19c03407907" executionId="e5a80904-955b-445a-9c14-bce895d63c3e" testListId="8c84fa94-04c1-424b-9868-57a2d4851a1d" />
    <TestEntry testId="0df8e39f-97ea-985f-688e-ae186e5025f5" executionId="03564469-d69b-4132-9b6e-49219677c206" testListId="8c84fa94-04c1-424b-9868-57a2d4851a1d" />
    <TestEntry testId="299f9674-3f3d-c27d-e768-2354c66f774e" executionId="443bf149-59b7-43cf-8095-ec52b0f0291d" testListId="8c84fa94-04c1-424b-9868-57a2d4851a1d" />
    <TestEntry testId="50f31c07-76d8-72ed-3d9a-38e8accb43b9" executionId="d821d562-12bb-4824-9a3a-2197497076cf" testListId="8c84fa94-04c1-424b-9868-57a2d4851a1d" />
    <TestEntry testId="a73c72ec-cd27-1a96-7c46-1e7d00293ef3" executionId="1172e6d4-8b46-4dc8-a7bb-dd2eb1900dd1" testListId="8c84fa94-04c1-424b-9868-57a2d4851a1d" />
    <TestEntry testId="f72f5081-566f-d4c5-f041-b2901e7717a0" executionId="d42e4d46-79d4-47ed-9ed1-ffe877e57574" testListId="8c84fa94-04c1-424b-9868-57a2d4851a1d" />
    <TestEntry testId="dc2cec44-8e92-a611-617d-02054820c43b" executionId="aacfea2c-a8d0-4de6-b33e-20e41c530980" testListId="8c84fa94-04c1-424b-9868-57a2d4851a1d" />
    <TestEntry testId="8970191c-002e-5727-1bdb-0b4fb2366202" executionId="53d34875-9902-420c-ac4c-dfcf7e701914" testListId="8c84fa94-04c1-424b-9868-57a2d4851a1d" />
    <TestEntry testId="54fcd07a-f675-933b-c218-48b9f2cce9c7" executionId="f53b8e2d-4257-4e16-86ca-c09697b3f3b9" testListId="8c84fa94-04c1-424b-9868-57a2d4851a1d" />
    <TestEntry testId="0b56aa14-0fe0-ce0a-3b2a-3275b0592c0c" executionId="4e567079-d725-4dcb-9224-463a7bb20fe0" testListId="8c84fa94-04c1-424b-9868-57a2d4851a1d" />
    <TestEntry testId="12d81f8b-0868-8a9f-9ec7-90981586f407" executionId="ed0bd3af-ea93-4923-bd29-86a13790708d" testListId="8c84fa94-04c1-424b-9868-57a2d4851a1d" />
    <TestEntry testId="ae15d9a9-50ee-6b21-b5c6-3537c8f81f89" executionId="a28b0d1d-a0cd-4c4b-81ab-f76c4da50372" testListId="8c84fa94-04c1-424b-9868-57a2d4851a1d" />
    <TestEntry testId="9d5fb64f-5e91-661d-d88d-bdceca0d2802" executionId="2779e1b5-0bb5-4fd7-88bd-24cb3b52ab51" testListId="8c84fa94-04c1-424b-9868-57a2d4851a1d" />
    <TestEntry testId="1867fb0e-ef9b-d0c1-9a46-6f73bd9f39d4" executionId="1967773a-53ed-4875-9c80-e3e8aaad46af" testListId="8c84fa94-04c1-424b-9868-57a2d4851a1d" />
    <TestEntry testId="04d00807-c993-41bb-7a2f-0520a7d8f1b7" executionId="b09e0e38-cf10-43d6-9dd7-5af1ee7e99b9" testListId="8c84fa94-04c1-424b-9868-57a2d4851a1d" />
    <TestEntry testId="00837829-0721-418d-b896-469b6f0cbc60" executionId="3967d53a-310f-4bbc-9b39-ae72427f68fd" testListId="8c84fa94-04c1-424b-9868-57a2d4851a1d" />
    <TestEntry testId="e60f3dc4-8db2-c131-d9c5-e183074128ad" executionId="c3ab2fd1-f01f-431b-b140-1d8c81fc3a4a" testListId="8c84fa94-04c1-424b-9868-57a2d4851a1d" />
    <TestEntry testId="0c7e56a5-31ae-7ea2-5e82-f2a5d76d641c" executionId="d8361374-69c2-48ac-b88c-dbd963ec7aea" testListId="8c84fa94-04c1-424b-9868-57a2d4851a1d" />
    <TestEntry testId="e00efedf-9a24-77a4-c1bf-366369a9c001" executionId="53b5e963-a420-47fe-baba-7494f875f14b" testListId="8c84fa94-04c1-424b-9868-57a2d4851a1d" />
    <TestEntry testId="e8dd61be-72ed-e00f-9851-e562e3781408" executionId="73f7a1fb-8654-4c6f-b150-dd5b0e5f0eb2" testListId="8c84fa94-04c1-424b-9868-57a2d4851a1d" />
    <TestEntry testId="8d1d543a-b92f-ba7e-69ae-928ccfe95e06" executionId="4643d551-f56c-46d3-a8be-3d6c89a2b4b8" testListId="8c84fa94-04c1-424b-9868-57a2d4851a1d" />
    <TestEntry testId="1d8f6241-a73c-45d9-57e6-ff29fec1fc6e" executionId="42be776f-6f9a-41c8-9a0d-c178b964a4c4" testListId="8c84fa94-04c1-424b-9868-57a2d4851a1d" />
    <TestEntry testId="3e3260a9-1d82-1327-8cf8-b558fe55fbd3" executionId="9428dfc8-fb3c-4e56-a0c1-1ae437481ee1" testListId="8c84fa94-04c1-424b-9868-57a2d4851a1d" />
    <TestEntry testId="320c1aea-cce0-33bc-5cef-fd6fed4823c4" executionId="75773b0c-a84b-4b23-88d8-6804c119c44b" testListId="8c84fa94-04c1-424b-9868-57a2d4851a1d" />
    <TestEntry testId="3864e4ce-92e2-d46a-a582-ec449d4d9bfd" executionId="84fe5437-4f5a-4a6c-8b45-04bbb68ef1e4" testListId="8c84fa94-04c1-424b-9868-57a2d4851a1d" />
    <TestEntry testId="5c182f91-996e-ef70-e2b4-b499e32dcc21" executionId="9b37e103-b524-4106-b4a0-a39bb2faaff7" testListId="8c84fa94-04c1-424b-9868-57a2d4851a1d" />
    <TestEntry testId="8aa14173-2e9e-31c0-577b-1fffeebd67ea" executionId="68a3dc8c-c9df-4382-ae9c-64c150c873af" testListId="8c84fa94-04c1-424b-9868-57a2d4851a1d" />
    <TestEntry testId="f570124b-e77a-a33d-1cf0-c8fd5ae4a589" executionId="91760ce6-b583-4ab3-914e-7b04c0d7809d" testListId="8c84fa94-04c1-424b-9868-57a2d4851a1d" />
    <TestEntry testId="d8386567-9e45-f9fc-6952-5a766dbba7e7" executionId="d06f79e6-7c0d-44b0-b36a-08b2ce918631" testListId="8c84fa94-04c1-424b-9868-57a2d4851a1d" />
    <TestEntry testId="b500a9e8-b074-04fd-846b-44533d7a6436" executionId="c57e1f26-8772-461d-afbc-ad88482a47b9" testListId="8c84fa94-04c1-424b-9868-57a2d4851a1d" />
    <TestEntry testId="daa4a7a8-247a-c489-fb12-3865bb7bfbc7" executionId="9c8bf199-1a0a-4902-9120-9f76ac3bdda4" testListId="8c84fa94-04c1-424b-9868-57a2d4851a1d" />
    <TestEntry testId="319c66b6-67b4-8017-af57-cb659a32a624" executionId="c4d83057-b3c8-445e-860d-4f310e608fb3" testListId="8c84fa94-04c1-424b-9868-57a2d4851a1d" />
  </TestEntries>
  <TestLists>
    <TestList name="Results Not in a List" id="8c84fa94-04c1-424b-9868-57a2d4851a1d" />
    <TestList name="All Loaded Results" id="19431567-8539-422a-85d7-44ee4e166bda" />
  </TestLists>
  <ResultSummary outcome="Completed">
    <Counters total="431" executed="431" passed="431" failed="0" error="0" timeout="0" aborted="0" inconclusive="0" passedButRunAborted="0" notRunnable="0" notExecuted="0" disconnected="0" warning="0" completed="0" inProgress="0" pending="0" />
    <Output>
      <StdOut>[xUnit.net 00:00:00.00] xUnit.net VSTest Adapter v3.1.4+50e68bbb8b (64-bit .NET 8.0.27)
[xUnit.net 00:00:00.08]   Discovering: Opstrax.Tests
[xUnit.net 00:00:00.23]   Discovered:  Opstrax.Tests
[xUnit.net 00:00:00.27]   Starting:    Opstrax.Tests
info: Microsoft.Hosting.Lifetime[14]
      Now listening on: http://127.0.0.1:50469
info: Microsoft.Hosting.Lifetime[0]
      Application started. Press Ctrl+C to shut down.
info: Microsoft.Hosting.Lifetime[0]
      Hosting environment: Production
info: Microsoft.Hosting.Lifetime[0]
      Content root path: /Users/zackkhan/Downloads/opstrax-enterprise-build-fixed-nginx/backend-dotnet.Tests/bin/Debug/net8.0
info: Microsoft.Hosting.Lifetime[0]
      Application is shutting down...
info: Microsoft.Hosting.Lifetime[14]
      Now listening on: http://127.0.0.1:51073
info: Microsoft.Hosting.Lifetime[0]
      Application started. Press Ctrl+C to shut down.
info: Microsoft.Hosting.Lifetime[0]
      Hosting environment: Production
info: Microsoft.Hosting.Lifetime[0]
      Content root path: /Users/zackkhan/Downloads/opstrax-enterprise-build-fixed-nginx/backend-dotnet.Tests/bin/Debug/net8.0
info: Microsoft.Hosting.Lifetime[0]
      Application is shutting down...
info: Microsoft.Hosting.Lifetime[14]
      Now listening on: http://127.0.0.1:51075
info: Microsoft.Hosting.Lifetime[0]
      Application started. Press Ctrl+C to shut down.
info: Microsoft.Hosting.Lifetime[0]
      Hosting environment: Production
info: Microsoft.Hosting.Lifetime[0]
      Content root path: /Users/zackkhan/Downloads/opstrax-enterprise-build-fixed-nginx/backend-dotnet.Tests/bin/Debug/net8.0
info: Microsoft.Hosting.Lifetime[0]
      Application is shutting down...
info: Microsoft.Hosting.Lifetime[14]
      Now listening on: http://127.0.0.1:51077
info: Microsoft.Hosting.Lifetime[0]
      Application started. Press Ctrl+C to shut down.
info: Microsoft.Hosting.Lifetime[0]
      Hosting environment: Production
info: Microsoft.Hosting.Lifetime[0]
      Content root path: /Users/zackkhan/Downloads/opstrax-enterprise-build-fixed-nginx/backend-dotnet.Tests/bin/Debug/net8.0
info: Microsoft.Hosting.Lifetime[0]
      Application is shutting down...
info: Microsoft.Hosting.Lifetime[14]
      Now listening on: http://127.0.0.1:51088
info: Microsoft.Hosting.Lifetime[0]
      Application started. Press Ctrl+C to shut down.
info: Microsoft.Hosting.Lifetime[0]
      Hosting environment: Production
info: Microsoft.Hosting.Lifetime[0]
      Content root path: /Users/zackkhan/Downloads/opstrax-enterprise-build-fixed-nginx/backend-dotnet.Tests/bin/Debug/net8.0
info: Microsoft.Hosting.Lifetime[0]
      Application is shutting down...
[xUnit.net 00:01:12.37]   Finished:    Opstrax.Tests
</StdOut>
    </Output>
  </ResultSummary>
</TestRun>