<?xml version="1.0" encoding="utf-8"?>
<TestRun id="828c28aa-328c-4620-8d6b-2eedc8a530d9" name="@Mac 2026-08-23 00:24:05" xmlns="http://microsoft.com/schemas/VisualStudio/TeamTest/2010">
  <Times creation="2026-08-23T00:24:05.1868030-04:00" queuing="2026-08-23T00:24:05.1868030-04:00" start="2026-08-23T00:24:03.9671360-04:00" finish="2026-08-23T00:25:15.7377920-04:00" />
  <TestSettings name="default" id="8bf62597-92ad-434b-978f-2b4ec27dff15">
    <Deployment runDeploymentRoot="_Mac_2026-08-23_00_24_05" />
  </TestSettings>
  <Results>
    <UnitTestResult executionId="9fe290ba-c166-4ff0-8049-2e3efe2e847d" testId="a19c88b7-78cc-b748-2a17-d7472bfc898f" testName="Opstrax.Tests.BusinessSpinePostgresTests.BusinessSurfaceProfile_Defaults_Are_Generic_And_Persistent" computerName="Mac" duration="00:00:00.0159769" startTime="2026-08-23T00:24:11.2298680-04:00" endTime="2026-08-23T00:24:11.2460800-04:00" testType="13cdc9d9-ddb5-4fa4-a97d-d965ccfc6d4b" outcome="Passed" testListId="8c84fa94-04c1-424b-9868-57a2d4851a1d" relativeResultsDirectory="9fe290ba-c166-4ff0-8049-2e3efe2e847d" />
    <UnitTestResult executionId="1765df93-9a19-494c-b6be-3ca1308d9a95" testId="3fb17ece-71ef-52cf-1fc5-8c7fd75451f7" testName="Opstrax.Tests.DriverEarningsPostgresTests.Unapproved_Draft_Does_Not_Advance_The_Open_Window_Or_Hide_Live_Earnings" computerName="Mac" duration="00:00:00.0266063" startTime="2026-08-23T00:24:13.1089020-04:00" endTime="2026-08-23T00:24:13.1356810-04:00" testType="13cdc9d9-ddb5-4fa4-a97d-d965ccfc6d4b" outcome="Passed" testListId="8c84fa94-04c1-424b-9868-57a2d4851a1d" relativeResultsDirectory="1765df93-9a19-494c-b6be-3ca1308d9a95" />
    <UnitTestResult executionId="e160f061-2f8d-4437-a415-a3cb95346f2f" testId="14e92d96-9c57-4f21-d725-ffb76f6412c7" testName="Opstrax.Tests.TelemetryGatewayReplayPostgresTests.Same_signature_from_a_different_gateway_scope_is_accepted" computerName="Mac" duration="00:00:00.0023558" startTime="2026-08-23T00:24:37.2369690-04:00" endTime="2026-08-23T00:24:37.2394440-04:00" testType="13cdc9d9-ddb5-4fa4-a97d-d965ccfc6d4b" outcome="Passed" testListId="8c84fa94-04c1-424b-9868-57a2d4851a1d" relativeResultsDirectory="e160f061-2f8d-4437-a415-a3cb95346f2f" />
    <UnitTestResult executionId="30e5c9f6-6ab7-40f3-b1fd-0b15f448c250" testId="0441888e-193e-b6e7-661a-4ede36d5ccd2" testName="Opstrax.Tests.FinancialConfigPostgresTests.Draft_Upsert_Publish_Resolves" computerName="Mac" duration="00:00:00.0118745" startTime="2026-08-23T00:24:37.2184400-04:00" endTime="2026-08-23T00:24:37.2305240-04:00" testType="13cdc9d9-ddb5-4fa4-a97d-d965ccfc6d4b" outcome="Passed" testListId="8c84fa94-04c1-424b-9868-57a2d4851a1d" relativeResultsDirectory="30e5c9f6-6ab7-40f3-b1fd-0b15f448c250" />
    <UnitTestResult executionId="2c671adf-4ba1-40ce-9778-bddd4615d558" testId="381e673b-739c-c9c5-fdfa-6b84674ee4e3" testName="Opstrax.Tests.TripLifecyclePostgresTests.LifecycleMutations_RequireExplicitUpdatePermission" computerName="Mac" duration="00:00:00.2045853" startTime="2026-08-23T00:25:05.6327130-04:00" endTime="2026-08-23T00:25:05.8375690-04:00" testType="13cdc9d9-ddb5-4fa4-a97d-d965ccfc6d4b" outcome="Passed" testListId="8c84fa94-04c1-424b-9868-57a2d4851a1d" relativeResultsDirectory="2c671adf-4ba1-40ce-9778-bddd4615d558" />
    <UnitTestResult executionId="cf0fec6f-d3eb-4d9c-a14d-e7cd0bd6820b" testId="3e3260a9-1d82-1327-8cf8-b558fe55fbd3" testName="Opstrax.Tests.TelemetryLineagePostgresTests.BreadcrumbApi_ReturnsPersistedPerEventOperationalLineage" computerName="Mac" duration="00:00:00.0125327" startTime="2026-08-23T00:24:34.7198880-04:00" endTime="2026-08-23T00:24:34.7325990-04:00" testType="13cdc9d9-ddb5-4fa4-a97d-d965ccfc6d4b" outcome="Passed" testListId="8c84fa94-04c1-424b-9868-57a2d4851a1d" relativeResultsDirectory="cf0fec6f-d3eb-4d9c-a14d-e7cd0bd6820b" />
    <UnitTestResult executionId="9d5ad36e-4960-4c6b-a610-cec1664642f7" testId="746723cd-ca64-3a36-c757-0d37cf8f6b93" testName="Opstrax.Tests.PlatformOperatorManagementTests.AcceptInvite_Lockout_Is_Durable_And_Audited" computerName="Mac" duration="00:00:00.0397812" startTime="2026-08-23T00:24:57.9568100-04:00" endTime="2026-08-23T00:24:57.9967500-04:00" testType="13cdc9d9-ddb5-4fa4-a97d-d965ccfc6d4b" outcome="Passed" testListId="8c84fa94-04c1-424b-9868-57a2d4851a1d" relativeResultsDirectory="9d5ad36e-4960-4c6b-a610-cec1664642f7" />
    <UnitTestResult executionId="26f9a520-a23d-4889-ba3a-00adac17dbc1" testId="7079b9ab-1eec-01d0-2e41-6537699eba3c" testName="Opstrax.Tests.CountryProfilePostgresTests.Create_SA_Tenant_Cascades_SAR_Currency_And_Three_Entitlements" computerName="Mac" duration="00:00:00.0567941" startTime="2026-08-23T00:24:05.0313380-04:00" endTime="2026-08-23T00:24:05.0883540-04:00" testType="13cdc9d9-ddb5-4fa4-a97d-d965ccfc6d4b" outcome="Passed" testListId="8c84fa94-04c1-424b-9868-57a2d4851a1d" relativeResultsDirectory="26f9a520-a23d-4889-ba3a-00adac17dbc1" />
    <UnitTestResult executionId="00856bc4-dbc2-41f9-8fa8-5ef9c695c2a1" testId="4f8b216b-5d9e-7ad6-9ddd-17afd01f5610" testName="Opstrax.Tests.PlatformSuperAdminReconcilerPostgresTests.Repairs_A_Disabled_Mid_Invite_Wrong_Role_Account_Without_Touching_The_Password" computerName="Mac" duration="00:00:00.1300502" startTime="2026-08-23T00:24:57.5624020-04:00" endTime="2026-08-23T00:24:57.6926440-04:00" testType="13cdc9d9-ddb5-4fa4-a97d-d965ccfc6d4b" outcome="Passed" testListId="8c84fa94-04c1-424b-9868-57a2d4851a1d" relativeResultsDirectory="00856bc4-dbc2-41f9-8fa8-5ef9c695c2a1" />
    <UnitTestResult executionId="2310a8ca-8218-4b2a-837c-ff834e07efb1" testId="6c392ebf-3a02-8c60-300d-5aea1cf2d37e" testName="Opstrax.Tests.TenantOffboardingPostgresTests.DeleteTenant_Removes_Every_Row_For_A_Real_Tenant" computerName="Mac" duration="00:00:00.5228246" startTime="2026-08-23T00:25:02.7034900-04:00" endTime="2026-08-23T00:25:03.2265200-04:00" testType="13cdc9d9-ddb5-4fa4-a97d-d965ccfc6d4b" outcome="Passed" testListId="8c84fa94-04c1-424b-9868-57a2d4851a1d" relativeResultsDirectory="2310a8ca-8218-4b2a-837c-ff834e07efb1" />
    <UnitTestResult executionId="f9333b71-4ab0-4c9c-aeb2-f6adf980bd78" testId="e71e6595-5e77-4e40-5e30-9f9fafc31257" testName="Opstrax.Tests.InvoiceIssuedGeneralLedgerHandlerPostgresTests.Double_Delivery_Posts_Exactly_One_Journal_Entry" computerName="Mac" duration="00:00:00.0601815" startTime="2026-08-23T00:24:08.4796110-04:00" endTime="2026-08-23T00:24:08.5403900-04:00" testType="13cdc9d9-ddb5-4fa4-a97d-d965ccfc6d4b" outcome="Passed" testListId="8c84fa94-04c1-424b-9868-57a2d4851a1d" relativeResultsDirectory="f9333b71-4ab0-4c9c-aeb2-f6adf980bd78" />
    <UnitTestResult executionId="31d59b64-7846-463c-a31f-002dda69f53c" testId="eda4fcbc-22ec-a31d-370a-5e8c9faa0896" testName="Opstrax.Tests.ComplianceEvidenceTenantBoundaryPostgresTests.GlobalAggregatesUseSystemLane_WhileEvidenceRemainsTenantOwned" computerName="Mac" duration="00:00:00.0298293" startTime="2026-08-23T00:24:54.8411190-04:00" endTime="2026-08-23T00:24:54.8711100-04:00" testType="13cdc9d9-ddb5-4fa4-a97d-d965ccfc6d4b" outcome="Passed" testListId="8c84fa94-04c1-424b-9868-57a2d4851a1d" relativeResultsDirectory="31d59b64-7846-463c-a31f-002dda69f53c" />
    <UnitTestResult executionId="5145783d-aaf2-449e-a765-ccfdb2a06482" testId="a85db9d3-242d-441f-d081-81f67734d223" testName="Opstrax.Tests.LastMileBillingBridgePostgresTests.Confirmed_LastMile_Delivery_Becomes_A_Billable_Charge_Once" computerName="Mac" duration="00:00:00.0345704" startTime="2026-08-23T00:24:15.6776760-04:00" endTime="2026-08-23T00:24:15.7123850-04:00" testType="13cdc9d9-ddb5-4fa4-a97d-d965ccfc6d4b" outcome="Passed" testListId="8c84fa94-04c1-424b-9868-57a2d4851a1d" relativeResultsDirectory="5145783d-aaf2-449e-a765-ccfdb2a06482" />
    <UnitTestResult executionId="d0d6f599-7de0-450c-8508-cdd9aec552da" testId="82b7e044-50d9-d9ce-033f-1090585faec1" testName="Opstrax.Tests.TelemetryIdentityResolutionPostgresTests.ReturnsNullWhenDeviceInstallationsOverlapForTheSameDevice" computerName="Mac" duration="00:00:00.0315336" startTime="2026-08-23T00:24:38.4961730-04:00" endTime="2026-08-23T00:24:38.5279120-04:00" testType="13cdc9d9-ddb5-4fa4-a97d-d965ccfc6d4b" outcome="Passed" testListId="8c84fa94-04c1-424b-9868-57a2d4851a1d" relativeResultsDirectory="d0d6f599-7de0-450c-8508-cdd9aec552da" />
    <UnitTestResult executionId="5e01bf44-4d4c-4a50-aec8-56de6b77eb79" testId="319c66b6-67b4-8017-af57-cb659a32a624" testName="Opstrax.Tests.BillingConsolidationPostgresTests.Regenerate_Is_Idempotent" computerName="Mac" duration="00:00:00.0322983" startTime="2026-08-23T00:25:15.6582440-04:00" endTime="2026-08-23T00:25:15.6906910-04:00" testType="13cdc9d9-ddb5-4fa4-a97d-d965ccfc6d4b" outcome="Passed" testListId="8c84fa94-04c1-424b-9868-57a2d4851a1d" relativeResultsDirectory="5e01bf44-4d4c-4a50-aec8-56de6b77eb79" />
    <UnitTestResult executionId="8c32ad59-7ae8-4500-bcdd-839ef8778ec3" testId="cc1e75e7-ef7c-445a-e7a7-daa769cd4742" testName="Opstrax.Tests.RlsTenantIsolationPostgresTests.FleetReadiness_EnforcesExpectedWorkerRoster_AfterStartupGrace_AndRecovers" computerName="Mac" duration="00:00:01.9533586" startTime="2026-08-23T00:24:42.8864830-04:00" endTime="2026-08-23T00:24:44.8400420-04:00" testType="13cdc9d9-ddb5-4fa4-a97d-d965ccfc6d4b" outcome="Passed" testListId="8c84fa94-04c1-424b-9868-57a2d4851a1d" relativeResultsDirectory="8c32ad59-7ae8-4500-bcdd-839ef8778ec3" />
    <UnitTestResult executionId="86b7c119-8add-4ad9-aa28-6c4821c9c389" testId="03ca0eee-b5f3-a820-416f-1656b9fcf772" testName="Opstrax.Tests.RevenueReadinessPostgresTests.FinanceExport_ArAgingCsv_ContainsOnlyLiveRows_NoPlaceholders" computerName="Mac" duration="00:00:00.0853546" startTime="2026-08-23T00:24:11.8822720-04:00" endTime="2026-08-23T00:24:11.9678140-04:00" testType="13cdc9d9-ddb5-4fa4-a97d-d965ccfc6d4b" outcome="Passed" testListId="8c84fa94-04c1-424b-9868-57a2d4851a1d" relativeResultsDirectory="86b7c119-8add-4ad9-aa28-6c4821c9c389" />
    <UnitTestResult executionId="b907456d-dbb8-4c57-9cda-d054a950697c" testId="0d4256a2-52eb-4606-c6ac-bdfcb7a23c38" testName="Opstrax.Tests.TripLifecyclePostgresTests.BackgroundTelemetryBinding_IsExecutableTenantScopedAndDeterministic" computerName="Mac" duration="00:00:00.1895743" startTime="2026-08-23T00:25:06.6963370-04:00" endTime="2026-08-23T00:25:06.8860730-04:00" testType="13cdc9d9-ddb5-4fa4-a97d-d965ccfc6d4b" outcome="Passed" testListId="8c84fa94-04c1-424b-9868-57a2d4851a1d" relativeResultsDirectory="b907456d-dbb8-4c57-9cda-d054a950697c" />
    <UnitTestResult executionId="c709e4b3-94a1-44ab-8b57-874049570267" testId="e3088f75-3bdc-a943-7d3f-f69c5ff71722" testName="Opstrax.Tests.RevenueReadinessPostgresTests.LeakSignals_Create_MissingPricing_And_ReadyToBillWithoutInvoiceDraft" computerName="Mac" duration="00:00:00.1484371" startTime="2026-08-23T00:24:12.4691190-04:00" endTime="2026-08-23T00:24:12.6177680-04:00" testType="13cdc9d9-ddb5-4fa4-a97d-d965ccfc6d4b" outcome="Passed" testListId="8c84fa94-04c1-424b-9868-57a2d4851a1d" relativeResultsDirectory="c709e4b3-94a1-44ab-8b57-874049570267" />
    <UnitTestResult executionId="f122e6a6-c74d-420f-b437-97c154a7a976" testId="f58cbb3d-3266-3d88-92a4-f10d86b06c1a" testName="Opstrax.Tests.TelemetryGatewayReplayPostgresTests.Concurrent_duplicates_allow_exactly_one" computerName="Mac" duration="00:00:00.0037262" startTime="2026-08-23T00:24:37.2307630-04:00" endTime="2026-08-23T00:24:37.2346410-04:00" testType="13cdc9d9-ddb5-4fa4-a97d-d965ccfc6d4b" outcome="Passed" testListId="8c84fa94-04c1-424b-9868-57a2d4851a1d" relativeResultsDirectory="f122e6a6-c74d-420f-b437-97c154a7a976" />
    <UnitTestResult executionId="f5ff83bb-06d6-4705-9579-6787512f0da2" testId="4db0ed7f-4e7f-ad54-fafe-ce914ee39c29" testName="Opstrax.Tests.TaxServicePostgresTests.Gst_Unregistered_Seller_Is_FailClosed" computerName="Mac" duration="00:00:00.0187703" startTime="2026-08-23T00:25:15.3491880-04:00" endTime="2026-08-23T00:25:15.3681320-04:00" testType="13cdc9d9-ddb5-4fa4-a97d-d965ccfc6d4b" outcome="Passed" testListId="8c84fa94-04c1-424b-9868-57a2d4851a1d" relativeResultsDirectory="f5ff83bb-06d6-4705-9579-6787512f0da2" />
    <UnitTestResult executionId="4d304331-ba26-42ea-be7f-d8dbb8635869" testId="357370fd-8259-c007-a208-bf96a366e601" testName="Opstrax.Tests.MessagingConversationPostgresTests.Driver_Notification_Body_Is_Sanitized_Of_Internal_Data" computerName="Mac" duration="00:00:00.0130439" startTime="2026-08-23T00:24:11.3486030-04:00" endTime="2026-08-23T00:24:11.3618240-04:00" testType="13cdc9d9-ddb5-4fa4-a97d-d965ccfc6d4b" outcome="Passed" testListId="8c84fa94-04c1-424b-9868-57a2d4851a1d" relativeResultsDirectory="4d304331-ba26-42ea-be7f-d8dbb8635869" />
    <UnitTestResult executionId="6341cedf-8af1-4eda-b868-83fb2ccefd44" testId="5bed7f1f-6e82-eab7-0d45-1df9511800d5" testName="Opstrax.Tests.GeneralLedgerPostgresTests.Posting_An_Invoice_Twice_Is_Idempotent_And_Books_AR_Revenue_Tax" computerName="Mac" duration="00:00:00.0662699" startTime="2026-08-23T00:25:13.1405260-04:00" endTime="2026-08-23T00:25:13.2072940-04:00" testType="13cdc9d9-ddb5-4fa4-a97d-d965ccfc6d4b" outcome="Passed" testListId="8c84fa94-04c1-424b-9868-57a2d4851a1d" relativeResultsDirectory="6341cedf-8af1-4eda-b868-83fb2ccefd44" />
    <UnitTestResult executionId="699fa858-61c8-4a53-b3dd-aaf68d6b62e0" testId="51525946-5b6e-af7d-7235-7f37d17470ea" testName="Opstrax.Tests.PlatformOperatorManagementTests.Patch_Alias_Updates_Name_And_Role_With_Fences" computerName="Mac" duration="00:00:00.0744491" startTime="2026-08-23T00:24:57.8821130-04:00" endTime="2026-08-23T00:24:57.9567100-04:00" testType="13cdc9d9-ddb5-4fa4-a97d-d965ccfc6d4b" outcome="Passed" testListId="8c84fa94-04c1-424b-9868-57a2d4851a1d" relativeResultsDirectory="699fa858-61c8-4a53-b3dd-aaf68d6b62e0" />
    <UnitTestResult executionId="59383ee4-1a75-47a9-97f4-874bdea48e87" testId="188d57ca-3b68-2462-a534-76ce835dd054" testName="Opstrax.Tests.CoreJobsBranchHosApiTests.CancelOnlyPermissionCannotReachAssignmentStatusEtaOrProofThroughSemanticAliases" computerName="Mac" duration="00:00:00.0050806" startTime="2026-08-23T00:24:31.9475660-04:00" endTime="2026-08-23T00:24:31.9526900-04:00" testType="13cdc9d9-ddb5-4fa4-a97d-d965ccfc6d4b" outcome="Passed" testListId="8c84fa94-04c1-424b-9868-57a2d4851a1d" relativeResultsDirectory="59383ee4-1a75-47a9-97f4-874bdea48e87" />
    <UnitTestResult executionId="fdfcba63-607d-4e4b-87c5-794839ffd589" testId="da5bf910-3132-a791-0d66-de86c97a9019" testName="Opstrax.Tests.PlatformEmailSettingsTests.Mail_Defaults_Tls_Off_For_Implicit_Tls_Port_465" computerName="Mac" duration="00:00:00.0071895" startTime="2026-08-23T00:24:58.7081920-04:00" endTime="2026-08-23T00:24:58.7154970-04:00" testType="13cdc9d9-ddb5-4fa4-a97d-d965ccfc6d4b" outcome="Passed" testListId="8c84fa94-04c1-424b-9868-57a2d4851a1d" relativeResultsDirectory="fdfcba63-607d-4e4b-87c5-794839ffd589" />
    <UnitTestResult executionId="1e120fd1-2cb6-4c8b-b191-553173e94a8f" testId="db5185d5-9b8a-e537-3be2-f41131bc8313" testName="Opstrax.Tests.SettlementServicePostgresTests.Regenerate_Is_Idempotent" computerName="Mac" duration="00:00:00.0194475" startTime="2026-08-23T00:24:13.4817060-04:00" endTime="2026-08-23T00:24:13.5013220-04:00" testType="13cdc9d9-ddb5-4fa4-a97d-d965ccfc6d4b" outcome="Passed" testListId="8c84fa94-04c1-424b-9868-57a2d4851a1d" relativeResultsDirectory="1e120fd1-2cb6-4c8b-b191-553173e94a8f" />
    <UnitTestResult executionId="ee68b835-1332-49f3-8145-67b3caa200e3" testId="69f9876b-4b7c-1847-e4cc-5004e0c458d7" testName="Opstrax.Tests.RetentionEnforcementTests.Purge_DeletesOnlyExpiredRowsForTheSelectedTenant_AndPropagatesSchemaFailure" computerName="Mac" duration="00:00:00.1203182" startTime="2026-08-23T00:25:14.9043470-04:00" endTime="2026-08-23T00:25:15.0255940-04:00" testType="13cdc9d9-ddb5-4fa4-a97d-d965ccfc6d4b" outcome="Passed" testListId="8c84fa94-04c1-424b-9868-57a2d4851a1d" relativeResultsDirectory="ee68b835-1332-49f3-8145-67b3caa200e3" />
    <UnitTestResult executionId="e46e80b7-a94b-4352-92f4-4e735f87da24" testId="c79df2e4-ed81-0ac0-6156-2227fdd969cb" testName="Opstrax.Tests.ProofOfDeliveryPilotTests.PodReadModelsAreCanonicalPermissionBranchScopedAndDoNotLeakPrivateObjectReferences" computerName="Mac" duration="00:00:00.0339366" startTime="2026-08-23T00:24:54.8067950-04:00" endTime="2026-08-23T00:24:54.8408780-04:00" testType="13cdc9d9-ddb5-4fa4-a97d-d965ccfc6d4b" outcome="Passed" testListId="8c84fa94-04c1-424b-9868-57a2d4851a1d" relativeResultsDirectory="e46e80b7-a94b-4352-92f4-4e735f87da24" />
    <UnitTestResult executionId="b83707ef-5a47-4362-8522-3d7017da2667" testId="b9155e6e-f0ee-316d-9540-459f58aa984c" testName="Opstrax.Tests.FleetTmsWorkspaceWave1Tests.ConcurrentDuplicateStopCreationIsRejectedByDatabaseIdentityConstraint" computerName="Mac" duration="00:00:00.0223817" startTime="2026-08-23T00:24:35.3592610-04:00" endTime="2026-08-23T00:24:35.3818410-04:00" testType="13cdc9d9-ddb5-4fa4-a97d-d965ccfc6d4b" outcome="Passed" testListId="8c84fa94-04c1-424b-9868-57a2d4851a1d" relativeResultsDirectory="b83707ef-5a47-4362-8522-3d7017da2667" />
    <UnitTestResult executionId="d3da71e0-0d28-45d2-8d4c-738349c32413" testId="738c936e-73af-c84e-6f10-c14aeac06fd8" testName="Opstrax.Tests.FleetSpecializedBranchTests.MarketPackBranchRollout_BackfillsSoleBranchAndAuditsMultiBranchNulls" computerName="Mac" duration="00:00:00.1449378" startTime="2026-08-23T00:24:13.8858990-04:00" endTime="2026-08-23T00:24:14.0310340-04:00" testType="13cdc9d9-ddb5-4fa4-a97d-d965ccfc6d4b" outcome="Passed" testListId="8c84fa94-04c1-424b-9868-57a2d4851a1d" relativeResultsDirectory="d3da71e0-0d28-45d2-8d4c-738349c32413" />
    <UnitTestResult executionId="a28420b2-a9d2-417c-b1d1-74f24463be07" testId="e5c2dbb8-b94b-ef71-c12e-afe9211e6a7a" testName="Opstrax.Tests.LogisticsSeederPostgresRegressionTests.LastMileDemoSeedSatisfiesCanonicalDatabaseStatusChecks" computerName="Mac" duration="00:00:00.0421706" startTime="2026-08-23T00:24:37.2486720-04:00" endTime="2026-08-23T00:24:37.2910100-04:00" testType="13cdc9d9-ddb5-4fa4-a97d-d965ccfc6d4b" outcome="Passed" testListId="8c84fa94-04c1-424b-9868-57a2d4851a1d" relativeResultsDirectory="a28420b2-a9d2-417c-b1d1-74f24463be07" />
    <UnitTestResult executionId="936fd963-c266-4e8a-947b-6aa5e2971818" testId="62948f0f-5b17-03fb-36ba-c07c5ba651af" testName="Opstrax.Tests.Stage13BSafetyMaintenanceTests.FoundationSummary_Contains_All_Safety_Maintenance_Sections" computerName="Mac" duration="00:00:00.4364438" startTime="2026-08-23T00:24:37.6080530-04:00" endTime="2026-08-23T00:24:38.0447190-04:00" testType="13cdc9d9-ddb5-4fa4-a97d-d965ccfc6d4b" outcome="Passed" testListId="8c84fa94-04c1-424b-9868-57a2d4851a1d" relativeResultsDirectory="936fd963-c266-4e8a-947b-6aa5e2971818" />
    <UnitTestResult executionId="7ffd507d-bfb4-41d2-a61a-d94feabaeee0" testId="8b2678b5-4e76-59ae-3917-a76360724771" testName="Opstrax.Tests.MaintenancePmBaselinePostgresTests.EngineHours_Past_Baseline_Plus_Interval_Is_Flagged_Overdue" computerName="Mac" duration="00:00:01.4839285" startTime="2026-08-23T00:24:06.9102230-04:00" endTime="2026-08-23T00:24:08.3944460-04:00" testType="13cdc9d9-ddb5-4fa4-a97d-d965ccfc6d4b" outcome="Passed" testListId="8c84fa94-04c1-424b-9868-57a2d4851a1d" relativeResultsDirectory="7ffd507d-bfb4-41d2-a61a-d94feabaeee0" />
    <UnitTestResult executionId="f9f567d7-ac67-442b-8c92-54d263413afc" testId="f5bc8f0f-2c79-c09a-fb7a-2f9ecd0f8347" testName="Opstrax.Tests.TaxServicePostgresTests.Unsupported_Regime_Is_FailClosed" computerName="Mac" duration="00:00:00.0197416" startTime="2026-08-23T00:25:15.4843340-04:00" endTime="2026-08-23T00:25:15.5042810-04:00" testType="13cdc9d9-ddb5-4fa4-a97d-d965ccfc6d4b" outcome="Passed" testListId="8c84fa94-04c1-424b-9868-57a2d4851a1d" relativeResultsDirectory="f9f567d7-ac67-442b-8c92-54d263413afc" />
    <UnitTestResult executionId="1684f17d-ce39-4bec-b878-fa0ae6cc4149" testId="e5d00d21-1e46-784f-bcd7-adaa196f9947" testName="Opstrax.Tests.ActiveShipmentsPostgresRegressionTests.CanonicalProjectionEnforcesBranchPermissionsRiskPagingExportAndIgnoresFleetOnlyRows" computerName="Mac" duration="00:00:00.5258863" startTime="2026-08-23T00:24:35.4419680-04:00" endTime="2026-08-23T00:24:35.9680580-04:00" testType="13cdc9d9-ddb5-4fa4-a97d-d965ccfc6d4b" outcome="Passed" testListId="8c84fa94-04c1-424b-9868-57a2d4851a1d" relativeResultsDirectory="1684f17d-ce39-4bec-b878-fa0ae6cc4149" />
    <UnitTestResult executionId="76404c9c-95e0-43ee-b567-686587ce0d9b" testId="4cc94334-f9ee-fb7c-b27d-535be527259a" testName="Opstrax.Tests.GeneralLedgerPeriodClosePostgresTests.Cannot_Close_The_Current_Month" computerName="Mac" duration="00:00:00.0090857" startTime="2026-08-23T00:24:11.3621640-04:00" endTime="2026-08-23T00:24:11.3714230-04:00" testType="13cdc9d9-ddb5-4fa4-a97d-d965ccfc6d4b" outcome="Passed" testListId="8c84fa94-04c1-424b-9868-57a2d4851a1d" relativeResultsDirectory="76404c9c-95e0-43ee-b567-686587ce0d9b" />
    <UnitTestResult executionId="725f5b63-b16a-441f-b68b-5f963bc1b581" testId="fc045d12-6036-579b-5eca-e113d5660d36" testName="Opstrax.Tests.Stage12TelemetryTests.TelemetrySummary_Exposes_Live_State_Registry_Rules_Alerts_And_Recommendations" computerName="Mac" duration="00:00:00.0861123" startTime="2026-08-23T00:25:03.2416440-04:00" endTime="2026-08-23T00:25:03.3279220-04:00" testType="13cdc9d9-ddb5-4fa4-a97d-d965ccfc6d4b" outcome="Passed" testListId="8c84fa94-04c1-424b-9868-57a2d4851a1d" relativeResultsDirectory="725f5b63-b16a-441f-b68b-5f963bc1b581" />
    <UnitTestResult executionId="c0876879-ed69-4a18-bbae-f007a739aa02" testId="f736e701-7045-2283-21aa-fa2e71254b69" testName="Opstrax.Tests.OrderToCashE2EPostgresTests.Delivered_Job_Flows_Rate_Bill_Tax_Issue_Recognize_Settle" computerName="Mac" duration="00:00:00.0817089" startTime="2026-08-23T00:24:37.0683580-04:00" endTime="2026-08-23T00:24:37.1502340-04:00" testType="13cdc9d9-ddb5-4fa4-a97d-d965ccfc6d4b" outcome="Passed" testListId="8c84fa94-04c1-424b-9868-57a2d4851a1d" relativeResultsDirectory="c0876879-ed69-4a18-bbae-f007a739aa02" />
    <UnitTestResult executionId="842043b5-9337-475d-8544-9c4ba4cbb1df" testId="ab463d4b-dced-9415-ef82-e1fe5ce86649" testName="Opstrax.Tests.DetentionDriverPayPostgresTests.Flat_Per_Hour_Detention_Pay_Uses_Billable_Hours" computerName="Mac" duration="00:00:00.0271192" startTime="2026-08-23T00:24:34.3542850-04:00" endTime="2026-08-23T00:24:34.3815980-04:00" testType="13cdc9d9-ddb5-4fa4-a97d-d965ccfc6d4b" outcome="Passed" testListId="8c84fa94-04c1-424b-9868-57a2d4851a1d" relativeResultsDirectory="842043b5-9337-475d-8544-9c4ba4cbb1df" />
    <UnitTestResult executionId="5fe49028-f232-4f1e-b536-151d1836254e" testId="0a9d501e-9684-8bd6-c58d-cc90790f5659" testName="Opstrax.Tests.ProofOfDeliveryPilotTests.PodRuntimeSchemaIndexesNewestProofLookup" computerName="Mac" duration="00:00:00.0021157" startTime="2026-08-23T00:24:54.7828070-04:00" endTime="2026-08-23T00:24:54.7849730-04:00" testType="13cdc9d9-ddb5-4fa4-a97d-d965ccfc6d4b" outcome="Passed" testListId="8c84fa94-04c1-424b-9868-57a2d4851a1d" relativeResultsDirectory="5fe49028-f232-4f1e-b536-151d1836254e" />
    <UnitTestResult executionId="afd20631-9c0e-4b58-b10b-da896d229355" testId="7d7c7bd5-be53-f131-5f13-63d0a876ff50" testName="Opstrax.Tests.FleetSpecializedBranchTests.ColdChain_ConcurrentIdempotentRetryCreatesOneAtomicFlow" computerName="Mac" duration="00:00:00.1258850" startTime="2026-08-23T00:24:14.1229370-04:00" endTime="2026-08-23T00:24:14.2490330-04:00" testType="13cdc9d9-ddb5-4fa4-a97d-d965ccfc6d4b" outcome="Passed" testListId="8c84fa94-04c1-424b-9868-57a2d4851a1d" relativeResultsDirectory="afd20631-9c0e-4b58-b10b-da896d229355" />
    <UnitTestResult executionId="84b9498c-be7b-420d-a71e-557f298a72b3" testId="067d018d-0858-6765-ab01-fd1272911050" testName="Opstrax.Tests.TaxServicePostgresTests.Recompute_Is_Idempotent" computerName="Mac" duration="00:00:00.0336197" startTime="2026-08-23T00:25:15.2829640-04:00" endTime="2026-08-23T00:25:15.3167510-04:00" testType="13cdc9d9-ddb5-4fa4-a97d-d965ccfc6d4b" outcome="Passed" testListId="8c84fa94-04c1-424b-9868-57a2d4851a1d" relativeResultsDirectory="84b9498c-be7b-420d-a71e-557f298a72b3" />
    <UnitTestResult executionId="f01a4615-419f-411a-a7f7-4e9dda0b7197" testId="d62ebe91-3724-e9a7-8e37-2acfa4f0237d" testName="Opstrax.Tests.BusinessSpinePostgresTests.RateCard_And_JobCharge_Persist_WithCorrelation_Metadata" computerName="Mac" duration="00:00:00.0206560" startTime="2026-08-23T00:24:11.2463060-04:00" endTime="2026-08-23T00:24:11.2671830-04:00" testType="13cdc9d9-ddb5-4fa4-a97d-d965ccfc6d4b" outcome="Passed" testListId="8c84fa94-04c1-424b-9868-57a2d4851a1d" relativeResultsDirectory="f01a4615-419f-411a-a7f7-4e9dda0b7197" />
    <UnitTestResult executionId="18726ef1-246a-433e-8c78-97cf66afb3aa" testId="37e9f38d-6e85-5702-0a0e-5cfb7c5fa5cd" testName="Opstrax.Tests.LogisticsSeederPostgresRegressionTests.WorkspaceListUpdateAndStatusBypassPathsArePermissionAndBranchSafe" computerName="Mac" duration="00:00:00.0397085" startTime="2026-08-23T00:24:37.4374580-04:00" endTime="2026-08-23T00:24:37.4773370-04:00" testType="13cdc9d9-ddb5-4fa4-a97d-d965ccfc6d4b" outcome="Passed" testListId="8c84fa94-04c1-424b-9868-57a2d4851a1d" relativeResultsDirectory="18726ef1-246a-433e-8c78-97cf66afb3aa" />
    <UnitTestResult executionId="392e6d87-d088-45e2-9f19-1de1ebdd5f33" testId="dc2cec44-8e92-a611-617d-02054820c43b" testName="Opstrax.Tests.RevenueReadinessPostgresTests.ArAging_BucketsOutstandingInvoicesByAge_AndIsTenantScoped" computerName="Mac" duration="00:00:00.0866899" startTime="2026-08-23T00:24:12.1331500-04:00" endTime="2026-08-23T00:24:12.2200240-04:00" testType="13cdc9d9-ddb5-4fa4-a97d-d965ccfc6d4b" outcome="Passed" testListId="8c84fa94-04c1-424b-9868-57a2d4851a1d" relativeResultsDirectory="392e6d87-d088-45e2-9f19-1de1ebdd5f33" />
    <UnitTestResult executionId="70ac09e5-c904-439a-b4b7-081f790242d2" testId="126b59b9-af01-481d-63dc-1798538e4e42" testName="Opstrax.Tests.DetentionPricingPostgresTests.Late_Arrival_Rests_Unapprovable_Without_Override" computerName="Mac" duration="00:00:00.0729579" startTime="2026-08-23T00:24:10.8348960-04:00" endTime="2026-08-23T00:24:10.9080730-04:00" testType="13cdc9d9-ddb5-4fa4-a97d-d965ccfc6d4b" outcome="Passed" testListId="8c84fa94-04c1-424b-9868-57a2d4851a1d" relativeResultsDirectory="70ac09e5-c904-439a-b4b7-081f790242d2" />
    <UnitTestResult executionId="f6ab1ea7-72fb-4b6a-97cc-e05dfa20d994" testId="08fb8ec4-5a5f-ddd0-ec8d-f3e8a62b8260" testName="Opstrax.Tests.RatingServicePostgresTests.Minimum_Charge_Floors_The_Linehaul" computerName="Mac" duration="00:00:00.0117617" startTime="2026-08-23T00:24:54.9334250-04:00" endTime="2026-08-23T00:24:54.9454030-04:00" testType="13cdc9d9-ddb5-4fa4-a97d-d965ccfc6d4b" outcome="Passed" testListId="8c84fa94-04c1-424b-9868-57a2d4851a1d" relativeResultsDirectory="f6ab1ea7-72fb-4b6a-97cc-e05dfa20d994" />
    <UnitTestResult executionId="a995ee22-7933-4ff4-9950-9a85b707c371" testId="1a5365a7-a965-1b98-353c-7afcf114e503" testName="Opstrax.Tests.FleetSpecializedBranchTests.ColdChain_Branch_Ownership_Isolates_Devices_Readings_Alerts_And_Policies" computerName="Mac" duration="00:00:00.0776320" startTime="2026-08-23T00:24:14.5675020-04:00" endTime="2026-08-23T00:24:14.6453320-04:00" testType="13cdc9d9-ddb5-4fa4-a97d-d965ccfc6d4b" outcome="Passed" testListId="8c84fa94-04c1-424b-9868-57a2d4851a1d" relativeResultsDirectory="a995ee22-7933-4ff4-9950-9a85b707c371" />
    <UnitTestResult executionId="239e32c9-9ab4-4fe8-8889-495a59d1d903" testId="e57349fe-099b-29a7-a246-0c91dcaefa9c" testName="Opstrax.Tests.Stage9PostgresTests.Stage9_AccessDocument_Waiver_CreatesApprovalRequest_And_DoesNotAutoApprove" computerName="Mac" duration="00:00:00.0364031" startTime="2026-08-23T00:24:13.6523440-04:00" endTime="2026-08-23T00:24:13.6889540-04:00" testType="13cdc9d9-ddb5-4fa4-a97d-d965ccfc6d4b" outcome="Passed" testListId="8c84fa94-04c1-424b-9868-57a2d4851a1d" relativeResultsDirectory="239e32c9-9ab4-4fe8-8889-495a59d1d903" />
    <UnitTestResult executionId="4e5aaa41-26cc-43cb-bbce-2b21d63ef9e7" testId="9266bd07-1529-e350-6fcc-2b549f0909d7" testName="Opstrax.Tests.TaxServicePostgresTests.Zatca_NonSAR_Currency_Is_FailClosed" computerName="Mac" duration="00:00:00.0171838" startTime="2026-08-23T00:25:15.4447050-04:00" endTime="2026-08-23T00:25:15.4621250-04:00" testType="13cdc9d9-ddb5-4fa4-a97d-d965ccfc6d4b" outcome="Passed" testListId="8c84fa94-04c1-424b-9868-57a2d4851a1d" relativeResultsDirectory="4e5aaa41-26cc-43cb-bbce-2b21d63ef9e7" />
    <UnitTestResult executionId="03d61837-2a23-4853-9ec1-569fd9947bfd" testId="61cf4a35-8ade-00b1-d4a4-4a9f30d42194" testName="Opstrax.Tests.TenantOffboardingPostgresTests.DeleteTenant_Only_Touches_The_Target_Tenant" computerName="Mac" duration="00:00:01.1608917" startTime="2026-08-23T00:25:01.5422270-04:00" endTime="2026-08-23T00:25:02.7033680-04:00" testType="13cdc9d9-ddb5-4fa4-a97d-d965ccfc6d4b" outcome="Passed" testListId="8c84fa94-04c1-424b-9868-57a2d4851a1d" relativeResultsDirectory="03d61837-2a23-4853-9ec1-569fd9947bfd" />
    <UnitTestResult executionId="35ca8a1e-0c61-4e96-9760-6852313422e0" testId="2b309596-a13d-4166-9b96-050b1b73d6f2" testName="Opstrax.Tests.Stage9PostgresTests.Stage9_SiteAccessRequirement_CreatesOperationalRecommendation" computerName="Mac" duration="00:00:00.0525183" startTime="2026-08-23T00:24:13.5589000-04:00" endTime="2026-08-23T00:24:13.6116230-04:00" testType="13cdc9d9-ddb5-4fa4-a97d-d965ccfc6d4b" outcome="Passed" testListId="8c84fa94-04c1-424b-9868-57a2d4851a1d" relativeResultsDirectory="35ca8a1e-0c61-4e96-9760-6852313422e0" />
    <UnitTestResult executionId="e689f553-6cb3-4011-b32d-2b13297ccf17" testId="8b7725d9-9d8a-bca2-cdaa-8c63ac054de0" testName="Opstrax.Tests.FleetSpecializedBranchTests.ColdChain_PolicyTwentyWayIdempotencyRaceReturnsOriginalResourceWithout500" computerName="Mac" duration="00:00:00.0689133" startTime="2026-08-23T00:24:14.2491680-04:00" endTime="2026-08-23T00:24:14.3182380-04:00" testType="13cdc9d9-ddb5-4fa4-a97d-d965ccfc6d4b" outcome="Passed" testListId="8c84fa94-04c1-424b-9868-57a2d4851a1d" relativeResultsDirectory="e689f553-6cb3-4011-b32d-2b13297ccf17" />
    <UnitTestResult executionId="e1d6b963-499c-43b2-b2aa-ad67cd342957" testId="03780488-d855-7c6b-43cf-38738b84ef2b" testName="Opstrax.Tests.SafetyCoachingScorecardPilotPostgresTests.RealPilotScenarioEnforcesPermissionsBranchIdempotencyConcurrencyAndExplainability" computerName="Mac" duration="00:00:00.3073404" startTime="2026-08-23T00:24:08.7659770-04:00" endTime="2026-08-23T00:24:09.0736450-04:00" testType="13cdc9d9-ddb5-4fa4-a97d-d965ccfc6d4b" outcome="Passed" testListId="8c84fa94-04c1-424b-9868-57a2d4851a1d" relativeResultsDirectory="e1d6b963-499c-43b2-b2aa-ad67cd342957" />
    <UnitTestResult executionId="fbab0a86-1b06-4561-ae7a-0a8c5674889d" testId="82870092-4363-2cb2-4cca-34f273484c4a" testName="Opstrax.Tests.GeofenceEvaluatorPostgresTests.Vehicle_Entering_Then_Leaving_A_Zone_Emits_One_Entry_Then_One_Exit" computerName="Mac" duration="00:00:00.0904140" startTime="2026-08-23T00:25:13.4048080-04:00" endTime="2026-08-23T00:25:13.4955120-04:00" testType="13cdc9d9-ddb5-4fa4-a97d-d965ccfc6d4b" outcome="Passed" testListId="8c84fa94-04c1-424b-9868-57a2d4851a1d" relativeResultsDirectory="fbab0a86-1b06-4561-ae7a-0a8c5674889d" />
    <UnitTestResult executionId="18a45144-93d9-4d4e-a934-736a8b785881" testId="59b889f1-852e-473b-e8a9-3b65264038b5" testName="Opstrax.Tests.SafetyIncidentsPilotRegressionTests.EvidenceInsertFailure_RollsBackParentVersionAtomically" computerName="Mac" duration="00:00:00.1503309" startTime="2026-08-23T00:24:16.6675930-04:00" endTime="2026-08-23T00:24:16.8180990-04:00" testType="13cdc9d9-ddb5-4fa4-a97d-d965ccfc6d4b" outcome="Passed" testListId="8c84fa94-04c1-424b-9868-57a2d4851a1d" relativeResultsDirectory="18a45144-93d9-4d4e-a934-736a8b785881" />
    <UnitTestResult executionId="3fcba009-8b6d-4620-a2b4-aa18eb565502" testId="1d8f6241-a73c-45d9-57e6-ff29fec1fc6e" testName="Opstrax.Tests.DetentionPricingPostgresTests.No_Appointment_Means_Detected_But_Never_Priced" computerName="Mac" duration="00:00:00.0502890" startTime="2026-08-23T00:24:10.7841090-04:00" endTime="2026-08-23T00:24:10.8346600-04:00" testType="13cdc9d9-ddb5-4fa4-a97d-d965ccfc6d4b" outcome="Passed" testListId="8c84fa94-04c1-424b-9868-57a2d4851a1d" relativeResultsDirectory="3fcba009-8b6d-4620-a2b4-aa18eb565502" />
    <UnitTestResult executionId="35a70fde-763d-4549-8e17-f3226bc26968" testId="8b91e133-59a0-2902-6313-82209ba899f9" testName="Opstrax.Tests.MessagingConversationPostgresTests.Message_To_Driver_Fans_A_Deduped_Notification_To_The_Drivers_Login" computerName="Mac" duration="00:00:00.0178714" startTime="2026-08-23T00:24:11.2840070-04:00" endTime="2026-08-23T00:24:11.3020680-04:00" testType="13cdc9d9-ddb5-4fa4-a97d-d965ccfc6d4b" outcome="Passed" testListId="8c84fa94-04c1-424b-9868-57a2d4851a1d" relativeResultsDirectory="35a70fde-763d-4549-8e17-f3226bc26968" />
    <UnitTestResult executionId="8222aba8-c05c-44a9-b7f7-7eb6ad83bc7b" testId="214530e6-89df-92e4-a1c3-71ce19166e53" testName="Opstrax.Tests.DvirHosPilotPostgresTests.DvirCreationIsConcurrentRetrySafeAndRejectsCrossBranchResources" computerName="Mac" duration="00:00:00.0182683" startTime="2026-08-23T00:25:04.1468530-04:00" endTime="2026-08-23T00:25:04.1652670-04:00" testType="13cdc9d9-ddb5-4fa4-a97d-d965ccfc6d4b" outcome="Passed" testListId="8c84fa94-04c1-424b-9868-57a2d4851a1d" relativeResultsDirectory="8222aba8-c05c-44a9-b7f7-7eb6ad83bc7b" />
    <UnitTestResult executionId="886c1ae2-7c79-42b9-856c-8d8f21046ceb" testId="d25c9e5e-ec2a-7a0d-f75c-aeef6bfb0ae9" testName="Opstrax.Tests.RevenueReadinessPostgresTests.MarkReadyToBill_WithCharges_Succeeds_And_Writes_Event" computerName="Mac" duration="00:00:00.0746504" startTime="2026-08-23T00:24:11.8068880-04:00" endTime="2026-08-23T00:24:11.8818160-04:00" testType="13cdc9d9-ddb5-4fa4-a97d-d965ccfc6d4b" outcome="Passed" testListId="8c84fa94-04c1-424b-9868-57a2d4851a1d" relativeResultsDirectory="886c1ae2-7c79-42b9-856c-8d8f21046ceb" />
    <UnitTestResult executionId="76c7a17c-c45e-41bc-a489-f40e44d4fc7c" testId="0e59e133-b879-92d7-94bf-78e95a1371aa" testName="Opstrax.Tests.AdminUserBindingRevalidationPostgresTests.CustomerBindableRole_FailsClosed_ForAnUnresolvableRole(roleName: &quot;&quot;)" computerName="Mac" duration="00:00:00.0000101" startTime="2026-08-23T00:24:09.4146870-04:00" endTime="2026-08-23T00:24:09.4147480-04:00" testType="13cdc9d9-ddb5-4fa4-a97d-d965ccfc6d4b" outcome="Passed" testListId="8c84fa94-04c1-424b-9868-57a2d4851a1d" relativeResultsDirectory="76c7a17c-c45e-41bc-a489-f40e44d4fc7c" />
    <UnitTestResult executionId="be683f1d-10e3-4f37-8b0e-bd1bd2b8dfcb" testId="b12911d5-0dbc-5b28-bac2-30b9b80df095" testName="Opstrax.Tests.PlatformOperatorManagementTests.Invite_Accept_Login_Lifecycle_Works_And_Is_Audited" computerName="Mac" duration="00:00:00.1050854" startTime="2026-08-23T00:24:58.0925670-04:00" endTime="2026-08-23T00:24:58.1978630-04:00" testType="13cdc9d9-ddb5-4fa4-a97d-d965ccfc6d4b" outcome="Passed" testListId="8c84fa94-04c1-424b-9868-57a2d4851a1d" relativeResultsDirectory="be683f1d-10e3-4f37-8b0e-bd1bd2b8dfcb" />
    <UnitTestResult executionId="31632410-a707-40a9-8410-a61b3c786e7c" testId="b87d57f4-b031-56c6-c88d-65fbb6b422dd" testName="Opstrax.Tests.RatingServicePostgresTests.No_Rate_Card_Fails_Closed_And_Writes_Nothing" computerName="Mac" duration="00:00:00.0059433" startTime="2026-08-23T00:24:54.8867370-04:00" endTime="2026-08-23T00:24:54.8928410-04:00" testType="13cdc9d9-ddb5-4fa4-a97d-d965ccfc6d4b" outcome="Passed" testListId="8c84fa94-04c1-424b-9868-57a2d4851a1d" relativeResultsDirectory="31632410-a707-40a9-8410-a61b3c786e7c" />
    <UnitTestResult executionId="bb932349-de32-41be-aeb5-a35af8b3e9d3" testId="8ea35ccc-b546-09a3-fbb0-b3f5a762b583" testName="Opstrax.Tests.CreditNotePostgresTests.Cumulative_Cap_Blocks_OverCrediting" computerName="Mac" duration="00:00:00.0350456" startTime="2026-08-23T00:24:09.2811810-04:00" endTime="2026-08-23T00:24:09.3167880-04:00" testType="13cdc9d9-ddb5-4fa4-a97d-d965ccfc6d4b" outcome="Passed" testListId="8c84fa94-04c1-424b-9868-57a2d4851a1d" relativeResultsDirectory="bb932349-de32-41be-aeb5-a35af8b3e9d3" />
    <UnitTestResult executionId="c36c879c-fdac-40e1-88b3-4d0634991212" testId="0b68c286-a7be-9cb5-4a95-112998f12d54" testName="Opstrax.Tests.JobDeliveredBillingPostgresTests.Handler_Rates_And_Marks_ReadyToBill_Idempotently" computerName="Mac" duration="00:00:00.0312522" startTime="2026-08-23T00:24:08.3951210-04:00" endTime="2026-08-23T00:24:08.4267170-04:00" testType="13cdc9d9-ddb5-4fa4-a97d-d965ccfc6d4b" outcome="Passed" testListId="8c84fa94-04c1-424b-9868-57a2d4851a1d" relativeResultsDirectory="c36c879c-fdac-40e1-88b3-4d0634991212" />
    <UnitTestResult executionId="99c44f15-6141-4d6d-8bc8-263663761607" testId="003ba198-0c81-6db9-4ad1-38d9eb6eb092" testName="Opstrax.Tests.PlatformSuperAdminReconcilerPostgresTests.Creates_The_Declared_Operator_When_The_Roster_Has_No_Such_Account" computerName="Mac" duration="00:00:00.0861199" startTime="2026-08-23T00:24:56.6966100-04:00" endTime="2026-08-23T00:24:56.7829010-04:00" testType="13cdc9d9-ddb5-4fa4-a97d-d965ccfc6d4b" outcome="Passed" testListId="8c84fa94-04c1-424b-9868-57a2d4851a1d" relativeResultsDirectory="99c44f15-6141-4d6d-8bc8-263663761607" />
    <UnitTestResult executionId="f345dc32-1653-4b1e-8295-2b79fa0e4bf6" testId="4a8437de-2e63-d434-d05f-4731d81f313d" testName="Opstrax.Tests.PlatformBillingItemizationPostgresTests.Unregistered_Seller_With_Buyer_Tax_Id_Reverse_Charges_At_Zero" computerName="Mac" duration="00:00:00.1468182" startTime="2026-08-23T00:25:00.4502700-04:00" endTime="2026-08-23T00:25:00.5972640-04:00" testType="13cdc9d9-ddb5-4fa4-a97d-d965ccfc6d4b" outcome="Passed" testListId="8c84fa94-04c1-424b-9868-57a2d4851a1d" relativeResultsDirectory="f345dc32-1653-4b1e-8295-2b79fa0e4bf6" />
    <UnitTestResult executionId="47ea1c30-f418-42a4-933e-75c7a5b69a26" testId="af1a634a-b4dd-f139-7714-db13569726ad" testName="Opstrax.Tests.TenantMfaEnrollmentPostgresTests.Challenge_Consumption_Is_Durable_Atomic_And_Expires" computerName="Mac" duration="00:00:00.0553435" startTime="2026-08-23T00:24:34.7449160-04:00" endTime="2026-08-23T00:24:34.8004080-04:00" testType="13cdc9d9-ddb5-4fa4-a97d-d965ccfc6d4b" outcome="Passed" testListId="8c84fa94-04c1-424b-9868-57a2d4851a1d" relativeResultsDirectory="47ea1c30-f418-42a4-933e-75c7a5b69a26" />
    <UnitTestResult executionId="03180a18-7620-4f13-90bc-08353bc73381" testId="d95d91a3-bf45-07d7-463c-5163e9f05bae" testName="Opstrax.Tests.CoreFleetIdentityConflictPostgresTests.VehicleCreate_ArchivedCode_ReturnsStableConflict" computerName="Mac" duration="00:00:00.0123685" startTime="2026-08-23T00:24:09.5555940-04:00" endTime="2026-08-23T00:24:09.5682390-04:00" testType="13cdc9d9-ddb5-4fa4-a97d-d965ccfc6d4b" outcome="Passed" testListId="8c84fa94-04c1-424b-9868-57a2d4851a1d" relativeResultsDirectory="03180a18-7620-4f13-90bc-08353bc73381" />
    <UnitTestResult executionId="c0cea24b-8b3b-4b6f-b398-d87727026531" testId="78c08906-58e8-7f8d-f53a-778fe926824a" testName="Opstrax.Tests.PlatformEmailSettingsTests.Mail_Is_Not_Usable_Without_Both_A_Host_And_A_From_Address" computerName="Mac" duration="00:00:00.0057525" startTime="2026-08-23T00:24:58.6947160-04:00" endTime="2026-08-23T00:24:58.7005880-04:00" testType="13cdc9d9-ddb5-4fa4-a97d-d965ccfc6d4b" outcome="Passed" testListId="8c84fa94-04c1-424b-9868-57a2d4851a1d" relativeResultsDirectory="c0cea24b-8b3b-4b6f-b398-d87727026531" />
    <UnitTestResult executionId="09162ada-0ce9-4093-8637-fd3a93993545" testId="44131f05-291c-f106-e72d-c2d754d217f4" testName="Opstrax.Tests.FleetSpecializedBranchTests.ReturnableAssets_Branch_Custody_Workflow_Is_Isolated" computerName="Mac" duration="00:00:00.0310329" startTime="2026-08-23T00:24:14.6879130-04:00" endTime="2026-08-23T00:24:14.7191190-04:00" testType="13cdc9d9-ddb5-4fa4-a97d-d965ccfc6d4b" outcome="Passed" testListId="8c84fa94-04c1-424b-9868-57a2d4851a1d" relativeResultsDirectory="09162ada-0ce9-4093-8637-fd3a93993545" />
    <UnitTestResult executionId="3c0bb582-2088-4af4-b3cd-f72fab07bea5" testId="856dbcac-237a-dbf3-1b8c-a0125b9e67eb" testName="Opstrax.Tests.RevenueReadinessPostgresTests.RevenueLeakage_DetectsNoChargeAndStaleDraft_NotCorrectlyBilled_AndIsIdempotent" computerName="Mac" duration="00:00:00.2163163" startTime="2026-08-23T00:24:11.5900030-04:00" endTime="2026-08-23T00:24:11.8066130-04:00" testType="13cdc9d9-ddb5-4fa4-a97d-d965ccfc6d4b" outcome="Passed" testListId="8c84fa94-04c1-424b-9868-57a2d4851a1d" relativeResultsDirectory="3c0bb582-2088-4af4-b3cd-f72fab07bea5" />
    <UnitTestResult executionId="5913db9a-83fb-4f9c-84bc-24addeef90fa" testId="a291e35e-ca77-02a5-d7c8-ab694ef93761" testName="Opstrax.Tests.DetentionPricingPostgresTests.Appointment_Anchored_Clock_Prices_Correctly_With_Round_Down" computerName="Mac" duration="00:00:00.0798358" startTime="2026-08-23T00:24:10.7035430-04:00" endTime="2026-08-23T00:24:10.7835920-04:00" testType="13cdc9d9-ddb5-4fa4-a97d-d965ccfc6d4b" outcome="Passed" testListId="8c84fa94-04c1-424b-9868-57a2d4851a1d" relativeResultsDirectory="5913db9a-83fb-4f9c-84bc-24addeef90fa" />
    <UnitTestResult executionId="57552411-a222-464f-a865-1857e6cf30c5" testId="12e1d62d-7946-9a0f-b966-f2c24c104920" testName="Opstrax.Tests.RatingServicePostgresTests.PerMile_Computes_Linehaul_Fuel_And_Persists_As_Rating" computerName="Mac" duration="00:00:00.0151286" startTime="2026-08-23T00:24:54.8713100-04:00" endTime="2026-08-23T00:24:54.8866240-04:00" testType="13cdc9d9-ddb5-4fa4-a97d-d965ccfc6d4b" outcome="Passed" testListId="8c84fa94-04c1-424b-9868-57a2d4851a1d" relativeResultsDirectory="57552411-a222-464f-a865-1857e6cf30c5" />
    <UnitTestResult executionId="06ecd826-4548-49fd-9b0d-c0e0476b874d" testId="c462e489-576c-068c-4aba-a8904a397e9b" testName="Opstrax.Tests.MaintenancePmBaselinePostgresTests.EngineHours_Recorded_Baseline_Arms_Next_Interval_Not_Perpetually_Overdue" computerName="Mac" duration="00:00:01.6888431" startTime="2026-08-23T00:24:05.2208160-04:00" endTime="2026-08-23T00:24:06.9099330-04:00" testType="13cdc9d9-ddb5-4fa4-a97d-d965ccfc6d4b" outcome="Passed" testListId="8c84fa94-04c1-424b-9868-57a2d4851a1d" relativeResultsDirectory="06ecd826-4548-49fd-9b0d-c0e0476b874d" />
    <UnitTestResult executionId="84160321-7b8b-4136-b625-af9142430c7e" testId="8aa14173-2e9e-31c0-577b-1fffeebd67ea" testName="Opstrax.Tests.TaxServicePostgresTests.No_Profile_Reproduces_Zero_Tax" computerName="Mac" duration="00:00:00.0543713" startTime="2026-08-23T00:25:15.1055560-04:00" endTime="2026-08-23T00:25:15.1602500-04:00" testType="13cdc9d9-ddb5-4fa4-a97d-d965ccfc6d4b" outcome="Passed" testListId="8c84fa94-04c1-424b-9868-57a2d4851a1d" relativeResultsDirectory="84160321-7b8b-4136-b625-af9142430c7e" />
    <UnitTestResult executionId="b1c7b086-9be5-44b4-8eb8-73413495aa08" testId="c5120b83-8275-d6e5-9236-c61ff6d8d341" testName="Opstrax.Tests.PlatformEmailSettingsTests.Falls_Back_To_The_Environment_When_Nothing_Is_Stored" computerName="Mac" duration="00:00:00.0013342" startTime="2026-08-23T00:24:58.6930160-04:00" endTime="2026-08-23T00:24:58.6944660-04:00" testType="13cdc9d9-ddb5-4fa4-a97d-d965ccfc6d4b" outcome="Passed" testListId="8c84fa94-04c1-424b-9868-57a2d4851a1d" relativeResultsDirectory="b1c7b086-9be5-44b4-8eb8-73413495aa08" />
    <UnitTestResult executionId="fbde73a5-9698-4d82-bebf-c7ab98a80d95" testId="b500a9e8-b074-04fd-846b-44533d7a6436" testName="Opstrax.Tests.FleetIdentityDriverPostgresTests.DriverSwapClosesOldAssignmentAndCreatesAuditedEffectiveDatedReplacement" computerName="Mac" duration="00:00:00.0649391" startTime="2026-08-23T00:24:36.9553760-04:00" endTime="2026-08-23T00:24:37.0205290-04:00" testType="13cdc9d9-ddb5-4fa4-a97d-d965ccfc6d4b" outcome="Passed" testListId="8c84fa94-04c1-424b-9868-57a2d4851a1d" relativeResultsDirectory="fbde73a5-9698-4d82-bebf-c7ab98a80d95" />
    <UnitTestResult executionId="fa684dcd-b979-465a-a6b3-b39dc4c74112" testId="8e57a73d-6dfb-10d3-4f65-d932a8b606f0" testName="Opstrax.Tests.CustomerPortalPostgresTests.GetOwnJobs_ZeroOneMultiple_OrderedAndStrictlyScoped" computerName="Mac" duration="00:00:00.0598115" startTime="2026-08-23T00:24:33.9751090-04:00" endTime="2026-08-23T00:24:34.0350600-04:00" testType="13cdc9d9-ddb5-4fa4-a97d-d965ccfc6d4b" outcome="Passed" testListId="8c84fa94-04c1-424b-9868-57a2d4851a1d" relativeResultsDirectory="fa684dcd-b979-465a-a6b3-b39dc4c74112" />
    <UnitTestResult executionId="3a71c50a-56e3-4c9e-8387-75cf5de9c9c1" testId="4936fe5f-34bc-7cd1-3559-6196be5d2345" testName="Opstrax.Tests.DetentionApprovalPostgresTests.Funnel_Reports_Detected_Notified_And_Approved_Amounts" computerName="Mac" duration="00:00:00.0547892" startTime="2026-08-23T00:24:34.5709180-04:00" endTime="2026-08-23T00:24:34.6258650-04:00" testType="13cdc9d9-ddb5-4fa4-a97d-d965ccfc6d4b" outcome="Passed" testListId="8c84fa94-04c1-424b-9868-57a2d4851a1d" relativeResultsDirectory="3a71c50a-56e3-4c9e-8387-75cf5de9c9c1" />
    <UnitTestResult executionId="7e77f2b1-8fde-4336-901f-1b1e6d2589d1" testId="89ecbdfa-39dc-15ce-60d6-0f0f100c1152" testName="Opstrax.Tests.PlatformBillingItemizationPostgresTests.Draft_Is_Itemized_Taxed_Per_Line_And_Header_Equals_Line_Sum" computerName="Mac" duration="00:00:00.1227740" startTime="2026-08-23T00:24:59.7306670-04:00" endTime="2026-08-23T00:24:59.8536150-04:00" testType="13cdc9d9-ddb5-4fa4-a97d-d965ccfc6d4b" outcome="Passed" testListId="8c84fa94-04c1-424b-9868-57a2d4851a1d" relativeResultsDirectory="7e77f2b1-8fde-4336-901f-1b1e6d2589d1" />
    <UnitTestResult executionId="82924843-4383-4954-9010-f61f2ff19ba9" testId="3864e4ce-92e2-d46a-a582-ec449d4d9bfd" testName="Opstrax.Tests.DispatchPilotPostgresTests.CreateAndOverridePrivileges_CannotBeBorrowedFromMutationAliases" computerName="Mac" duration="00:00:00.0010825" startTime="2026-08-23T00:25:04.9921020-04:00" endTime="2026-08-23T00:25:04.9932140-04:00" testType="13cdc9d9-ddb5-4fa4-a97d-d965ccfc6d4b" outcome="Passed" testListId="8c84fa94-04c1-424b-9868-57a2d4851a1d" relativeResultsDirectory="82924843-4383-4954-9010-f61f2ff19ba9" />
    <UnitTestResult executionId="46966ffe-fb90-45c3-be28-b75d7169c0f5" testId="87397a5c-f6b2-f247-ab41-fe1747afee46" testName="Opstrax.Tests.DvirHosPilotPostgresTests.Stage65RequiredHosTriggersFunctionsAndEldHistoryRlsExist" computerName="Mac" duration="00:00:00.0107956" startTime="2026-08-23T00:25:04.2457340-04:00" endTime="2026-08-23T00:25:04.2568630-04:00" testType="13cdc9d9-ddb5-4fa4-a97d-d965ccfc6d4b" outcome="Passed" testListId="8c84fa94-04c1-424b-9868-57a2d4851a1d" relativeResultsDirectory="46966ffe-fb90-45c3-be28-b75d7169c0f5" />
    <UnitTestResult executionId="6a7c5253-50f5-480e-96e1-6064d20867c1" testId="f72f5081-566f-d4c5-f041-b2901e7717a0" testName="Opstrax.Tests.TelemetryIdentityResolutionPostgresTests.ReturnsNullWhenDispatchAssignmentsOverlapForTheVehicle" computerName="Mac" duration="00:00:00.0214387" startTime="2026-08-23T00:24:38.5566110-04:00" endTime="2026-08-23T00:24:38.5782830-04:00" testType="13cdc9d9-ddb5-4fa4-a97d-d965ccfc6d4b" outcome="Passed" testListId="8c84fa94-04c1-424b-9868-57a2d4851a1d" relativeResultsDirectory="6a7c5253-50f5-480e-96e1-6064d20867c1" />
    <UnitTestResult executionId="fa2236c1-7a96-40b2-bf04-688faa7664e5" testId="96a9430f-cb4d-80ea-4162-e275e33c8675" testName="Opstrax.Tests.FleetSpecializedBranchTests.SaudiVatReadiness_IsDerivedFromValidIdentifiersAndLiveEvidence" computerName="Mac" duration="00:00:00.0914333" startTime="2026-08-23T00:24:14.0311790-04:00" endTime="2026-08-23T00:24:14.1227910-04:00" testType="13cdc9d9-ddb5-4fa4-a97d-d965ccfc6d4b" outcome="Passed" testListId="8c84fa94-04c1-424b-9868-57a2d4851a1d" relativeResultsDirectory="fa2236c1-7a96-40b2-bf04-688faa7664e5" />
    <UnitTestResult executionId="93d6d192-29b6-4abf-b90d-766e16fcb3d4" testId="43d1e173-d6c7-bb6c-a17e-ddaf45c290ca" testName="Opstrax.Tests.CustomerPortalPostgresTests.AdminUserBinding_RejectsCrossTenantAndDangling_AndAuditsChanges" computerName="Mac" duration="00:00:00.0943480" startTime="2026-08-23T00:24:34.1447910-04:00" endTime="2026-08-23T00:24:34.2393820-04:00" testType="13cdc9d9-ddb5-4fa4-a97d-d965ccfc6d4b" outcome="Passed" testListId="8c84fa94-04c1-424b-9868-57a2d4851a1d" relativeResultsDirectory="93d6d192-29b6-4abf-b90d-766e16fcb3d4" />
    <UnitTestResult executionId="ee946070-b9f4-420b-910c-58f969293ec2" testId="0df8e39f-97ea-985f-688e-ae186e5025f5" testName="Opstrax.Tests.SafetyIncidentsPilotRegressionTests.BlankIncidentCreate_FailsClosedWithoutRecordOrAudit" computerName="Mac" duration="00:00:00.1544838" startTime="2026-08-23T00:24:16.3399970-04:00" endTime="2026-08-23T00:24:16.4946950-04:00" testType="13cdc9d9-ddb5-4fa4-a97d-d965ccfc6d4b" outcome="Passed" testListId="8c84fa94-04c1-424b-9868-57a2d4851a1d" relativeResultsDirectory="ee946070-b9f4-420b-910c-58f969293ec2" />
    <UnitTestResult executionId="e3c20ceb-fa3a-4970-b2bd-aa8fd379f9f3" testId="71e3de01-642b-3eb0-f585-227cd7168a49" testName="Opstrax.Tests.GeneralLedgerPostgresTests.Unbalanced_Entry_Is_Rejected" computerName="Mac" duration="00:00:00.0142343" startTime="2026-08-23T00:25:13.2390610-04:00" endTime="2026-08-23T00:25:13.2536270-04:00" testType="13cdc9d9-ddb5-4fa4-a97d-d965ccfc6d4b" outcome="Passed" testListId="8c84fa94-04c1-424b-9868-57a2d4851a1d" relativeResultsDirectory="e3c20ceb-fa3a-4970-b2bd-aa8fd379f9f3" />
    <UnitTestResult executionId="cc337b49-e351-42f2-8061-ab7333f70eff" testId="49a2f1e3-012c-70f1-d962-ae6a3246a5f9" testName="Opstrax.Tests.RevenueRecognitionPostgresTests.Recognition_Is_Idempotent" computerName="Mac" duration="00:00:00.0168651" startTime="2026-08-23T00:24:31.8729520-04:00" endTime="2026-08-23T00:24:31.8899780-04:00" testType="13cdc9d9-ddb5-4fa4-a97d-d965ccfc6d4b" outcome="Passed" testListId="8c84fa94-04c1-424b-9868-57a2d4851a1d" relativeResultsDirectory="cc337b49-e351-42f2-8061-ab7333f70eff" />
    <UnitTestResult executionId="0bf99ff3-68ae-4a10-9b54-3c0040f1a2d9" testId="29a924f8-7838-3162-f3f5-7fe17007dd11" testName="Opstrax.Tests.DriverEarningsPostgresTests.Statement_Detail_Reconciles_Redacts_And_Refuses_Non_Owned" computerName="Mac" duration="00:00:00.0260586" startTime="2026-08-23T00:24:13.0502590-04:00" endTime="2026-08-23T00:24:13.0765170-04:00" testType="13cdc9d9-ddb5-4fa4-a97d-d965ccfc6d4b" outcome="Passed" testListId="8c84fa94-04c1-424b-9868-57a2d4851a1d" relativeResultsDirectory="0bf99ff3-68ae-4a10-9b54-3c0040f1a2d9" />
    <UnitTestResult executionId="ea9f1192-b06e-4fcb-af2f-276497a95228" testId="a4becee7-711b-bf5e-f6e2-dad410326588" testName="Opstrax.Tests.MessagingConversationPostgresTests.Dispatcher_Unread_Counts_Only_Inbound_Driver_Messages_Not_Colleague_Outbound" computerName="Mac" duration="00:00:00.0159250" startTime="2026-08-23T00:24:11.3025790-04:00" endTime="2026-08-23T00:24:11.3186980-04:00" testType="13cdc9d9-ddb5-4fa4-a97d-d965ccfc6d4b" outcome="Passed" testListId="8c84fa94-04c1-424b-9868-57a2d4851a1d" relativeResultsDirectory="ea9f1192-b06e-4fcb-af2f-276497a95228" />
    <UnitTestResult executionId="d95e5d5b-2ae6-40c7-8721-b393b478baad" testId="59f10963-5dc7-743c-141a-98940a11826f" testName="Opstrax.Tests.Stage10PostgresTests.ExecutionSummary_Collects_All_Workflow_Sections_And_DoesNotMutate_Data" computerName="Mac" duration="00:00:00.0865635" startTime="2026-08-23T00:24:37.5210640-04:00" endTime="2026-08-23T00:24:37.6078440-04:00" testType="13cdc9d9-ddb5-4fa4-a97d-d965ccfc6d4b" outcome="Passed" testListId="8c84fa94-04c1-424b-9868-57a2d4851a1d" relativeResultsDirectory="d95e5d5b-2ae6-40c7-8721-b393b478baad" />
    <UnitTestResult executionId="73889b69-c51b-4cf5-8406-c3984af171e0" testId="87469cad-3d2c-ec90-8d46-6005584546a2" testName="Opstrax.Tests.FleetSpecializedBranchTests.SaudiSurfaces_DenyWithoutEntitlementAndLegacyLedgerCannotMutate" computerName="Mac" duration="00:00:00.0902426" startTime="2026-08-23T00:24:15.3143780-04:00" endTime="2026-08-23T00:24:15.4047590-04:00" testType="13cdc9d9-ddb5-4fa4-a97d-d965ccfc6d4b" outcome="Passed" testListId="8c84fa94-04c1-424b-9868-57a2d4851a1d" relativeResultsDirectory="73889b69-c51b-4cf5-8406-c3984af171e0" />
    <UnitTestResult executionId="29595dde-2958-40ee-9645-bbf1f9783302" testId="00837829-0721-418d-b896-469b6f0cbc60" testName="Opstrax.Tests.SecurityEventServiceTests.PostgreSqlBooleanColumnsUseBooleanParametersAndPredicates" computerName="Mac" duration="00:00:00.0004853" startTime="2026-08-23T00:24:15.7126120-04:00" endTime="2026-08-23T00:24:15.7131270-04:00" testType="13cdc9d9-ddb5-4fa4-a97d-d965ccfc6d4b" outcome="Passed" testListId="8c84fa94-04c1-424b-9868-57a2d4851a1d" relativeResultsDirectory="29595dde-2958-40ee-9645-bbf1f9783302" />
    <UnitTestResult executionId="47ed7828-69a0-4b13-9a31-c8b48a947b7a" testId="73671070-13d7-ce12-753a-71ce5468b8c7" testName="Opstrax.Tests.PlatformEmailSettingsTests.Stored_Secret_Reusable_When_Host_And_User_Unchanged" computerName="Mac" duration="00:00:00.0000440" startTime="2026-08-23T00:24:58.7066970-04:00" endTime="2026-08-23T00:24:58.7067610-04:00" testType="13cdc9d9-ddb5-4fa4-a97d-d965ccfc6d4b" outcome="Passed" testListId="8c84fa94-04c1-424b-9868-57a2d4851a1d" relativeResultsDirectory="47ed7828-69a0-4b13-9a31-c8b48a947b7a" />
    <UnitTestResult executionId="f81e8f3b-3142-4deb-b45b-a8fa4995bc1b" testId="c7adb5d2-a9a9-6440-026b-bdd337c3f193" testName="Opstrax.Tests.DispatchPilotPostgresTests.BranchBoundaryAndDatabaseUniqueness_BlockLeaksAndDoubleBooking" computerName="Mac" duration="00:00:00.2026163" startTime="2026-08-23T00:25:04.4443910-04:00" endTime="2026-08-23T00:25:04.6472970-04:00" testType="13cdc9d9-ddb5-4fa4-a97d-d965ccfc6d4b" outcome="Passed" testListId="8c84fa94-04c1-424b-9868-57a2d4851a1d" relativeResultsDirectory="f81e8f3b-3142-4deb-b45b-a8fa4995bc1b" />
    <UnitTestResult executionId="bad2c397-144e-4f13-8828-b7060f2186d3" testId="26c7145e-a443-8949-f96c-902e772bfc11" testName="Opstrax.Tests.FleetIdentityInstallationPostgresTests.DeviceSuspendAndActivateAreTenantScopedIdempotentAndAudited" computerName="Mac" duration="00:00:00.0326621" startTime="2026-08-23T00:24:53.9323670-04:00" endTime="2026-08-23T00:24:53.9651850-04:00" testType="13cdc9d9-ddb5-4fa4-a97d-d965ccfc6d4b" outcome="Passed" testListId="8c84fa94-04c1-424b-9868-57a2d4851a1d" relativeResultsDirectory="bad2c397-144e-4f13-8828-b7060f2186d3" />
    <UnitTestResult executionId="0826ce8e-1773-4e8e-a8a3-a3b177c64620" testId="a76814d7-3543-30ae-dfa8-543f87ce2015" testName="Opstrax.Tests.InvoiceIssuedGeneralLedgerHandlerPostgresTests.Imbalanced_Invoice_Fails_Closed_And_Never_Posts" computerName="Mac" duration="00:00:00.0110991" startTime="2026-08-23T00:24:08.5914470-04:00" endTime="2026-08-23T00:24:08.6028180-04:00" testType="13cdc9d9-ddb5-4fa4-a97d-d965ccfc6d4b" outcome="Passed" testListId="8c84fa94-04c1-424b-9868-57a2d4851a1d" relativeResultsDirectory="0826ce8e-1773-4e8e-a8a3-a3b177c64620" />
    <UnitTestResult executionId="83165406-164d-44cb-8f37-43d6b0f2e04c" testId="f587f205-9356-e91b-c09f-c943a7c84d0e" testName="Opstrax.Tests.BusinessSpinePostgresTests.RateCard_Mirror_Upsert_Is_TenantScoped_And_Idempotent_ByCode" computerName="Mac" duration="00:00:00.0160609" startTime="2026-08-23T00:24:11.2673770-04:00" endTime="2026-08-23T00:24:11.2836700-04:00" testType="13cdc9d9-ddb5-4fa4-a97d-d965ccfc6d4b" outcome="Passed" testListId="8c84fa94-04c1-424b-9868-57a2d4851a1d" relativeResultsDirectory="83165406-164d-44cb-8f37-43d6b0f2e04c" />
    <UnitTestResult executionId="31349a45-3cbe-4902-acf1-eda6d5b26750" testId="ed2c7e2c-ebfd-78e9-1369-00feaca18cfe" testName="Opstrax.Tests.BillingConsolidationPostgresTests.Period_Consolidation_Bills_Multiple_Jobs_As_One_Draft" computerName="Mac" duration="00:00:00.0406431" startTime="2026-08-23T00:25:15.5689870-04:00" endTime="2026-08-23T00:25:15.6098090-04:00" testType="13cdc9d9-ddb5-4fa4-a97d-d965ccfc6d4b" outcome="Passed" testListId="8c84fa94-04c1-424b-9868-57a2d4851a1d" relativeResultsDirectory="31349a45-3cbe-4902-acf1-eda6d5b26750" />
    <UnitTestResult executionId="4c018a5a-fa48-489e-a11c-67a0ee2428b5" testId="e50af0ca-d958-5548-2ce2-f462ab6c9b76" testName="Opstrax.Tests.RevenueRecognitionPostgresTests.Reverse_Posts_A_Contra_Entry" computerName="Mac" duration="00:00:00.0171523" startTime="2026-08-23T00:24:31.8900890-04:00" endTime="2026-08-23T00:24:31.9074120-04:00" testType="13cdc9d9-ddb5-4fa4-a97d-d965ccfc6d4b" outcome="Passed" testListId="8c84fa94-04c1-424b-9868-57a2d4851a1d" relativeResultsDirectory="4c018a5a-fa48-489e-a11c-67a0ee2428b5" />
    <UnitTestResult executionId="5614a89b-989e-4731-9167-8897af943806" testId="12d81f8b-0868-8a9f-9ec7-90981586f407" testName="Opstrax.Tests.ProofOfDeliveryPilotTests.RealHttpPodListAndExportArePermissionedFilteredPagedAndBranchSafe" computerName="Mac" duration="00:00:00.1148700" startTime="2026-08-23T00:24:54.6676910-04:00" endTime="2026-08-23T00:24:54.7827030-04:00" testType="13cdc9d9-ddb5-4fa4-a97d-d965ccfc6d4b" outcome="Passed" testListId="8c84fa94-04c1-424b-9868-57a2d4851a1d" relativeResultsDirectory="5614a89b-989e-4731-9167-8897af943806" />
    <UnitTestResult executionId="96285a86-f794-4aec-9d54-984ed843e1c8" testId="89f4915e-47b2-14a7-84e4-b741c6c5c9f7" testName="Opstrax.Tests.DeviceRevokeLifecyclePostgresTests.AppRole_NeverHoldsUpdateOnCredentialColumns_ButSystemRoleDoes" computerName="Mac" duration="00:00:00.0034601" startTime="2026-08-23T00:24:54.5887470-04:00" endTime="2026-08-23T00:24:54.5923890-04:00" testType="13cdc9d9-ddb5-4fa4-a97d-d965ccfc6d4b" outcome="Passed" testListId="8c84fa94-04c1-424b-9868-57a2d4851a1d" relativeResultsDirectory="96285a86-f794-4aec-9d54-984ed843e1c8" />
    <UnitTestResult executionId="e5d3fd0e-2d1d-485a-bb76-d92248664ec5" testId="17c31b6c-f030-8310-961a-2c0455759b15" testName="Opstrax.Tests.FleetSpecializedBranchTests.ColdChain_RegistrationAndGovernedReadingsNeverManufactureTelemetryOrTrustCallerStatus" computerName="Mac" duration="00:00:00.0672360" startTime="2026-08-23T00:24:15.0890270-04:00" endTime="2026-08-23T00:24:15.1564110-04:00" testType="13cdc9d9-ddb5-4fa4-a97d-d965ccfc6d4b" outcome="Passed" testListId="8c84fa94-04c1-424b-9868-57a2d4851a1d" relativeResultsDirectory="e5d3fd0e-2d1d-485a-bb76-d92248664ec5" />
    <UnitTestResult executionId="2b6d7c50-a20c-47bc-911f-5f6d68432f54" testId="54fcd07a-f675-933b-c218-48b9f2cce9c7" testName="Opstrax.Tests.LastMileWorkflowPostgresTests.DeliveryRejectsZeroStopRouteWithoutPartialWrites" computerName="Mac" duration="00:00:00.0402856" startTime="2026-08-23T00:24:56.0664990-04:00" endTime="2026-08-23T00:24:56.1069700-04:00" testType="13cdc9d9-ddb5-4fa4-a97d-d965ccfc6d4b" outcome="Passed" testListId="8c84fa94-04c1-424b-9868-57a2d4851a1d" relativeResultsDirectory="2b6d7c50-a20c-47bc-911f-5f6d68432f54" />
    <UnitTestResult executionId="4132aa8c-57a0-43b9-90aa-6a3d020503f8" testId="35a4787e-deba-eb06-1678-9774f723c237" testName="Opstrax.Tests.AdminUserBindingRevalidationPostgresTests.CustomerBindableRole_IsDecidedByPermissionShape_NotByTheRoleName(roleName: &quot;Fleet Manager&quot;, bindable: False)" computerName="Mac" duration="00:00:00.0000324" startTime="2026-08-23T00:24:09.3915560-04:00" endTime="2026-08-23T00:24:09.3916400-04:00" testType="13cdc9d9-ddb5-4fa4-a97d-d965ccfc6d4b" outcome="Passed" testListId="8c84fa94-04c1-424b-9868-57a2d4851a1d" relativeResultsDirectory="4132aa8c-57a0-43b9-90aa-6a3d020503f8" />
    <UnitTestResult executionId="cd460eba-e9b7-4917-a84b-c0b9f3b2e83d" testId="8b024a7c-09c5-eb78-56aa-98bbc8438c62" testName="Opstrax.Tests.SettlementServicePostgresTests.Approved_Statement_Cannot_Be_Regenerated" computerName="Mac" duration="00:00:00.0256541" startTime="2026-08-23T00:24:13.3989260-04:00" endTime="2026-08-23T00:24:13.4247530-04:00" testType="13cdc9d9-ddb5-4fa4-a97d-d965ccfc6d4b" outcome="Passed" testListId="8c84fa94-04c1-424b-9868-57a2d4851a1d" relativeResultsDirectory="cd460eba-e9b7-4917-a84b-c0b9f3b2e83d" />
    <UnitTestResult executionId="6cdebbbc-5dd1-41c6-a78a-e9398b99f805" testId="d054dcf7-d182-4d73-abe1-a70c843c9047" testName="Opstrax.Tests.Stage87RoleBackfillSafetyPostgresTests.Backfill_HoldsNonArrayPermissionsJson_ForOperatorReview(shape: &quot;object&quot;, json: &quot;{\&quot;legacy\&quot;:\&quot;shape\&quot;}&quot;)" computerName="Mac" duration="00:00:00.0122060" startTime="2026-08-23T00:24:09.1114820-04:00" endTime="2026-08-23T00:24:09.1239530-04:00" testType="13cdc9d9-ddb5-4fa4-a97d-d965ccfc6d4b" outcome="Passed" testListId="8c84fa94-04c1-424b-9868-57a2d4851a1d" relativeResultsDirectory="6cdebbbc-5dd1-41c6-a78a-e9398b99f805" />
    <UnitTestResult executionId="ce2272a8-7440-49bc-b603-d23f6bad65b0" testId="c3b08729-2b34-c62e-7900-2f20d7f83805" testName="Opstrax.Tests.FleetIdentityInstallationPostgresTests.InstallationEvidenceApiIsTypedTenantScopedAppendOnlyAndIdempotent" computerName="Mac" duration="00:00:00.0444067" startTime="2026-08-23T00:24:54.0340460-04:00" endTime="2026-08-23T00:24:54.0786760-04:00" testType="13cdc9d9-ddb5-4fa4-a97d-d965ccfc6d4b" outcome="Passed" testListId="8c84fa94-04c1-424b-9868-57a2d4851a1d" relativeResultsDirectory="ce2272a8-7440-49bc-b603-d23f6bad65b0" />
    <UnitTestResult executionId="db2eaeef-878a-42c7-9ef4-5466c16f6ccc" testId="e31e76b8-b103-7ed0-ad56-ff900ae3820e" testName="Opstrax.Tests.AdminUserBindingRevalidationPostgresTests.CustomerBindableRole_FailsClosed_ForAnUnresolvableRole(roleName: &quot;   &quot;)" computerName="Mac" duration="00:00:00.0001823" startTime="2026-08-23T00:24:09.4138640-04:00" endTime="2026-08-23T00:24:09.4141320-04:00" testType="13cdc9d9-ddb5-4fa4-a97d-d965ccfc6d4b" outcome="Passed" testListId="8c84fa94-04c1-424b-9868-57a2d4851a1d" relativeResultsDirectory="db2eaeef-878a-42c7-9ef4-5466c16f6ccc" />
    <UnitTestResult executionId="e6746ad8-346a-4d14-b015-7bd0eb143285" testId="ebb52db4-f4d9-c9e7-d38f-aa733296bb79" testName="Opstrax.Tests.DvirHosPilotPostgresTests.DvirRepairCertificationCannotClearAnUnresolvedOutOfServiceDefect" computerName="Mac" duration="00:00:00.0598558" startTime="2026-08-23T00:25:03.8160670-04:00" endTime="2026-08-23T00:25:03.8760720-04:00" testType="13cdc9d9-ddb5-4fa4-a97d-d965ccfc6d4b" outcome="Passed" testListId="8c84fa94-04c1-424b-9868-57a2d4851a1d" relativeResultsDirectory="e6746ad8-346a-4d14-b015-7bd0eb143285" />
    <UnitTestResult executionId="eca7656c-6f3a-4ca7-b35a-1f815c995f9f" testId="d508aaa9-85f1-d96f-962b-0149d72ebc89" testName="Opstrax.Tests.IntegratedModuleSimulationTests.Connected_Module_Simulation_Runs_Core_Workspaces_Together" computerName="Mac" duration="00:00:00.8115707" startTime="2026-08-23T00:24:09.7939530-04:00" endTime="2026-08-23T00:24:10.6058750-04:00" testType="13cdc9d9-ddb5-4fa4-a97d-d965ccfc6d4b" outcome="Passed" testListId="8c84fa94-04c1-424b-9868-57a2d4851a1d" relativeResultsDirectory="eca7656c-6f3a-4ca7-b35a-1f815c995f9f" />
    <UnitTestResult executionId="dea8fece-60e8-4d0b-a611-548f2fc3f71e" testId="0f33a057-fd7d-06a4-09d8-275b84450bd6" testName="Opstrax.Tests.PlatformOperatorManagementTests.Tenant_Session_Cannot_Access_Platform_Admin_Endpoints" computerName="Mac" duration="00:00:00.0362690" startTime="2026-08-23T00:24:57.6928720-04:00" endTime="2026-08-23T00:24:57.7292740-04:00" testType="13cdc9d9-ddb5-4fa4-a97d-d965ccfc6d4b" outcome="Passed" testListId="8c84fa94-04c1-424b-9868-57a2d4851a1d" relativeResultsDirectory="dea8fece-60e8-4d0b-a611-548f2fc3f71e" />
    <UnitTestResult executionId="69e4ab45-b35c-46b2-98f9-99ba52d75617" testId="975338c1-596b-602a-8f6f-9cc5f60f0fdf" testName="Opstrax.Tests.UserProvisioningRoleMembershipPostgresTests.DemoSeededTenant_HasNoUserWithoutRoleMembership" computerName="Mac" duration="00:00:00.2271814" startTime="2026-08-23T00:24:31.6215490-04:00" endTime="2026-08-23T00:24:31.8488880-04:00" testType="13cdc9d9-ddb5-4fa4-a97d-d965ccfc6d4b" outcome="Passed" testListId="8c84fa94-04c1-424b-9868-57a2d4851a1d" relativeResultsDirectory="69e4ab45-b35c-46b2-98f9-99ba52d75617" />
    <UnitTestResult executionId="94154a3d-2120-4123-9c50-0d6adca432ad" testId="fc4019b9-8e33-362c-e5ef-2cecf634ff47" testName="Opstrax.Tests.Stage9PostgresTests.Stage9_SmartAssignment_HighRisk_Accept_ReturnsApprovalRequired" computerName="Mac" duration="00:00:00.0402548" startTime="2026-08-23T00:24:13.6117700-04:00" endTime="2026-08-23T00:24:13.6521750-04:00" testType="13cdc9d9-ddb5-4fa4-a97d-d965ccfc6d4b" outcome="Passed" testListId="8c84fa94-04c1-424b-9868-57a2d4851a1d" relativeResultsDirectory="94154a3d-2120-4123-9c50-0d6adca432ad" />
    <UnitTestResult executionId="faa27ce4-97e4-4a38-81f9-596fbbcea2a5" testId="de8cd863-cadf-5265-0aac-832e75245679" testName="Opstrax.Tests.FleetTmsWorkspaceConcurrencyTests.TrackingReportsCanonicalLiveProvenanceOrLabelsWorkspaceProjectionNonLive" computerName="Mac" duration="00:00:00.0318504" startTime="2026-08-23T00:24:15.5656500-04:00" endTime="2026-08-23T00:24:15.5977050-04:00" testType="13cdc9d9-ddb5-4fa4-a97d-d965ccfc6d4b" outcome="Passed" testListId="8c84fa94-04c1-424b-9868-57a2d4851a1d" relativeResultsDirectory="faa27ce4-97e4-4a38-81f9-596fbbcea2a5" />
    <UnitTestResult executionId="e9267168-9c35-455e-a3a5-f07b3242f2c7" testId="0009801a-9738-fcb1-cef2-95897e44ffbf" testName="Opstrax.Tests.DriverEarningsPostgresTests.Open_Period_Preview_Surfaces_Live_Detention_And_Writes_Nothing" computerName="Mac" duration="00:00:00.0318998" startTime="2026-08-23T00:24:13.0766860-04:00" endTime="2026-08-23T00:24:13.1087490-04:00" testType="13cdc9d9-ddb5-4fa4-a97d-d965ccfc6d4b" outcome="Passed" testListId="8c84fa94-04c1-424b-9868-57a2d4851a1d" relativeResultsDirectory="e9267168-9c35-455e-a3a5-f07b3242f2c7" />
    <UnitTestResult executionId="961964f7-ab24-4d8c-813d-5ca4edf36ef2" testId="0a53d59b-9f88-b5da-7b6f-a19c03407907" testName="Opstrax.Tests.DataProtectionSharedKeyRingPostgresTests.Readiness_FailsClosed_WhenKeyRingTableContractDrifts" computerName="Mac" duration="00:00:00.0714934" startTime="2026-08-23T00:24:55.8190450-04:00" endTime="2026-08-23T00:24:55.8907670-04:00" testType="13cdc9d9-ddb5-4fa4-a97d-d965ccfc6d4b" outcome="Passed" testListId="8c84fa94-04c1-424b-9868-57a2d4851a1d" relativeResultsDirectory="961964f7-ab24-4d8c-813d-5ca4edf36ef2" />
    <UnitTestResult executionId="679ef287-3764-4146-bf87-1d08fc5bfd03" testId="e00efedf-9a24-77a4-c1bf-366369a9c001" testName="Opstrax.Tests.PlatformControlPlaneTests.Seat_Limit_Blocks_User_Creation_At_Capacity" computerName="Mac" duration="00:00:00.1413030" startTime="2026-08-23T00:24:58.7772230-04:00" endTime="2026-08-23T00:24:58.9186770-04:00" testType="13cdc9d9-ddb5-4fa4-a97d-d965ccfc6d4b" outcome="Passed" testListId="8c84fa94-04c1-424b-9868-57a2d4851a1d" relativeResultsDirectory="679ef287-3764-4146-bf87-1d08fc5bfd03" />
    <UnitTestResult executionId="02e8444f-5946-403c-8ef5-fff60b797efd" testId="a342730c-ee5e-7d7a-0b9f-77411edd9c90" testName="Opstrax.Tests.AdminUserBindingRevalidationPostgresTests.CustomerBindableRole_IsDecidedByPermissionShape_NotByTheRoleName(roleName: &quot;Tenant Admin&quot;, bindable: False)" computerName="Mac" duration="00:00:00.0000318" startTime="2026-08-23T00:24:09.3918750-04:00" endTime="2026-08-23T00:24:09.3919600-04:00" testType="13cdc9d9-ddb5-4fa4-a97d-d965ccfc6d4b" outcome="Passed" testListId="8c84fa94-04c1-424b-9868-57a2d4851a1d" relativeResultsDirectory="02e8444f-5946-403c-8ef5-fff60b797efd" />
    <UnitTestResult executionId="e1953219-98f8-4aef-b82b-ffed73d22e83" testId="dafd37a7-2b67-a5e6-bde1-459f40d51315" testName="Opstrax.Tests.PlatformEmailSettingsTests.Stored_Secret_Not_Reusable_When_Target_Changes(reqHost: &quot;smtp.example.com&quot;, reqUser: &quot;other@k.com&quot;)" computerName="Mac" duration="00:00:00.0000860" startTime="2026-08-23T00:24:58.6810960-04:00" endTime="2026-08-23T00:24:58.6811980-04:00" testType="13cdc9d9-ddb5-4fa4-a97d-d965ccfc6d4b" outcome="Passed" testListId="8c84fa94-04c1-424b-9868-57a2d4851a1d" relativeResultsDirectory="e1953219-98f8-4aef-b82b-ffed73d22e83" />
    <UnitTestResult executionId="945e83b2-5db6-46c6-b1fd-7e2e525e9e02" testId="48eb355f-aa34-eaa3-d12a-f73c6a48d25b" testName="Opstrax.Tests.TelemetryGatewayReplayPostgresTests.Cross_tenant_replay_of_same_signature_is_rejected" computerName="Mac" duration="00:00:00.0021972" startTime="2026-08-23T00:24:37.2461510-04:00" endTime="2026-08-23T00:24:37.2485010-04:00" testType="13cdc9d9-ddb5-4fa4-a97d-d965ccfc6d4b" outcome="Passed" testListId="8c84fa94-04c1-424b-9868-57a2d4851a1d" relativeResultsDirectory="945e83b2-5db6-46c6-b1fd-7e2e525e9e02" />
    <UnitTestResult executionId="dc9f21cf-83d6-4238-8f92-0ace7c454965" testId="5df256a6-953f-6619-4376-a23d5fb40869" testName="Opstrax.Tests.DiagnosticsIntegrityPostgresTests.ConcurrentSourceEventRetry_PersistsEachDtcExactlyOnce" computerName="Mac" duration="00:00:00.3321410" startTime="2026-08-23T00:25:13.9166100-04:00" endTime="2026-08-23T00:25:14.2490530-04:00" testType="13cdc9d9-ddb5-4fa4-a97d-d965ccfc6d4b" outcome="Passed" testListId="8c84fa94-04c1-424b-9868-57a2d4851a1d" relativeResultsDirectory="dc9f21cf-83d6-4238-8f92-0ace7c454965" />
    <UnitTestResult executionId="580eed7f-02fb-405a-98a1-c92e283a655c" testId="4b75f052-aede-adb0-0a2a-c6fb5ea8d654" testName="Opstrax.Tests.TenantMfaEnrollmentPostgresTests.MfaShareLocks_SerializeConcurrentUserDisable_AndLifecycleRevokesWinningSession" computerName="Mac" duration="00:00:00.1677630" startTime="2026-08-23T00:24:34.8139450-04:00" endTime="2026-08-23T00:24:34.9818810-04:00" testType="13cdc9d9-ddb5-4fa4-a97d-d965ccfc6d4b" outcome="Passed" testListId="8c84fa94-04c1-424b-9868-57a2d4851a1d" relativeResultsDirectory="580eed7f-02fb-405a-98a1-c92e283a655c" />
    <UnitTestResult executionId="c1d55ae9-d079-49d2-8f13-4d2cf4e9d256" testId="9dfa2469-e4ff-e1d8-0449-6cd55476f126" testName="Opstrax.Tests.RatingServicePostgresTests.ReRating_Is_Idempotent_No_Duplicate_Charges" computerName="Mac" duration="00:00:00.0249030" startTime="2026-08-23T00:24:54.9082190-04:00" endTime="2026-08-23T00:24:54.9333070-04:00" testType="13cdc9d9-ddb5-4fa4-a97d-d965ccfc6d4b" outcome="Passed" testListId="8c84fa94-04c1-424b-9868-57a2d4851a1d" relativeResultsDirectory="c1d55ae9-d079-49d2-8f13-4d2cf4e9d256" />
    <UnitTestResult executionId="1beb2a9d-0ef0-4399-9eb0-05f3ffd91fed" testId="eabc70d4-2100-8b94-6ff8-978c571150d2" testName="Opstrax.Tests.SafetyPilotSessionTerminationPostgresTests.LogoutRevokesOnlyThePresentedSessionAndWritesOneTenantAudit" computerName="Mac" duration="00:00:00.0126020" startTime="2026-08-23T00:24:15.6647240-04:00" endTime="2026-08-23T00:24:15.6774860-04:00" testType="13cdc9d9-ddb5-4fa4-a97d-d965ccfc6d4b" outcome="Passed" testListId="8c84fa94-04c1-424b-9868-57a2d4851a1d" relativeResultsDirectory="1beb2a9d-0ef0-4399-9eb0-05f3ffd91fed" />
    <UnitTestResult executionId="2b608166-8270-4cdb-b418-7760b48fdef6" testId="1aec08d5-26c1-12fc-f6de-3a44d9d66ee4" testName="Opstrax.Tests.SettlementServicePostgresTests.FailClosed_No_Agreement_Writes_Nothing" computerName="Mac" duration="00:00:00.0091393" startTime="2026-08-23T00:24:13.4719900-04:00" endTime="2026-08-23T00:24:13.4812810-04:00" testType="13cdc9d9-ddb5-4fa4-a97d-d965ccfc6d4b" outcome="Passed" testListId="8c84fa94-04c1-424b-9868-57a2d4851a1d" relativeResultsDirectory="2b608166-8270-4cdb-b418-7760b48fdef6" />
    <UnitTestResult executionId="438dc8df-e814-49af-93e6-71601e3ff284" testId="ec96ce73-f3dc-198b-2feb-5820cf08a151" testName="Opstrax.Tests.FleetTmsWorkspaceWave1Tests.DispatchCreatesBranchOwnedTasksAndCannotMutateAnotherBranch" computerName="Mac" duration="00:00:00.0594214" startTime="2026-08-23T00:24:35.1464940-04:00" endTime="2026-08-23T00:24:35.2061240-04:00" testType="13cdc9d9-ddb5-4fa4-a97d-d965ccfc6d4b" outcome="Passed" testListId="8c84fa94-04c1-424b-9868-57a2d4851a1d" relativeResultsDirectory="438dc8df-e814-49af-93e6-71601e3ff284" />
    <UnitTestResult executionId="59a0419f-7f2c-4381-a505-fc84dc4dbc05" testId="609f0a99-4a38-f888-9733-83ff8e5db685" testName="Opstrax.Tests.SafetyHarshEventPostgresTests.HarshBraking_Alert_Converts_To_Dashboard_SafetyEvent" computerName="Mac" duration="00:00:00.0113744" startTime="2026-08-23T00:24:15.7545890-04:00" endTime="2026-08-23T00:24:15.7660840-04:00" testType="13cdc9d9-ddb5-4fa4-a97d-d965ccfc6d4b" outcome="Passed" testListId="8c84fa94-04c1-424b-9868-57a2d4851a1d" relativeResultsDirectory="59a0419f-7f2c-4381-a505-fc84dc4dbc05" />
    <UnitTestResult executionId="ddb4faf2-ef27-44e8-856f-c82690c8af14" testId="9624c123-7782-918e-9afa-3d85ba98cce8" testName="Opstrax.Tests.PlatformCommercialOpsTests.CommercialOpsSummary_Composes_Platform_Cockpit_From_Live_Data" computerName="Mac" duration="00:00:00.0630365" startTime="2026-08-23T00:24:05.1571170-04:00" endTime="2026-08-23T00:24:05.2204230-04:00" testType="13cdc9d9-ddb5-4fa4-a97d-d965ccfc6d4b" outcome="Passed" testListId="8c84fa94-04c1-424b-9868-57a2d4851a1d" relativeResultsDirectory="ddb4faf2-ef27-44e8-856f-c82690c8af14" />
    <UnitTestResult executionId="576d4071-4dca-44ea-ab1d-577f13539c19" testId="409e8e49-f043-c0dd-76ae-a518e20ccb78" testName="Opstrax.Tests.SettlementServicePostgresTests.Percent_Basis_Is_FailClosed_In_Phase1" computerName="Mac" duration="00:00:00.0101305" startTime="2026-08-23T00:24:13.4249180-04:00" endTime="2026-08-23T00:24:13.4352050-04:00" testType="13cdc9d9-ddb5-4fa4-a97d-d965ccfc6d4b" outcome="Passed" testListId="8c84fa94-04c1-424b-9868-57a2d4851a1d" relativeResultsDirectory="576d4071-4dca-44ea-ab1d-577f13539c19" />
    <UnitTestResult executionId="6fb9852a-e911-4771-942d-5f09f47ac457" testId="08657f76-0e38-5526-d2cc-9f9fb8b20c68" testName="Opstrax.Tests.PlatformTenantUserAdministrationPostgresTests.Last_Active_Administrator_Cannot_Be_Demoted_Or_Disabled" computerName="Mac" duration="00:00:00.1756108" startTime="2026-08-23T00:24:56.4169590-04:00" endTime="2026-08-23T00:24:56.5927240-04:00" testType="13cdc9d9-ddb5-4fa4-a97d-d965ccfc6d4b" outcome="Passed" testListId="8c84fa94-04c1-424b-9868-57a2d4851a1d" relativeResultsDirectory="6fb9852a-e911-4771-942d-5f09f47ac457" />
    <UnitTestResult executionId="72de1984-7a43-4c81-be09-222e47c2e3c1" testId="1e53ee33-dc12-cdb4-b229-d7399d47442d" testName="Opstrax.Tests.BillingConsolidationPostgresTests.Charge_Already_On_A_Draft_Line_Is_Excluded" computerName="Mac" duration="00:00:00.0246082" startTime="2026-08-23T00:25:15.6099300-04:00" endTime="2026-08-23T00:25:15.6346960-04:00" testType="13cdc9d9-ddb5-4fa4-a97d-d965ccfc6d4b" outcome="Passed" testListId="8c84fa94-04c1-424b-9868-57a2d4851a1d" relativeResultsDirectory="72de1984-7a43-4c81-be09-222e47c2e3c1" />
    <UnitTestResult executionId="352a29b5-df65-458f-948d-7b1df160cf63" testId="8f9d597f-d41e-70e1-97ab-3715dcdf898c" testName="Opstrax.Tests.GeofenceEvaluatorPostgresTests.Polygon_Zone_Emits_Entry_And_Exit_Via_Point_In_Polygon" computerName="Mac" duration="00:00:00.1502197" startTime="2026-08-23T00:25:13.4957330-04:00" endTime="2026-08-23T00:25:13.6464220-04:00" testType="13cdc9d9-ddb5-4fa4-a97d-d965ccfc6d4b" outcome="Passed" testListId="8c84fa94-04c1-424b-9868-57a2d4851a1d" relativeResultsDirectory="352a29b5-df65-458f-948d-7b1df160cf63" />
    <UnitTestResult executionId="fffb37fb-2888-4e03-8bab-a60661ac2a22" testId="d4c07b56-aa8c-bde3-334e-66c7f6b2eb19" testName="Opstrax.Tests.DispatchPilotPostgresTests.CreateAssignment_BindsOnlyCurrentRouteTrip_WhenTerminalHistoryExists" computerName="Mac" duration="00:00:00.1708750" startTime="2026-08-23T00:25:04.6474190-04:00" endTime="2026-08-23T00:25:04.8184480-04:00" testType="13cdc9d9-ddb5-4fa4-a97d-d965ccfc6d4b" outcome="Passed" testListId="8c84fa94-04c1-424b-9868-57a2d4851a1d" relativeResultsDirectory="fffb37fb-2888-4e03-8bab-a60661ac2a22" />
    <UnitTestResult executionId="ddc42ebb-9303-47c9-bb97-98521b9e17c1" testId="82da234a-5447-b411-23db-3314fa8bdc4c" testName="Opstrax.Tests.CreditNotePostgresTests.Crediting_A_Paid_Invoice_Books_A_Refund_Liability_Not_Negative_AR" computerName="Mac" duration="00:00:00.0472018" startTime="2026-08-23T00:24:09.3179240-04:00" endTime="2026-08-23T00:24:09.3654660-04:00" testType="13cdc9d9-ddb5-4fa4-a97d-d965ccfc6d4b" outcome="Passed" testListId="8c84fa94-04c1-424b-9868-57a2d4851a1d" relativeResultsDirectory="ddc42ebb-9303-47c9-bb97-98521b9e17c1" />
    <UnitTestResult executionId="3e6e1d99-62e7-4ce3-b5df-75fe8535e5a1" testId="f19db1c7-6cef-363f-f825-c575d9aaf177" testName="Opstrax.Tests.TaxServicePostgresTests.Vat_Exclusive_Standard_Rate" computerName="Mac" duration="00:00:00.0217983" startTime="2026-08-23T00:25:15.4622500-04:00" endTime="2026-08-23T00:25:15.4842240-04:00" testType="13cdc9d9-ddb5-4fa4-a97d-d965ccfc6d4b" outcome="Passed" testListId="8c84fa94-04c1-424b-9868-57a2d4851a1d" relativeResultsDirectory="3e6e1d99-62e7-4ce3-b5df-75fe8535e5a1" />
    <UnitTestResult executionId="b2d379d8-40a5-42f2-aa51-8cf0b8bd5e14" testId="2c8e1afa-e716-b030-4b07-b95b4a998556" testName="Opstrax.Tests.LastMileWorkflowPostgresTests.AttemptRescheduleDeliver_AreBranchSafeLegalAtomicAndIdempotent" computerName="Mac" duration="00:00:00.0556531" startTime="2026-08-23T00:24:56.1480850-04:00" endTime="2026-08-23T00:24:56.2039390-04:00" testType="13cdc9d9-ddb5-4fa4-a97d-d965ccfc6d4b" outcome="Passed" testListId="8c84fa94-04c1-424b-9868-57a2d4851a1d" relativeResultsDirectory="b2d379d8-40a5-42f2-aa51-8cf0b8bd5e14" />
    <UnitTestResult executionId="6100f000-75e3-4a7d-96ef-73c23935c405" testId="cdcbdf28-3739-6663-a7ff-fecd599a78e3" testName="Opstrax.Tests.TelemetryGatewayReplayPostgresTests.Replay_across_two_instances_is_rejected" computerName="Mac" duration="00:00:00.0020048" startTime="2026-08-23T00:24:37.2347170-04:00" endTime="2026-08-23T00:24:37.2368950-04:00" testType="13cdc9d9-ddb5-4fa4-a97d-d965ccfc6d4b" outcome="Passed" testListId="8c84fa94-04c1-424b-9868-57a2d4851a1d" relativeResultsDirectory="6100f000-75e3-4a7d-96ef-73c23935c405" />
    <UnitTestResult executionId="19e42eec-658d-48ba-90bf-a2c9d7103e0e" testId="c237d93b-50de-da24-f158-39459bba193e" testName="Opstrax.Tests.DvirHosPilotPostgresTests.SubmittedDvirCannotBeEditedOrArchivedAndArchiveRequiresRowVersion" computerName="Mac" duration="00:00:00.0140141" startTime="2026-08-23T00:25:03.9570050-04:00" endTime="2026-08-23T00:25:03.9711610-04:00" testType="13cdc9d9-ddb5-4fa4-a97d-d965ccfc6d4b" outcome="Passed" testListId="8c84fa94-04c1-424b-9868-57a2d4851a1d" relativeResultsDirectory="19e42eec-658d-48ba-90bf-a2c9d7103e0e" />
    <UnitTestResult executionId="d41364e1-3252-4490-a00b-0863579cef3d" testId="dbb16a7d-1441-0d95-1bf5-f9a9a2b54724" testName="Opstrax.Tests.PlatformBillingItemizationPostgresTests.Country_Without_An_Indirect_Tax_Regime_Is_Out_Of_Scope" computerName="Mac" duration="00:00:00.1128051" startTime="2026-08-23T00:24:59.8537450-04:00" endTime="2026-08-23T00:24:59.9667020-04:00" testType="13cdc9d9-ddb5-4fa4-a97d-d965ccfc6d4b" outcome="Passed" testListId="8c84fa94-04c1-424b-9868-57a2d4851a1d" relativeResultsDirectory="d41364e1-3252-4490-a00b-0863579cef3d" />
    <UnitTestResult executionId="a61030e5-031d-4910-88f5-02ebf7891ff3" testId="30ff978b-973e-3a8d-e519-cc4a0119067f" testName="Opstrax.Tests.FleetIdentityInstallationPostgresTests.CommissioningPassRequiresPersistedTelemetryProofAndExpectedVersion" computerName="Mac" duration="00:00:00.0241901" startTime="2026-08-23T00:24:54.1444730-04:00" endTime="2026-08-23T00:24:54.1688160-04:00" testType="13cdc9d9-ddb5-4fa4-a97d-d965ccfc6d4b" outcome="Passed" testListId="8c84fa94-04c1-424b-9868-57a2d4851a1d" relativeResultsDirectory="a61030e5-031d-4910-88f5-02ebf7891ff3" />
    <UnitTestResult executionId="3f351b9d-6b42-479f-88c8-73d3758a6e49" testId="f95d9fcb-6477-7969-20e0-9f83bda542a2" testName="Opstrax.Tests.RevenueReadinessPostgresTests.ActiveRateCardChange_RequiresApproval" computerName="Mac" duration="00:00:00.0689989" startTime="2026-08-23T00:24:12.9606660-04:00" endTime="2026-08-23T00:24:13.0298570-04:00" testType="13cdc9d9-ddb5-4fa4-a97d-d965ccfc6d4b" outcome="Passed" testListId="8c84fa94-04c1-424b-9868-57a2d4851a1d" relativeResultsDirectory="3f351b9d-6b42-479f-88c8-73d3758a6e49" />
[...]
    <TestEntry testId="1b6c9e4a-a863-d5ca-0972-d5b4d873ff64" executionId="59d8061b-a3ff-4f2b-bacf-411aa7379a88" testListId="8c84fa94-04c1-424b-9868-57a2d4851a1d" />
    <TestEntry testId="617eaaf3-4249-aaf3-617a-89bc905b0d50" executionId="5f0a6965-8ade-4678-a595-20e88149a37b" testListId="8c84fa94-04c1-424b-9868-57a2d4851a1d" />
    <TestEntry testId="31daf98c-8a9a-5c30-70c1-d54f1bffcfab" executionId="d51e23b7-6d0c-4228-9d15-71eb79c2fa30" testListId="8c84fa94-04c1-424b-9868-57a2d4851a1d" />
    <TestEntry testId="8970191c-002e-5727-1bdb-0b4fb2366202" executionId="b899f05d-892a-44b6-b03e-52182e28bb33" testListId="8c84fa94-04c1-424b-9868-57a2d4851a1d" />
    <TestEntry testId="c1f842fd-0c96-4c3e-b86d-09606626562a" executionId="7b2c0272-3e71-4b35-8f9d-afa9183b17a8" testListId="8c84fa94-04c1-424b-9868-57a2d4851a1d" />
    <TestEntry testId="372685da-c1ea-3bc5-d223-e722a0da2fe6" executionId="2bc393c5-fc80-435e-8a0b-b8eb3f788655" testListId="8c84fa94-04c1-424b-9868-57a2d4851a1d" />
    <TestEntry testId="3de45056-6ded-5024-b005-f838a8e17d14" executionId="3a9d9910-8108-4606-a1c2-dc2eda017d89" testListId="8c84fa94-04c1-424b-9868-57a2d4851a1d" />
    <TestEntry testId="1867fb0e-ef9b-d0c1-9a46-6f73bd9f39d4" executionId="be3d63a7-79cb-485d-a000-63cdf41827ef" testListId="8c84fa94-04c1-424b-9868-57a2d4851a1d" />
    <TestEntry testId="622ebf2b-3cd9-1f39-fb1d-153dddd9944a" executionId="66aa0389-fd8a-4e60-8d04-9c32fb13eb62" testListId="8c84fa94-04c1-424b-9868-57a2d4851a1d" />
    <TestEntry testId="c76f9e6c-7f61-1707-2261-61e4f8e1551d" executionId="23c84a2c-959f-40d8-aba3-908534be791c" testListId="8c84fa94-04c1-424b-9868-57a2d4851a1d" />
    <TestEntry testId="69dc4fe9-ad16-13b0-f7e0-2451e5090aa4" executionId="8a9a8bf9-edf6-4224-9115-95a9697c944d" testListId="8c84fa94-04c1-424b-9868-57a2d4851a1d" />
    <TestEntry testId="fb0ed8d7-fe52-b48f-f07e-9dd1eddf2c50" executionId="6f51c415-44cf-449d-b43c-339b80ed0ada" testListId="8c84fa94-04c1-424b-9868-57a2d4851a1d" />
    <TestEntry testId="65e14aee-678e-6b9e-3047-09e9b838ed57" executionId="b0bb7f54-ef70-476b-9434-74db6c32abc8" testListId="8c84fa94-04c1-424b-9868-57a2d4851a1d" />
    <TestEntry testId="f64671a7-ec38-705c-151b-a699fc3f15fe" executionId="492f6f6f-a768-41e4-aaab-68ba93056c5e" testListId="8c84fa94-04c1-424b-9868-57a2d4851a1d" />
    <TestEntry testId="04dd583a-7e3c-77f3-9325-9b1d82f77a91" executionId="883fba5c-7ffa-455e-8883-f7da278b2307" testListId="8c84fa94-04c1-424b-9868-57a2d4851a1d" />
    <TestEntry testId="51a15893-bf08-ccd3-ed0d-7b46adf13959" executionId="2a577d94-b50a-4703-b9cc-2e994310fe6f" testListId="8c84fa94-04c1-424b-9868-57a2d4851a1d" />
    <TestEntry testId="f1f8494f-8888-397b-400b-98c1d1986c1d" executionId="ee941023-c682-432b-957a-35ddbf7c6a4e" testListId="8c84fa94-04c1-424b-9868-57a2d4851a1d" />
    <TestEntry testId="a854fb48-6779-5694-0433-394650afa5c7" executionId="1d1dedb0-7fdb-4d98-9cad-df4781b2f8d4" testListId="8c84fa94-04c1-424b-9868-57a2d4851a1d" />
    <TestEntry testId="8c45b447-ff6b-db61-54d8-939008247c45" executionId="20f8da05-179d-42f5-a220-d3933edb6d33" testListId="8c84fa94-04c1-424b-9868-57a2d4851a1d" />
    <TestEntry testId="299f9674-3f3d-c27d-e768-2354c66f774e" executionId="b0b9e120-1931-4ce9-b664-b697603c87e0" testListId="8c84fa94-04c1-424b-9868-57a2d4851a1d" />
    <TestEntry testId="c737a52d-ce77-5617-b604-9b0e98a2e927" executionId="3caeed20-3f9d-4de2-9701-49dba801412d" testListId="8c84fa94-04c1-424b-9868-57a2d4851a1d" />
    <TestEntry testId="8061808c-0425-dc32-879c-ddaefe1dd694" executionId="e71ce3fe-19a9-481e-bfdc-abfbd87fc19d" testListId="8c84fa94-04c1-424b-9868-57a2d4851a1d" />
    <TestEntry testId="d42b4574-b521-2a43-b0b1-a6d429ea19f8" executionId="2e5c3dd7-0cc2-4dcc-8da8-a7dd1e1e1b07" testListId="8c84fa94-04c1-424b-9868-57a2d4851a1d" />
    <TestEntry testId="e8dd61be-72ed-e00f-9851-e562e3781408" executionId="03fd9eb9-074c-481e-bdcb-ec7e664d2d3c" testListId="8c84fa94-04c1-424b-9868-57a2d4851a1d" />
    <TestEntry testId="4439eb28-5ff9-01c6-4358-a7c5b97b27a3" executionId="d075349a-5373-4fff-bea2-22a4b2d89da1" testListId="8c84fa94-04c1-424b-9868-57a2d4851a1d" />
    <TestEntry testId="21d9c09c-27ff-1136-30b3-74d14050562b" executionId="8a4f80cd-987f-4d52-b8f0-93a94363f36e" testListId="8c84fa94-04c1-424b-9868-57a2d4851a1d" />
    <TestEntry testId="236afc5d-b0d6-2c3e-3b0a-733eadfeff1e" executionId="1a62395a-2236-40a8-8e1e-4ef0091b7e5c" testListId="8c84fa94-04c1-424b-9868-57a2d4851a1d" />
    <TestEntry testId="075da098-3fb5-835b-fb44-80e7bbac2068" executionId="82728751-d3c9-4bd5-8974-c0b6ffed5bf4" testListId="8c84fa94-04c1-424b-9868-57a2d4851a1d" />
    <TestEntry testId="daa4a7a8-247a-c489-fb12-3865bb7bfbc7" executionId="de3e0378-7833-4c8b-a604-f09c9bb6390e" testListId="8c84fa94-04c1-424b-9868-57a2d4851a1d" />
    <TestEntry testId="04d00807-c993-41bb-7a2f-0520a7d8f1b7" executionId="f3789b65-aa3e-422d-9df7-6aa9178cd4c2" testListId="8c84fa94-04c1-424b-9868-57a2d4851a1d" />
    <TestEntry testId="d0fff9a4-56b0-736a-8008-f4d31cd43954" executionId="57bf5172-3bf5-48ae-80bc-76a70df50083" testListId="8c84fa94-04c1-424b-9868-57a2d4851a1d" />
    <TestEntry testId="e60f3dc4-8db2-c131-d9c5-e183074128ad" executionId="efae34d7-29aa-412b-b232-307ff1622523" testListId="8c84fa94-04c1-424b-9868-57a2d4851a1d" />
    <TestEntry testId="4fb73d69-f408-112f-a35e-10a689d2904f" executionId="a02f96ad-3f76-4ec9-9dc5-75c316916068" testListId="8c84fa94-04c1-424b-9868-57a2d4851a1d" />
    <TestEntry testId="c954206f-654e-30e2-7edb-8921cd476edd" executionId="c8dbdce9-d12a-4132-9351-5349fcffe561" testListId="8c84fa94-04c1-424b-9868-57a2d4851a1d" />
    <TestEntry testId="c7ce4582-5052-986e-a42a-b458965cbc6e" executionId="deb998b8-5b58-49f2-8bba-afcf0b8168a2" testListId="8c84fa94-04c1-424b-9868-57a2d4851a1d" />
    <TestEntry testId="6b4624c4-44c1-dfbc-7fce-28beecf35122" executionId="c88fb713-555f-45ce-9c41-4d3a160a9cac" testListId="8c84fa94-04c1-424b-9868-57a2d4851a1d" />
    <TestEntry testId="ef207673-cb03-dfc3-4ccc-e197a63b36c6" executionId="c31ff8a5-601f-4bcf-84b7-7c862b40ab6b" testListId="8c84fa94-04c1-424b-9868-57a2d4851a1d" />
    <TestEntry testId="825bd944-87ba-4a1f-7ba9-0c34c24a7f5a" executionId="5ca2fbe2-7b54-44e2-a6e4-d4bd88ce0734" testListId="8c84fa94-04c1-424b-9868-57a2d4851a1d" />
    <TestEntry testId="021b3d0b-834f-93fd-51f7-15eddf5ad37c" executionId="9552f879-970b-474d-80ee-726c2104d83b" testListId="8c84fa94-04c1-424b-9868-57a2d4851a1d" />
    <TestEntry testId="a73c72ec-cd27-1a96-7c46-1e7d00293ef3" executionId="fedb812a-1ea9-4456-a853-82296f865fda" testListId="8c84fa94-04c1-424b-9868-57a2d4851a1d" />
    <TestEntry testId="3c773560-a3d4-f467-1d35-3e4afa15d485" executionId="96067f09-8542-441b-886a-888cb9d467dc" testListId="8c84fa94-04c1-424b-9868-57a2d4851a1d" />
    <TestEntry testId="d8386567-9e45-f9fc-6952-5a766dbba7e7" executionId="1c07eab0-970b-4755-a9b5-3dda9678a0f3" testListId="8c84fa94-04c1-424b-9868-57a2d4851a1d" />
    <TestEntry testId="1a7f5fc1-2b2d-ca2f-2e62-c9f14d41560f" executionId="4c0fe668-f81b-41f2-a487-037cf3c4944c" testListId="8c84fa94-04c1-424b-9868-57a2d4851a1d" />
    <TestEntry testId="3f4e9f4d-be75-ef89-4d88-7080ad09ded5" executionId="50692171-dc1e-4ad9-80f0-a235128c6f48" testListId="8c84fa94-04c1-424b-9868-57a2d4851a1d" />
    <TestEntry testId="e2faf9ed-ae49-3b0f-bcfd-74d4de717482" executionId="fbf96dc2-6378-409b-8eb0-51eec597ec7a" testListId="8c84fa94-04c1-424b-9868-57a2d4851a1d" />
    <TestEntry testId="93ce13b1-c22c-d2c6-212b-27e11e59ec9f" executionId="2adba590-47b5-4246-962a-b0848a217b14" testListId="8c84fa94-04c1-424b-9868-57a2d4851a1d" />
    <TestEntry testId="178634f5-f06c-7e8d-4561-41393239e6ec" executionId="b8348018-d322-4c2a-92a4-7c98258ad6e0" testListId="8c84fa94-04c1-424b-9868-57a2d4851a1d" />
    <TestEntry testId="5e564cb2-7107-1cbd-b73a-cf635ba419b6" executionId="0e544d82-2684-4ee3-85be-81992b0dfd64" testListId="8c84fa94-04c1-424b-9868-57a2d4851a1d" />
    <TestEntry testId="173a9b3f-8be3-70cc-8ff6-2ccef2aa8b1a" executionId="78c3f3bc-9021-4a17-bf96-5e0f3102d630" testListId="8c84fa94-04c1-424b-9868-57a2d4851a1d" />
    <TestEntry testId="e844c4a7-a8c9-40bc-8628-c63e957c4cb3" executionId="12b7983e-48ab-4667-ac2b-e7bd6fd0c7c0" testListId="8c84fa94-04c1-424b-9868-57a2d4851a1d" />
    <TestEntry testId="ea32a2ed-c0ba-d8d4-cee1-c52a9980eefa" executionId="d58a1a7a-b3ed-47ab-95a1-e2d0b1b0bae2" testListId="8c84fa94-04c1-424b-9868-57a2d4851a1d" />
    <TestEntry testId="c1742eb5-7a1f-a3bf-ff8d-28d1b98110af" executionId="eedb39a0-10ab-4af7-bd3c-b9a05ecdfff6" testListId="8c84fa94-04c1-424b-9868-57a2d4851a1d" />
    <TestEntry testId="828316bd-1abb-eed2-6750-35cfaf073b14" executionId="7435285e-99ed-42a6-838d-06fdbe2bea98" testListId="8c84fa94-04c1-424b-9868-57a2d4851a1d" />
    <TestEntry testId="ff38ef4f-8d9a-d2f2-9b10-7ac1a8869b66" executionId="eff33bca-c537-469d-8a4a-cecab835741f" testListId="8c84fa94-04c1-424b-9868-57a2d4851a1d" />
    <TestEntry testId="bc8402db-0acf-7fb5-f59e-8600d2ff33ef" executionId="20fc332c-1308-42fe-9ba2-b8daf667d8c6" testListId="8c84fa94-04c1-424b-9868-57a2d4851a1d" />
    <TestEntry testId="372204bb-4967-5e86-6cf4-edd71889fcf8" executionId="76dc5a60-4fd6-44ea-8cd1-1d668b00d08c" testListId="8c84fa94-04c1-424b-9868-57a2d4851a1d" />
    <TestEntry testId="29d3aee5-1e50-9396-85e1-41fe52a4c3bd" executionId="ab30739a-5bdb-4899-818c-21120aa85385" testListId="8c84fa94-04c1-424b-9868-57a2d4851a1d" />
    <TestEntry testId="89414c12-ed68-f4fe-fdfd-84392f10bb0f" executionId="7d8d101f-5236-45de-80e3-6d51fedf33da" testListId="8c84fa94-04c1-424b-9868-57a2d4851a1d" />
    <TestEntry testId="11fa6010-b082-397b-41e2-a28f64cbce3b" executionId="a11cb11d-53ae-4efa-a492-143bfdef1f92" testListId="8c84fa94-04c1-424b-9868-57a2d4851a1d" />
    <TestEntry testId="3e8e1bff-e047-503f-6193-9c09c227ee97" executionId="d010c44d-d59b-497e-bffd-9b18876346a9" testListId="8c84fa94-04c1-424b-9868-57a2d4851a1d" />
    <TestEntry testId="74c96dc1-e178-4e7f-c24e-a5d239733e3b" executionId="6f1b6fc5-b5a6-40d7-aaae-268e67c28b4a" testListId="8c84fa94-04c1-424b-9868-57a2d4851a1d" />
    <TestEntry testId="d0cf917a-b316-6d0a-ff58-69b99f5f0f9c" executionId="473cfa04-a19a-46d9-8a01-bde0a4bcb466" testListId="8c84fa94-04c1-424b-9868-57a2d4851a1d" />
    <TestEntry testId="d63a9f4f-b08a-c689-db60-14dce6128b6a" executionId="33f4013b-c327-4979-bd5d-27cff19921ad" testListId="8c84fa94-04c1-424b-9868-57a2d4851a1d" />
    <TestEntry testId="1478532c-c1f2-3d64-8c28-85cd5f312cf0" executionId="32bc5c86-bf1c-4ed3-a23a-de0ecb9d98e9" testListId="8c84fa94-04c1-424b-9868-57a2d4851a1d" />
    <TestEntry testId="15f3baa2-fab0-6857-b6c4-b3d4a68bbd62" executionId="e42a4a2b-4ab0-4a87-a5af-418236bab394" testListId="8c84fa94-04c1-424b-9868-57a2d4851a1d" />
    <TestEntry testId="a3d0620b-fdd9-06dc-e4b5-76c8644eec8d" executionId="9088aa10-3a33-4418-a21b-d558bee12e17" testListId="8c84fa94-04c1-424b-9868-57a2d4851a1d" />
    <TestEntry testId="59d45d07-f1a3-2602-dddd-9677ade9029a" executionId="53323700-42a8-4fac-9ab9-9c883a039a7e" testListId="8c84fa94-04c1-424b-9868-57a2d4851a1d" />
    <TestEntry testId="4ff14748-cd8a-bbc6-66e2-a04f8bc3db88" executionId="4fb8b6b8-781d-445b-b1c1-f32b61f06a60" testListId="8c84fa94-04c1-424b-9868-57a2d4851a1d" />
    <TestEntry testId="5afca920-8ca8-cae2-8df4-a0220fa11d04" executionId="29a7caf4-4beb-4acf-8cc7-4da7c470840d" testListId="8c84fa94-04c1-424b-9868-57a2d4851a1d" />
    <TestEntry testId="e6465572-9cd5-6397-241e-6e574b9c4dcd" executionId="c25a4668-8c13-4910-a78d-126d9676c7fa" testListId="8c84fa94-04c1-424b-9868-57a2d4851a1d" />
    <TestEntry testId="70e2a56c-beba-f152-ca2e-54c7ed1ebd05" executionId="da52bb4d-0133-4207-82cc-8181d127e353" testListId="8c84fa94-04c1-424b-9868-57a2d4851a1d" />
    <TestEntry testId="5c85af52-e3b9-5897-dd28-58ca3b3cd945" executionId="2f7e63d9-a50e-40d8-9abf-c0d8a39ce590" testListId="8c84fa94-04c1-424b-9868-57a2d4851a1d" />
    <TestEntry testId="e83e4da0-a55b-c419-9f83-016ec9b5fd79" executionId="8614b885-c8c3-40c9-8de5-46a16a1170c6" testListId="8c84fa94-04c1-424b-9868-57a2d4851a1d" />
    <TestEntry testId="aee68bca-26e6-7682-1d4f-a7c3acbc97bb" executionId="86b9e215-3b08-4f4e-8497-61c540e5759a" testListId="8c84fa94-04c1-424b-9868-57a2d4851a1d" />
    <TestEntry testId="518bd51d-6c04-24b8-964d-1631907acaba" executionId="cab2140c-fd8c-44f8-989e-45a7351557de" testListId="8c84fa94-04c1-424b-9868-57a2d4851a1d" />
    <TestEntry testId="eda68a56-754d-bc86-7ed9-3414a0075437" executionId="c71bea0c-5082-438f-8482-181037d62cba" testListId="8c84fa94-04c1-424b-9868-57a2d4851a1d" />
    <TestEntry testId="0b56aa14-0fe0-ce0a-3b2a-3275b0592c0c" executionId="e6d3a6bd-b3b1-4deb-bf54-f984b022355f" testListId="8c84fa94-04c1-424b-9868-57a2d4851a1d" />
    <TestEntry testId="b563ba30-204b-3846-d37c-bf823d2c159c" executionId="645a0325-ce0f-4f64-ab4e-27e4c8dce67e" testListId="8c84fa94-04c1-424b-9868-57a2d4851a1d" />
    <TestEntry testId="a1642a60-d88f-fbbd-52ce-0d3b0a5554e1" executionId="6e72c2d8-2e8f-466c-b496-e2f847b38497" testListId="8c84fa94-04c1-424b-9868-57a2d4851a1d" />
    <TestEntry testId="5941fbb4-6bfe-fa6d-f667-3a6356aeff94" executionId="87c899a7-e3cc-424a-8854-87c0756a1cba" testListId="8c84fa94-04c1-424b-9868-57a2d4851a1d" />
    <TestEntry testId="26cc0c48-5b63-e0f8-de2d-1b9de06b8a96" executionId="e08347ff-6059-475d-9e47-9c1dd4c590f0" testListId="8c84fa94-04c1-424b-9868-57a2d4851a1d" />
    <TestEntry testId="a845eb67-118d-fcfb-989f-79ee0093cbc1" executionId="c53c63a3-68b0-4128-aecb-4eb3235abd4f" testListId="8c84fa94-04c1-424b-9868-57a2d4851a1d" />
    <TestEntry testId="cccb77ae-d578-4224-e85d-e554df1da00c" executionId="7c2329c4-285d-48e6-9b35-f5147296a6bc" testListId="8c84fa94-04c1-424b-9868-57a2d4851a1d" />
    <TestEntry testId="1ebed5fe-1a03-c316-6559-76f823e88ba7" executionId="f578b329-6ac3-4ba6-bb28-e29d128f0b97" testListId="8c84fa94-04c1-424b-9868-57a2d4851a1d" />
    <TestEntry testId="753f8bc7-db10-f903-1437-2b2ca797e894" executionId="742dfee2-3bd1-42ff-ab0f-c736af3d34ea" testListId="8c84fa94-04c1-424b-9868-57a2d4851a1d" />
    <TestEntry testId="27d5857e-9266-7f30-a63d-00e38916cd6a" executionId="f8fcb858-fc71-4f4c-b0ba-88f7e30e3349" testListId="8c84fa94-04c1-424b-9868-57a2d4851a1d" />
    <TestEntry testId="7e656b66-ecc0-4f08-8dea-d1c426e9ba60" executionId="dba60352-0802-44bc-8b3d-a44fa18cda3a" testListId="8c84fa94-04c1-424b-9868-57a2d4851a1d" />
    <TestEntry testId="32ef8a6b-739c-fd27-f8b7-ec160d04041b" executionId="535effee-b664-41a1-b3b8-076f3fcb0ae8" testListId="8c84fa94-04c1-424b-9868-57a2d4851a1d" />
    <TestEntry testId="60f6b4fc-e3ec-0881-25fe-655b18c5f839" executionId="b75dc791-bf9a-42b7-b98b-29cf3017857e" testListId="8c84fa94-04c1-424b-9868-57a2d4851a1d" />
    <TestEntry testId="3336fd9c-aa75-2240-f1b6-bc49483f0918" executionId="815d09f1-2179-4ddd-9033-460fdb184366" testListId="8c84fa94-04c1-424b-9868-57a2d4851a1d" />
    <TestEntry testId="cc2aed3d-b193-fed6-c977-f6de6d099112" executionId="ce0a24cd-1ae8-4de8-b1fe-7342dbd0110b" testListId="8c84fa94-04c1-424b-9868-57a2d4851a1d" />
    <TestEntry testId="608b3a4e-d679-7fd2-9247-a335480f5031" executionId="f4726cdb-f5c5-4ba3-9c80-c7e4b847363e" testListId="8c84fa94-04c1-424b-9868-57a2d4851a1d" />
    <TestEntry testId="ae15d9a9-50ee-6b21-b5c6-3537c8f81f89" executionId="3e5539ce-b3cb-408c-b3a1-531527d9aa00" testListId="8c84fa94-04c1-424b-9868-57a2d4851a1d" />
    <TestEntry testId="868975f9-69a4-b9ea-44f1-3947453e36a9" executionId="cbb0514a-c7ff-4f57-a4e9-45e634983852" testListId="8c84fa94-04c1-424b-9868-57a2d4851a1d" />
    <TestEntry testId="8d781f03-6ba0-556e-1326-a21184677161" executionId="4150dc7a-8453-4667-8252-4357d158e482" testListId="8c84fa94-04c1-424b-9868-57a2d4851a1d" />
    <TestEntry testId="e299b3d8-e37f-6c03-d720-a47c1b6a364d" executionId="c0b04df6-201a-4ae1-ab13-694e4e1d58af" testListId="8c84fa94-04c1-424b-9868-57a2d4851a1d" />
    <TestEntry testId="0d900cca-af19-552a-ac5c-928fc0a047f7" executionId="6e47dd3d-bdcd-4492-8ae8-87a3a50bc3ae" testListId="8c84fa94-04c1-424b-9868-57a2d4851a1d" />
    <TestEntry testId="4d2aa317-ecd5-391c-dded-e2a17703d271" executionId="371f6623-1355-44a8-93d4-a8d808852112" testListId="8c84fa94-04c1-424b-9868-57a2d4851a1d" />
    <TestEntry testId="3efc16e2-217f-fdbc-e517-8485e84595bf" executionId="430b4560-4765-42aa-bb7c-787d53b6cdab" testListId="8c84fa94-04c1-424b-9868-57a2d4851a1d" />
    <TestEntry testId="a4c36106-d092-65ea-bdf7-0246d549e0a5" executionId="f98fb2fa-047f-47cd-b235-6228df0732cf" testListId="8c84fa94-04c1-424b-9868-57a2d4851a1d" />
    <TestEntry testId="81cff5be-8316-9dbb-a90c-2b1d176f7310" executionId="ac3bc141-6eda-4ae5-ba0f-ce15ad1b8084" testListId="8c84fa94-04c1-424b-9868-57a2d4851a1d" />
  </TestEntries>
  <TestLists>
    <TestList name="Results Not in a List" id="8c84fa94-04c1-424b-9868-57a2d4851a1d" />
    <TestList name="All Loaded Results" id="19431567-8539-422a-85d7-44ee4e166bda" />
  </TestLists>
  <ResultSummary outcome="Completed">
    <Counters total="437" executed="437" passed="437" failed="0" error="0" timeout="0" aborted="0" inconclusive="0" passedButRunAborted="0" notRunnable="0" notExecuted="0" disconnected="0" warning="0" completed="0" inProgress="0" pending="0" />
    <Output>
      <StdOut>[xUnit.net 00:00:00.00] xUnit.net VSTest Adapter v3.1.4+50e68bbb8b (64-bit .NET 8.0.27)
[xUnit.net 00:00:00.08]   Discovering: Opstrax.Tests
[xUnit.net 00:00:00.28]   Discovered:  Opstrax.Tests
[xUnit.net 00:00:00.33]   Starting:    Opstrax.Tests
info: Microsoft.Hosting.Lifetime[14]
      Now listening on: http://127.0.0.1:62476
info: Microsoft.Hosting.Lifetime[0]
      Application started. Press Ctrl+C to shut down.
info: Microsoft.Hosting.Lifetime[0]
      Hosting environment: Production
info: Microsoft.Hosting.Lifetime[0]
      Content root path: /Users/zackkhan/Downloads/opstrax-enterprise-build-fixed-nginx/backend-dotnet.Tests/bin/Debug/net8.0
info: Microsoft.Hosting.Lifetime[0]
      Application is shutting down...
info: Microsoft.Hosting.Lifetime[14]
      Now listening on: http://127.0.0.1:62478
info: Microsoft.Hosting.Lifetime[0]
      Application started. Press Ctrl+C to shut down.
info: Microsoft.Hosting.Lifetime[0]
      Hosting environment: Production
info: Microsoft.Hosting.Lifetime[0]
      Content root path: /Users/zackkhan/Downloads/opstrax-enterprise-build-fixed-nginx/backend-dotnet.Tests/bin/Debug/net8.0
info: Microsoft.Hosting.Lifetime[0]
      Application is shutting down...
info: Microsoft.Hosting.Lifetime[14]
      Now listening on: http://127.0.0.1:62482
info: Microsoft.Hosting.Lifetime[0]
      Application started. Press Ctrl+C to shut down.
info: Microsoft.Hosting.Lifetime[0]
      Hosting environment: Production
info: Microsoft.Hosting.Lifetime[0]
      Content root path: /Users/zackkhan/Downloads/opstrax-enterprise-build-fixed-nginx/backend-dotnet.Tests/bin/Debug/net8.0
info: Microsoft.Hosting.Lifetime[0]
      Application is shutting down...
info: Microsoft.Hosting.Lifetime[14]
      Now listening on: http://127.0.0.1:62486
info: Microsoft.Hosting.Lifetime[0]
      Application started. Press Ctrl+C to shut down.
info: Microsoft.Hosting.Lifetime[0]
      Hosting environment: Production
info: Microsoft.Hosting.Lifetime[0]
      Content root path: /Users/zackkhan/Downloads/opstrax-enterprise-build-fixed-nginx/backend-dotnet.Tests/bin/Debug/net8.0
info: Microsoft.Hosting.Lifetime[0]
      Application is shutting down...
info: Microsoft.Hosting.Lifetime[14]
      Now listening on: http://127.0.0.1:62524
info: Microsoft.Hosting.Lifetime[0]
      Application started. Press Ctrl+C to shut down.
info: Microsoft.Hosting.Lifetime[0]
      Hosting environment: Production
info: Microsoft.Hosting.Lifetime[0]
      Content root path: /Users/zackkhan/Downloads/opstrax-enterprise-build-fixed-nginx/backend-dotnet.Tests/bin/Debug/net8.0
info: Microsoft.Hosting.Lifetime[0]
      Application is shutting down...
[xUnit.net 00:01:11.46]   Finished:    Opstrax.Tests
</StdOut>
    </Output>
  </ResultSummary>
</TestRun>